2025-10-03 15:09:43 - INFO - === AVAILABILITY TEST STARTED (28 devices) ===
2025-10-03 15:09:44 - INFO - Device: WN-L031-30 | IP: FD12:3456::B635:22FF:FE98:2537 | Status: AVAILABLE ✅
2025-10-03 15:09:44 - INFO - Response: 87.97
2025-10-03 15:09:44 - INFO - --------------------------------------------------
2025-10-03 15:09:44 - INFO - Device: WN-L032-30 | IP: FD12:3456::B635:22FF:FE98:2523 | Status: AVAILABLE ✅
2025-10-03 15:09:44 - INFO - Response: 92.99
2025-10-03 15:09:44 - INFO - --------------------------------------------------
2025-10-03 15:09:44 - INFO - Device: WN-L033-30 | IP: FD12:3456::B635:22FF:FE98:252B | Status: AVAILABLE ✅
2025-10-03 15:09:44 - INFO - Response: 100.00
2025-10-03 15:09:44 - INFO - --------------------------------------------------
2025-10-03 15:09:46 - INFO - Device: WN-L034-30 | IP: FD12:3456::62A4:23FF:FE37:A3B3 | Status: AVAILABLE ✅
2025-10-03 15:09:46 - INFO - Response: 92.07
2025-10-03 15:09:46 - INFO - --------------------------------------------------
2025-10-03 15:09:46 - INFO - Device: WN-L035-30 | IP: FD12:3456::B635:22FF:FE98:285B | Status: AVAILABLE ✅
2025-10-03 15:09:46 - INFO - Response: 92.86
2025-10-03 15:09:46 - INFO - --------------------------------------------------
2025-10-03 15:09:47 - INFO - Device: WN-L036-30 | IP: FD12:3456::62A4:23FF:FE37:A3A1 | Status: AVAILABLE ✅
2025-10-03 15:09:47 - INFO - Response: 97.03
2025-10-03 15:09:47 - INFO - --------------------------------------------------
2025-10-03 15:09:48 - INFO - Device: WN-L037-30 | IP: FD12:3456::B635:22FF:FE98:2539 | Status: AVAILABLE ✅
2025-10-03 15:09:48 - INFO - Response: 91.45
2025-10-03 15:09:48 - INFO - --------------------------------------------------
2025-10-03 15:09:48 - INFO - Test stopped by user
2025-10-03 15:09:48 - INFO - SUMMARY: 7/28 devices available (25.0% success rate)
2025-10-03 15:09:48 - INFO - === AVAILABILITY TEST COMPLETED ===
