2025-10-03 15:25:44 - INFO - === AVAILABILITY TEST STARTED (28 devices) ===
2025-10-03 15:25:45 - INFO - Device: WN-L031-30 | IP: FD12:3456::B635:22FF:FE98:2537 | Status: AVAILABLE ✅
2025-10-03 15:25:45 - INFO - Response: 88.13
2025-10-03 15:25:45 - INFO - --------------------------------------------------
2025-10-03 15:25:46 - INFO - Device: WN-L032-30 | IP: FD12:3456::B635:22FF:FE98:2523 | Status: AVAILABLE ✅
2025-10-03 15:25:46 - INFO - Response: 92.99
2025-10-03 15:25:46 - INFO - --------------------------------------------------
2025-10-03 15:25:46 - INFO - Device: WN-L033-30 | IP: FD12:3456::B635:22FF:FE98:252B | Status: AVAILABLE ✅
2025-10-03 15:25:46 - INFO - Response: 100.00
2025-10-03 15:25:46 - INFO - --------------------------------------------------
2025-10-03 15:25:47 - INFO - Device: WN-L034-30 | IP: FD12:3456::62A4:23FF:FE37:A3B3 | Status: AVAILABLE ✅
2025-10-03 15:25:47 - INFO - Response: 92.07
2025-10-03 15:25:47 - INFO - --------------------------------------------------
2025-10-03 15:25:48 - INFO - Device: WN-L035-30 | IP: FD12:3456::B635:22FF:FE98:285B | Status: AVAILABLE ✅
2025-10-03 15:25:48 - INFO - Response: 92.86
2025-10-03 15:25:48 - INFO - --------------------------------------------------
2025-10-03 15:25:50 - INFO - Device: WN-L036-30 | IP: FD12:3456::62A4:23FF:FE37:A3A1 | Status: AVAILABLE ✅
2025-10-03 15:25:50 - INFO - Response: 97.03
2025-10-03 15:25:50 - INFO - --------------------------------------------------
2025-10-03 15:25:51 - INFO - Device: WN-L037-30 | IP: FD12:3456::B635:22FF:FE98:2539 | Status: AVAILABLE ✅
2025-10-03 15:25:51 - INFO - Response: 91.45
2025-10-03 15:25:51 - INFO - --------------------------------------------------
2025-10-03 15:25:51 - INFO - Device: WN-OF04-34 | IP: FD12:3456::B635:22FF:FE98:285C | Status: AVAILABLE ✅
2025-10-03 15:25:51 - INFO - Response: 95.71
2025-10-03 15:25:51 - INFO - --------------------------------------------------
2025-10-03 15:25:55 - INFO - Device: WN-L050-30 | IP: FD12:3456::92FD:9FFF:FEEE:9DF7 | Status: AVAILABLE ✅
2025-10-03 15:25:55 - INFO - Response: 92.34
2025-10-03 15:25:55 - INFO - --------------------------------------------------
2025-10-03 15:25:56 - INFO - Device: WN-L051-30 | IP: FD12:3456::B635:22FF:FE98:285D | Status: AVAILABLE ✅
2025-10-03 15:25:56 - INFO - Response: 92.41
2025-10-03 15:25:56 - INFO - --------------------------------------------------
2025-10-03 15:25:58 - INFO - Device: WN-L038-30 | IP: FD12:3456::B635:22FF:FE98:253F | Status: AVAILABLE ✅
2025-10-03 15:25:58 - INFO - Response: 88.12
2025-10-03 15:25:58 - INFO - --------------------------------------------------
2025-10-03 15:26:01 - INFO - Device: WN-L039-30 | IP: FD12:3456::62A4:23FF:FE37:A3A8 | Status: AVAILABLE ✅
2025-10-03 15:26:01 - INFO - Response: 90.29
2025-10-03 15:26:01 - INFO - --------------------------------------------------
2025-10-03 15:27:05 - INFO - Device: WN-L040-30 | IP: FD12:3456::B635:22FF:FE98:2541 | Status: UNAVAILABLE ❌
2025-10-03 15:27:05 - INFO - Response: No response or CoAP error
2025-10-03 15:27:05 - INFO - --------------------------------------------------
2025-10-03 15:27:06 - INFO - Device: WN-L041-30 | IP: FD12:3456::B635:22FF:FE98:2529 | Status: AVAILABLE ✅
2025-10-03 15:27:06 - INFO - Response: 90.61
2025-10-03 15:27:06 - INFO - --------------------------------------------------
2025-10-03 15:27:21 - INFO - Device: WN-L042-30 | IP: FD12:3456::62A4:23FF:FE37:A3AC | Status: AVAILABLE ✅
2025-10-03 15:27:21 - INFO - Response: 78.50
2025-10-03 15:27:21 - INFO - --------------------------------------------------
2025-10-03 15:27:56 - INFO - Device: WN-L043-30 | IP: FD12:3456::62A4:23FF:FE37:A39F | Status: AVAILABLE ✅
2025-10-03 15:27:56 - INFO - Response: 75.09
2025-10-03 15:27:56 - INFO - --------------------------------------------------
2025-10-03 15:27:59 - INFO - Device: WN-L044-30 | IP: FD12:3456::B635:22FF:FE98:2534 | Status: AVAILABLE ✅
2025-10-03 15:27:59 - INFO - Response: 59.48
2025-10-03 15:27:59 - INFO - --------------------------------------------------
2025-10-03 15:29:29 - INFO - Device: WN-L045-30 | IP: FD12:3456::B635:22FF:FE98:2524 | Status: UNAVAILABLE ❌
2025-10-03 15:29:29 - INFO - Response: No response or CoAP error
2025-10-03 15:29:29 - INFO - --------------------------------------------------
2025-10-03 15:30:19 - INFO - Device: WN-L047-30 | IP: FD12:3456::92FD:9FFF:FEEE:9D40 | Status: AVAILABLE ✅
2025-10-03 15:30:19 - INFO - Response: 85.87
2025-10-03 15:30:19 - INFO - --------------------------------------------------
2025-10-03 15:31:24 - INFO - Device: WN-L048-30 | IP: FD12:3456::B635:22FF:FE98:29A6 | Status: UNAVAILABLE ❌
2025-10-03 15:31:24 - INFO - Response: No response or CoAP error
2025-10-03 15:31:24 - INFO - --------------------------------------------------
2025-10-03 15:31:45 - INFO - Device: WN-L052-30 | IP: FD12:3456::62A4:23FF:FE37:A3AD | Status: AVAILABLE ✅
2025-10-03 15:31:45 - INFO - Response: 64.12
2025-10-03 15:31:45 - INFO - --------------------------------------------------
2025-10-03 15:31:59 - INFO - Device: WN-L053-30 | IP: FD12:3456::B635:22FF:FE98:252C | Status: AVAILABLE ✅
2025-10-03 15:31:59 - INFO - Response: 67.41
2025-10-03 15:31:59 - INFO - --------------------------------------------------
2025-10-03 15:32:11 - INFO - Device: WN-L054-30 | IP: FD12:3456::B635:22FF:FE98:251E | Status: AVAILABLE ✅
2025-10-03 15:32:11 - INFO - Response: 61.50
2025-10-03 15:32:11 - INFO - --------------------------------------------------
2025-10-03 15:32:14 - INFO - Device: WN-VA24-30 | IP: FD12:3456::B635:22FF:FE98:253E | Status: AVAILABLE ✅
2025-10-03 15:32:14 - INFO - Response: 80.04
2025-10-03 15:32:14 - INFO - --------------------------------------------------
2025-10-03 15:32:23 - INFO - Device: WN-VA64-30 | IP: FD12:3456::B635:22FF:FE98:285E | Status: AVAILABLE ✅
2025-10-03 15:32:23 - INFO - Response: 97.62
2025-10-03 15:32:23 - INFO - --------------------------------------------------
2025-10-03 15:32:24 - INFO - Device: WN-VC44-30 | IP: FD12:3456::62A4:23FF:FE37:A3A9 | Status: AVAILABLE ✅
2025-10-03 15:32:24 - INFO - Response: 89.97
2025-10-03 15:32:24 - INFO - --------------------------------------------------
2025-10-03 15:33:26 - INFO - Device: WN-NI04-34 | IP: FD12:3456::62A4:23FF:FE37:A3AB | Status: UNAVAILABLE ❌
2025-10-03 15:33:26 - INFO - Response: No response or CoAP error
2025-10-03 15:33:26 - INFO - --------------------------------------------------
2025-10-03 15:33:42 - INFO - Device: WN-L059-34 | IP: FD12:3456::B635:22FF:FE98:29A5 | Status: AVAILABLE ✅
2025-10-03 15:33:42 - INFO - Response: 62.62
2025-10-03 15:33:42 - INFO - --------------------------------------------------
2025-10-03 15:33:42 - INFO - SUMMARY: 24/28 devices available (85.7% success rate)
2025-10-03 15:33:42 - INFO - === AVAILABILITY TEST COMPLETED ===
