2025-10-04 11:41:29 - INFO - === AVAILABILITY TEST STARTED (28 devices) ===
2025-10-04 11:41:30 - INFO - Device: WN-L031-30 | IP: FD12:3456::B635:22FF:FE98:2537 | Status: AVAILABLE ✅
2025-10-04 11:41:30 - INFO - Response: 94.02
2025-10-04 11:41:30 - INFO - --------------------------------------------------
2025-10-04 11:41:30 - INFO - Device: WN-L032-30 | IP: FD12:3456::B635:22FF:FE98:2523 | Status: AVAILABLE ✅
2025-10-04 11:41:30 - INFO - Response: 93.09
2025-10-04 11:41:30 - INFO - --------------------------------------------------
2025-10-04 11:41:31 - INFO - Device: WN-L033-30 | IP: FD12:3456::B635:22FF:FE98:252B | Status: AVAILABLE ✅
2025-10-04 11:41:31 - INFO - Response: 100.00
2025-10-04 11:41:31 - INFO - --------------------------------------------------
2025-10-04 11:41:32 - INFO - Device: WN-L034-30 | IP: FD12:3456::62A4:23FF:FE37:A3B3 | Status: AVAILABLE ✅
2025-10-04 11:41:32 - INFO - Response: 92.09
2025-10-04 11:41:32 - INFO - --------------------------------------------------
2025-10-04 11:41:33 - INFO - Device: WN-L035-30 | IP: FD12:3456::B635:22FF:FE98:285B | Status: AVAILABLE ✅
2025-10-04 11:41:33 - INFO - Response: 92.97
2025-10-04 11:41:33 - INFO - --------------------------------------------------
2025-10-04 11:41:34 - INFO - Device: WN-L036-30 | IP: FD12:3456::62A4:23FF:FE37:A3A1 | Status: AVAILABLE ✅
2025-10-04 11:41:34 - INFO - Response: 97.01
2025-10-04 11:41:34 - INFO - --------------------------------------------------
2025-10-04 11:41:34 - INFO - Test stopped by user
2025-10-04 11:41:34 - INFO - SUMMARY: 6/28 devices available (21.4% success rate)
2025-10-04 11:41:34 - INFO - === AVAILABILITY TEST COMPLETED ===
