2025-10-03 15:08:46 - INFO - === DISCONNECTED_TOTAL TEST STARTED (28 devices) ===
2025-10-03 15:08:47 - INFO - Device: WN-L031-30 | IP: FD12:3456::B635:22FF:FE98:2537 | Status: RESPONSE ✅
2025-10-03 15:08:47 - INFO - Response: 0-02:26:35
2025-10-03 15:08:47 - INFO - --------------------------------------------------
2025-10-03 15:08:49 - INFO - Device: WN-L032-30 | IP: FD12:3456::B635:22FF:FE98:2523 | Status: RESPONSE ✅
2025-10-03 15:08:49 - INFO - Response: 4-01:22:53
2025-10-03 15:08:49 - INFO - --------------------------------------------------
2025-10-03 15:08:49 - INFO - Device: WN-L033-30 | IP: FD12:3456::B635:22FF:FE98:252B | Status: RESPONSE ✅
2025-10-03 15:08:49 - INFO - Response: 0-00:00:00
2025-10-03 15:08:49 - INFO - --------------------------------------------------
2025-10-03 15:08:50 - INFO - Device: WN-L034-30 | IP: FD12:3456::62A4:23FF:FE37:A3B3 | Status: RESPONSE ✅
2025-10-03 15:08:50 - INFO - Response: 4-14:20:03
2025-10-03 15:08:50 - INFO - --------------------------------------------------
2025-10-03 15:08:51 - INFO - Device: WN-L035-30 | IP: FD12:3456::B635:22FF:FE98:285B | Status: RESPONSE ✅
2025-10-03 15:08:51 - INFO - Response: 4-03:11:05
2025-10-03 15:08:51 - INFO - --------------------------------------------------
2025-10-03 15:08:52 - INFO - Device: WN-L036-30 | IP: FD12:3456::62A4:23FF:FE37:A3A1 | Status: RESPONSE ✅
2025-10-03 15:08:52 - INFO - Response: 1-09:32:08
2025-10-03 15:08:52 - INFO - --------------------------------------------------
2025-10-03 15:08:53 - INFO - Device: WN-L037-30 | IP: FD12:3456::B635:22FF:FE98:2539 | Status: RESPONSE ✅
2025-10-03 15:08:53 - INFO - Response: 4-22:46:47
2025-10-03 15:08:53 - INFO - --------------------------------------------------
2025-10-03 15:08:54 - INFO - Device: WN-OF04-34 | IP: FD12:3456::B635:22FF:FE98:285C | Status: RESPONSE ✅
2025-10-03 15:08:54 - INFO - Response: 0-11:23:03
2025-10-03 15:08:54 - INFO - --------------------------------------------------
2025-10-03 15:08:55 - INFO - Device: WN-L050-30 | IP: FD12:3456::92FD:9FFF:FEEE:9DF7 | Status: RESPONSE ✅
2025-10-03 15:08:55 - INFO - Response: 4-10:33:19
2025-10-03 15:08:55 - INFO - --------------------------------------------------
2025-10-03 15:08:56 - INFO - Device: WN-L051-30 | IP: FD12:3456::B635:22FF:FE98:285D | Status: RESPONSE ✅
2025-10-03 15:08:56 - INFO - Response: 4-09:33:48
2025-10-03 15:08:56 - INFO - --------------------------------------------------
2025-10-03 15:10:56 - INFO - Device: WN-L038-30 | IP: FD12:3456::B635:22FF:FE98:253F | Status: NO RESPONSE ❌
2025-10-03 15:10:56 - INFO - Response: No response or CoAP error
2025-10-03 15:10:56 - INFO - --------------------------------------------------
2025-10-03 15:11:01 - INFO - Device: WN-L039-30 | IP: FD12:3456::62A4:23FF:FE37:A3A8 | Status: RESPONSE ✅
2025-10-03 15:11:01 - INFO - Response: 5-01:05:05
2025-10-03 15:11:01 - INFO - --------------------------------------------------
