2025-10-04 11:41:54 - INFO - === DISCONNECTED_TOTAL TEST STARTED (28 devices) ===
2025-10-04 11:41:55 - INFO - Device: WN-L031-30 | IP: FD12:3456::B635:22FF:FE98:2537 | Status: RESPONSE ✅
2025-10-04 11:41:55 - INFO - Response: 0-02:26:35
2025-10-04 11:41:55 - INFO - --------------------------------------------------
2025-10-04 11:41:56 - INFO - Device: WN-L032-30 | IP: FD12:3456::B635:22FF:FE98:2523 | Status: RESPONSE ✅
2025-10-04 11:41:56 - INFO - Response: 4-01:22:53
2025-10-04 11:41:56 - INFO - --------------------------------------------------
2025-10-04 11:41:56 - INFO - Device: WN-L033-30 | IP: FD12:3456::B635:22FF:FE98:252B | Status: RESPONSE ✅
2025-10-04 11:41:56 - INFO - Response: 0-00:00:00
2025-10-04 11:41:56 - INFO - --------------------------------------------------
2025-10-04 11:41:57 - INFO - Device: WN-L034-30 | IP: FD12:3456::62A4:23FF:FE37:A3B3 | Status: RESPONSE ✅
2025-10-04 11:41:57 - INFO - Response: 4-15:37:35
2025-10-04 11:41:57 - INFO - --------------------------------------------------
2025-10-04 11:41:57 - INFO - Device: WN-L035-30 | IP: FD12:3456::B635:22FF:FE98:285B | Status: RESPONSE ✅
2025-10-04 11:41:57 - INFO - Response: 4-03:11:05
2025-10-04 11:41:57 - INFO - --------------------------------------------------
2025-10-04 11:41:58 - INFO - Device: WN-L036-30 | IP: FD12:3456::62A4:23FF:FE37:A3A1 | Status: RESPONSE ✅
2025-10-04 11:41:58 - INFO - Response: 1-10:26:33
2025-10-04 11:41:58 - INFO - --------------------------------------------------
2025-10-04 11:41:59 - INFO - Device: WN-L037-30 | IP: FD12:3456::B635:22FF:FE98:2539 | Status: RESPONSE ✅
2025-10-04 11:41:59 - INFO - Response: 4-22:46:47
2025-10-04 11:41:59 - INFO - --------------------------------------------------
2025-10-04 11:42:00 - INFO - Device: WN-OF04-34 | IP: FD12:3456::B635:22FF:FE98:285C | Status: RESPONSE ✅
2025-10-04 11:42:00 - INFO - Response: 0-11:23:03
2025-10-04 11:42:00 - INFO - --------------------------------------------------
2025-10-04 11:42:02 - INFO - Device: WN-L050-30 | IP: FD12:3456::92FD:9FFF:FEEE:9DF7 | Status: RESPONSE ✅
2025-10-04 11:42:02 - INFO - Response: 4-10:33:19
2025-10-04 11:42:02 - INFO - --------------------------------------------------
2025-10-04 11:42:02 - INFO - Device: WN-L051-30 | IP: FD12:3456::B635:22FF:FE98:285D | Status: RESPONSE ✅
2025-10-04 11:42:02 - INFO - Response: 4-09:49:00
2025-10-04 11:42:02 - INFO - --------------------------------------------------
2025-10-04 11:42:04 - INFO - Device: WN-L038-30 | IP: FD12:3456::B635:22FF:FE98:253F | Status: RESPONSE ✅
2025-10-04 11:42:04 - INFO - Response: 6-04:15:39
2025-10-04 11:42:04 - INFO - --------------------------------------------------
2025-10-04 11:44:04 - INFO - Device: WN-L039-30 | IP: FD12:3456::62A4:23FF:FE37:A3A8 | Status: NO RESPONSE ❌
2025-10-04 11:44:04 - INFO - Response: No response or CoAP error
2025-10-04 11:44:04 - INFO - --------------------------------------------------
2025-10-04 11:44:04 - INFO - Test stopped by user
2025-10-04 11:44:04 - INFO - SUMMARY: 11/28 devices responded (39.3% success rate)
2025-10-04 11:44:04 - INFO - === DISCONNECTED_TOTAL TEST COMPLETED ===
