2025-10-04 18:21:31 - INFO - === PING TEST STARTED ===
2025-10-04 18:21:31 - INFO - Details: Testing 28 devices
2025-10-04 18:23:20 - INFO - STATUS: SUCCESS ✅ | Device: WN-L031-30 | IP: FD12:3456::B635:22FF:FE98:2537
2025-10-04 18:23:20 - INFO -   packets_transmitted: 10
2025-10-04 18:23:20 - INFO -   packets_received: 7
2025-10-04 18:23:20 - INFO -   packet_loss: 30.0
2025-10-04 18:23:20 - INFO -   min_rtt: 22607.36
2025-10-04 18:23:20 - INFO -   avg_rtt: 28083.125
2025-10-04 18:23:20 - INFO -   max_rtt: 33847.481
2025-10-04 18:23:20 - INFO -   mdev: 4099.648
2025-10-04 18:23:20 - INFO - --------------------------------------------------
2025-10-04 18:25:10 - INFO - STATUS: SUCCESS ✅ | Device: WN-L032-30 | IP: FD12:3456::B635:22FF:FE98:2523
2025-10-04 18:25:10 - INFO -   packets_transmitted: 10
2025-10-04 18:25:10 - INFO -   packets_received: 4
2025-10-04 18:25:10 - INFO -   packet_loss: 60.0
2025-10-04 18:25:10 - INFO -   min_rtt: 76806.594
2025-10-04 18:25:10 - INFO -   avg_rtt: 84677.437
2025-10-04 18:25:10 - INFO -   max_rtt: 93685.67
2025-10-04 18:25:10 - INFO -   mdev: 6810.587
2025-10-04 18:25:10 - INFO - --------------------------------------------------
2025-10-04 18:26:59 - INFO - STATUS: SUCCESS ✅ | Device: WN-L033-30 | IP: FD12:3456::B635:22FF:FE98:252B
2025-10-04 18:26:59 - INFO -   packets_transmitted: 10
2025-10-04 18:26:59 - INFO -   packets_received: 2
2025-10-04 18:26:59 - INFO -   packet_loss: 80.0
2025-10-04 18:26:59 - INFO -   min_rtt: 83481.208
2025-10-04 18:26:59 - INFO -   avg_rtt: 86243.001
2025-10-04 18:26:59 - INFO -   max_rtt: 89004.794
2025-10-04 18:26:59 - INFO -   mdev: 2761.793
2025-10-04 18:26:59 - INFO - --------------------------------------------------
2025-10-04 18:28:48 - INFO - STATUS: SUCCESS ✅ | Device: WN-L034-30 | IP: FD12:3456::62A4:23FF:FE37:A3B3
2025-10-04 18:28:48 - INFO -   packets_transmitted: 10
2025-10-04 18:28:48 - INFO -   packets_received: 5
2025-10-04 18:28:48 - INFO -   packet_loss: 50.0
2025-10-04 18:28:48 - INFO -   min_rtt: 62551.301
2025-10-04 18:28:48 - INFO -   avg_rtt: 70619.269
2025-10-04 18:28:48 - INFO -   max_rtt: 75589.201
2025-10-04 18:28:48 - INFO -   mdev: 4723.038
2025-10-04 18:28:48 - INFO - --------------------------------------------------
2025-10-04 18:29:04 - INFO - STATUS: SUCCESS ✅ | Device: WN-L035-30 | IP: FD12:3456::B635:22FF:FE98:285B
2025-10-04 18:29:04 - INFO -   packets_transmitted: 10
2025-10-04 18:29:04 - INFO -   packets_received: 1
2025-10-04 18:29:04 - INFO -   packet_loss: 90.0
2025-10-04 18:29:04 - INFO -   min_rtt: 3272.999
2025-10-04 18:29:04 - INFO -   avg_rtt: 3272.999
2025-10-04 18:29:04 - INFO -   max_rtt: 3272.999
2025-10-04 18:29:04 - INFO -   mdev: 0.0
2025-10-04 18:29:04 - INFO - --------------------------------------------------
2025-10-04 18:30:53 - INFO - STATUS: SUCCESS ✅ | Device: WN-L036-30 | IP: FD12:3456::62A4:23FF:FE37:A3A1
2025-10-04 18:30:53 - INFO -   packets_transmitted: 10
2025-10-04 18:30:53 - INFO -   packets_received: 6
2025-10-04 18:30:53 - INFO -   packet_loss: 40.0
2025-10-04 18:30:53 - INFO -   min_rtt: 52573.366
2025-10-04 18:30:53 - INFO -   avg_rtt: 53574.722
2025-10-04 18:30:53 - INFO -   max_rtt: 56374.517
2025-10-04 18:30:53 - INFO -   mdev: 1325.689
2025-10-04 18:30:53 - INFO - --------------------------------------------------
2025-10-04 18:32:42 - INFO - STATUS: SUCCESS ✅ | Device: WN-L037-30 | IP: FD12:3456::B635:22FF:FE98:2539
2025-10-04 18:32:42 - INFO -   packets_transmitted: 10
2025-10-04 18:32:42 - INFO -   packets_received: 6
2025-10-04 18:32:42 - INFO -   packet_loss: 40.0
2025-10-04 18:32:42 - INFO -   min_rtt: 14643.866
2025-10-04 18:32:42 - INFO -   avg_rtt: 32789.996
2025-10-04 18:32:42 - INFO -   max_rtt: 40517.048
2025-10-04 18:32:42 - INFO -   mdev: 9236.266
2025-10-04 18:32:42 - INFO - --------------------------------------------------
2025-10-04 18:34:31 - INFO - STATUS: SUCCESS ✅ | Device: WN-OF04-34 | IP: FD12:3456::B635:22FF:FE98:285C
2025-10-04 18:34:31 - INFO -   packets_transmitted: 10
2025-10-04 18:34:31 - INFO -   packets_received: 6
2025-10-04 18:34:31 - INFO -   packet_loss: 40.0
2025-10-04 18:34:31 - INFO -   min_rtt: 13942.864
2025-10-04 18:34:31 - INFO -   avg_rtt: 18494.96
2025-10-04 18:34:31 - INFO -   max_rtt: 23527.695
2025-10-04 18:34:31 - INFO -   mdev: 3423.842
2025-10-04 18:34:31 - INFO - --------------------------------------------------
2025-10-04 18:36:21 - INFO - STATUS: SUCCESS ✅ | Device: WN-L050-30 | IP: FD12:3456::92FD:9FFF:FEEE:9DF7
2025-10-04 18:36:21 - INFO -   packets_transmitted: 10
2025-10-04 18:36:21 - INFO -   packets_received: 7
2025-10-04 18:36:21 - INFO -   packet_loss: 30.0
2025-10-04 18:36:21 - INFO -   min_rtt: 17422.096
2025-10-04 18:36:21 - INFO -   avg_rtt: 23748.443
2025-10-04 18:36:21 - INFO -   max_rtt: 29200.503
2025-10-04 18:36:21 - INFO -   mdev: 4736.471
2025-10-04 18:36:21 - INFO - --------------------------------------------------
2025-10-04 18:38:10 - INFO - STATUS: SUCCESS ✅ | Device: WN-L051-30 | IP: FD12:3456::B635:22FF:FE98:285D
2025-10-04 18:38:10 - INFO -   packets_transmitted: 10
2025-10-04 18:38:10 - INFO -   packets_received: 7
2025-10-04 18:38:10 - INFO -   packet_loss: 30.0
2025-10-04 18:38:10 - INFO -   min_rtt: 14475.583
2025-10-04 18:38:10 - INFO -   avg_rtt: 22236.003
2025-10-04 18:38:10 - INFO -   max_rtt: 24783.697
2025-10-04 18:38:10 - INFO -   mdev: 3461.318
2025-10-04 18:38:10 - INFO - --------------------------------------------------
2025-10-04 18:39:59 - INFO - STATUS: SUCCESS ✅ | Device: WN-L038-30 | IP: FD12:3456::B635:22FF:FE98:253F
2025-10-04 18:39:59 - INFO -   packets_transmitted: 10
2025-10-04 18:39:59 - INFO -   packets_received: 7
2025-10-04 18:39:59 - INFO -   packet_loss: 30.0
2025-10-04 18:39:59 - INFO -   min_rtt: 21949.427
2025-10-04 18:39:59 - INFO -   avg_rtt: 43962.253
2025-10-04 18:39:59 - INFO -   max_rtt: 50062.417
2025-10-04 18:39:59 - INFO -   mdev: 9286.661
2025-10-04 18:39:59 - INFO - --------------------------------------------------
2025-10-04 18:41:48 - INFO - STATUS: FAILED ❌ | Device: WN-L039-30 | IP: FD12:3456::62A4:23FF:FE37:A3A8
2025-10-04 18:41:48 - INFO -   packets_transmitted: 10
2025-10-04 18:41:48 - INFO -   packets_received: 0
2025-10-04 18:41:48 - INFO -   packet_loss: 100.0
2025-10-04 18:41:48 - INFO -   min_rtt: 0.0
2025-10-04 18:41:48 - INFO -   avg_rtt: 0.0
2025-10-04 18:41:48 - INFO -   max_rtt: 0.0
2025-10-04 18:41:48 - INFO -   mdev: 0.0
2025-10-04 18:41:48 - INFO - --------------------------------------------------
2025-10-04 18:43:37 - INFO - STATUS: FAILED ❌ | Device: WN-L040-30 | IP: FD12:3456::B635:22FF:FE98:2541
2025-10-04 18:43:37 - INFO -   packets_transmitted: 10
2025-10-04 18:43:37 - INFO -   packets_received: 0
2025-10-04 18:43:37 - INFO -   packet_loss: 100.0
2025-10-04 18:43:37 - INFO -   min_rtt: 0.0
2025-10-04 18:43:37 - INFO -   avg_rtt: 0.0
2025-10-04 18:43:37 - INFO -   max_rtt: 0.0
2025-10-04 18:43:37 - INFO -   mdev: 0.0
2025-10-04 18:43:37 - INFO - --------------------------------------------------
2025-10-04 18:45:27 - INFO - STATUS: SUCCESS ✅ | Device: WN-L041-30 | IP: FD12:3456::B635:22FF:FE98:2529
2025-10-04 18:45:27 - INFO -   packets_transmitted: 10
2025-10-04 18:45:27 - INFO -   packets_received: 9
2025-10-04 18:45:27 - INFO -   packet_loss: 10.0
2025-10-04 18:45:27 - INFO -   min_rtt: 13249.563
2025-10-04 18:45:27 - INFO -   avg_rtt: 15279.849
2025-10-04 18:45:27 - INFO -   max_rtt: 17286.556
2025-10-04 18:45:27 - INFO -   mdev: 1261.819
2025-10-04 18:45:27 - INFO - --------------------------------------------------
2025-10-04 18:47:16 - INFO - STATUS: SUCCESS ✅ | Device: WN-L042-30 | IP: FD12:3456::62A4:23FF:FE37:A3AC
2025-10-04 18:47:16 - INFO -   packets_transmitted: 10
2025-10-04 18:47:16 - INFO -   packets_received: 5
2025-10-04 18:47:16 - INFO -   packet_loss: 50.0
2025-10-04 18:47:16 - INFO -   min_rtt: 31474.959
2025-10-04 18:47:16 - INFO -   avg_rtt: 34235.612
2025-10-04 18:47:16 - INFO -   max_rtt: 36412.06
2025-10-04 18:47:16 - INFO -   mdev: 1671.019
2025-10-04 18:47:16 - INFO - --------------------------------------------------
2025-10-04 18:49:05 - INFO - STATUS: FAILED ❌ | Device: WN-L043-30 | IP: FD12:3456::62A4:23FF:FE37:A39F
2025-10-04 18:49:05 - INFO -   packets_transmitted: 10
2025-10-04 18:49:05 - INFO -   packets_received: 0
2025-10-04 18:49:05 - INFO -   packet_loss: 100.0
2025-10-04 18:49:05 - INFO -   min_rtt: 0.0
2025-10-04 18:49:05 - INFO -   avg_rtt: 0.0
2025-10-04 18:49:05 - INFO -   max_rtt: 0.0
2025-10-04 18:49:05 - INFO -   mdev: 0.0
2025-10-04 18:49:05 - INFO - --------------------------------------------------
2025-10-04 18:50:54 - INFO - STATUS: FAILED ❌ | Device: WN-L044-30 | IP: FD12:3456::B635:22FF:FE98:2534
2025-10-04 18:50:54 - INFO -   packets_transmitted: 10
2025-10-04 18:50:54 - INFO -   packets_received: 0
2025-10-04 18:50:54 - INFO -   packet_loss: 100.0
2025-10-04 18:50:54 - INFO -   min_rtt: 0.0
2025-10-04 18:50:54 - INFO -   avg_rtt: 0.0
2025-10-04 18:50:54 - INFO -   max_rtt: 0.0
2025-10-04 18:50:54 - INFO -   mdev: 0.0
2025-10-04 18:50:54 - INFO - --------------------------------------------------
2025-10-04 18:52:43 - INFO - STATUS: FAILED ❌ | Device: WN-L045-30 | IP: FD12:3456::B635:22FF:FE98:2524
2025-10-04 18:52:43 - INFO -   packets_transmitted: 10
2025-10-04 18:52:43 - INFO -   packets_received: 0
2025-10-04 18:52:43 - INFO -   packet_loss: 100.0
2025-10-04 18:52:43 - INFO -   min_rtt: 0.0
2025-10-04 18:52:43 - INFO -   avg_rtt: 0.0
2025-10-04 18:52:43 - INFO -   max_rtt: 0.0
2025-10-04 18:52:43 - INFO -   mdev: 0.0
2025-10-04 18:52:43 - INFO - --------------------------------------------------
2025-10-04 18:54:33 - INFO - STATUS: SUCCESS ✅ | Device: WN-L047-30 | IP: FD12:3456::92FD:9FFF:FEEE:9D40
2025-10-04 18:54:33 - INFO -   packets_transmitted: 10
2025-10-04 18:54:33 - INFO -   packets_received: 5
2025-10-04 18:54:33 - INFO -   packet_loss: 50.0
2025-10-04 18:54:33 - INFO -   min_rtt: 16835.614
2025-10-04 18:54:33 - INFO -   avg_rtt: 31935.533
2025-10-04 18:54:33 - INFO -   max_rtt: 48276.947
2025-10-04 18:54:33 - INFO -   mdev: 10736.121
2025-10-04 18:54:33 - INFO - --------------------------------------------------
2025-10-04 18:56:22 - INFO - STATUS: FAILED ❌ | Device: WN-L048-30 | IP: FD12:3456::B635:22FF:FE98:29A6
2025-10-04 18:56:22 - INFO -   packets_transmitted: 10
2025-10-04 18:56:22 - INFO -   packets_received: 0
2025-10-04 18:56:22 - INFO -   packet_loss: 100.0
2025-10-04 18:56:22 - INFO -   min_rtt: 0.0
2025-10-04 18:56:22 - INFO -   avg_rtt: 0.0
2025-10-04 18:56:22 - INFO -   max_rtt: 0.0
2025-10-04 18:56:22 - INFO -   mdev: 0.0
2025-10-04 18:56:22 - INFO - --------------------------------------------------
2025-10-04 18:58:11 - INFO - STATUS: FAILED ❌ | Device: WN-L052-30 | IP: FD12:3456::62A4:23FF:FE37:A3AD
2025-10-04 18:58:11 - INFO -   packets_transmitted: 10
2025-10-04 18:58:11 - INFO -   packets_received: 0
2025-10-04 18:58:11 - INFO -   packet_loss: 100.0
2025-10-04 18:58:11 - INFO -   min_rtt: 0.0
2025-10-04 18:58:11 - INFO -   avg_rtt: 0.0
2025-10-04 18:58:11 - INFO -   max_rtt: 0.0
2025-10-04 18:58:11 - INFO -   mdev: 0.0
2025-10-04 18:58:11 - INFO - --------------------------------------------------
2025-10-04 19:00:00 - INFO - STATUS: FAILED ❌ | Device: WN-L053-30 | IP: FD12:3456::B635:22FF:FE98:252C
2025-10-04 19:00:00 - INFO -   packets_transmitted: 10
2025-10-04 19:00:00 - INFO -   packets_received: 0
2025-10-04 19:00:00 - INFO -   packet_loss: 100.0
2025-10-04 19:00:00 - INFO -   min_rtt: 0.0
2025-10-04 19:00:00 - INFO -   avg_rtt: 0.0
2025-10-04 19:00:00 - INFO -   max_rtt: 0.0
2025-10-04 19:00:00 - INFO -   mdev: 0.0
2025-10-04 19:00:00 - INFO - --------------------------------------------------
2025-10-04 19:01:50 - INFO - STATUS: FAILED ❌ | Device: WN-L054-30 | IP: FD12:3456::B635:22FF:FE98:251E
2025-10-04 19:01:50 - INFO -   packets_transmitted: 10
2025-10-04 19:01:50 - INFO -   packets_received: 0
2025-10-04 19:01:50 - INFO -   packet_loss: 100.0
2025-10-04 19:01:50 - INFO -   min_rtt: 0.0
2025-10-04 19:01:50 - INFO -   avg_rtt: 0.0
2025-10-04 19:01:50 - INFO -   max_rtt: 0.0
2025-10-04 19:01:50 - INFO -   mdev: 0.0
2025-10-04 19:01:50 - INFO - --------------------------------------------------
2025-10-04 19:03:39 - INFO - STATUS: SUCCESS ✅ | Device: WN-VA24-30 | IP: FD12:3456::B635:22FF:FE98:253E
2025-10-04 19:03:39 - INFO -   packets_transmitted: 10
2025-10-04 19:03:39 - INFO -   packets_received: 8
2025-10-04 19:03:39 - INFO -   packet_loss: 20.0
2025-10-04 19:03:39 - INFO -   min_rtt: 19750.529
2025-10-04 19:03:39 - INFO -   avg_rtt: 40475.448
2025-10-04 19:03:39 - INFO -   max_rtt: 51333.861
2025-10-04 19:03:39 - INFO -   mdev: 12143.498
2025-10-04 19:03:39 - INFO - --------------------------------------------------
2025-10-04 19:03:48 - INFO - STATUS: SUCCESS ✅ | Device: WN-VA64-30 | IP: FD12:3456::B635:22FF:FE98:285E
2025-10-04 19:03:48 - INFO -   packets_transmitted: 10
2025-10-04 19:03:48 - INFO -   packets_received: 10
2025-10-04 19:03:48 - INFO -   packet_loss: 0.0
2025-10-04 19:03:48 - INFO -   min_rtt: 131.204
2025-10-04 19:03:48 - INFO -   avg_rtt: 188.194
2025-10-04 19:03:48 - INFO -   max_rtt: 336.761
2025-10-04 19:03:48 - INFO -   mdev: 62.96
2025-10-04 19:03:48 - INFO - --------------------------------------------------
2025-10-04 19:03:57 - INFO - STATUS: SUCCESS ✅ | Device: WN-VC44-30 | IP: FD12:3456::62A4:23FF:FE37:A3A9
2025-10-04 19:03:57 - INFO -   packets_transmitted: 10
2025-10-04 19:03:57 - INFO -   packets_received: 10
2025-10-04 19:03:57 - INFO -   packet_loss: 0.0
2025-10-04 19:03:57 - INFO -   min_rtt: 128.239
2025-10-04 19:03:57 - INFO -   avg_rtt: 782.733
2025-10-04 19:03:57 - INFO -   max_rtt: 2362.996
2025-10-04 19:03:57 - INFO -   mdev: 804.548
2025-10-04 19:03:57 - INFO - --------------------------------------------------
2025-10-04 19:05:46 - INFO - STATUS: FAILED ❌ | Device: WN-NI04-34 | IP: FD12:3456::62A4:23FF:FE37:A3AB
2025-10-04 19:05:46 - INFO -   packets_transmitted: 10
2025-10-04 19:05:46 - INFO -   packets_received: 0
2025-10-04 19:05:46 - INFO -   packet_loss: 100.0
2025-10-04 19:05:46 - INFO -   min_rtt: 0.0
2025-10-04 19:05:46 - INFO -   avg_rtt: 0.0
2025-10-04 19:05:46 - INFO -   max_rtt: 0.0
2025-10-04 19:05:46 - INFO -   mdev: 0.0
2025-10-04 19:05:46 - INFO - --------------------------------------------------
2025-10-04 19:07:36 - INFO - STATUS: FAILED ❌ | Device: WN-L059-34 | IP: FD12:3456::B635:22FF:FE98:29A5
2025-10-04 19:07:36 - INFO -   packets_transmitted: 10
2025-10-04 19:07:36 - INFO -   packets_received: 0
2025-10-04 19:07:36 - INFO -   packet_loss: 100.0
2025-10-04 19:07:36 - INFO -   min_rtt: 0.0
2025-10-04 19:07:36 - INFO -   avg_rtt: 0.0
2025-10-04 19:07:36 - INFO -   max_rtt: 0.0
2025-10-04 19:07:36 - INFO -   mdev: 0.0
2025-10-04 19:07:36 - INFO - --------------------------------------------------
2025-10-04 19:07:36 - INFO - Summary: SUMMARY: 17/28 devices reachable (60.7% success rate) - Duration: 46m 4s
2025-10-04 19:07:36 - INFO - === PING TEST COMPLETED ===
