2025-10-04 17:41:29 - INFO - === PING TEST STARTED ===
2025-10-04 17:41:29 - INFO - Details: Testing 28 devices
2025-10-04 17:43:18 - INFO - STATUS: SUCCESS ✅ | Device: WN-L031-30 | IP: FD12:3456::B635:22FF:FE98:2537
2025-10-04 17:43:18 - INFO -   packets_transmitted: 10
2025-10-04 17:43:18 - INFO -   packets_received: 8
2025-10-04 17:43:18 - INFO -   packet_loss: 20.0
2025-10-04 17:43:18 - INFO -   min_rtt: 39540.985
2025-10-04 17:43:18 - INFO -   avg_rtt: 45127.718
2025-10-04 17:43:18 - INFO -   max_rtt: 49851.276
2025-10-04 17:43:18 - INFO -   mdev: 3537.494
2025-10-04 17:43:18 - INFO - --------------------------------------------------
2025-10-04 17:45:08 - INFO - STATUS: SUCCESS ✅ | Device: WN-L032-30 | IP: FD12:3456::B635:22FF:FE98:2523
2025-10-04 17:45:08 - INFO -   packets_transmitted: 10
2025-10-04 17:45:08 - INFO -   packets_received: 9
2025-10-04 17:45:08 - INFO -   packet_loss: 10.0
2025-10-04 17:45:08 - INFO -   min_rtt: 48064.003
2025-10-04 17:45:08 - INFO -   avg_rtt: 59394.354
2025-10-04 17:45:08 - INFO -   max_rtt: 68060.451
2025-10-04 17:45:08 - INFO -   mdev: 5751.408
2025-10-04 17:45:08 - INFO - --------------------------------------------------
2025-10-04 17:46:56 - INFO - STATUS: FAILED ❌ | Device: WN-L033-30 | IP: FD12:3456::B635:22FF:FE98:252B
2025-10-04 17:46:56 - INFO -   packets_transmitted: 10
2025-10-04 17:46:56 - INFO -   packets_received: 0
2025-10-04 17:46:56 - INFO -   packet_loss: 100.0
2025-10-04 17:46:56 - INFO -   min_rtt: 0.0
2025-10-04 17:46:56 - INFO -   avg_rtt: 0.0
2025-10-04 17:46:56 - INFO -   max_rtt: 0.0
2025-10-04 17:46:56 - INFO -   mdev: 0.0
2025-10-04 17:46:56 - INFO - --------------------------------------------------
2025-10-04 17:46:56 - INFO - Test stopped by user
2025-10-04 17:46:56 - INFO - Summary: SUMMARY: 2/28 devices reachable (7.1% success rate) - Duration: 5m 26s
2025-10-04 17:46:56 - INFO - === PING TEST COMPLETED ===
