2025-10-06 16:47:07 - INFO - === PING TEST STARTED ===
2025-10-06 16:47:07 - INFO - Details: Testing 28 devices
2025-10-06 16:47:08 - INFO - STATUS: SUCCESS ✅ | Device: WN-L031-30 | IP: FD12:3456::B635:22FF:FE98:2537
2025-10-06 16:47:08 - INFO -   packets_transmitted: 1
2025-10-06 16:47:08 - INFO -   packets_received: 1
2025-10-06 16:47:08 - INFO -   packet_loss: 0.0
2025-10-06 16:47:08 - INFO -   min_rtt: 575.563
2025-10-06 16:47:08 - INFO -   avg_rtt: 575.563
2025-10-06 16:47:08 - INFO -   max_rtt: 575.563
2025-10-06 16:47:08 - INFO -   mdev: 0.0
2025-10-06 16:47:08 - INFO - --------------------------------------------------
2025-10-06 16:47:10 - INFO - STATUS: SUCCESS ✅ | Device: WN-L032-30 | IP: FD12:3456::B635:22FF:FE98:2523
2025-10-06 16:47:10 - INFO -   packets_transmitted: 1
2025-10-06 16:47:10 - INFO -   packets_received: 1
2025-10-06 16:47:10 - INFO -   packet_loss: 0.0
2025-10-06 16:47:10 - INFO -   min_rtt: 1860.954
2025-10-06 16:47:10 - INFO -   avg_rtt: 1860.954
2025-10-06 16:47:10 - INFO -   max_rtt: 1860.954
2025-10-06 16:47:10 - INFO -   mdev: 0.0
2025-10-06 16:47:10 - INFO - --------------------------------------------------
2025-10-06 16:47:10 - INFO - STATUS: SUCCESS ✅ | Device: WN-L033-30 | IP: FD12:3456::B635:22FF:FE98:252B
2025-10-06 16:47:10 - INFO -   packets_transmitted: 1
2025-10-06 16:47:10 - INFO -   packets_received: 1
2025-10-06 16:47:10 - INFO -   packet_loss: 0.0
2025-10-06 16:47:10 - INFO -   min_rtt: 166.5
2025-10-06 16:47:10 - INFO -   avg_rtt: 166.5
2025-10-06 16:47:10 - INFO -   max_rtt: 166.5
2025-10-06 16:47:10 - INFO -   mdev: 0.0
2025-10-06 16:47:10 - INFO - --------------------------------------------------
2025-10-06 16:47:11 - INFO - STATUS: SUCCESS ✅ | Device: WN-L034-30 | IP: FD12:3456::62A4:23FF:FE37:A3B3
2025-10-06 16:47:11 - INFO -   packets_transmitted: 1
2025-10-06 16:47:11 - INFO -   packets_received: 1
2025-10-06 16:47:11 - INFO -   packet_loss: 0.0
2025-10-06 16:47:11 - INFO -   min_rtt: 536.354
2025-10-06 16:47:11 - INFO -   avg_rtt: 536.354
2025-10-06 16:47:11 - INFO -   max_rtt: 536.354
2025-10-06 16:47:11 - INFO -   mdev: 0.0
2025-10-06 16:47:11 - INFO - --------------------------------------------------
2025-10-06 16:47:11 - INFO - STATUS: SUCCESS ✅ | Device: WN-L035-30 | IP: FD12:3456::B635:22FF:FE98:285B
2025-10-06 16:47:11 - INFO -   packets_transmitted: 1
2025-10-06 16:47:11 - INFO -   packets_received: 1
2025-10-06 16:47:11 - INFO -   packet_loss: 0.0
2025-10-06 16:47:11 - INFO -   min_rtt: 281.457
2025-10-06 16:47:11 - INFO -   avg_rtt: 281.457
2025-10-06 16:47:11 - INFO -   max_rtt: 281.457
2025-10-06 16:47:11 - INFO -   mdev: 0.0
2025-10-06 16:47:11 - INFO - --------------------------------------------------
2025-10-06 16:47:21 - INFO - STATUS: FAILED ❌ | Device: WN-L036-30 | IP: FD12:3456::62A4:23FF:FE37:A3A1
2025-10-06 16:47:21 - INFO -   packets_transmitted: 1
2025-10-06 16:47:21 - INFO -   packets_received: 0
2025-10-06 16:47:21 - INFO -   packet_loss: 100.0
2025-10-06 16:47:21 - INFO -   min_rtt: 0.0
2025-10-06 16:47:21 - INFO -   avg_rtt: 0.0
2025-10-06 16:47:21 - INFO -   max_rtt: 0.0
2025-10-06 16:47:21 - INFO -   mdev: 0.0
2025-10-06 16:47:21 - INFO - --------------------------------------------------
2025-10-06 16:47:21 - INFO - Test stopped by user
2025-10-06 16:47:21 - INFO - Summary: SUMMARY: 5/28 devices reachable (17.9% success rate) - Duration: 13s
2025-10-06 16:47:21 - INFO - === PING TEST COMPLETED ===
