2025-10-04 11:28:23 - INFO - === PING TEST STARTED ===
2025-10-04 11:28:23 - INFO - Details: Testing 28 devices
2025-10-04 11:28:23 - INFO - STATUS: SUCCESS ✅ | Device: WN-L031-30 | IP: FD12:3456::B635:22FF:FE98:2537
2025-10-04 11:28:23 - INFO -   packets_transmitted: 1
2025-10-04 11:28:23 - INFO -   packets_received: 1
2025-10-04 11:28:23 - INFO -   packet_loss: 0.0
2025-10-04 11:28:23 - INFO -   min_rtt: 744.404
2025-10-04 11:28:23 - INFO -   avg_rtt: 744.404
2025-10-04 11:28:23 - INFO -   max_rtt: 744.404
2025-10-04 11:28:23 - INFO -   mdev: 0.0
2025-10-04 11:28:23 - INFO - --------------------------------------------------
2025-10-04 11:28:24 - INFO - STATUS: FAILED ❌ | Device: WN-L032-30 | IP: FD12:3456::B635:22FF:FE98:2523
2025-10-04 11:28:24 - INFO -   packets_transmitted: 1
2025-10-04 11:28:24 - INFO -   packets_received: 0
2025-10-04 11:28:24 - INFO -   packet_loss: 100.0
2025-10-04 11:28:24 - INFO -   min_rtt: 0.0
2025-10-04 11:28:24 - INFO -   avg_rtt: 0.0
2025-10-04 11:28:24 - INFO -   max_rtt: 0.0
2025-10-04 11:28:24 - INFO -   mdev: 0.0
2025-10-04 11:28:24 - INFO - --------------------------------------------------
2025-10-04 11:28:25 - INFO - STATUS: SUCCESS ✅ | Device: WN-L033-30 | IP: FD12:3456::B635:22FF:FE98:252B
2025-10-04 11:28:25 - INFO -   packets_transmitted: 1
2025-10-04 11:28:25 - INFO -   packets_received: 1
2025-10-04 11:28:25 - INFO -   packet_loss: 0.0
2025-10-04 11:28:25 - INFO -   min_rtt: 737.741
2025-10-04 11:28:25 - INFO -   avg_rtt: 737.741
2025-10-04 11:28:25 - INFO -   max_rtt: 737.741
2025-10-04 11:28:25 - INFO -   mdev: 0.0
2025-10-04 11:28:25 - INFO - --------------------------------------------------
2025-10-04 11:28:26 - INFO - STATUS: FAILED ❌ | Device: WN-L034-30 | IP: FD12:3456::62A4:23FF:FE37:A3B3
2025-10-04 11:28:26 - INFO -   packets_transmitted: 1
2025-10-04 11:28:26 - INFO -   packets_received: 0
2025-10-04 11:28:26 - INFO -   packet_loss: 100.0
2025-10-04 11:28:26 - INFO -   min_rtt: 0.0
2025-10-04 11:28:26 - INFO -   avg_rtt: 0.0
2025-10-04 11:28:26 - INFO -   max_rtt: 0.0
2025-10-04 11:28:26 - INFO -   mdev: 0.0
2025-10-04 11:28:26 - INFO - --------------------------------------------------
2025-10-04 11:28:27 - INFO - STATUS: FAILED ❌ | Device: WN-L035-30 | IP: FD12:3456::B635:22FF:FE98:285B
2025-10-04 11:28:27 - INFO -   packets_transmitted: 1
2025-10-04 11:28:27 - INFO -   packets_received: 0
2025-10-04 11:28:27 - INFO -   packet_loss: 100.0
2025-10-04 11:28:27 - INFO -   min_rtt: 0.0
2025-10-04 11:28:27 - INFO -   avg_rtt: 0.0
2025-10-04 11:28:27 - INFO -   max_rtt: 0.0
2025-10-04 11:28:27 - INFO -   mdev: 0.0
2025-10-04 11:28:27 - INFO - --------------------------------------------------
2025-10-04 11:28:28 - INFO - STATUS: FAILED ❌ | Device: WN-L036-30 | IP: FD12:3456::62A4:23FF:FE37:A3A1
2025-10-04 11:28:28 - INFO -   packets_transmitted: 1
2025-10-04 11:28:28 - INFO -   packets_received: 0
2025-10-04 11:28:28 - INFO -   packet_loss: 100.0
2025-10-04 11:28:28 - INFO -   min_rtt: 0.0
2025-10-04 11:28:28 - INFO -   avg_rtt: 0.0
2025-10-04 11:28:28 - INFO -   max_rtt: 0.0
2025-10-04 11:28:28 - INFO -   mdev: 0.0
2025-10-04 11:28:28 - INFO - --------------------------------------------------
2025-10-04 11:28:29 - INFO - STATUS: FAILED ❌ | Device: WN-L037-30 | IP: FD12:3456::B635:22FF:FE98:2539
2025-10-04 11:28:29 - INFO -   packets_transmitted: 1
2025-10-04 11:28:29 - INFO -   packets_received: 0
2025-10-04 11:28:29 - INFO -   packet_loss: 100.0
2025-10-04 11:28:29 - INFO -   min_rtt: 0.0
2025-10-04 11:28:29 - INFO -   avg_rtt: 0.0
2025-10-04 11:28:29 - INFO -   max_rtt: 0.0
2025-10-04 11:28:29 - INFO -   mdev: 0.0
2025-10-04 11:28:29 - INFO - --------------------------------------------------
2025-10-04 11:28:30 - INFO - STATUS: FAILED ❌ | Device: WN-OF04-34 | IP: FD12:3456::B635:22FF:FE98:285C
2025-10-04 11:28:30 - INFO -   packets_transmitted: 1
2025-10-04 11:28:30 - INFO -   packets_received: 0
2025-10-04 11:28:30 - INFO -   packet_loss: 100.0
2025-10-04 11:28:30 - INFO -   min_rtt: 0.0
2025-10-04 11:28:30 - INFO -   avg_rtt: 0.0
2025-10-04 11:28:30 - INFO -   max_rtt: 0.0
2025-10-04 11:28:30 - INFO -   mdev: 0.0
2025-10-04 11:28:30 - INFO - --------------------------------------------------
2025-10-04 11:28:31 - INFO - STATUS: FAILED ❌ | Device: WN-L050-30 | IP: FD12:3456::92FD:9FFF:FEEE:9DF7
2025-10-04 11:28:31 - INFO -   packets_transmitted: 1
2025-10-04 11:28:31 - INFO -   packets_received: 0
2025-10-04 11:28:31 - INFO -   packet_loss: 100.0
2025-10-04 11:28:31 - INFO -   min_rtt: 0.0
2025-10-04 11:28:31 - INFO -   avg_rtt: 0.0
2025-10-04 11:28:31 - INFO -   max_rtt: 0.0
2025-10-04 11:28:31 - INFO -   mdev: 0.0
2025-10-04 11:28:31 - INFO - --------------------------------------------------
2025-10-04 11:28:32 - INFO - STATUS: FAILED ❌ | Device: WN-L051-30 | IP: FD12:3456::B635:22FF:FE98:285D
2025-10-04 11:28:32 - INFO -   packets_transmitted: 1
2025-10-04 11:28:32 - INFO -   packets_received: 0
2025-10-04 11:28:32 - INFO -   packet_loss: 100.0
2025-10-04 11:28:32 - INFO -   min_rtt: 0.0
2025-10-04 11:28:32 - INFO -   avg_rtt: 0.0
2025-10-04 11:28:32 - INFO -   max_rtt: 0.0
2025-10-04 11:28:32 - INFO -   mdev: 0.0
2025-10-04 11:28:32 - INFO - --------------------------------------------------
2025-10-04 11:28:33 - INFO - STATUS: FAILED ❌ | Device: WN-L038-30 | IP: FD12:3456::B635:22FF:FE98:253F
2025-10-04 11:28:33 - INFO -   packets_transmitted: 1
2025-10-04 11:28:33 - INFO -   packets_received: 0
2025-10-04 11:28:33 - INFO -   packet_loss: 100.0
2025-10-04 11:28:33 - INFO -   min_rtt: 0.0
2025-10-04 11:28:33 - INFO -   avg_rtt: 0.0
2025-10-04 11:28:33 - INFO -   max_rtt: 0.0
2025-10-04 11:28:33 - INFO -   mdev: 0.0
2025-10-04 11:28:33 - INFO - --------------------------------------------------
2025-10-04 11:28:34 - INFO - STATUS: FAILED ❌ | Device: WN-L039-30 | IP: FD12:3456::62A4:23FF:FE37:A3A8
2025-10-04 11:28:34 - INFO -   packets_transmitted: 1
2025-10-04 11:28:34 - INFO -   packets_received: 0
2025-10-04 11:28:34 - INFO -   packet_loss: 100.0
2025-10-04 11:28:34 - INFO -   min_rtt: 0.0
2025-10-04 11:28:34 - INFO -   avg_rtt: 0.0
2025-10-04 11:28:34 - INFO -   max_rtt: 0.0
2025-10-04 11:28:34 - INFO -   mdev: 0.0
2025-10-04 11:28:34 - INFO - --------------------------------------------------
2025-10-04 11:28:35 - INFO - STATUS: FAILED ❌ | Device: WN-L040-30 | IP: FD12:3456::B635:22FF:FE98:2541
2025-10-04 11:28:35 - INFO -   packets_transmitted: 1
2025-10-04 11:28:35 - INFO -   packets_received: 0
2025-10-04 11:28:35 - INFO -   packet_loss: 100.0
2025-10-04 11:28:35 - INFO -   min_rtt: 0.0
2025-10-04 11:28:35 - INFO -   avg_rtt: 0.0
2025-10-04 11:28:35 - INFO -   max_rtt: 0.0
2025-10-04 11:28:35 - INFO -   mdev: 0.0
2025-10-04 11:28:35 - INFO - --------------------------------------------------
2025-10-04 11:28:36 - INFO - STATUS: FAILED ❌ | Device: WN-L041-30 | IP: FD12:3456::B635:22FF:FE98:2529
2025-10-04 11:28:36 - INFO -   packets_transmitted: 1
2025-10-04 11:28:36 - INFO -   packets_received: 0
2025-10-04 11:28:36 - INFO -   packet_loss: 100.0
2025-10-04 11:28:36 - INFO -   min_rtt: 0.0
2025-10-04 11:28:36 - INFO -   avg_rtt: 0.0
2025-10-04 11:28:36 - INFO -   max_rtt: 0.0
2025-10-04 11:28:36 - INFO -   mdev: 0.0
2025-10-04 11:28:36 - INFO - --------------------------------------------------
2025-10-04 11:28:37 - INFO - STATUS: FAILED ❌ | Device: WN-L042-30 | IP: FD12:3456::62A4:23FF:FE37:A3AC
2025-10-04 11:28:37 - INFO -   packets_transmitted: 1
2025-10-04 11:28:37 - INFO -   packets_received: 0
2025-10-04 11:28:37 - INFO -   packet_loss: 100.0
2025-10-04 11:28:37 - INFO -   min_rtt: 0.0
2025-10-04 11:28:37 - INFO -   avg_rtt: 0.0
2025-10-04 11:28:37 - INFO -   max_rtt: 0.0
2025-10-04 11:28:37 - INFO -   mdev: 0.0
2025-10-04 11:28:37 - INFO - --------------------------------------------------
2025-10-04 11:28:38 - INFO - STATUS: FAILED ❌ | Device: WN-L043-30 | IP: FD12:3456::62A4:23FF:FE37:A39F
2025-10-04 11:28:38 - INFO -   packets_transmitted: 1
2025-10-04 11:28:38 - INFO -   packets_received: 0
2025-10-04 11:28:38 - INFO -   packet_loss: 100.0
2025-10-04 11:28:38 - INFO -   min_rtt: 0.0
2025-10-04 11:28:38 - INFO -   avg_rtt: 0.0
2025-10-04 11:28:38 - INFO -   max_rtt: 0.0
2025-10-04 11:28:38 - INFO -   mdev: 0.0
2025-10-04 11:28:38 - INFO - --------------------------------------------------
2025-10-04 11:28:39 - INFO - STATUS: FAILED ❌ | Device: WN-L044-30 | IP: FD12:3456::B635:22FF:FE98:2534
2025-10-04 11:28:39 - INFO -   packets_transmitted: 1
2025-10-04 11:28:39 - INFO -   packets_received: 0
2025-10-04 11:28:39 - INFO -   packet_loss: 100.0
2025-10-04 11:28:39 - INFO -   min_rtt: 0.0
2025-10-04 11:28:39 - INFO -   avg_rtt: 0.0
2025-10-04 11:28:39 - INFO -   max_rtt: 0.0
2025-10-04 11:28:39 - INFO -   mdev: 0.0
2025-10-04 11:28:39 - INFO - --------------------------------------------------
2025-10-04 11:28:40 - INFO - STATUS: FAILED ❌ | Device: WN-L045-30 | IP: FD12:3456::B635:22FF:FE98:2524
2025-10-04 11:28:40 - INFO -   packets_transmitted: 1
2025-10-04 11:28:40 - INFO -   packets_received: 0
2025-10-04 11:28:40 - INFO -   packet_loss: 100.0
2025-10-04 11:28:40 - INFO -   min_rtt: 0.0
2025-10-04 11:28:40 - INFO -   avg_rtt: 0.0
2025-10-04 11:28:40 - INFO -   max_rtt: 0.0
2025-10-04 11:28:40 - INFO -   mdev: 0.0
2025-10-04 11:28:40 - INFO - --------------------------------------------------
2025-10-04 11:28:41 - INFO - STATUS: FAILED ❌ | Device: WN-L047-30 | IP: FD12:3456::92FD:9FFF:FEEE:9D40
2025-10-04 11:28:41 - INFO -   packets_transmitted: 1
2025-10-04 11:28:41 - INFO -   packets_received: 0
2025-10-04 11:28:41 - INFO -   packet_loss: 100.0
2025-10-04 11:28:41 - INFO -   min_rtt: 0.0
2025-10-04 11:28:41 - INFO -   avg_rtt: 0.0
2025-10-04 11:28:41 - INFO -   max_rtt: 0.0
2025-10-04 11:28:41 - INFO -   mdev: 0.0
2025-10-04 11:28:41 - INFO - --------------------------------------------------
2025-10-04 11:28:42 - INFO - STATUS: FAILED ❌ | Device: WN-L048-30 | IP: FD12:3456::B635:22FF:FE98:29A6
2025-10-04 11:28:42 - INFO -   packets_transmitted: 1
2025-10-04 11:28:42 - INFO -   packets_received: 0
2025-10-04 11:28:42 - INFO -   packet_loss: 100.0
2025-10-04 11:28:42 - INFO -   min_rtt: 0.0
2025-10-04 11:28:42 - INFO -   avg_rtt: 0.0
2025-10-04 11:28:42 - INFO -   max_rtt: 0.0
2025-10-04 11:28:42 - INFO -   mdev: 0.0
2025-10-04 11:28:42 - INFO - --------------------------------------------------
2025-10-04 11:28:43 - INFO - STATUS: FAILED ❌ | Device: WN-L052-30 | IP: FD12:3456::62A4:23FF:FE37:A3AD
2025-10-04 11:28:43 - INFO -   packets_transmitted: 1
2025-10-04 11:28:43 - INFO -   packets_received: 0
2025-10-04 11:28:43 - INFO -   packet_loss: 100.0
2025-10-04 11:28:43 - INFO -   min_rtt: 0.0
2025-10-04 11:28:43 - INFO -   avg_rtt: 0.0
2025-10-04 11:28:43 - INFO -   max_rtt: 0.0
2025-10-04 11:28:43 - INFO -   mdev: 0.0
2025-10-04 11:28:43 - INFO - --------------------------------------------------
2025-10-04 11:28:44 - INFO - STATUS: FAILED ❌ | Device: WN-L053-30 | IP: FD12:3456::B635:22FF:FE98:252C
2025-10-04 11:28:44 - INFO -   packets_transmitted: 1
2025-10-04 11:28:44 - INFO -   packets_received: 0
2025-10-04 11:28:44 - INFO -   packet_loss: 100.0
2025-10-04 11:28:44 - INFO -   min_rtt: 0.0
2025-10-04 11:28:44 - INFO -   avg_rtt: 0.0
2025-10-04 11:28:44 - INFO -   max_rtt: 0.0
2025-10-04 11:28:44 - INFO -   mdev: 0.0
2025-10-04 11:28:44 - INFO - --------------------------------------------------
2025-10-04 11:28:45 - INFO - STATUS: FAILED ❌ | Device: WN-L054-30 | IP: FD12:3456::B635:22FF:FE98:251E
2025-10-04 11:28:45 - INFO -   packets_transmitted: 1
2025-10-04 11:28:45 - INFO -   packets_received: 0
2025-10-04 11:28:45 - INFO -   packet_loss: 100.0
2025-10-04 11:28:45 - INFO -   min_rtt: 0.0
2025-10-04 11:28:45 - INFO -   avg_rtt: 0.0
2025-10-04 11:28:45 - INFO -   max_rtt: 0.0
2025-10-04 11:28:45 - INFO -   mdev: 0.0
2025-10-04 11:28:45 - INFO - --------------------------------------------------
2025-10-04 11:28:46 - INFO - STATUS: FAILED ❌ | Device: WN-VA24-30 | IP: FD12:3456::B635:22FF:FE98:253E
2025-10-04 11:28:46 - INFO -   packets_transmitted: 1
2025-10-04 11:28:46 - INFO -   packets_received: 0
2025-10-04 11:28:46 - INFO -   packet_loss: 100.0
2025-10-04 11:28:46 - INFO -   min_rtt: 0.0
2025-10-04 11:28:46 - INFO -   avg_rtt: 0.0
2025-10-04 11:28:46 - INFO -   max_rtt: 0.0
2025-10-04 11:28:46 - INFO -   mdev: 0.0
2025-10-04 11:28:46 - INFO - --------------------------------------------------
2025-10-04 11:28:47 - INFO - STATUS: FAILED ❌ | Device: WN-VA64-30 | IP: FD12:3456::B635:22FF:FE98:285E
2025-10-04 11:28:47 - INFO -   packets_transmitted: 1
2025-10-04 11:28:47 - INFO -   packets_received: 0
2025-10-04 11:28:47 - INFO -   packet_loss: 100.0
2025-10-04 11:28:47 - INFO -   min_rtt: 0.0
2025-10-04 11:28:47 - INFO -   avg_rtt: 0.0
2025-10-04 11:28:47 - INFO -   max_rtt: 0.0
2025-10-04 11:28:47 - INFO -   mdev: 0.0
2025-10-04 11:28:47 - INFO - --------------------------------------------------
2025-10-04 11:28:48 - INFO - STATUS: FAILED ❌ | Device: WN-VC44-30 | IP: FD12:3456::62A4:23FF:FE37:A3A9
2025-10-04 11:28:48 - INFO -   packets_transmitted: 1
2025-10-04 11:28:48 - INFO -   packets_received: 0
2025-10-04 11:28:48 - INFO -   packet_loss: 100.0
2025-10-04 11:28:48 - INFO -   min_rtt: 0.0
2025-10-04 11:28:48 - INFO -   avg_rtt: 0.0
2025-10-04 11:28:48 - INFO -   max_rtt: 0.0
2025-10-04 11:28:48 - INFO -   mdev: 0.0
2025-10-04 11:28:48 - INFO - --------------------------------------------------
2025-10-04 11:28:49 - INFO - STATUS: FAILED ❌ | Device: WN-NI04-34 | IP: FD12:3456::62A4:23FF:FE37:A3AB
2025-10-04 11:28:49 - INFO -   packets_transmitted: 1
2025-10-04 11:28:49 - INFO -   packets_received: 0
2025-10-04 11:28:49 - INFO -   packet_loss: 100.0
2025-10-04 11:28:49 - INFO -   min_rtt: 0.0
2025-10-04 11:28:49 - INFO -   avg_rtt: 0.0
2025-10-04 11:28:49 - INFO -   max_rtt: 0.0
2025-10-04 11:28:49 - INFO -   mdev: 0.0
2025-10-04 11:28:49 - INFO - --------------------------------------------------
2025-10-04 11:28:50 - INFO - STATUS: FAILED ❌ | Device: WN-L059-34 | IP: FD12:3456::B635:22FF:FE98:29A5
2025-10-04 11:28:50 - INFO -   packets_transmitted: 1
2025-10-04 11:28:50 - INFO -   packets_received: 0
2025-10-04 11:28:50 - INFO -   packet_loss: 100.0
2025-10-04 11:28:50 - INFO -   min_rtt: 0.0
2025-10-04 11:28:50 - INFO -   avg_rtt: 0.0
2025-10-04 11:28:50 - INFO -   max_rtt: 0.0
2025-10-04 11:28:50 - INFO -   mdev: 0.0
2025-10-04 11:28:50 - INFO - --------------------------------------------------
2025-10-04 11:28:50 - INFO - Summary: SUMMARY: 2/28 devices reachable (7.1% success rate) - Duration: 27s
2025-10-04 11:28:50 - INFO - === PING TEST COMPLETED ===
