2025-10-06 12:46:00 - INFO - === PING TEST STARTED ===
2025-10-06 12:46:00 - INFO - Details: Testing 28 devices
2025-10-06 12:46:00 - INFO - STATUS: SUCCESS ✅ | Device: WN-L031-30 | IP: FD12:3456::B635:22FF:FE98:2537
2025-10-06 12:46:00 - INFO -   packets_transmitted: 1
2025-10-06 12:46:00 - INFO -   packets_received: 1
2025-10-06 12:46:00 - INFO -   packet_loss: 0.0
2025-10-06 12:46:00 - INFO -   min_rtt: 486.42
2025-10-06 12:46:00 - INFO -   avg_rtt: 486.42
2025-10-06 12:46:00 - INFO -   max_rtt: 486.42
2025-10-06 12:46:00 - INFO -   mdev: 0.0
2025-10-06 12:46:00 - INFO - --------------------------------------------------
2025-10-06 12:46:01 - INFO - STATUS: SUCCESS ✅ | Device: WN-L032-30 | IP: FD12:3456::B635:22FF:FE98:2523
2025-10-06 12:46:01 - INFO -   packets_transmitted: 1
2025-10-06 12:46:01 - INFO -   packets_received: 1
2025-10-06 12:46:01 - INFO -   packet_loss: 0.0
2025-10-06 12:46:01 - INFO -   min_rtt: 501.598
2025-10-06 12:46:01 - INFO -   avg_rtt: 501.598
2025-10-06 12:46:01 - INFO -   max_rtt: 501.598
2025-10-06 12:46:01 - INFO -   mdev: 0.0
2025-10-06 12:46:01 - INFO - --------------------------------------------------
2025-10-06 12:46:01 - INFO - STATUS: SUCCESS ✅ | Device: WN-L033-30 | IP: FD12:3456::B635:22FF:FE98:252B
2025-10-06 12:46:01 - INFO -   packets_transmitted: 1
2025-10-06 12:46:01 - INFO -   packets_received: 1
2025-10-06 12:46:01 - INFO -   packet_loss: 0.0
2025-10-06 12:46:01 - INFO -   min_rtt: 132.852
2025-10-06 12:46:01 - INFO -   avg_rtt: 132.852
2025-10-06 12:46:01 - INFO -   max_rtt: 132.852
2025-10-06 12:46:01 - INFO -   mdev: 0.0
2025-10-06 12:46:01 - INFO - --------------------------------------------------
2025-10-06 12:46:02 - INFO - STATUS: SUCCESS ✅ | Device: WN-L034-30 | IP: FD12:3456::62A4:23FF:FE37:A3B3
2025-10-06 12:46:02 - INFO -   packets_transmitted: 1
2025-10-06 12:46:02 - INFO -   packets_received: 1
2025-10-06 12:46:02 - INFO -   packet_loss: 0.0
2025-10-06 12:46:02 - INFO -   min_rtt: 896.358
2025-10-06 12:46:02 - INFO -   avg_rtt: 896.358
2025-10-06 12:46:02 - INFO -   max_rtt: 896.358
2025-10-06 12:46:02 - INFO -   mdev: 0.0
2025-10-06 12:46:02 - INFO - --------------------------------------------------
2025-10-06 12:46:02 - INFO - STATUS: SUCCESS ✅ | Device: WN-L035-30 | IP: FD12:3456::B635:22FF:FE98:285B
2025-10-06 12:46:02 - INFO -   packets_transmitted: 1
2025-10-06 12:46:02 - INFO -   packets_received: 1
2025-10-06 12:46:02 - INFO -   packet_loss: 0.0
2025-10-06 12:46:02 - INFO -   min_rtt: 376.491
2025-10-06 12:46:02 - INFO -   avg_rtt: 376.491
2025-10-06 12:46:02 - INFO -   max_rtt: 376.491
2025-10-06 12:46:02 - INFO -   mdev: 0.0
2025-10-06 12:46:02 - INFO - --------------------------------------------------
2025-10-06 12:46:12 - INFO - STATUS: FAILED ❌ | Device: WN-L036-30 | IP: FD12:3456::62A4:23FF:FE37:A3A1
2025-10-06 12:46:12 - INFO -   packets_transmitted: 1
2025-10-06 12:46:12 - INFO -   packets_received: 0
2025-10-06 12:46:12 - INFO -   packet_loss: 100.0
2025-10-06 12:46:12 - INFO -   min_rtt: 0.0
2025-10-06 12:46:12 - INFO -   avg_rtt: 0.0
2025-10-06 12:46:12 - INFO -   max_rtt: 0.0
2025-10-06 12:46:12 - INFO -   mdev: 0.0
2025-10-06 12:46:12 - INFO - --------------------------------------------------
2025-10-06 12:46:13 - INFO - STATUS: SUCCESS ✅ | Device: WN-L037-30 | IP: FD12:3456::B635:22FF:FE98:2539
2025-10-06 12:46:13 - INFO -   packets_transmitted: 1
2025-10-06 12:46:13 - INFO -   packets_received: 1
2025-10-06 12:46:13 - INFO -   packet_loss: 0.0
2025-10-06 12:46:13 - INFO -   min_rtt: 752.144
2025-10-06 12:46:13 - INFO -   avg_rtt: 752.144
2025-10-06 12:46:13 - INFO -   max_rtt: 752.144
2025-10-06 12:46:13 - INFO -   mdev: 0.0
2025-10-06 12:46:13 - INFO - --------------------------------------------------
2025-10-06 12:46:13 - INFO - STATUS: SUCCESS ✅ | Device: WN-OF04-34 | IP: FD12:3456::B635:22FF:FE98:285C
2025-10-06 12:46:13 - INFO -   packets_transmitted: 1
2025-10-06 12:46:13 - INFO -   packets_received: 1
2025-10-06 12:46:13 - INFO -   packet_loss: 0.0
2025-10-06 12:46:13 - INFO -   min_rtt: 266.39
2025-10-06 12:46:13 - INFO -   avg_rtt: 266.39
2025-10-06 12:46:13 - INFO -   max_rtt: 266.39
2025-10-06 12:46:13 - INFO -   mdev: 0.0
2025-10-06 12:46:13 - INFO - --------------------------------------------------
2025-10-06 12:46:23 - INFO - STATUS: FAILED ❌ | Device: WN-L050-30 | IP: FD12:3456::92FD:9FFF:FEEE:9DF7
2025-10-06 12:46:23 - INFO -   packets_transmitted: 1
2025-10-06 12:46:23 - INFO -   packets_received: 0
2025-10-06 12:46:23 - INFO -   packet_loss: 100.0
2025-10-06 12:46:23 - INFO -   min_rtt: 0.0
2025-10-06 12:46:23 - INFO -   avg_rtt: 0.0
2025-10-06 12:46:23 - INFO -   max_rtt: 0.0
2025-10-06 12:46:23 - INFO -   mdev: 0.0
2025-10-06 12:46:23 - INFO - --------------------------------------------------
2025-10-06 12:46:24 - INFO - STATUS: SUCCESS ✅ | Device: WN-L051-30 | IP: FD12:3456::B635:22FF:FE98:285D
2025-10-06 12:46:24 - INFO -   packets_transmitted: 1
2025-10-06 12:46:24 - INFO -   packets_received: 1
2025-10-06 12:46:24 - INFO -   packet_loss: 0.0
2025-10-06 12:46:24 - INFO -   min_rtt: 831.323
2025-10-06 12:46:24 - INFO -   avg_rtt: 831.323
2025-10-06 12:46:24 - INFO -   max_rtt: 831.323
2025-10-06 12:46:24 - INFO -   mdev: 0.0
2025-10-06 12:46:24 - INFO - --------------------------------------------------
2025-10-06 12:46:25 - INFO - STATUS: FAILED ❌ | Device: WN-L038-30 | IP: FD12:3456::B635:22FF:FE98:253F
2025-10-06 12:46:25 - INFO -   packets_transmitted: 1
2025-10-06 12:46:25 - INFO -   packets_received: 0
2025-10-06 12:46:25 - INFO -   packet_loss: 100.0
2025-10-06 12:46:25 - INFO -   min_rtt: 0.0
2025-10-06 12:46:25 - INFO -   avg_rtt: 0.0
2025-10-06 12:46:25 - INFO -   max_rtt: 0.0
2025-10-06 12:46:25 - INFO -   mdev: 0.0
2025-10-06 12:46:25 - INFO - --------------------------------------------------
2025-10-06 12:46:25 - INFO - Test stopped by user
2025-10-06 12:46:25 - INFO - Summary: SUMMARY: 8/28 devices reachable (28.6% success rate) - Duration: 25s
2025-10-06 12:46:25 - INFO - === PING TEST COMPLETED ===
