2025-10-04 11:29:29 - INFO - === PING TEST STARTED ===
2025-10-04 11:29:29 - INFO - Details: Testing 28 devices
2025-10-04 11:29:40 - INFO - STATUS: SUCCESS ✅ | Device: WN-L031-30 | IP: FD12:3456::B635:22FF:FE98:2537
2025-10-04 11:29:40 - INFO -   packets_transmitted: 10
2025-10-04 11:29:40 - INFO -   packets_received: 10
2025-10-04 11:29:40 - INFO -   packet_loss: 0.0
2025-10-04 11:29:40 - INFO -   min_rtt: 538.749
2025-10-04 11:29:40 - INFO -   avg_rtt: 2390.46
2025-10-04 11:29:40 - INFO -   max_rtt: 4447.414
2025-10-04 11:29:40 - INFO -   mdev: 1287.035
2025-10-04 11:29:40 - INFO - --------------------------------------------------
2025-10-04 11:29:51 - INFO - STATUS: SUCCESS ✅ | Device: WN-L032-30 | IP: FD12:3456::B635:22FF:FE98:2523
2025-10-04 11:29:51 - INFO -   packets_transmitted: 10
2025-10-04 11:29:51 - INFO -   packets_received: 10
2025-10-04 11:29:51 - INFO -   packet_loss: 0.0
2025-10-04 11:29:51 - INFO -   min_rtt: 730.591
2025-10-04 11:29:51 - INFO -   avg_rtt: 1096.16
2025-10-04 11:29:51 - INFO -   max_rtt: 2240.608
2025-10-04 11:29:51 - INFO -   mdev: 494.961
2025-10-04 11:29:51 - INFO - --------------------------------------------------
2025-10-04 11:30:00 - INFO - STATUS: SUCCESS ✅ | Device: WN-L033-30 | IP: FD12:3456::B635:22FF:FE98:252B
2025-10-04 11:30:00 - INFO -   packets_transmitted: 10
2025-10-04 11:30:00 - INFO -   packets_received: 10
2025-10-04 11:30:00 - INFO -   packet_loss: 0.0
2025-10-04 11:30:00 - INFO -   min_rtt: 128.006
2025-10-04 11:30:00 - INFO -   avg_rtt: 239.477
2025-10-04 11:30:00 - INFO -   max_rtt: 954.626
2025-10-04 11:30:00 - INFO -   mdev: 239.838
2025-10-04 11:30:00 - INFO - --------------------------------------------------
2025-10-04 11:30:13 - INFO - STATUS: SUCCESS ✅ | Device: WN-L034-30 | IP: FD12:3456::62A4:23FF:FE37:A3B3
2025-10-04 11:30:13 - INFO -   packets_transmitted: 10
2025-10-04 11:30:13 - INFO -   packets_received: 9
2025-10-04 11:30:13 - INFO -   packet_loss: 10.0
2025-10-04 11:30:13 - INFO -   min_rtt: 916.299
2025-10-04 11:30:13 - INFO -   avg_rtt: 1605.294
2025-10-04 11:30:13 - INFO -   max_rtt: 2885.513
2025-10-04 11:30:13 - INFO -   mdev: 585.268
2025-10-04 11:30:13 - INFO - --------------------------------------------------
2025-10-04 11:30:22 - INFO - STATUS: SUCCESS ✅ | Device: WN-L035-30 | IP: FD12:3456::B635:22FF:FE98:285B
2025-10-04 11:30:22 - INFO -   packets_transmitted: 10
2025-10-04 11:30:22 - INFO -   packets_received: 10
2025-10-04 11:30:22 - INFO -   packet_loss: 0.0
2025-10-04 11:30:22 - INFO -   min_rtt: 262.274
2025-10-04 11:30:22 - INFO -   avg_rtt: 496.539
2025-10-04 11:30:22 - INFO -   max_rtt: 1500.136
2025-10-04 11:30:22 - INFO -   mdev: 353.95
2025-10-04 11:30:22 - INFO - --------------------------------------------------
2025-10-04 11:30:32 - INFO - STATUS: SUCCESS ✅ | Device: WN-L036-30 | IP: FD12:3456::62A4:23FF:FE37:A3A1
2025-10-04 11:30:32 - INFO -   packets_transmitted: 10
2025-10-04 11:30:32 - INFO -   packets_received: 10
2025-10-04 11:30:32 - INFO -   packet_loss: 0.0
2025-10-04 11:30:32 - INFO -   min_rtt: 384.73
2025-10-04 11:30:32 - INFO -   avg_rtt: 624.868
2025-10-04 11:30:32 - INFO -   max_rtt: 1174.152
2025-10-04 11:30:32 - INFO -   mdev: 259.995
2025-10-04 11:30:32 - INFO - --------------------------------------------------
2025-10-04 11:30:42 - INFO - STATUS: SUCCESS ✅ | Device: WN-L037-30 | IP: FD12:3456::B635:22FF:FE98:2539
2025-10-04 11:30:42 - INFO -   packets_transmitted: 10
2025-10-04 11:30:42 - INFO -   packets_received: 10
2025-10-04 11:30:42 - INFO -   packet_loss: 0.0
2025-10-04 11:30:42 - INFO -   min_rtt: 666.405
2025-10-04 11:30:42 - INFO -   avg_rtt: 1251.061
2025-10-04 11:30:42 - INFO -   max_rtt: 2546.151
2025-10-04 11:30:42 - INFO -   mdev: 659.823
2025-10-04 11:30:42 - INFO - --------------------------------------------------
2025-10-04 11:30:52 - INFO - STATUS: SUCCESS ✅ | Device: WN-OF04-34 | IP: FD12:3456::B635:22FF:FE98:285C
2025-10-04 11:30:52 - INFO -   packets_transmitted: 10
2025-10-04 11:30:52 - INFO -   packets_received: 10
2025-10-04 11:30:52 - INFO -   packet_loss: 0.0
2025-10-04 11:30:52 - INFO -   min_rtt: 489.55
2025-10-04 11:30:52 - INFO -   avg_rtt: 674.396
2025-10-04 11:30:52 - INFO -   max_rtt: 1092.33
2025-10-04 11:30:52 - INFO -   mdev: 219.031
2025-10-04 11:30:52 - INFO - --------------------------------------------------
2025-10-04 11:31:07 - INFO - STATUS: SUCCESS ✅ | Device: WN-L050-30 | IP: FD12:3456::92FD:9FFF:FEEE:9DF7
2025-10-04 11:31:07 - INFO -   packets_transmitted: 10
2025-10-04 11:31:07 - INFO -   packets_received: 9
2025-10-04 11:31:07 - INFO -   packet_loss: 10.0
2025-10-04 11:31:07 - INFO -   min_rtt: 1943.707
2025-10-04 11:31:07 - INFO -   avg_rtt: 4636.514
2025-10-04 11:31:07 - INFO -   max_rtt: 7239.21
2025-10-04 11:31:07 - INFO -   mdev: 1984.429
2025-10-04 11:31:07 - INFO - --------------------------------------------------
2025-10-04 11:31:20 - INFO - STATUS: SUCCESS ✅ | Device: WN-L051-30 | IP: FD12:3456::B635:22FF:FE98:285D
2025-10-04 11:31:20 - INFO -   packets_transmitted: 10
2025-10-04 11:31:20 - INFO -   packets_received: 3
2025-10-04 11:31:20 - INFO -   packet_loss: 70.0
2025-10-04 11:31:20 - INFO -   min_rtt: 547.227
2025-10-04 11:31:20 - INFO -   avg_rtt: 1522.556
2025-10-04 11:31:20 - INFO -   max_rtt: 2044.045
2025-10-04 11:31:20 - INFO -   mdev: 690.214
2025-10-04 11:31:20 - INFO - --------------------------------------------------
2025-10-04 11:31:42 - INFO - STATUS: SUCCESS ✅ | Device: WN-L038-30 | IP: FD12:3456::B635:22FF:FE98:253F
2025-10-04 11:31:42 - INFO -   packets_transmitted: 10
2025-10-04 11:31:42 - INFO -   packets_received: 10
2025-10-04 11:31:42 - INFO -   packet_loss: 0.0
2025-10-04 11:31:42 - INFO -   min_rtt: 10186.02
2025-10-04 11:31:42 - INFO -   avg_rtt: 11645.938
2025-10-04 11:31:42 - INFO -   max_rtt: 14234.66
2025-10-04 11:31:42 - INFO -   mdev: 1225.393
2025-10-04 11:31:42 - INFO - --------------------------------------------------
2025-10-04 11:32:02 - INFO - STATUS: SUCCESS ✅ | Device: WN-L039-30 | IP: FD12:3456::62A4:23FF:FE37:A3A8
2025-10-04 11:32:02 - INFO -   packets_transmitted: 10
2025-10-04 11:32:02 - INFO -   packets_received: 10
2025-10-04 11:32:02 - INFO -   packet_loss: 0.0
2025-10-04 11:32:02 - INFO -   min_rtt: 2846.262
2025-10-04 11:32:02 - INFO -   avg_rtt: 9944.603
2025-10-04 11:32:02 - INFO -   max_rtt: 12674.005
2025-10-04 11:32:02 - INFO -   mdev: 2947.488
2025-10-04 11:32:02 - INFO - --------------------------------------------------
2025-10-04 11:32:31 - INFO - STATUS: FAILED ❌ | Device: WN-L040-30 | IP: FD12:3456::B635:22FF:FE98:2541
2025-10-04 11:32:31 - INFO -   packets_transmitted: 10
2025-10-04 11:32:31 - INFO -   packets_received: 0
2025-10-04 11:32:31 - INFO -   packet_loss: 100.0
2025-10-04 11:32:31 - INFO -   min_rtt: 0.0
2025-10-04 11:32:31 - INFO -   avg_rtt: 0.0
2025-10-04 11:32:31 - INFO -   max_rtt: 0.0
2025-10-04 11:32:31 - INFO -   mdev: 0.0
2025-10-04 11:32:31 - INFO - --------------------------------------------------
2025-10-04 11:33:00 - INFO - STATUS: SUCCESS ✅ | Device: WN-L041-30 | IP: FD12:3456::B635:22FF:FE98:2529
2025-10-04 11:33:00 - INFO -   packets_transmitted: 10
2025-10-04 11:33:00 - INFO -   packets_received: 8
2025-10-04 11:33:00 - INFO -   packet_loss: 20.0
2025-10-04 11:33:00 - INFO -   min_rtt: 6185.047
2025-10-04 11:33:00 - INFO -   avg_rtt: 7461.017
2025-10-04 11:33:00 - INFO -   max_rtt: 8520.158
2025-10-04 11:33:00 - INFO -   mdev: 789.97
2025-10-04 11:33:00 - INFO - --------------------------------------------------
2025-10-04 11:33:22 - INFO - STATUS: SUCCESS ✅ | Device: WN-L042-30 | IP: FD12:3456::62A4:23FF:FE37:A3AC
2025-10-04 11:33:22 - INFO -   packets_transmitted: 10
2025-10-04 11:33:22 - INFO -   packets_received: 2
2025-10-04 11:33:22 - INFO -   packet_loss: 80.0
2025-10-04 11:33:22 - INFO -   min_rtt: 6621.012
2025-10-04 11:33:22 - INFO -   avg_rtt: 9577.957
2025-10-04 11:33:22 - INFO -   max_rtt: 12534.902
2025-10-04 11:33:22 - INFO -   mdev: 2956.945
2025-10-04 11:33:22 - INFO - --------------------------------------------------
2025-10-04 11:33:52 - INFO - STATUS: FAILED ❌ | Device: WN-L043-30 | IP: FD12:3456::62A4:23FF:FE37:A39F
2025-10-04 11:33:52 - INFO -   packets_transmitted: 10
2025-10-04 11:33:52 - INFO -   packets_received: 0
2025-10-04 11:33:52 - INFO -   packet_loss: 100.0
2025-10-04 11:33:52 - INFO -   min_rtt: 0.0
2025-10-04 11:33:52 - INFO -   avg_rtt: 0.0
2025-10-04 11:33:52 - INFO -   max_rtt: 0.0
2025-10-04 11:33:52 - INFO -   mdev: 0.0
2025-10-04 11:33:52 - INFO - --------------------------------------------------
2025-10-04 11:34:21 - INFO - STATUS: SUCCESS ✅ | Device: WN-L044-30 | IP: FD12:3456::B635:22FF:FE98:2534
2025-10-04 11:34:21 - INFO -   packets_transmitted: 10
2025-10-04 11:34:21 - INFO -   packets_received: 2
2025-10-04 11:34:21 - INFO -   packet_loss: 80.0
2025-10-04 11:34:21 - INFO -   min_rtt: 12365.682
2025-10-04 11:34:21 - INFO -   avg_rtt: 17223.913
2025-10-04 11:34:21 - INFO -   max_rtt: 22082.145
2025-10-04 11:34:21 - INFO -   mdev: 4858.231
2025-10-04 11:34:21 - INFO - --------------------------------------------------
2025-10-04 11:34:50 - INFO - STATUS: FAILED ❌ | Device: WN-L045-30 | IP: FD12:3456::B635:22FF:FE98:2524
2025-10-04 11:34:50 - INFO -   packets_transmitted: 10
2025-10-04 11:34:50 - INFO -   packets_received: 0
2025-10-04 11:34:50 - INFO -   packet_loss: 100.0
2025-10-04 11:34:50 - INFO -   min_rtt: 0.0
2025-10-04 11:34:50 - INFO -   avg_rtt: 0.0
2025-10-04 11:34:50 - INFO -   max_rtt: 0.0
2025-10-04 11:34:50 - INFO -   mdev: 0.0
2025-10-04 11:34:50 - INFO - --------------------------------------------------
2025-10-04 11:35:13 - INFO - STATUS: SUCCESS ✅ | Device: WN-L047-30 | IP: FD12:3456::92FD:9FFF:FEEE:9D40
2025-10-04 11:35:13 - INFO -   packets_transmitted: 10
2025-10-04 11:35:13 - INFO -   packets_received: 5
2025-10-04 11:35:13 - INFO -   packet_loss: 50.0
2025-10-04 11:35:13 - INFO -   min_rtt: 1266.162
2025-10-04 11:35:13 - INFO -   avg_rtt: 9272.808
2025-10-04 11:35:13 - INFO -   max_rtt: 16206.994
2025-10-04 11:35:13 - INFO -   mdev: 5002.441
2025-10-04 11:35:13 - INFO - --------------------------------------------------
2025-10-04 11:35:42 - INFO - STATUS: FAILED ❌ | Device: WN-L048-30 | IP: FD12:3456::B635:22FF:FE98:29A6
2025-10-04 11:35:42 - INFO -   packets_transmitted: 10
2025-10-04 11:35:42 - INFO -   packets_received: 0
2025-10-04 11:35:42 - INFO -   packet_loss: 100.0
2025-10-04 11:35:42 - INFO -   min_rtt: 0.0
2025-10-04 11:35:42 - INFO -   avg_rtt: 0.0
2025-10-04 11:35:42 - INFO -   max_rtt: 0.0
2025-10-04 11:35:42 - INFO -   mdev: 0.0
2025-10-04 11:35:42 - INFO - --------------------------------------------------
2025-10-04 11:36:11 - INFO - STATUS: FAILED ❌ | Device: WN-L052-30 | IP: FD12:3456::62A4:23FF:FE37:A3AD
2025-10-04 11:36:11 - INFO -   packets_transmitted: 10
2025-10-04 11:36:11 - INFO -   packets_received: 0
2025-10-04 11:36:11 - INFO -   packet_loss: 100.0
2025-10-04 11:36:11 - INFO -   min_rtt: 0.0
2025-10-04 11:36:11 - INFO -   avg_rtt: 0.0
2025-10-04 11:36:11 - INFO -   max_rtt: 0.0
2025-10-04 11:36:11 - INFO -   mdev: 0.0
2025-10-04 11:36:11 - INFO - --------------------------------------------------
2025-10-04 11:36:16 - INFO - STATUS: FAILED ❌ | Device: WN-L053-30 | IP: FD12:3456::B635:22FF:FE98:252C
2025-10-04 11:36:16 - INFO -   packets_transmitted: 10
2025-10-04 11:36:16 - INFO -   packets_received: 0
2025-10-04 11:36:16 - INFO -   packet_loss: 100.0
2025-10-04 11:36:16 - INFO -   min_rtt: 0.0
2025-10-04 11:36:16 - INFO -   avg_rtt: 0.0
2025-10-04 11:36:16 - INFO -   max_rtt: 0.0
2025-10-04 11:36:16 - INFO -   mdev: 0.0
2025-10-04 11:36:16 - INFO - --------------------------------------------------
2025-10-04 11:36:16 - INFO - Test stopped by user
2025-10-04 11:36:16 - INFO - Summary: SUMMARY: 16/28 devices reachable (57.1% success rate) - Duration: 6m 47s
2025-10-04 11:36:16 - INFO - === PING TEST COMPLETED ===
