2025-10-07 13:38:58 - INFO - === PING TEST STARTED ===
2025-10-07 13:38:58 - INFO - Details: Testing 28 devices
2025-10-07 13:39:07 - INFO - STATUS: SUCCESS ✅ | Device: WN-L031-30 | IP: FD12:3456::B635:22FF:FE98:2537
2025-10-07 13:39:07 - INFO -   packets_transmitted: 10
2025-10-07 13:39:07 - INFO -   packets_received: 10
2025-10-07 13:39:07 - INFO -   packet_loss: 0.0
2025-10-07 13:39:07 - INFO -   min_rtt: 379.397
2025-10-07 13:39:07 - INFO -   avg_rtt: 995.95
2025-10-07 13:39:07 - INFO -   max_rtt: 2159.313
2025-10-07 13:39:07 - INFO -   mdev: 748.726
2025-10-07 13:39:07 - INFO - --------------------------------------------------
2025-10-07 13:39:17 - INFO - STATUS: SUCCESS ✅ | Device: WN-L032-30 | IP: FD12:3456::B635:22FF:FE98:2523
2025-10-07 13:39:17 - INFO -   packets_transmitted: 10
2025-10-07 13:39:17 - INFO -   packets_received: 10
2025-10-07 13:39:17 - INFO -   packet_loss: 0.0
2025-10-07 13:39:17 - INFO -   min_rtt: 264.104
2025-10-07 13:39:17 - INFO -   avg_rtt: 419.87
2025-10-07 13:39:17 - INFO -   max_rtt: 891.61
2025-10-07 13:39:17 - INFO -   mdev: 232.96
2025-10-07 13:39:17 - INFO - --------------------------------------------------
2025-10-07 13:39:26 - INFO - STATUS: SUCCESS ✅ | Device: WN-L033-30 | IP: FD12:3456::B635:22FF:FE98:252B
2025-10-07 13:39:26 - INFO -   packets_transmitted: 10
2025-10-07 13:39:26 - INFO -   packets_received: 10
2025-10-07 13:39:26 - INFO -   packet_loss: 0.0
2025-10-07 13:39:26 - INFO -   min_rtt: 131.032
2025-10-07 13:39:26 - INFO -   avg_rtt: 153.757
2025-10-07 13:39:26 - INFO -   max_rtt: 205.984
2025-10-07 13:39:26 - INFO -   mdev: 29.455
2025-10-07 13:39:26 - INFO - --------------------------------------------------
2025-10-07 13:39:36 - INFO - STATUS: SUCCESS ✅ | Device: WN-L034-30 | IP: FD12:3456::62A4:23FF:FE37:A3B3
2025-10-07 13:39:36 - INFO -   packets_transmitted: 10
2025-10-07 13:39:36 - INFO -   packets_received: 10
2025-10-07 13:39:36 - INFO -   packet_loss: 0.0
2025-10-07 13:39:36 - INFO -   min_rtt: 261.145
2025-10-07 13:39:36 - INFO -   avg_rtt: 370.709
2025-10-07 13:39:36 - INFO -   max_rtt: 1063.196
2025-10-07 13:39:36 - INFO -   mdev: 239.826
2025-10-07 13:39:36 - INFO - --------------------------------------------------
2025-10-07 13:39:45 - INFO - STATUS: SUCCESS ✅ | Device: WN-L035-30 | IP: FD12:3456::B635:22FF:FE98:285B
2025-10-07 13:39:45 - INFO -   packets_transmitted: 10
2025-10-07 13:39:45 - INFO -   packets_received: 10
2025-10-07 13:39:45 - INFO -   packet_loss: 0.0
2025-10-07 13:39:45 - INFO -   min_rtt: 266.159
2025-10-07 13:39:45 - INFO -   avg_rtt: 314.372
2025-10-07 13:39:45 - INFO -   max_rtt: 478.998
2025-10-07 13:39:45 - INFO -   mdev: 72.729
2025-10-07 13:39:45 - INFO - --------------------------------------------------
2025-10-07 13:41:34 - INFO - STATUS: FAILED ❌ | Device: WN-L036-30 | IP: FD12:3456::62A4:23FF:FE37:A3A1
2025-10-07 13:41:34 - INFO -   packets_transmitted: 10
2025-10-07 13:41:34 - INFO -   packets_received: 0
2025-10-07 13:41:34 - INFO -   packet_loss: 100.0
2025-10-07 13:41:34 - INFO -   min_rtt: 0.0
2025-10-07 13:41:34 - INFO -   avg_rtt: 0.0
2025-10-07 13:41:34 - INFO -   max_rtt: 0.0
2025-10-07 13:41:34 - INFO -   mdev: 0.0
2025-10-07 13:41:34 - INFO - --------------------------------------------------
2025-10-07 13:41:44 - INFO - STATUS: SUCCESS ✅ | Device: WN-L037-30 | IP: FD12:3456::B635:22FF:FE98:2539
2025-10-07 13:41:44 - INFO -   packets_transmitted: 10
2025-10-07 13:41:44 - INFO -   packets_received: 10
2025-10-07 13:41:44 - INFO -   packet_loss: 0.0
2025-10-07 13:41:44 - INFO -   min_rtt: 371.578
2025-10-07 13:41:44 - INFO -   avg_rtt: 735.277
2025-10-07 13:41:44 - INFO -   max_rtt: 1310.261
2025-10-07 13:41:44 - INFO -   mdev: 295.339
2025-10-07 13:41:44 - INFO - --------------------------------------------------
2025-10-07 13:41:53 - INFO - STATUS: SUCCESS ✅ | Device: WN-OF04-34 | IP: FD12:3456::B635:22FF:FE98:285C
2025-10-07 13:41:53 - INFO -   packets_transmitted: 10
2025-10-07 13:41:53 - INFO -   packets_received: 10
2025-10-07 13:41:53 - INFO -   packet_loss: 0.0
2025-10-07 13:41:53 - INFO -   min_rtt: 516.372
2025-10-07 13:41:53 - INFO -   avg_rtt: 643.919
2025-10-07 13:41:53 - INFO -   max_rtt: 996.514
2025-10-07 13:41:53 - INFO -   mdev: 138.233
2025-10-07 13:41:53 - INFO - --------------------------------------------------
2025-10-07 13:42:12 - INFO - STATUS: SUCCESS ✅ | Device: WN-L050-30 | IP: FD12:3456::92FD:9FFF:FEEE:9DF7
2025-10-07 13:42:12 - INFO -   packets_transmitted: 10
2025-10-07 13:42:12 - INFO -   packets_received: 3
2025-10-07 13:42:12 - INFO -   packet_loss: 70.0
2025-10-07 13:42:12 - INFO -   min_rtt: 4599.232
2025-10-07 13:42:12 - INFO -   avg_rtt: 8899.753
2025-10-07 13:42:12 - INFO -   max_rtt: 11065.183
2025-10-07 13:42:12 - INFO -   mdev: 3040.953
2025-10-07 13:42:12 - INFO - --------------------------------------------------
2025-10-07 13:42:24 - INFO - STATUS: SUCCESS ✅ | Device: WN-L051-30 | IP: FD12:3456::B635:22FF:FE98:285D
2025-10-07 13:42:24 - INFO -   packets_transmitted: 10
2025-10-07 13:42:24 - INFO -   packets_received: 10
2025-10-07 13:42:24 - INFO -   packet_loss: 0.0
2025-10-07 13:42:24 - INFO -   min_rtt: 389.352
2025-10-07 13:42:24 - INFO -   avg_rtt: 1042.084
2025-10-07 13:42:24 - INFO -   max_rtt: 3011.485
2025-10-07 13:42:24 - INFO -   mdev: 807.019
2025-10-07 13:42:24 - INFO - --------------------------------------------------
2025-10-07 13:42:45 - INFO - STATUS: SUCCESS ✅ | Device: WN-L038-30 | IP: FD12:3456::B635:22FF:FE98:253F
2025-10-07 13:42:45 - INFO -   packets_transmitted: 10
2025-10-07 13:42:45 - INFO -   packets_received: 7
2025-10-07 13:42:45 - INFO -   packet_loss: 30.0
2025-10-07 13:42:45 - INFO -   min_rtt: 6100.121
2025-10-07 13:42:45 - INFO -   avg_rtt: 7422.824
2025-10-07 13:42:45 - INFO -   max_rtt: 9501.89
2025-10-07 13:42:45 - INFO -   mdev: 1161.972
2025-10-07 13:42:45 - INFO - --------------------------------------------------
2025-10-07 13:43:08 - INFO - STATUS: SUCCESS ✅ | Device: WN-L039-30 | IP: FD12:3456::62A4:23FF:FE37:A3A8
2025-10-07 13:43:08 - INFO -   packets_transmitted: 10
2025-10-07 13:43:08 - INFO -   packets_received: 4
2025-10-07 13:43:08 - INFO -   packet_loss: 60.0
2025-10-07 13:43:08 - INFO -   min_rtt: 6872.156
2025-10-07 13:43:08 - INFO -   avg_rtt: 10269.681
2025-10-07 13:43:08 - INFO -   max_rtt: 15329.596
2025-10-07 13:43:08 - INFO -   mdev: 3419.533
2025-10-07 13:43:08 - INFO - --------------------------------------------------
2025-10-07 13:44:57 - INFO - STATUS: FAILED ❌ | Device: WN-L040-30 | IP: FD12:3456::B635:22FF:FE98:2541
2025-10-07 13:44:57 - INFO -   packets_transmitted: 10
2025-10-07 13:44:57 - INFO -   packets_received: 0
2025-10-07 13:44:57 - INFO -   packet_loss: 100.0
2025-10-07 13:44:57 - INFO -   min_rtt: 0.0
2025-10-07 13:44:57 - INFO -   avg_rtt: 0.0
2025-10-07 13:44:57 - INFO -   max_rtt: 0.0
2025-10-07 13:44:57 - INFO -   mdev: 0.0
2025-10-07 13:44:57 - INFO - --------------------------------------------------
2025-10-07 13:46:46 - INFO - STATUS: FAILED ❌ | Device: WN-L041-30 | IP: FD12:3456::B635:22FF:FE98:2529
2025-10-07 13:46:46 - INFO -   packets_transmitted: 10
2025-10-07 13:46:46 - INFO -   packets_received: 0
2025-10-07 13:46:46 - INFO -   packet_loss: 100.0
2025-10-07 13:46:46 - INFO -   min_rtt: 0.0
2025-10-07 13:46:46 - INFO -   avg_rtt: 0.0
2025-10-07 13:46:46 - INFO -   max_rtt: 0.0
2025-10-07 13:46:46 - INFO -   mdev: 0.0
2025-10-07 13:46:46 - INFO - --------------------------------------------------
2025-10-07 13:48:36 - INFO - STATUS: FAILED ❌ | Device: WN-L042-30 | IP: FD12:3456::62A4:23FF:FE37:A3AC
2025-10-07 13:48:36 - INFO -   packets_transmitted: 10
2025-10-07 13:48:36 - INFO -   packets_received: 0
2025-10-07 13:48:36 - INFO -   packet_loss: 100.0
2025-10-07 13:48:36 - INFO -   min_rtt: 0.0
2025-10-07 13:48:36 - INFO -   avg_rtt: 0.0
2025-10-07 13:48:36 - INFO -   max_rtt: 0.0
2025-10-07 13:48:36 - INFO -   mdev: 0.0
2025-10-07 13:48:36 - INFO - --------------------------------------------------
2025-10-07 13:50:25 - INFO - STATUS: FAILED ❌ | Device: WN-L043-30 | IP: FD12:3456::62A4:23FF:FE37:A39F
2025-10-07 13:50:25 - INFO -   packets_transmitted: 10
2025-10-07 13:50:25 - INFO -   packets_received: 0
2025-10-07 13:50:25 - INFO -   packet_loss: 100.0
2025-10-07 13:50:25 - INFO -   min_rtt: 0.0
2025-10-07 13:50:25 - INFO -   avg_rtt: 0.0
2025-10-07 13:50:25 - INFO -   max_rtt: 0.0
2025-10-07 13:50:25 - INFO -   mdev: 0.0
2025-10-07 13:50:25 - INFO - --------------------------------------------------
2025-10-07 13:52:14 - INFO - STATUS: FAILED ❌ | Device: WN-L044-30 | IP: FD12:3456::B635:22FF:FE98:2534
2025-10-07 13:52:14 - INFO -   packets_transmitted: 10
2025-10-07 13:52:14 - INFO -   packets_received: 0
2025-10-07 13:52:14 - INFO -   packet_loss: 100.0
2025-10-07 13:52:14 - INFO -   min_rtt: 0.0
2025-10-07 13:52:14 - INFO -   avg_rtt: 0.0
2025-10-07 13:52:14 - INFO -   max_rtt: 0.0
2025-10-07 13:52:14 - INFO -   mdev: 0.0
2025-10-07 13:52:14 - INFO - --------------------------------------------------
2025-10-07 13:54:03 - INFO - STATUS: FAILED ❌ | Device: WN-L045-30 | IP: FD12:3456::B635:22FF:FE98:2524
2025-10-07 13:54:03 - INFO -   packets_transmitted: 10
2025-10-07 13:54:03 - INFO -   packets_received: 0
2025-10-07 13:54:03 - INFO -   packet_loss: 100.0
2025-10-07 13:54:03 - INFO -   min_rtt: 0.0
2025-10-07 13:54:03 - INFO -   avg_rtt: 0.0
2025-10-07 13:54:03 - INFO -   max_rtt: 0.0
2025-10-07 13:54:03 - INFO -   mdev: 0.0
2025-10-07 13:54:03 - INFO - --------------------------------------------------
2025-10-07 13:55:53 - INFO - STATUS: FAILED ❌ | Device: WN-L047-30 | IP: FD12:3456::92FD:9FFF:FEEE:9D40
2025-10-07 13:55:53 - INFO -   packets_transmitted: 10
2025-10-07 13:55:53 - INFO -   packets_received: 0
2025-10-07 13:55:53 - INFO -   packet_loss: 100.0
2025-10-07 13:55:53 - INFO -   min_rtt: 0.0
2025-10-07 13:55:53 - INFO -   avg_rtt: 0.0
2025-10-07 13:55:53 - INFO -   max_rtt: 0.0
2025-10-07 13:55:53 - INFO -   mdev: 0.0
2025-10-07 13:55:53 - INFO - --------------------------------------------------
2025-10-07 13:57:42 - INFO - STATUS: SUCCESS ✅ | Device: WN-L048-30 | IP: FD12:3456::B635:22FF:FE98:29A6
2025-10-07 13:57:42 - INFO -   packets_transmitted: 10
2025-10-07 13:57:42 - INFO -   packets_received: 2
2025-10-07 13:57:42 - INFO -   packet_loss: 80.0
2025-10-07 13:57:42 - INFO -   min_rtt: 24008.159
2025-10-07 13:57:42 - INFO -   avg_rtt: 31934.25
2025-10-07 13:57:42 - INFO -   max_rtt: 39860.342
2025-10-07 13:57:42 - INFO -   mdev: 7926.091
2025-10-07 13:57:42 - INFO - --------------------------------------------------
2025-10-07 13:59:31 - INFO - STATUS: SUCCESS ✅ | Device: WN-L052-30 | IP: FD12:3456::62A4:23FF:FE37:A3AD
2025-10-07 13:59:31 - INFO -   packets_transmitted: 10
2025-10-07 13:59:31 - INFO -   packets_received: 4
2025-10-07 13:59:31 - INFO -   packet_loss: 60.0
2025-10-07 13:59:31 - INFO -   min_rtt: 24077.283
2025-10-07 13:59:31 - INFO -   avg_rtt: 34308.936
2025-10-07 13:59:31 - INFO -   max_rtt: 39272.225
2025-10-07 13:59:31 - INFO -   mdev: 6129.716
2025-10-07 13:59:31 - INFO - --------------------------------------------------
2025-10-07 14:01:20 - INFO - STATUS: SUCCESS ✅ | Device: WN-L053-30 | IP: FD12:3456::B635:22FF:FE98:252C
2025-10-07 14:01:20 - INFO -   packets_transmitted: 10
2025-10-07 14:01:20 - INFO -   packets_received: 3
2025-10-07 14:01:20 - INFO -   packet_loss: 70.0
2025-10-07 14:01:20 - INFO -   min_rtt: 24839.234
2025-10-07 14:01:20 - INFO -   avg_rtt: 27089.448
2025-10-07 14:01:20 - INFO -   max_rtt: 31056.821
2025-10-07 14:01:20 - INFO -   mdev: 2813.784
2025-10-07 14:01:20 - INFO - --------------------------------------------------
2025-10-07 14:03:09 - INFO - STATUS: FAILED ❌ | Device: WN-L054-30 | IP: FD12:3456::B635:22FF:FE98:251E
2025-10-07 14:03:09 - INFO -   packets_transmitted: 0
2025-10-07 14:03:09 - INFO -   packets_received: 0
2025-10-07 14:03:09 - INFO -   packet_loss: 100.0
2025-10-07 14:03:09 - INFO -   min_rtt: 16255.859
2025-10-07 14:03:09 - INFO -   avg_rtt: 23609.224
2025-10-07 14:03:09 - INFO -   max_rtt: 31586.883
2025-10-07 14:03:09 - INFO -   mdev: 6696.516
2025-10-07 14:03:09 - INFO - --------------------------------------------------
2025-10-07 14:03:25 - INFO - STATUS: SUCCESS ✅ | Device: WN-VA24-30 | IP: FD12:3456::B635:22FF:FE98:253E
2025-10-07 14:03:25 - INFO -   packets_transmitted: 10
2025-10-07 14:03:25 - INFO -   packets_received: 9
2025-10-07 14:03:25 - INFO -   packet_loss: 10.0
2025-10-07 14:03:25 - INFO -   min_rtt: 1134.127
2025-10-07 14:03:25 - INFO -   avg_rtt: 3919.463
2025-10-07 14:03:25 - INFO -   max_rtt: 6529.579
2025-10-07 14:03:25 - INFO -   mdev: 2040.265
2025-10-07 14:03:25 - INFO - --------------------------------------------------
2025-10-07 14:03:35 - INFO - STATUS: SUCCESS ✅ | Device: WN-VA64-30 | IP: FD12:3456::B635:22FF:FE98:285E
2025-10-07 14:03:35 - INFO -   packets_transmitted: 10
2025-10-07 14:03:35 - INFO -   packets_received: 10
2025-10-07 14:03:35 - INFO -   packet_loss: 0.0
2025-10-07 14:03:35 - INFO -   min_rtt: 154.539
2025-10-07 14:03:35 - INFO -   avg_rtt: 509.275
2025-10-07 14:03:35 - INFO -   max_rtt: 1411.313
2025-10-07 14:03:35 - INFO -   mdev: 435.733
2025-10-07 14:03:35 - INFO - --------------------------------------------------
2025-10-07 14:03:44 - INFO - STATUS: SUCCESS ✅ | Device: WN-VC44-30 | IP: FD12:3456::62A4:23FF:FE37:A3A9
2025-10-07 14:03:44 - INFO -   packets_transmitted: 10
2025-10-07 14:03:44 - INFO -   packets_received: 10
2025-10-07 14:03:44 - INFO -   packet_loss: 0.0
2025-10-07 14:03:44 - INFO -   min_rtt: 131.138
2025-10-07 14:03:44 - INFO -   avg_rtt: 199.15
2025-10-07 14:03:44 - INFO -   max_rtt: 456.043
2025-10-07 14:03:44 - INFO -   mdev: 119.008
2025-10-07 14:03:44 - INFO - --------------------------------------------------
2025-10-07 14:05:33 - INFO - STATUS: FAILED ❌ | Device: WN-NI04-34 | IP: FD12:3456::62A4:23FF:FE37:A3AB
2025-10-07 14:05:33 - INFO -   packets_transmitted: 10
2025-10-07 14:05:33 - INFO -   packets_received: 0
2025-10-07 14:05:33 - INFO -   packet_loss: 100.0
2025-10-07 14:05:33 - INFO -   min_rtt: 0.0
2025-10-07 14:05:33 - INFO -   avg_rtt: 0.0
2025-10-07 14:05:33 - INFO -   max_rtt: 0.0
2025-10-07 14:05:33 - INFO -   mdev: 0.0
2025-10-07 14:05:33 - INFO - --------------------------------------------------
2025-10-07 14:05:55 - INFO - STATUS: SUCCESS ✅ | Device: WN-L059-34 | IP: FD12:3456::B635:22FF:FE98:29A5
2025-10-07 14:05:55 - INFO -   packets_transmitted: 10
2025-10-07 14:05:55 - INFO -   packets_received: 4
2025-10-07 14:05:55 - INFO -   packet_loss: 60.0
2025-10-07 14:05:55 - INFO -   min_rtt: 3512.3
2025-10-07 14:05:55 - INFO -   avg_rtt: 8048.537
2025-10-07 14:05:55 - INFO -   max_rtt: 15419.595
2025-10-07 14:05:55 - INFO -   mdev: 4442.414
2025-10-07 14:05:55 - INFO - --------------------------------------------------
2025-10-07 14:05:55 - INFO - Summary: SUMMARY: 18/28 devices reachable (64.3% success rate) - Duration: 26m 57s
2025-10-07 14:05:55 - INFO - === PING TEST COMPLETED ===
