2025-10-04 17:26:56 - INFO - === PING TEST STARTED ===
2025-10-04 17:26:56 - INFO - Details: Testing 28 devices
2025-10-04 17:28:45 - INFO - STATUS: FAILED ❌ | Device: WN-L031-30 | IP: FD12:3456::B635:22FF:FE98:2537
2025-10-04 17:28:45 - INFO -   packets_transmitted: 10
2025-10-04 17:28:45 - INFO -   packets_received: 0
2025-10-04 17:28:45 - INFO -   packet_loss: 100.0
2025-10-04 17:28:45 - INFO -   min_rtt: 0.0
2025-10-04 17:28:45 - INFO -   avg_rtt: 0.0
2025-10-04 17:28:45 - INFO -   max_rtt: 0.0
2025-10-04 17:28:45 - INFO -   mdev: 0.0
2025-10-04 17:28:45 - INFO - --------------------------------------------------
2025-10-04 17:30:35 - INFO - STATUS: SUCCESS ✅ | Device: WN-L032-30 | IP: FD12:3456::B635:22FF:FE98:2523
2025-10-04 17:30:35 - INFO -   packets_transmitted: 10
2025-10-04 17:30:35 - INFO -   packets_received: 7
2025-10-04 17:30:35 - INFO -   packet_loss: 30.0
2025-10-04 17:30:35 - INFO -   min_rtt: 44336.441
2025-10-04 17:30:35 - INFO -   avg_rtt: 55995.143
2025-10-04 17:30:35 - INFO -   max_rtt: 68125.934
2025-10-04 17:30:35 - INFO -   mdev: 10692.353
2025-10-04 17:30:35 - INFO - --------------------------------------------------
2025-10-04 17:32:24 - INFO - STATUS: SUCCESS ✅ | Device: WN-L033-30 | IP: FD12:3456::B635:22FF:FE98:252B
2025-10-04 17:32:24 - INFO -   packets_transmitted: 10
2025-10-04 17:32:24 - INFO -   packets_received: 2
2025-10-04 17:32:24 - INFO -   packet_loss: 80.0
2025-10-04 17:32:24 - INFO -   min_rtt: 53991.803
2025-10-04 17:32:24 - INFO -   avg_rtt: 55387.668
2025-10-04 17:32:24 - INFO -   max_rtt: 56783.534
2025-10-04 17:32:24 - INFO -   mdev: 1395.865
2025-10-04 17:32:24 - INFO - --------------------------------------------------
2025-10-04 17:34:13 - INFO - STATUS: SUCCESS ✅ | Device: WN-L034-30 | IP: FD12:3456::62A4:23FF:FE37:A3B3
2025-10-04 17:34:13 - INFO -   packets_transmitted: 10
2025-10-04 17:34:13 - INFO -   packets_received: 4
2025-10-04 17:34:13 - INFO -   packet_loss: 60.0
2025-10-04 17:34:13 - INFO -   min_rtt: 43724.478
2025-10-04 17:34:13 - INFO -   avg_rtt: 47993.857
2025-10-04 17:34:13 - INFO -   max_rtt: 51725.024
2025-10-04 17:34:13 - INFO -   mdev: 2854.267
2025-10-04 17:34:13 - INFO - --------------------------------------------------
2025-10-04 17:36:02 - INFO - STATUS: FAILED ❌ | Device: WN-L035-30 | IP: FD12:3456::B635:22FF:FE98:285B
2025-10-04 17:36:02 - INFO -   packets_transmitted: 10
2025-10-04 17:36:02 - INFO -   packets_received: 0
2025-10-04 17:36:02 - INFO -   packet_loss: 100.0
2025-10-04 17:36:02 - INFO -   min_rtt: 0.0
2025-10-04 17:36:02 - INFO -   avg_rtt: 0.0
2025-10-04 17:36:02 - INFO -   max_rtt: 0.0
2025-10-04 17:36:02 - INFO -   mdev: 0.0
2025-10-04 17:36:02 - INFO - --------------------------------------------------
2025-10-04 17:37:52 - INFO - STATUS: SUCCESS ✅ | Device: WN-L036-30 | IP: FD12:3456::62A4:23FF:FE37:A3A1
2025-10-04 17:37:52 - INFO -   packets_transmitted: 10
2025-10-04 17:37:52 - INFO -   packets_received: 1
2025-10-04 17:37:52 - INFO -   packet_loss: 90.0
2025-10-04 17:37:52 - INFO -   min_rtt: 87151.548
2025-10-04 17:37:52 - INFO -   avg_rtt: 87151.548
2025-10-04 17:37:52 - INFO -   max_rtt: 87151.548
2025-10-04 17:37:52 - INFO -   mdev: 0.0
2025-10-04 17:37:52 - INFO - --------------------------------------------------
2025-10-04 17:39:41 - INFO - STATUS: SUCCESS ✅ | Device: WN-L037-30 | IP: FD12:3456::B635:22FF:FE98:2539
2025-10-04 17:39:41 - INFO -   packets_transmitted: 10
2025-10-04 17:39:41 - INFO -   packets_received: 2
2025-10-04 17:39:41 - INFO -   packet_loss: 80.0
2025-10-04 17:39:41 - INFO -   min_rtt: 83863.718
2025-10-04 17:39:41 - INFO -   avg_rtt: 84015.643
2025-10-04 17:39:41 - INFO -   max_rtt: 84167.569
2025-10-04 17:39:41 - INFO -   mdev: 151.925
2025-10-04 17:39:41 - INFO - --------------------------------------------------
2025-10-04 17:41:14 - INFO - STATUS: FAILED ❌ | Device: WN-OF04-34 | IP: FD12:3456::B635:22FF:FE98:285C
2025-10-04 17:41:14 - INFO -   packets_transmitted: 10
2025-10-04 17:41:14 - INFO -   packets_received: 0
2025-10-04 17:41:14 - INFO -   packet_loss: 100.0
2025-10-04 17:41:14 - INFO -   min_rtt: 0.0
2025-10-04 17:41:14 - INFO -   avg_rtt: 0.0
2025-10-04 17:41:14 - INFO -   max_rtt: 0.0
2025-10-04 17:41:14 - INFO -   mdev: 0.0
2025-10-04 17:41:14 - INFO - --------------------------------------------------
2025-10-04 17:41:14 - INFO - Test stopped by user
2025-10-04 17:41:14 - INFO - Summary: SUMMARY: 5/28 devices reachable (17.9% success rate) - Duration: 14m 17s
2025-10-04 17:41:14 - INFO - === PING TEST COMPLETED ===
