2025-10-04 11:52:23 - INFO - === PING TEST STARTED ===
2025-10-04 11:52:23 - INFO - Details: Testing 28 devices
2025-10-04 11:52:24 - INFO - STATUS: SUCCESS ✅ | Device: WN-L031-30 | IP: FD12:3456::B635:22FF:FE98:2537
2025-10-04 11:52:24 - INFO -   packets_transmitted: 1
2025-10-04 11:52:24 - INFO -   packets_received: 1
2025-10-04 11:52:24 - INFO -   packet_loss: 0.0
2025-10-04 11:52:24 - INFO -   min_rtt: 1028.221
2025-10-04 11:52:24 - INFO -   avg_rtt: 1028.221
2025-10-04 11:52:24 - INFO -   max_rtt: 1028.221
2025-10-04 11:52:24 - INFO -   mdev: 0.0
2025-10-04 11:52:24 - INFO - --------------------------------------------------
2025-10-04 11:52:26 - INFO - STATUS: SUCCESS ✅ | Device: WN-L032-30 | IP: FD12:3456::B635:22FF:FE98:2523
2025-10-04 11:52:26 - INFO -   packets_transmitted: 1
2025-10-04 11:52:26 - INFO -   packets_received: 1
2025-10-04 11:52:26 - INFO -   packet_loss: 0.0
2025-10-04 11:52:26 - INFO -   min_rtt: 1824.974
2025-10-04 11:52:26 - INFO -   avg_rtt: 1824.974
2025-10-04 11:52:26 - INFO -   max_rtt: 1824.974
2025-10-04 11:52:26 - INFO -   mdev: 0.0
2025-10-04 11:52:26 - INFO - --------------------------------------------------
2025-10-04 11:52:27 - INFO - STATUS: SUCCESS ✅ | Device: WN-L033-30 | IP: FD12:3456::B635:22FF:FE98:252B
2025-10-04 11:52:27 - INFO -   packets_transmitted: 1
2025-10-04 11:52:27 - INFO -   packets_received: 1
2025-10-04 11:52:27 - INFO -   packet_loss: 0.0
2025-10-04 11:52:27 - INFO -   min_rtt: 516.394
2025-10-04 11:52:27 - INFO -   avg_rtt: 516.394
2025-10-04 11:52:27 - INFO -   max_rtt: 516.394
2025-10-04 11:52:27 - INFO -   mdev: 0.0
2025-10-04 11:52:27 - INFO - --------------------------------------------------
2025-10-04 11:52:30 - INFO - STATUS: SUCCESS ✅ | Device: WN-L034-30 | IP: FD12:3456::62A4:23FF:FE37:A3B3
2025-10-04 11:52:30 - INFO -   packets_transmitted: 1
2025-10-04 11:52:30 - INFO -   packets_received: 1
2025-10-04 11:52:30 - INFO -   packet_loss: 0.0
2025-10-04 11:52:30 - INFO -   min_rtt: 3860.033
2025-10-04 11:52:30 - INFO -   avg_rtt: 3860.033
2025-10-04 11:52:30 - INFO -   max_rtt: 3860.033
2025-10-04 11:52:30 - INFO -   mdev: 0.0
2025-10-04 11:52:30 - INFO - --------------------------------------------------
2025-10-04 11:52:30 - INFO - Test stopped by user
2025-10-04 11:52:30 - INFO - Summary: SUMMARY: 4/28 devices reachable (14.3% success rate) - Duration: 7s
2025-10-04 11:52:30 - INFO - === PING TEST COMPLETED ===
