2025-10-04 16:18:58 - INFO - === PING TEST STARTED ===
2025-10-04 16:18:58 - INFO - Details: Testing 28 devices
2025-10-04 16:19:08 - INFO - STATUS: FAILED ❌ | Device: WN-L031-30 | IP: FD12:3456::B635:22FF:FE98:2537
2025-10-04 16:19:08 - INFO -   packets_transmitted: 1
2025-10-04 16:19:08 - INFO -   packets_received: 0
2025-10-04 16:19:08 - INFO -   packet_loss: 100.0
2025-10-04 16:19:08 - INFO -   min_rtt: 0.0
2025-10-04 16:19:08 - INFO -   avg_rtt: 0.0
2025-10-04 16:19:08 - INFO -   max_rtt: 0.0
2025-10-04 16:19:08 - INFO -   mdev: 0.0
2025-10-04 16:19:08 - INFO - --------------------------------------------------
2025-10-04 16:19:18 - INFO - STATUS: FAILED ❌ | Device: WN-L032-30 | IP: FD12:3456::B635:22FF:FE98:2523
2025-10-04 16:19:18 - INFO -   packets_transmitted: 1
2025-10-04 16:19:18 - INFO -   packets_received: 0
2025-10-04 16:19:18 - INFO -   packet_loss: 100.0
2025-10-04 16:19:18 - INFO -   min_rtt: 0.0
2025-10-04 16:19:18 - INFO -   avg_rtt: 0.0
2025-10-04 16:19:18 - INFO -   max_rtt: 0.0
2025-10-04 16:19:18 - INFO -   mdev: 0.0
2025-10-04 16:19:18 - INFO - --------------------------------------------------
2025-10-04 16:19:28 - INFO - STATUS: FAILED ❌ | Device: WN-L033-30 | IP: FD12:3456::B635:22FF:FE98:252B
2025-10-04 16:19:28 - INFO -   packets_transmitted: 1
2025-10-04 16:19:28 - INFO -   packets_received: 0
2025-10-04 16:19:28 - INFO -   packet_loss: 100.0
2025-10-04 16:19:28 - INFO -   min_rtt: 0.0
2025-10-04 16:19:28 - INFO -   avg_rtt: 0.0
2025-10-04 16:19:28 - INFO -   max_rtt: 0.0
2025-10-04 16:19:28 - INFO -   mdev: 0.0
2025-10-04 16:19:28 - INFO - --------------------------------------------------
2025-10-04 16:19:38 - INFO - STATUS: FAILED ❌ | Device: WN-L034-30 | IP: FD12:3456::62A4:23FF:FE37:A3B3
2025-10-04 16:19:38 - INFO -   packets_transmitted: 1
2025-10-04 16:19:38 - INFO -   packets_received: 0
2025-10-04 16:19:38 - INFO -   packet_loss: 100.0
2025-10-04 16:19:38 - INFO -   min_rtt: 0.0
2025-10-04 16:19:38 - INFO -   avg_rtt: 0.0
2025-10-04 16:19:38 - INFO -   max_rtt: 0.0
2025-10-04 16:19:38 - INFO -   mdev: 0.0
2025-10-04 16:19:38 - INFO - --------------------------------------------------
2025-10-04 16:19:48 - INFO - STATUS: FAILED ❌ | Device: WN-L035-30 | IP: FD12:3456::B635:22FF:FE98:285B
2025-10-04 16:19:48 - INFO -   packets_transmitted: 1
2025-10-04 16:19:48 - INFO -   packets_received: 0
2025-10-04 16:19:48 - INFO -   packet_loss: 100.0
2025-10-04 16:19:48 - INFO -   min_rtt: 0.0
2025-10-04 16:19:48 - INFO -   avg_rtt: 0.0
2025-10-04 16:19:48 - INFO -   max_rtt: 0.0
2025-10-04 16:19:48 - INFO -   mdev: 0.0
2025-10-04 16:19:48 - INFO - --------------------------------------------------
2025-10-04 16:19:58 - INFO - STATUS: FAILED ❌ | Device: WN-L036-30 | IP: FD12:3456::62A4:23FF:FE37:A3A1
2025-10-04 16:19:58 - INFO -   packets_transmitted: 1
2025-10-04 16:19:58 - INFO -   packets_received: 0
2025-10-04 16:19:58 - INFO -   packet_loss: 100.0
2025-10-04 16:19:58 - INFO -   min_rtt: 0.0
2025-10-04 16:19:58 - INFO -   avg_rtt: 0.0
2025-10-04 16:19:58 - INFO -   max_rtt: 0.0
2025-10-04 16:19:58 - INFO -   mdev: 0.0
2025-10-04 16:19:58 - INFO - --------------------------------------------------
2025-10-04 16:20:08 - INFO - STATUS: FAILED ❌ | Device: WN-L037-30 | IP: FD12:3456::B635:22FF:FE98:2539
2025-10-04 16:20:08 - INFO -   packets_transmitted: 1
2025-10-04 16:20:08 - INFO -   packets_received: 0
2025-10-04 16:20:08 - INFO -   packet_loss: 100.0
2025-10-04 16:20:08 - INFO -   min_rtt: 0.0
2025-10-04 16:20:08 - INFO -   avg_rtt: 0.0
2025-10-04 16:20:08 - INFO -   max_rtt: 0.0
2025-10-04 16:20:08 - INFO -   mdev: 0.0
2025-10-04 16:20:08 - INFO - --------------------------------------------------
2025-10-04 16:20:18 - INFO - STATUS: FAILED ❌ | Device: WN-OF04-34 | IP: FD12:3456::B635:22FF:FE98:285C
2025-10-04 16:20:18 - INFO -   packets_transmitted: 1
2025-10-04 16:20:18 - INFO -   packets_received: 0
2025-10-04 16:20:18 - INFO -   packet_loss: 100.0
2025-10-04 16:20:18 - INFO -   min_rtt: 0.0
2025-10-04 16:20:18 - INFO -   avg_rtt: 0.0
2025-10-04 16:20:18 - INFO -   max_rtt: 0.0
2025-10-04 16:20:18 - INFO -   mdev: 0.0
2025-10-04 16:20:18 - INFO - --------------------------------------------------
2025-10-04 16:20:28 - INFO - STATUS: FAILED ❌ | Device: WN-L050-30 | IP: FD12:3456::92FD:9FFF:FEEE:9DF7
2025-10-04 16:20:28 - INFO -   packets_transmitted: 1
2025-10-04 16:20:28 - INFO -   packets_received: 0
2025-10-04 16:20:28 - INFO -   packet_loss: 100.0
2025-10-04 16:20:28 - INFO -   min_rtt: 0.0
2025-10-04 16:20:28 - INFO -   avg_rtt: 0.0
2025-10-04 16:20:28 - INFO -   max_rtt: 0.0
2025-10-04 16:20:28 - INFO -   mdev: 0.0
2025-10-04 16:20:28 - INFO - --------------------------------------------------
2025-10-04 16:20:38 - INFO - STATUS: FAILED ❌ | Device: WN-L051-30 | IP: FD12:3456::B635:22FF:FE98:285D
2025-10-04 16:20:38 - INFO -   packets_transmitted: 1
2025-10-04 16:20:38 - INFO -   packets_received: 0
2025-10-04 16:20:38 - INFO -   packet_loss: 100.0
2025-10-04 16:20:38 - INFO -   min_rtt: 0.0
2025-10-04 16:20:38 - INFO -   avg_rtt: 0.0
2025-10-04 16:20:38 - INFO -   max_rtt: 0.0
2025-10-04 16:20:38 - INFO -   mdev: 0.0
2025-10-04 16:20:38 - INFO - --------------------------------------------------
2025-10-04 16:20:48 - INFO - STATUS: FAILED ❌ | Device: WN-L038-30 | IP: FD12:3456::B635:22FF:FE98:253F
2025-10-04 16:20:48 - INFO -   packets_transmitted: 1
2025-10-04 16:20:48 - INFO -   packets_received: 0
2025-10-04 16:20:48 - INFO -   packet_loss: 100.0
2025-10-04 16:20:48 - INFO -   min_rtt: 0.0
2025-10-04 16:20:48 - INFO -   avg_rtt: 0.0
2025-10-04 16:20:48 - INFO -   max_rtt: 0.0
2025-10-04 16:20:48 - INFO -   mdev: 0.0
2025-10-04 16:20:48 - INFO - --------------------------------------------------
2025-10-04 16:20:58 - INFO - STATUS: FAILED ❌ | Device: WN-L039-30 | IP: FD12:3456::62A4:23FF:FE37:A3A8
2025-10-04 16:20:58 - INFO -   packets_transmitted: 1
2025-10-04 16:20:58 - INFO -   packets_received: 0
2025-10-04 16:20:58 - INFO -   packet_loss: 100.0
2025-10-04 16:20:58 - INFO -   min_rtt: 0.0
2025-10-04 16:20:58 - INFO -   avg_rtt: 0.0
2025-10-04 16:20:58 - INFO -   max_rtt: 0.0
2025-10-04 16:20:58 - INFO -   mdev: 0.0
2025-10-04 16:20:58 - INFO - --------------------------------------------------
2025-10-04 16:21:08 - INFO - STATUS: FAILED ❌ | Device: WN-L040-30 | IP: FD12:3456::B635:22FF:FE98:2541
2025-10-04 16:21:08 - INFO -   packets_transmitted: 1
2025-10-04 16:21:08 - INFO -   packets_received: 0
2025-10-04 16:21:08 - INFO -   packet_loss: 100.0
2025-10-04 16:21:08 - INFO -   min_rtt: 0.0
2025-10-04 16:21:08 - INFO -   avg_rtt: 0.0
2025-10-04 16:21:08 - INFO -   max_rtt: 0.0
2025-10-04 16:21:08 - INFO -   mdev: 0.0
2025-10-04 16:21:08 - INFO - --------------------------------------------------
2025-10-04 16:21:18 - INFO - STATUS: FAILED ❌ | Device: WN-L041-30 | IP: FD12:3456::B635:22FF:FE98:2529
2025-10-04 16:21:18 - INFO -   packets_transmitted: 1
2025-10-04 16:21:18 - INFO -   packets_received: 0
2025-10-04 16:21:18 - INFO -   packet_loss: 100.0
2025-10-04 16:21:18 - INFO -   min_rtt: 0.0
2025-10-04 16:21:18 - INFO -   avg_rtt: 0.0
2025-10-04 16:21:18 - INFO -   max_rtt: 0.0
2025-10-04 16:21:18 - INFO -   mdev: 0.0
2025-10-04 16:21:18 - INFO - --------------------------------------------------
2025-10-04 16:21:28 - INFO - STATUS: FAILED ❌ | Device: WN-L042-30 | IP: FD12:3456::62A4:23FF:FE37:A3AC
2025-10-04 16:21:28 - INFO -   packets_transmitted: 1
2025-10-04 16:21:28 - INFO -   packets_received: 0
2025-10-04 16:21:28 - INFO -   packet_loss: 100.0
2025-10-04 16:21:28 - INFO -   min_rtt: 0.0
2025-10-04 16:21:28 - INFO -   avg_rtt: 0.0
2025-10-04 16:21:28 - INFO -   max_rtt: 0.0
2025-10-04 16:21:28 - INFO -   mdev: 0.0
2025-10-04 16:21:28 - INFO - --------------------------------------------------
2025-10-04 16:21:38 - INFO - STATUS: FAILED ❌ | Device: WN-L043-30 | IP: FD12:3456::62A4:23FF:FE37:A39F
2025-10-04 16:21:38 - INFO -   packets_transmitted: 1
2025-10-04 16:21:38 - INFO -   packets_received: 0
2025-10-04 16:21:38 - INFO -   packet_loss: 100.0
2025-10-04 16:21:38 - INFO -   min_rtt: 0.0
2025-10-04 16:21:38 - INFO -   avg_rtt: 0.0
2025-10-04 16:21:38 - INFO -   max_rtt: 0.0
2025-10-04 16:21:38 - INFO -   mdev: 0.0
2025-10-04 16:21:38 - INFO - --------------------------------------------------
2025-10-04 16:21:48 - INFO - STATUS: FAILED ❌ | Device: WN-L044-30 | IP: FD12:3456::B635:22FF:FE98:2534
2025-10-04 16:21:48 - INFO -   packets_transmitted: 1
2025-10-04 16:21:48 - INFO -   packets_received: 0
2025-10-04 16:21:48 - INFO -   packet_loss: 100.0
2025-10-04 16:21:48 - INFO -   min_rtt: 0.0
2025-10-04 16:21:48 - INFO -   avg_rtt: 0.0
2025-10-04 16:21:48 - INFO -   max_rtt: 0.0
2025-10-04 16:21:48 - INFO -   mdev: 0.0
2025-10-04 16:21:48 - INFO - --------------------------------------------------
2025-10-04 16:21:58 - INFO - STATUS: FAILED ❌ | Device: WN-L045-30 | IP: FD12:3456::B635:22FF:FE98:2524
2025-10-04 16:21:58 - INFO -   packets_transmitted: 1
2025-10-04 16:21:58 - INFO -   packets_received: 0
2025-10-04 16:21:58 - INFO -   packet_loss: 100.0
2025-10-04 16:21:58 - INFO -   min_rtt: 0.0
2025-10-04 16:21:58 - INFO -   avg_rtt: 0.0
2025-10-04 16:21:58 - INFO -   max_rtt: 0.0
2025-10-04 16:21:58 - INFO -   mdev: 0.0
2025-10-04 16:21:58 - INFO - --------------------------------------------------
2025-10-04 16:22:08 - INFO - STATUS: FAILED ❌ | Device: WN-L047-30 | IP: FD12:3456::92FD:9FFF:FEEE:9D40
2025-10-04 16:22:08 - INFO -   packets_transmitted: 1
2025-10-04 16:22:08 - INFO -   packets_received: 0
2025-10-04 16:22:08 - INFO -   packet_loss: 100.0
2025-10-04 16:22:08 - INFO -   min_rtt: 0.0
2025-10-04 16:22:08 - INFO -   avg_rtt: 0.0
2025-10-04 16:22:08 - INFO -   max_rtt: 0.0
2025-10-04 16:22:08 - INFO -   mdev: 0.0
2025-10-04 16:22:08 - INFO - --------------------------------------------------
2025-10-04 16:22:18 - INFO - STATUS: FAILED ❌ | Device: WN-L048-30 | IP: FD12:3456::B635:22FF:FE98:29A6
2025-10-04 16:22:18 - INFO -   packets_transmitted: 1
2025-10-04 16:22:18 - INFO -   packets_received: 0
2025-10-04 16:22:18 - INFO -   packet_loss: 100.0
2025-10-04 16:22:18 - INFO -   min_rtt: 0.0
2025-10-04 16:22:18 - INFO -   avg_rtt: 0.0
2025-10-04 16:22:18 - INFO -   max_rtt: 0.0
2025-10-04 16:22:18 - INFO -   mdev: 0.0
2025-10-04 16:22:18 - INFO - --------------------------------------------------
2025-10-04 16:22:28 - INFO - STATUS: FAILED ❌ | Device: WN-L052-30 | IP: FD12:3456::62A4:23FF:FE37:A3AD
2025-10-04 16:22:28 - INFO -   packets_transmitted: 1
2025-10-04 16:22:28 - INFO -   packets_received: 0
2025-10-04 16:22:28 - INFO -   packet_loss: 100.0
2025-10-04 16:22:28 - INFO -   min_rtt: 0.0
2025-10-04 16:22:28 - INFO -   avg_rtt: 0.0
2025-10-04 16:22:28 - INFO -   max_rtt: 0.0
2025-10-04 16:22:28 - INFO -   mdev: 0.0
2025-10-04 16:22:28 - INFO - --------------------------------------------------
2025-10-04 16:22:38 - INFO - STATUS: FAILED ❌ | Device: WN-L053-30 | IP: FD12:3456::B635:22FF:FE98:252C
2025-10-04 16:22:38 - INFO -   packets_transmitted: 1
2025-10-04 16:22:38 - INFO -   packets_received: 0
2025-10-04 16:22:38 - INFO -   packet_loss: 100.0
2025-10-04 16:22:38 - INFO -   min_rtt: 0.0
2025-10-04 16:22:38 - INFO -   avg_rtt: 0.0
2025-10-04 16:22:38 - INFO -   max_rtt: 0.0
2025-10-04 16:22:38 - INFO -   mdev: 0.0
2025-10-04 16:22:38 - INFO - --------------------------------------------------
2025-10-04 16:22:48 - INFO - STATUS: FAILED ❌ | Device: WN-L054-30 | IP: FD12:3456::B635:22FF:FE98:251E
2025-10-04 16:22:48 - INFO -   packets_transmitted: 1
2025-10-04 16:22:48 - INFO -   packets_received: 0
2025-10-04 16:22:48 - INFO -   packet_loss: 100.0
2025-10-04 16:22:48 - INFO -   min_rtt: 0.0
2025-10-04 16:22:48 - INFO -   avg_rtt: 0.0
2025-10-04 16:22:48 - INFO -   max_rtt: 0.0
2025-10-04 16:22:48 - INFO -   mdev: 0.0
2025-10-04 16:22:48 - INFO - --------------------------------------------------
2025-10-04 16:22:58 - INFO - STATUS: FAILED ❌ | Device: WN-VA24-30 | IP: FD12:3456::B635:22FF:FE98:253E
2025-10-04 16:22:58 - INFO -   packets_transmitted: 1
2025-10-04 16:22:58 - INFO -   packets_received: 0
2025-10-04 16:22:58 - INFO -   packet_loss: 100.0
2025-10-04 16:22:58 - INFO -   min_rtt: 0.0
2025-10-04 16:22:58 - INFO -   avg_rtt: 0.0
2025-10-04 16:22:58 - INFO -   max_rtt: 0.0
2025-10-04 16:22:58 - INFO -   mdev: 0.0
2025-10-04 16:22:58 - INFO - --------------------------------------------------
2025-10-04 16:22:58 - INFO - STATUS: SUCCESS ✅ | Device: WN-VA64-30 | IP: FD12:3456::B635:22FF:FE98:285E
2025-10-04 16:22:58 - INFO -   packets_transmitted: 1
2025-10-04 16:22:58 - INFO -   packets_received: 1
2025-10-04 16:22:58 - INFO -   packet_loss: 0.0
2025-10-04 16:22:58 - INFO -   min_rtt: 154.09
2025-10-04 16:22:58 - INFO -   avg_rtt: 154.09
2025-10-04 16:22:58 - INFO -   max_rtt: 154.09
2025-10-04 16:22:58 - INFO -   mdev: 0.0
2025-10-04 16:22:58 - INFO - --------------------------------------------------
2025-10-04 16:22:58 - INFO - STATUS: SUCCESS ✅ | Device: WN-VC44-30 | IP: FD12:3456::62A4:23FF:FE37:A3A9
2025-10-04 16:22:58 - INFO -   packets_transmitted: 1
2025-10-04 16:22:58 - INFO -   packets_received: 1
2025-10-04 16:22:58 - INFO -   packet_loss: 0.0
2025-10-04 16:22:58 - INFO -   min_rtt: 186.53
2025-10-04 16:22:58 - INFO -   avg_rtt: 186.53
2025-10-04 16:22:58 - INFO -   max_rtt: 186.53
2025-10-04 16:22:58 - INFO -   mdev: 0.0
2025-10-04 16:22:58 - INFO - --------------------------------------------------
2025-10-04 16:23:08 - INFO - STATUS: FAILED ❌ | Device: WN-NI04-34 | IP: FD12:3456::62A4:23FF:FE37:A3AB
2025-10-04 16:23:08 - INFO -   packets_transmitted: 1
2025-10-04 16:23:08 - INFO -   packets_received: 0
2025-10-04 16:23:08 - INFO -   packet_loss: 100.0
2025-10-04 16:23:08 - INFO -   min_rtt: 0.0
2025-10-04 16:23:08 - INFO -   avg_rtt: 0.0
2025-10-04 16:23:08 - INFO -   max_rtt: 0.0
2025-10-04 16:23:08 - INFO -   mdev: 0.0
2025-10-04 16:23:08 - INFO - --------------------------------------------------
2025-10-04 16:23:18 - INFO - STATUS: FAILED ❌ | Device: WN-L059-34 | IP: FD12:3456::B635:22FF:FE98:29A5
2025-10-04 16:23:18 - INFO -   packets_transmitted: 1
2025-10-04 16:23:18 - INFO -   packets_received: 0
2025-10-04 16:23:18 - INFO -   packet_loss: 100.0
2025-10-04 16:23:18 - INFO -   min_rtt: 0.0
2025-10-04 16:23:18 - INFO -   avg_rtt: 0.0
2025-10-04 16:23:18 - INFO -   max_rtt: 0.0
2025-10-04 16:23:18 - INFO -   mdev: 0.0
2025-10-04 16:23:18 - INFO - --------------------------------------------------
2025-10-04 16:23:18 - INFO - Summary: SUMMARY: 2/28 devices reachable (7.1% success rate) - Duration: 4m 20s
2025-10-04 16:23:18 - INFO - === PING TEST COMPLETED ===
