2025-10-02 17:37:35 - INFO - === PING TEST STARTED ===
2025-10-02 17:37:35 - INFO - Details: Testing 28 devices
2025-10-02 17:37:56 - INFO - STATUS: FAILED ❌ | Device: WN-L031-30 | IP: FD12:3456::B635:22FF:FE98:2537
2025-10-02 17:37:56 - INFO -   packets_transmitted: 10
2025-10-02 17:37:56 - INFO -   packets_received: 0
2025-10-02 17:37:56 - INFO -   packet_loss: 100.0
2025-10-02 17:37:56 - INFO -   min_rtt: 0.0
2025-10-02 17:37:56 - INFO -   avg_rtt: 0.0
2025-10-02 17:37:56 - INFO -   max_rtt: 0.0
2025-10-02 17:37:56 - INFO -   mdev: 0.0
2025-10-02 17:37:56 - INFO - --------------------------------------------------
2025-10-02 17:38:05 - INFO - STATUS: SUCCESS ✅ | Device: WN-L032-30 | IP: FD12:3456::B635:22FF:FE98:2523
2025-10-02 17:38:05 - INFO -   packets_transmitted: 10
2025-10-02 17:38:05 - INFO -   packets_received: 10
2025-10-02 17:38:05 - INFO -   packet_loss: 0.0
2025-10-02 17:38:05 - INFO -   min_rtt: 276.167
2025-10-02 17:38:05 - INFO -   avg_rtt: 414.957
2025-10-02 17:38:05 - INFO -   max_rtt: 928.105
2025-10-02 17:38:05 - INFO -   mdev: 184.172
2025-10-02 17:38:05 - INFO - --------------------------------------------------
2025-10-02 17:38:15 - INFO - STATUS: SUCCESS ✅ | Device: WN-L033-30 | IP: FD12:3456::B635:22FF:FE98:252B
2025-10-02 17:38:15 - INFO -   packets_transmitted: 10
2025-10-02 17:38:15 - INFO -   packets_received: 10
2025-10-02 17:38:15 - INFO -   packet_loss: 0.0
2025-10-02 17:38:15 - INFO -   min_rtt: 130.86
2025-10-02 17:38:15 - INFO -   avg_rtt: 747.519
2025-10-02 17:38:15 - INFO -   max_rtt: 2190.425
2025-10-02 17:38:15 - INFO -   mdev: 696.857
2025-10-02 17:38:15 - INFO - --------------------------------------------------
2025-10-02 17:38:26 - INFO - STATUS: SUCCESS ✅ | Device: WN-L034-30 | IP: FD12:3456::62A4:23FF:FE37:A3B3
2025-10-02 17:38:26 - INFO -   packets_transmitted: 10
2025-10-02 17:38:26 - INFO -   packets_received: 10
2025-10-02 17:38:26 - INFO -   packet_loss: 0.0
2025-10-02 17:38:26 - INFO -   min_rtt: 665.542
2025-10-02 17:38:26 - INFO -   avg_rtt: 1099.444
2025-10-02 17:38:26 - INFO -   max_rtt: 2328.599
2025-10-02 17:38:26 - INFO -   mdev: 509.886
2025-10-02 17:38:26 - INFO - --------------------------------------------------
2025-10-02 17:38:37 - INFO - STATUS: SUCCESS ✅ | Device: WN-L035-30 | IP: FD12:3456::B635:22FF:FE98:285B
2025-10-02 17:38:37 - INFO -   packets_transmitted: 10
2025-10-02 17:38:37 - INFO -   packets_received: 10
2025-10-02 17:38:37 - INFO -   packet_loss: 0.0
2025-10-02 17:38:37 - INFO -   min_rtt: 1073.702
2025-10-02 17:38:37 - INFO -   avg_rtt: 1824.893
2025-10-02 17:38:37 - INFO -   max_rtt: 2069.586
2025-10-02 17:38:37 - INFO -   mdev: 297.258
2025-10-02 17:38:37 - INFO - --------------------------------------------------
2025-10-02 17:38:46 - INFO - STATUS: SUCCESS ✅ | Device: WN-L036-30 | IP: FD12:3456::62A4:23FF:FE37:A3A1
2025-10-02 17:38:46 - INFO -   packets_transmitted: 10
2025-10-02 17:38:46 - INFO -   packets_received: 10
2025-10-02 17:38:46 - INFO -   packet_loss: 0.0
2025-10-02 17:38:46 - INFO -   min_rtt: 273.39
2025-10-02 17:38:46 - INFO -   avg_rtt: 569.383
2025-10-02 17:38:46 - INFO -   max_rtt: 1031.571
2025-10-02 17:38:46 - INFO -   mdev: 230.152
2025-10-02 17:38:46 - INFO - --------------------------------------------------
2025-10-02 17:38:59 - INFO - STATUS: SUCCESS ✅ | Device: WN-L037-30 | IP: FD12:3456::B635:22FF:FE98:2539
2025-10-02 17:38:59 - INFO -   packets_transmitted: 10
2025-10-02 17:38:59 - INFO -   packets_received: 10
2025-10-02 17:38:59 - INFO -   packet_loss: 0.0
2025-10-02 17:38:59 - INFO -   min_rtt: 1669.9
2025-10-02 17:38:59 - INFO -   avg_rtt: 3471.899
2025-10-02 17:38:59 - INFO -   max_rtt: 5210.173
2025-10-02 17:38:59 - INFO -   mdev: 1113.908
2025-10-02 17:38:59 - INFO - --------------------------------------------------
2025-10-02 17:39:14 - INFO - STATUS: SUCCESS ✅ | Device: WN-OF04-34 | IP: FD12:3456::B635:22FF:FE98:285C
2025-10-02 17:39:14 - INFO -   packets_transmitted: 10
2025-10-02 17:39:14 - INFO -   packets_received: 8
2025-10-02 17:39:14 - INFO -   packet_loss: 20.0
2025-10-02 17:39:14 - INFO -   min_rtt: 514.249
2025-10-02 17:39:14 - INFO -   avg_rtt: 3670.754
2025-10-02 17:39:14 - INFO -   max_rtt: 8148.763
2025-10-02 17:39:14 - INFO -   mdev: 2876.451
2025-10-02 17:39:14 - INFO - --------------------------------------------------
2025-10-02 17:39:34 - INFO - STATUS: SUCCESS ✅ | Device: WN-L050-30 | IP: FD12:3456::92FD:9FFF:FEEE:9DF7
2025-10-02 17:39:34 - INFO -   packets_transmitted: 10
2025-10-02 17:39:34 - INFO -   packets_received: 10
2025-10-02 17:39:34 - INFO -   packet_loss: 0.0
2025-10-02 17:39:34 - INFO -   min_rtt: 9150.135
2025-10-02 17:39:34 - INFO -   avg_rtt: 11244.566
2025-10-02 17:39:34 - INFO -   max_rtt: 13413.727
2025-10-02 17:39:34 - INFO -   mdev: 1465.439
2025-10-02 17:39:34 - INFO - --------------------------------------------------
2025-10-02 17:39:51 - INFO - STATUS: SUCCESS ✅ | Device: WN-L051-30 | IP: FD12:3456::B635:22FF:FE98:285D
2025-10-02 17:39:51 - INFO -   packets_transmitted: 10
2025-10-02 17:39:51 - INFO -   packets_received: 10
2025-10-02 17:39:51 - INFO -   packet_loss: 0.0
2025-10-02 17:39:51 - INFO -   min_rtt: 3699.372
2025-10-02 17:39:51 - INFO -   avg_rtt: 6394.91
2025-10-02 17:39:51 - INFO -   max_rtt: 8067.035
2025-10-02 17:39:51 - INFO -   mdev: 1352.612
2025-10-02 17:39:51 - INFO - --------------------------------------------------
2025-10-02 17:40:09 - INFO - STATUS: SUCCESS ✅ | Device: WN-L038-30 | IP: FD12:3456::B635:22FF:FE98:253F
2025-10-02 17:40:09 - INFO -   packets_transmitted: 10
2025-10-02 17:40:09 - INFO -   packets_received: 10
2025-10-02 17:40:09 - INFO -   packet_loss: 0.0
2025-10-02 17:40:09 - INFO -   min_rtt: 7972.353
2025-10-02 17:40:09 - INFO -   avg_rtt: 9618.575
2025-10-02 17:40:09 - INFO -   max_rtt: 12353.035
2025-10-02 17:40:09 - INFO -   mdev: 1495.635
2025-10-02 17:40:09 - INFO - --------------------------------------------------
2025-10-02 17:40:32 - INFO - STATUS: SUCCESS ✅ | Device: WN-L039-30 | IP: FD12:3456::62A4:23FF:FE37:A3A8
2025-10-02 17:40:32 - INFO -   packets_transmitted: 10
2025-10-02 17:40:32 - INFO -   packets_received: 5
2025-10-02 17:40:32 - INFO -   packet_loss: 50.0
2025-10-02 17:40:32 - INFO -   min_rtt: 4950.938
2025-10-02 17:40:32 - INFO -   avg_rtt: 12608.186
2025-10-02 17:40:32 - INFO -   max_rtt: 18834.992
2025-10-02 17:40:32 - INFO -   mdev: 5594.127
2025-10-02 17:40:32 - INFO - --------------------------------------------------
2025-10-02 17:40:53 - INFO - STATUS: FAILED ❌ | Device: WN-L040-30 | IP: FD12:3456::B635:22FF:FE98:2541
2025-10-02 17:40:53 - INFO -   packets_transmitted: 10
2025-10-02 17:40:53 - INFO -   packets_received: 0
2025-10-02 17:40:53 - INFO -   packet_loss: 100.0
2025-10-02 17:40:53 - INFO -   min_rtt: 0.0
2025-10-02 17:40:53 - INFO -   avg_rtt: 0.0
2025-10-02 17:40:53 - INFO -   max_rtt: 0.0
2025-10-02 17:40:53 - INFO -   mdev: 0.0
2025-10-02 17:40:53 - INFO - --------------------------------------------------
2025-10-02 17:41:13 - INFO - STATUS: SUCCESS ✅ | Device: WN-L041-30 | IP: FD12:3456::B635:22FF:FE98:2529
2025-10-02 17:41:13 - INFO -   packets_transmitted: 10
2025-10-02 17:41:13 - INFO -   packets_received: 4
2025-10-02 17:41:13 - INFO -   packet_loss: 60.0
2025-10-02 17:41:13 - INFO -   min_rtt: 5080.369
2025-10-02 17:41:13 - INFO -   avg_rtt: 7850.434
2025-10-02 17:41:13 - INFO -   max_rtt: 9224.465
2025-10-02 17:41:13 - INFO -   mdev: 1624.446
2025-10-02 17:41:13 - INFO - --------------------------------------------------
2025-10-02 17:41:34 - INFO - STATUS: FAILED ❌ | Device: WN-L042-30 | IP: FD12:3456::62A4:23FF:FE37:A3AC
2025-10-02 17:41:34 - INFO -   packets_transmitted: 10
2025-10-02 17:41:34 - INFO -   packets_received: 0
2025-10-02 17:41:34 - INFO -   packet_loss: 100.0
2025-10-02 17:41:34 - INFO -   min_rtt: 0.0
2025-10-02 17:41:34 - INFO -   avg_rtt: 0.0
2025-10-02 17:41:34 - INFO -   max_rtt: 0.0
2025-10-02 17:41:34 - INFO -   mdev: 0.0
2025-10-02 17:41:34 - INFO - --------------------------------------------------
2025-10-02 17:41:55 - INFO - STATUS: FAILED ❌ | Device: WN-L043-30 | IP: FD12:3456::62A4:23FF:FE37:A39F
2025-10-02 17:41:55 - INFO -   packets_transmitted: 10
2025-10-02 17:41:55 - INFO -   packets_received: 0
2025-10-02 17:41:55 - INFO -   packet_loss: 100.0
2025-10-02 17:41:55 - INFO -   min_rtt: 0.0
2025-10-02 17:41:55 - INFO -   avg_rtt: 0.0
2025-10-02 17:41:55 - INFO -   max_rtt: 0.0
2025-10-02 17:41:55 - INFO -   mdev: 0.0
2025-10-02 17:41:55 - INFO - --------------------------------------------------
2025-10-02 17:42:16 - INFO - STATUS: FAILED ❌ | Device: WN-L044-30 | IP: FD12:3456::B635:22FF:FE98:2534
2025-10-02 17:42:16 - INFO -   packets_transmitted: 10
2025-10-02 17:42:16 - INFO -   packets_received: 0
2025-10-02 17:42:16 - INFO -   packet_loss: 100.0
2025-10-02 17:42:16 - INFO -   min_rtt: 0.0
2025-10-02 17:42:16 - INFO -   avg_rtt: 0.0
2025-10-02 17:42:16 - INFO -   max_rtt: 0.0
2025-10-02 17:42:16 - INFO -   mdev: 0.0
2025-10-02 17:42:16 - INFO - --------------------------------------------------
2025-10-02 17:42:38 - INFO - STATUS: FAILED ❌ | Device: WN-L045-30 | IP: FD12:3456::B635:22FF:FE98:2524
2025-10-02 17:42:38 - INFO -   packets_transmitted: 10
2025-10-02 17:42:38 - INFO -   packets_received: 0
2025-10-02 17:42:38 - INFO -   packet_loss: 100.0
2025-10-02 17:42:38 - INFO -   min_rtt: 0.0
2025-10-02 17:42:38 - INFO -   avg_rtt: 0.0
2025-10-02 17:42:38 - INFO -   max_rtt: 0.0
2025-10-02 17:42:38 - INFO -   mdev: 0.0
2025-10-02 17:42:38 - INFO - --------------------------------------------------
2025-10-02 17:42:59 - INFO - STATUS: FAILED ❌ | Device: WN-L047-30 | IP: FD12:3456::92FD:9FFF:FEEE:9D40
2025-10-02 17:42:59 - INFO -   packets_transmitted: 10
2025-10-02 17:42:59 - INFO -   packets_received: 0
2025-10-02 17:42:59 - INFO -   packet_loss: 100.0
2025-10-02 17:42:59 - INFO -   min_rtt: 0.0
2025-10-02 17:42:59 - INFO -   avg_rtt: 0.0
2025-10-02 17:42:59 - INFO -   max_rtt: 0.0
2025-10-02 17:42:59 - INFO -   mdev: 0.0
2025-10-02 17:42:59 - INFO - --------------------------------------------------
2025-10-02 17:43:20 - INFO - STATUS: FAILED ❌ | Device: WN-L048-30 | IP: FD12:3456::B635:22FF:FE98:29A6
2025-10-02 17:43:20 - INFO -   packets_transmitted: 10
2025-10-02 17:43:20 - INFO -   packets_received: 0
2025-10-02 17:43:20 - INFO -   packet_loss: 100.0
2025-10-02 17:43:20 - INFO -   min_rtt: 0.0
2025-10-02 17:43:20 - INFO -   avg_rtt: 0.0
2025-10-02 17:43:20 - INFO -   max_rtt: 0.0
2025-10-02 17:43:20 - INFO -   mdev: 0.0
2025-10-02 17:43:20 - INFO - --------------------------------------------------
2025-10-02 17:43:41 - INFO - STATUS: FAILED ❌ | Device: WN-L052-30 | IP: FD12:3456::62A4:23FF:FE37:A3AD
2025-10-02 17:43:41 - INFO -   packets_transmitted: 10
2025-10-02 17:43:41 - INFO -   packets_received: 0
2025-10-02 17:43:41 - INFO -   packet_loss: 100.0
2025-10-02 17:43:41 - INFO -   min_rtt: 0.0
2025-10-02 17:43:41 - INFO -   avg_rtt: 0.0
2025-10-02 17:43:41 - INFO -   max_rtt: 0.0
2025-10-02 17:43:41 - INFO -   mdev: 0.0
2025-10-02 17:43:41 - INFO - --------------------------------------------------
2025-10-02 17:44:02 - INFO - STATUS: SUCCESS ✅ | Device: WN-L053-30 | IP: FD12:3456::B635:22FF:FE98:252C
2025-10-02 17:44:02 - INFO -   packets_transmitted: 10
2025-10-02 17:44:02 - INFO -   packets_received: 1
2025-10-02 17:44:02 - INFO -   packet_loss: 90.0
2025-10-02 17:44:02 - INFO -   min_rtt: 15820.339
2025-10-02 17:44:02 - INFO -   avg_rtt: 15820.339
2025-10-02 17:44:02 - INFO -   max_rtt: 15820.339
2025-10-02 17:44:02 - INFO -   mdev: 0.0
2025-10-02 17:44:02 - INFO - --------------------------------------------------
2025-10-02 17:44:24 - INFO - STATUS: FAILED ❌ | Device: WN-L054-30 | IP: FD12:3456::B635:22FF:FE98:251E
2025-10-02 17:44:24 - INFO -   packets_transmitted: 10
2025-10-02 17:44:24 - INFO -   packets_received: 0
2025-10-02 17:44:24 - INFO -   packet_loss: 100.0
2025-10-02 17:44:24 - INFO -   min_rtt: 0.0
2025-10-02 17:44:24 - INFO -   avg_rtt: 0.0
2025-10-02 17:44:24 - INFO -   max_rtt: 0.0
2025-10-02 17:44:24 - INFO -   mdev: 0.0
2025-10-02 17:44:24 - INFO - --------------------------------------------------
2025-10-02 17:44:45 - INFO - STATUS: SUCCESS ✅ | Device: WN-VA24-30 | IP: FD12:3456::B635:22FF:FE98:253E
2025-10-02 17:44:45 - INFO -   packets_transmitted: 10
2025-10-02 17:44:45 - INFO -   packets_received: 3
2025-10-02 17:44:45 - INFO -   packet_loss: 70.0
2025-10-02 17:44:45 - INFO -   min_rtt: 12571.527
2025-10-02 17:44:45 - INFO -   avg_rtt: 14204.619
2025-10-02 17:44:45 - INFO -   max_rtt: 16771.33
2025-10-02 17:44:45 - INFO -   mdev: 1837.265
2025-10-02 17:44:45 - INFO - --------------------------------------------------
2025-10-02 17:44:57 - INFO - STATUS: SUCCESS ✅ | Device: WN-VA64-30 | IP: FD12:3456::B635:22FF:FE98:285E
2025-10-02 17:44:57 - INFO -   packets_transmitted: 10
2025-10-02 17:44:57 - INFO -   packets_received: 10
2025-10-02 17:44:57 - INFO -   packet_loss: 0.0
2025-10-02 17:44:57 - INFO -   min_rtt: 141.381
2025-10-02 17:44:57 - INFO -   avg_rtt: 1843.901
2025-10-02 17:44:57 - INFO -   max_rtt: 4802.783
2025-10-02 17:44:57 - INFO -   mdev: 1601.197
2025-10-02 17:44:57 - INFO - --------------------------------------------------
2025-10-02 17:45:07 - INFO - STATUS: SUCCESS ✅ | Device: WN-VC44-30 | IP: FD12:3456::62A4:23FF:FE37:A3A9
2025-10-02 17:45:07 - INFO -   packets_transmitted: 10
2025-10-02 17:45:07 - INFO -   packets_received: 10
2025-10-02 17:45:07 - INFO -   packet_loss: 0.0
2025-10-02 17:45:07 - INFO -   min_rtt: 128.167
2025-10-02 17:45:07 - INFO -   avg_rtt: 162.787
2025-10-02 17:45:07 - INFO -   max_rtt: 315.036
2025-10-02 17:45:07 - INFO -   mdev: 56.017
2025-10-02 17:45:07 - INFO - --------------------------------------------------
2025-10-02 17:45:28 - INFO - STATUS: FAILED ❌ | Device: WN-NI04-34 | IP: FD12:3456::62A4:23FF:FE37:A3AB
2025-10-02 17:45:28 - INFO -   packets_transmitted: 10
2025-10-02 17:45:28 - INFO -   packets_received: 0
2025-10-02 17:45:28 - INFO -   packet_loss: 100.0
2025-10-02 17:45:28 - INFO -   min_rtt: 0.0
2025-10-02 17:45:28 - INFO -   avg_rtt: 0.0
2025-10-02 17:45:28 - INFO -   max_rtt: 0.0
2025-10-02 17:45:28 - INFO -   mdev: 0.0
2025-10-02 17:45:28 - INFO - --------------------------------------------------
2025-10-02 17:45:49 - INFO - STATUS: FAILED ❌ | Device: WN-L059-34 | IP: FD12:3456::B635:22FF:FE98:29A5
2025-10-02 17:45:49 - INFO -   packets_transmitted: 10
2025-10-02 17:45:49 - INFO -   packets_received: 0
2025-10-02 17:45:49 - INFO -   packet_loss: 100.0
2025-10-02 17:45:49 - INFO -   min_rtt: 0.0
2025-10-02 17:45:49 - INFO -   avg_rtt: 0.0
2025-10-02 17:45:49 - INFO -   max_rtt: 0.0
2025-10-02 17:45:49 - INFO -   mdev: 0.0
2025-10-02 17:45:49 - INFO - --------------------------------------------------
2025-10-02 17:45:49 - INFO - Summary: SUMMARY: 16/28 devices reachable (57.1% success rate)
2025-10-02 17:45:49 - INFO - === PING TEST COMPLETED ===
