2025-10-04 15:40:56 - INFO - === PING TEST STARTED ===
2025-10-04 15:40:56 - INFO - Details: Testing 28 devices
2025-10-04 15:42:45 - INFO - STATUS: SUCCESS ✅ | Device: WN-L031-30 | IP: FD12:3456::B635:22FF:FE98:2537
2025-10-04 15:42:45 - INFO -   packets_transmitted: 10
2025-10-04 15:42:45 - INFO -   packets_received: 5
2025-10-04 15:42:45 - INFO -   packet_loss: 50.0
2025-10-04 15:42:45 - INFO -   min_rtt: 17655.692
2025-10-04 15:42:45 - INFO -   avg_rtt: 40137.34
2025-10-04 15:42:45 - INFO -   max_rtt: 47886.127
2025-10-04 15:42:45 - INFO -   mdev: 11307.29
2025-10-04 15:42:45 - INFO - --------------------------------------------------
2025-10-04 15:44:35 - INFO - STATUS: SUCCESS ✅ | Device: WN-L032-30 | IP: FD12:3456::B635:22FF:FE98:2523
2025-10-04 15:44:35 - INFO -   packets_transmitted: 10
2025-10-04 15:44:35 - INFO -   packets_received: 1
2025-10-04 15:44:35 - INFO -   packet_loss: 90.0
2025-10-04 15:44:35 - INFO -   min_rtt: 97951.781
2025-10-04 15:44:35 - INFO -   avg_rtt: 97951.781
2025-10-04 15:44:35 - INFO -   max_rtt: 97951.781
2025-10-04 15:44:35 - INFO -   mdev: 0.0
2025-10-04 15:44:35 - INFO - --------------------------------------------------
2025-10-04 15:46:24 - INFO - STATUS: SUCCESS ✅ | Device: WN-L033-30 | IP: FD12:3456::B635:22FF:FE98:252B
2025-10-04 15:46:24 - INFO -   packets_transmitted: 10
2025-10-04 15:46:24 - INFO -   packets_received: 4
2025-10-04 15:46:24 - INFO -   packet_loss: 60.0
2025-10-04 15:46:24 - INFO -   min_rtt: 96163.033
2025-10-04 15:46:24 - INFO -   avg_rtt: 98999.233
2025-10-04 15:46:24 - INFO -   max_rtt: 101143.736
2025-10-04 15:46:24 - INFO -   mdev: 1924.103
2025-10-04 15:46:24 - INFO - --------------------------------------------------
2025-10-04 15:48:13 - INFO - STATUS: SUCCESS ✅ | Device: WN-L034-30 | IP: FD12:3456::62A4:23FF:FE37:A3B3
2025-10-04 15:48:13 - INFO -   packets_transmitted: 10
2025-10-04 15:48:13 - INFO -   packets_received: 3
2025-10-04 15:48:13 - INFO -   packet_loss: 70.0
2025-10-04 15:48:13 - INFO -   min_rtt: 51798.21
2025-10-04 15:48:13 - INFO -   avg_rtt: 53772.391
2025-10-04 15:48:13 - INFO -   max_rtt: 57081.757
2025-10-04 15:48:13 - INFO -   mdev: 2354.57
2025-10-04 15:48:13 - INFO - --------------------------------------------------
2025-10-04 15:50:02 - INFO - STATUS: SUCCESS ✅ | Device: WN-L035-30 | IP: FD12:3456::B635:22FF:FE98:285B
2025-10-04 15:50:02 - INFO -   packets_transmitted: 10
2025-10-04 15:50:02 - INFO -   packets_received: 3
2025-10-04 15:50:02 - INFO -   packet_loss: 70.0
2025-10-04 15:50:02 - INFO -   min_rtt: 50690.387
2025-10-04 15:50:02 - INFO -   avg_rtt: 51323.713
2025-10-04 15:50:02 - INFO -   max_rtt: 52342.486
2025-10-04 15:50:02 - INFO -   mdev: 727.454
2025-10-04 15:50:02 - INFO - --------------------------------------------------
2025-10-04 15:51:51 - INFO - STATUS: SUCCESS ✅ | Device: WN-L036-30 | IP: FD12:3456::62A4:23FF:FE37:A3A1
2025-10-04 15:51:51 - INFO -   packets_transmitted: 10
2025-10-04 15:51:51 - INFO -   packets_received: 6
2025-10-04 15:51:51 - INFO -   packet_loss: 40.0
2025-10-04 15:51:51 - INFO -   min_rtt: 45669.844
2025-10-04 15:51:51 - INFO -   avg_rtt: 50455.279
2025-10-04 15:51:51 - INFO -   max_rtt: 53193.408
2025-10-04 15:51:51 - INFO -   mdev: 3236.539
2025-10-04 15:51:51 - INFO - --------------------------------------------------
2025-10-04 15:53:41 - INFO - STATUS: SUCCESS ✅ | Device: WN-L037-30 | IP: FD12:3456::B635:22FF:FE98:2539
2025-10-04 15:53:41 - INFO -   packets_transmitted: 10
2025-10-04 15:53:41 - INFO -   packets_received: 6
2025-10-04 15:53:41 - INFO -   packet_loss: 40.0
2025-10-04 15:53:41 - INFO -   min_rtt: 24391.238
2025-10-04 15:53:41 - INFO -   avg_rtt: 41554.131
2025-10-04 15:53:41 - INFO -   max_rtt: 49773.988
2025-10-04 15:53:41 - INFO -   mdev: 9012.089
2025-10-04 15:53:41 - INFO - --------------------------------------------------
2025-10-04 15:55:30 - INFO - STATUS: SUCCESS ✅ | Device: WN-OF04-34 | IP: FD12:3456::B635:22FF:FE98:285C
2025-10-04 15:55:30 - INFO -   packets_transmitted: 10
2025-10-04 15:55:30 - INFO -   packets_received: 8
2025-10-04 15:55:30 - INFO -   packet_loss: 20.0
2025-10-04 15:55:30 - INFO -   min_rtt: 16751.011
2025-10-04 15:55:30 - INFO -   avg_rtt: 25657.071
2025-10-04 15:55:30 - INFO -   max_rtt: 35786.672
2025-10-04 15:55:30 - INFO -   mdev: 6000.4
2025-10-04 15:55:30 - INFO - --------------------------------------------------
2025-10-04 15:57:19 - INFO - STATUS: SUCCESS ✅ | Device: WN-L050-30 | IP: FD12:3456::92FD:9FFF:FEEE:9DF7
2025-10-04 15:57:19 - INFO -   packets_transmitted: 10
2025-10-04 15:57:19 - INFO -   packets_received: 4
2025-10-04 15:57:19 - INFO -   packet_loss: 60.0
2025-10-04 15:57:19 - INFO -   min_rtt: 35544.185
2025-10-04 15:57:19 - INFO -   avg_rtt: 40452.33
2025-10-04 15:57:19 - INFO -   max_rtt: 48435.315
2025-10-04 15:57:19 - INFO -   mdev: 4818.206
2025-10-04 15:57:19 - INFO - --------------------------------------------------
2025-10-04 15:59:08 - INFO - STATUS: SUCCESS ✅ | Device: WN-L051-30 | IP: FD12:3456::B635:22FF:FE98:285D
2025-10-04 15:59:08 - INFO -   packets_transmitted: 10
2025-10-04 15:59:08 - INFO -   packets_received: 4
2025-10-04 15:59:08 - INFO -   packet_loss: 60.0
2025-10-04 15:59:08 - INFO -   min_rtt: 63175.138
2025-10-04 15:59:08 - INFO -   avg_rtt: 70427.94
2025-10-04 15:59:08 - INFO -   max_rtt: 79333.183
2025-10-04 15:59:08 - INFO -   mdev: 6657.289
2025-10-04 15:59:08 - INFO - --------------------------------------------------
2025-10-04 16:00:57 - INFO - STATUS: SUCCESS ✅ | Device: WN-L038-30 | IP: FD12:3456::B635:22FF:FE98:253F
2025-10-04 16:00:57 - INFO -   packets_transmitted: 10
2025-10-04 16:00:57 - INFO -   packets_received: 1
2025-10-04 16:00:57 - INFO -   packet_loss: 90.0
2025-10-04 16:00:57 - INFO -   min_rtt: 89137.227
2025-10-04 16:00:57 - INFO -   avg_rtt: 89137.227
2025-10-04 16:00:57 - INFO -   max_rtt: 89137.227
2025-10-04 16:00:57 - INFO -   mdev: 0.0
2025-10-04 16:00:57 - INFO - --------------------------------------------------
2025-10-04 16:02:47 - INFO - STATUS: FAILED ❌ | Device: WN-L039-30 | IP: FD12:3456::62A4:23FF:FE37:A3A8
2025-10-04 16:02:47 - INFO -   packets_transmitted: 10
2025-10-04 16:02:47 - INFO -   packets_received: 0
2025-10-04 16:02:47 - INFO -   packet_loss: 100.0
2025-10-04 16:02:47 - INFO -   min_rtt: 0.0
2025-10-04 16:02:47 - INFO -   avg_rtt: 0.0
2025-10-04 16:02:47 - INFO -   max_rtt: 0.0
2025-10-04 16:02:47 - INFO -   mdev: 0.0
2025-10-04 16:02:47 - INFO - --------------------------------------------------
2025-10-04 16:04:36 - INFO - STATUS: FAILED ❌ | Device: WN-L040-30 | IP: FD12:3456::B635:22FF:FE98:2541
2025-10-04 16:04:36 - INFO -   packets_transmitted: 10
2025-10-04 16:04:36 - INFO -   packets_received: 0
2025-10-04 16:04:36 - INFO -   packet_loss: 100.0
2025-10-04 16:04:36 - INFO -   min_rtt: 0.0
2025-10-04 16:04:36 - INFO -   avg_rtt: 0.0
2025-10-04 16:04:36 - INFO -   max_rtt: 0.0
2025-10-04 16:04:36 - INFO -   mdev: 0.0
2025-10-04 16:04:36 - INFO - --------------------------------------------------
2025-10-04 16:05:21 - INFO - STATUS: SUCCESS ✅ | Device: WN-L041-30 | IP: FD12:3456::B635:22FF:FE98:2529
2025-10-04 16:05:21 - INFO -   packets_transmitted: 10
2025-10-04 16:05:21 - INFO -   packets_received: 10
2025-10-04 16:05:21 - INFO -   packet_loss: 0.0
2025-10-04 16:05:21 - INFO -   min_rtt: 28046.333
2025-10-04 16:05:21 - INFO -   avg_rtt: 32660.171
2025-10-04 16:05:21 - INFO -   max_rtt: 36300.781
2025-10-04 16:05:21 - INFO -   mdev: 2834.255
2025-10-04 16:05:21 - INFO - --------------------------------------------------
2025-10-04 16:07:10 - INFO - STATUS: SUCCESS ✅ | Device: WN-L042-30 | IP: FD12:3456::62A4:23FF:FE37:A3AC
2025-10-04 16:07:10 - INFO -   packets_transmitted: 10
2025-10-04 16:07:10 - INFO -   packets_received: 7
2025-10-04 16:07:10 - INFO -   packet_loss: 30.0
2025-10-04 16:07:10 - INFO -   min_rtt: 36309.394
2025-10-04 16:07:10 - INFO -   avg_rtt: 46361.512
2025-10-04 16:07:10 - INFO -   max_rtt: 50135.397
2025-10-04 16:07:10 - INFO -   mdev: 4996.518
2025-10-04 16:07:10 - INFO - --------------------------------------------------
2025-10-04 16:08:59 - INFO - STATUS: SUCCESS ✅ | Device: WN-L043-30 | IP: FD12:3456::62A4:23FF:FE37:A39F
2025-10-04 16:08:59 - INFO -   packets_transmitted: 10
2025-10-04 16:08:59 - INFO -   packets_received: 3
2025-10-04 16:08:59 - INFO -   packet_loss: 70.0
2025-10-04 16:08:59 - INFO -   min_rtt: 40428.23
2025-10-04 16:08:59 - INFO -   avg_rtt: 54637.754
2025-10-04 16:08:59 - INFO -   max_rtt: 65756.801
2025-10-04 16:08:59 - INFO -   mdev: 10568.74
2025-10-04 16:08:59 - INFO - --------------------------------------------------
2025-10-04 16:09:31 - INFO - STATUS: SUCCESS ✅ | Device: WN-L044-30 | IP: FD12:3456::B635:22FF:FE98:2534
2025-10-04 16:09:31 - INFO -   packets_transmitted: 10
2025-10-04 16:09:31 - INFO -   packets_received: 10
2025-10-04 16:09:31 - INFO -   packet_loss: 0.0
2025-10-04 16:09:31 - INFO -   min_rtt: 16847.367
2025-10-04 16:09:31 - INFO -   avg_rtt: 19154.947
2025-10-04 16:09:31 - INFO -   max_rtt: 22670.607
2025-10-04 16:09:31 - INFO -   mdev: 1775.577
2025-10-04 16:09:31 - INFO - --------------------------------------------------
2025-10-04 16:11:20 - INFO - STATUS: FAILED ❌ | Device: WN-L045-30 | IP: FD12:3456::B635:22FF:FE98:2524
2025-10-04 16:11:20 - INFO -   packets_transmitted: 10
2025-10-04 16:11:20 - INFO -   packets_received: 0
2025-10-04 16:11:20 - INFO -   packet_loss: 100.0
2025-10-04 16:11:20 - INFO -   min_rtt: 0.0
2025-10-04 16:11:20 - INFO -   avg_rtt: 0.0
2025-10-04 16:11:20 - INFO -   max_rtt: 0.0
2025-10-04 16:11:20 - INFO -   mdev: 0.0
2025-10-04 16:11:20 - INFO - --------------------------------------------------
2025-10-04 16:13:09 - INFO - STATUS: SUCCESS ✅ | Device: WN-L047-30 | IP: FD12:3456::92FD:9FFF:FEEE:9D40
2025-10-04 16:13:09 - INFO -   packets_transmitted: 10
2025-10-04 16:13:09 - INFO -   packets_received: 7
2025-10-04 16:13:09 - INFO -   packet_loss: 30.0
2025-10-04 16:13:09 - INFO -   min_rtt: 27227.691
2025-10-04 16:13:09 - INFO -   avg_rtt: 47041.772
2025-10-04 16:13:09 - INFO -   max_rtt: 58253.861
2025-10-04 16:13:09 - INFO -   mdev: 10635.407
2025-10-04 16:13:09 - INFO - --------------------------------------------------
2025-10-04 16:14:59 - INFO - STATUS: FAILED ❌ | Device: WN-L048-30 | IP: FD12:3456::B635:22FF:FE98:29A6
2025-10-04 16:14:59 - INFO -   packets_transmitted: 10
2025-10-04 16:14:59 - INFO -   packets_received: 0
2025-10-04 16:14:59 - INFO -   packet_loss: 100.0
2025-10-04 16:14:59 - INFO -   min_rtt: 0.0
2025-10-04 16:14:59 - INFO -   avg_rtt: 0.0
2025-10-04 16:14:59 - INFO -   max_rtt: 0.0
2025-10-04 16:14:59 - INFO -   mdev: 0.0
2025-10-04 16:14:59 - INFO - --------------------------------------------------
2025-10-04 16:16:48 - INFO - STATUS: SUCCESS ✅ | Device: WN-L052-30 | IP: FD12:3456::62A4:23FF:FE37:A3AD
2025-10-04 16:16:48 - INFO -   packets_transmitted: 10
2025-10-04 16:16:48 - INFO -   packets_received: 2
2025-10-04 16:16:48 - INFO -   packet_loss: 80.0
2025-10-04 16:16:48 - INFO -   min_rtt: 58831.399
2025-10-04 16:16:48 - INFO -   avg_rtt: 68627.783
2025-10-04 16:16:48 - INFO -   max_rtt: 78424.167
2025-10-04 16:16:48 - INFO -   mdev: 9796.384
2025-10-04 16:16:48 - INFO - --------------------------------------------------
2025-10-04 16:18:37 - INFO - STATUS: FAILED ❌ | Device: WN-L053-30 | IP: FD12:3456::B635:22FF:FE98:252C
2025-10-04 16:18:37 - INFO -   packets_transmitted: 10
2025-10-04 16:18:37 - INFO -   packets_received: 0
2025-10-04 16:18:37 - INFO -   packet_loss: 100.0
2025-10-04 16:18:37 - INFO -   min_rtt: 0.0
2025-10-04 16:18:37 - INFO -   avg_rtt: 0.0
2025-10-04 16:18:37 - INFO -   max_rtt: 0.0
2025-10-04 16:18:37 - INFO -   mdev: 0.0
2025-10-04 16:18:37 - INFO - --------------------------------------------------
2025-10-04 16:18:54 - INFO - STATUS: FAILED ❌ | Device: WN-L054-30 | IP: FD12:3456::B635:22FF:FE98:251E
2025-10-04 16:18:54 - INFO -   packets_transmitted: 10
2025-10-04 16:18:54 - INFO -   packets_received: 0
2025-10-04 16:18:54 - INFO -   packet_loss: 100.0
2025-10-04 16:18:54 - INFO -   min_rtt: 0.0
2025-10-04 16:18:54 - INFO -   avg_rtt: 0.0
2025-10-04 16:18:54 - INFO -   max_rtt: 0.0
2025-10-04 16:18:54 - INFO -   mdev: 0.0
2025-10-04 16:18:54 - INFO - --------------------------------------------------
2025-10-04 16:18:54 - INFO - Test stopped by user
2025-10-04 16:18:54 - INFO - Summary: SUMMARY: 17/28 devices reachable (60.7% success rate) - Duration: 37m 58s
2025-10-04 16:18:54 - INFO - === PING TEST COMPLETED ===
