2025-10-06 12:46:31 - INFO - === PING TEST STARTED ===
2025-10-06 12:46:31 - INFO - Details: Testing 28 devices
2025-10-06 12:46:40 - INFO - STATUS: SUCCESS ✅ | Device: WN-L031-30 | IP: FD12:3456::B635:22FF:FE98:2537
2025-10-06 12:46:40 - INFO -   packets_transmitted: 10
2025-10-06 12:46:40 - INFO -   packets_received: 10
2025-10-06 12:46:40 - INFO -   packet_loss: 0.0
2025-10-06 12:46:40 - INFO -   min_rtt: 721.606
2025-10-06 12:46:40 - INFO -   avg_rtt: 1049.465
2025-10-06 12:46:40 - INFO -   max_rtt: 1990.675
2025-10-06 12:46:40 - INFO -   mdev: 432.132
2025-10-06 12:46:40 - INFO - --------------------------------------------------
2025-10-06 12:46:51 - INFO - STATUS: SUCCESS ✅ | Device: WN-L032-30 | IP: FD12:3456::B635:22FF:FE98:2523
2025-10-06 12:46:51 - INFO -   packets_transmitted: 10
2025-10-06 12:46:51 - INFO -   packets_received: 10
2025-10-06 12:46:51 - INFO -   packet_loss: 0.0
2025-10-06 12:46:51 - INFO -   min_rtt: 268.451
2025-10-06 12:46:51 - INFO -   avg_rtt: 484.774
2025-10-06 12:46:51 - INFO -   max_rtt: 1158.072
2025-10-06 12:46:51 - INFO -   mdev: 285.602
2025-10-06 12:46:51 - INFO - --------------------------------------------------
2025-10-06 12:47:00 - INFO - STATUS: SUCCESS ✅ | Device: WN-L033-30 | IP: FD12:3456::B635:22FF:FE98:252B
2025-10-06 12:47:00 - INFO -   packets_transmitted: 10
2025-10-06 12:47:00 - INFO -   packets_received: 10
2025-10-06 12:47:00 - INFO -   packet_loss: 0.0
2025-10-06 12:47:00 - INFO -   min_rtt: 128.064
2025-10-06 12:47:00 - INFO -   avg_rtt: 841.402
2025-10-06 12:47:00 - INFO -   max_rtt: 2890.509
2025-10-06 12:47:00 - INFO -   mdev: 907.012
2025-10-06 12:47:00 - INFO - --------------------------------------------------
2025-10-06 12:47:09 - INFO - STATUS: SUCCESS ✅ | Device: WN-L034-30 | IP: FD12:3456::62A4:23FF:FE37:A3B3
2025-10-06 12:47:09 - INFO -   packets_transmitted: 10
2025-10-06 12:47:09 - INFO -   packets_received: 10
2025-10-06 12:47:09 - INFO -   packet_loss: 0.0
2025-10-06 12:47:09 - INFO -   min_rtt: 257.149
2025-10-06 12:47:09 - INFO -   avg_rtt: 571.985
2025-10-06 12:47:09 - INFO -   max_rtt: 1492.998
2025-10-06 12:47:09 - INFO -   mdev: 422.533
2025-10-06 12:47:09 - INFO - --------------------------------------------------
2025-10-06 12:47:19 - INFO - STATUS: SUCCESS ✅ | Device: WN-L035-30 | IP: FD12:3456::B635:22FF:FE98:285B
2025-10-06 12:47:19 - INFO -   packets_transmitted: 10
2025-10-06 12:47:19 - INFO -   packets_received: 10
2025-10-06 12:47:19 - INFO -   packet_loss: 0.0
2025-10-06 12:47:19 - INFO -   min_rtt: 262.724
2025-10-06 12:47:19 - INFO -   avg_rtt: 1695.148
2025-10-06 12:47:19 - INFO -   max_rtt: 3291.504
2025-10-06 12:47:19 - INFO -   mdev: 1116.734
2025-10-06 12:47:19 - INFO - --------------------------------------------------
2025-10-06 12:49:08 - INFO - STATUS: FAILED ❌ | Device: WN-L036-30 | IP: FD12:3456::62A4:23FF:FE37:A3A1
2025-10-06 12:49:08 - INFO -   packets_transmitted: 10
2025-10-06 12:49:08 - INFO -   packets_received: 0
2025-10-06 12:49:08 - INFO -   packet_loss: 100.0
2025-10-06 12:49:08 - INFO -   min_rtt: 0.0
2025-10-06 12:49:08 - INFO -   avg_rtt: 0.0
2025-10-06 12:49:08 - INFO -   max_rtt: 0.0
2025-10-06 12:49:08 - INFO -   mdev: 0.0
2025-10-06 12:49:08 - INFO - --------------------------------------------------
2025-10-06 12:49:19 - INFO - STATUS: SUCCESS ✅ | Device: WN-L037-30 | IP: FD12:3456::B635:22FF:FE98:2539
2025-10-06 12:49:19 - INFO -   packets_transmitted: 10
2025-10-06 12:49:19 - INFO -   packets_received: 10
2025-10-06 12:49:19 - INFO -   packet_loss: 0.0
2025-10-06 12:49:19 - INFO -   min_rtt: 449.846
2025-10-06 12:49:19 - INFO -   avg_rtt: 2166.012
2025-10-06 12:49:19 - INFO -   max_rtt: 4368.078
2025-10-06 12:49:19 - INFO -   mdev: 1473.049
2025-10-06 12:49:19 - INFO - --------------------------------------------------
2025-10-06 12:49:31 - INFO - STATUS: SUCCESS ✅ | Device: WN-OF04-34 | IP: FD12:3456::B635:22FF:FE98:285C
2025-10-06 12:49:31 - INFO -   packets_transmitted: 10
2025-10-06 12:49:31 - INFO -   packets_received: 10
2025-10-06 12:49:31 - INFO -   packet_loss: 0.0
2025-10-06 12:49:31 - INFO -   min_rtt: 265.14
2025-10-06 12:49:31 - INFO -   avg_rtt: 2060.266
2025-10-06 12:49:31 - INFO -   max_rtt: 4766.365
2025-10-06 12:49:31 - INFO -   mdev: 1660.134
2025-10-06 12:49:31 - INFO - --------------------------------------------------
2025-10-06 12:49:51 - INFO - STATUS: SUCCESS ✅ | Device: WN-L050-30 | IP: FD12:3456::92FD:9FFF:FEEE:9DF7
2025-10-06 12:49:51 - INFO -   packets_transmitted: 10
2025-10-06 12:49:51 - INFO -   packets_received: 6
2025-10-06 12:49:51 - INFO -   packet_loss: 40.0
2025-10-06 12:49:51 - INFO -   min_rtt: 5396.187
2025-10-06 12:49:51 - INFO -   avg_rtt: 9043.733
2025-10-06 12:49:51 - INFO -   max_rtt: 11489.763
2025-10-06 12:49:51 - INFO -   mdev: 2201.05
2025-10-06 12:49:51 - INFO - --------------------------------------------------
2025-10-06 12:50:00 - INFO - STATUS: SUCCESS ✅ | Device: WN-L051-30 | IP: FD12:3456::B635:22FF:FE98:285D
2025-10-06 12:50:00 - INFO -   packets_transmitted: 10
2025-10-06 12:50:00 - INFO -   packets_received: 10
2025-10-06 12:50:00 - INFO -   packet_loss: 0.0
2025-10-06 12:50:00 - INFO -   min_rtt: 664.588
2025-10-06 12:50:00 - INFO -   avg_rtt: 1908.655
2025-10-06 12:50:00 - INFO -   max_rtt: 3886.388
2025-10-06 12:50:00 - INFO -   mdev: 1272.905
2025-10-06 12:50:00 - INFO - --------------------------------------------------
2025-10-06 12:51:50 - INFO - STATUS: FAILED ❌ | Device: WN-L038-30 | IP: FD12:3456::B635:22FF:FE98:253F
2025-10-06 12:51:50 - INFO -   packets_transmitted: 10
2025-10-06 12:51:50 - INFO -   packets_received: 0
2025-10-06 12:51:50 - INFO -   packet_loss: 100.0
2025-10-06 12:51:50 - INFO -   min_rtt: 0.0
2025-10-06 12:51:50 - INFO -   avg_rtt: 0.0
2025-10-06 12:51:50 - INFO -   max_rtt: 0.0
2025-10-06 12:51:50 - INFO -   mdev: 0.0
2025-10-06 12:51:50 - INFO - --------------------------------------------------
2025-10-06 12:52:05 - INFO - STATUS: SUCCESS ✅ | Device: WN-L039-30 | IP: FD12:3456::62A4:23FF:FE37:A3A8
2025-10-06 12:52:05 - INFO -   packets_transmitted: 10
2025-10-06 12:52:05 - INFO -   packets_received: 1
2025-10-06 12:52:05 - INFO -   packet_loss: 90.0
2025-10-06 12:52:05 - INFO -   min_rtt: 3047.644
2025-10-06 12:52:05 - INFO -   avg_rtt: 3047.644
2025-10-06 12:52:05 - INFO -   max_rtt: 3047.644
2025-10-06 12:52:05 - INFO -   mdev: 0.0
2025-10-06 12:52:05 - INFO - --------------------------------------------------
2025-10-06 12:53:54 - INFO - STATUS: FAILED ❌ | Device: WN-L040-30 | IP: FD12:3456::B635:22FF:FE98:2541
2025-10-06 12:53:54 - INFO -   packets_transmitted: 10
2025-10-06 12:53:54 - INFO -   packets_received: 0
2025-10-06 12:53:54 - INFO -   packet_loss: 100.0
2025-10-06 12:53:54 - INFO -   min_rtt: 0.0
2025-10-06 12:53:54 - INFO -   avg_rtt: 0.0
2025-10-06 12:53:54 - INFO -   max_rtt: 0.0
2025-10-06 12:53:54 - INFO -   mdev: 0.0
2025-10-06 12:53:54 - INFO - --------------------------------------------------
2025-10-06 12:55:43 - INFO - STATUS: SUCCESS ✅ | Device: WN-L041-30 | IP: FD12:3456::B635:22FF:FE98:2529
2025-10-06 12:55:43 - INFO -   packets_transmitted: 10
2025-10-06 12:55:43 - INFO -   packets_received: 2
2025-10-06 12:55:43 - INFO -   packet_loss: 80.0
2025-10-06 12:55:43 - INFO -   min_rtt: 46130.544
2025-10-06 12:55:43 - INFO -   avg_rtt: 46411.07
2025-10-06 12:55:43 - INFO -   max_rtt: 46691.596
2025-10-06 12:55:43 - INFO -   mdev: 280.526
2025-10-06 12:55:43 - INFO - --------------------------------------------------
2025-10-06 12:57:33 - INFO - STATUS: SUCCESS ✅ | Device: WN-L042-30 | IP: FD12:3456::62A4:23FF:FE37:A3AC
2025-10-06 12:57:33 - INFO -   packets_transmitted: 10
2025-10-06 12:57:33 - INFO -   packets_received: 6
2025-10-06 12:57:33 - INFO -   packet_loss: 40.0
2025-10-06 12:57:33 - INFO -   min_rtt: 41814.019
2025-10-06 12:57:33 - INFO -   avg_rtt: 54816.279
2025-10-06 12:57:33 - INFO -   max_rtt: 65505.601
2025-10-06 12:57:33 - INFO -   mdev: 7558.886
2025-10-06 12:57:33 - INFO - --------------------------------------------------
2025-10-06 12:59:22 - INFO - STATUS: SUCCESS ✅ | Device: WN-L043-30 | IP: FD12:3456::62A4:23FF:FE37:A39F
2025-10-06 12:59:22 - INFO -   packets_transmitted: 10
2025-10-06 12:59:22 - INFO -   packets_received: 8
2025-10-06 12:59:22 - INFO -   packet_loss: 20.0
2025-10-06 12:59:22 - INFO -   min_rtt: 25314.563
2025-10-06 12:59:22 - INFO -   avg_rtt: 28042.71
2025-10-06 12:59:22 - INFO -   max_rtt: 30763.457
2025-10-06 12:59:22 - INFO -   mdev: 1685.468
2025-10-06 12:59:22 - INFO - --------------------------------------------------
2025-10-06 13:01:11 - INFO - STATUS: SUCCESS ✅ | Device: WN-L044-30 | IP: FD12:3456::B635:22FF:FE98:2534
2025-10-06 13:01:11 - INFO -   packets_transmitted: 10
2025-10-06 13:01:11 - INFO -   packets_received: 9
2025-10-06 13:01:11 - INFO -   packet_loss: 10.0
2025-10-06 13:01:11 - INFO -   min_rtt: 14798.806
2025-10-06 13:01:11 - INFO -   avg_rtt: 29746.604
2025-10-06 13:01:11 - INFO -   max_rtt: 33721.368
2025-10-06 13:01:11 - INFO -   mdev: 5396.845
2025-10-06 13:01:11 - INFO - --------------------------------------------------
2025-10-06 13:03:00 - INFO - STATUS: FAILED ❌ | Device: WN-L045-30 | IP: FD12:3456::B635:22FF:FE98:2524
2025-10-06 13:03:00 - INFO -   packets_transmitted: 10
2025-10-06 13:03:00 - INFO -   packets_received: 0
2025-10-06 13:03:00 - INFO -   packet_loss: 100.0
2025-10-06 13:03:00 - INFO -   min_rtt: 0.0
2025-10-06 13:03:00 - INFO -   avg_rtt: 0.0
2025-10-06 13:03:00 - INFO -   max_rtt: 0.0
2025-10-06 13:03:00 - INFO -   mdev: 0.0
2025-10-06 13:03:00 - INFO - --------------------------------------------------
2025-10-06 13:03:26 - INFO - STATUS: SUCCESS ✅ | Device: WN-L047-30 | IP: FD12:3456::92FD:9FFF:FEEE:9D40
2025-10-06 13:03:26 - INFO -   packets_transmitted: 10
2025-10-06 13:03:26 - INFO -   packets_received: 4
2025-10-06 13:03:26 - INFO -   packet_loss: 60.0
2025-10-06 13:03:26 - INFO -   min_rtt: 936.604
2025-10-06 13:03:26 - INFO -   avg_rtt: 12046.047
2025-10-06 13:03:26 - INFO -   max_rtt: 20046.133
2025-10-06 13:03:26 - INFO -   mdev: 7935.175
2025-10-06 13:03:26 - INFO - --------------------------------------------------
2025-10-06 13:05:15 - INFO - STATUS: SUCCESS ✅ | Device: WN-L048-30 | IP: FD12:3456::B635:22FF:FE98:29A6
2025-10-06 13:05:15 - INFO -   packets_transmitted: 10
2025-10-06 13:05:15 - INFO -   packets_received: 6
2025-10-06 13:05:15 - INFO -   packet_loss: 40.0
2025-10-06 13:05:15 - INFO -   min_rtt: 34432.013
2025-10-06 13:05:15 - INFO -   avg_rtt: 36681.256
2025-10-06 13:05:15 - INFO -   max_rtt: 39486.121
2025-10-06 13:05:15 - INFO -   mdev: 1865.618
2025-10-06 13:05:15 - INFO - --------------------------------------------------
2025-10-06 13:07:04 - INFO - STATUS: SUCCESS ✅ | Device: WN-L052-30 | IP: FD12:3456::62A4:23FF:FE37:A3AD
2025-10-06 13:07:04 - INFO -   packets_transmitted: 10
2025-10-06 13:07:04 - INFO -   packets_received: 7
2025-10-06 13:07:04 - INFO -   packet_loss: 30.0
2025-10-06 13:07:04 - INFO -   min_rtt: 17989.504
2025-10-06 13:07:04 - INFO -   avg_rtt: 35023.509
2025-10-06 13:07:04 - INFO -   max_rtt: 43858.752
2025-10-06 13:07:04 - INFO -   mdev: 8633.631
2025-10-06 13:07:04 - INFO - --------------------------------------------------
2025-10-06 13:08:53 - INFO - STATUS: SUCCESS ✅ | Device: WN-L053-30 | IP: FD12:3456::B635:22FF:FE98:252C
2025-10-06 13:08:53 - INFO -   packets_transmitted: 10
2025-10-06 13:08:53 - INFO -   packets_received: 8
2025-10-06 13:08:53 - INFO -   packet_loss: 20.0
2025-10-06 13:08:53 - INFO -   min_rtt: 12703.811
2025-10-06 13:08:53 - INFO -   avg_rtt: 25696.3
2025-10-06 13:08:53 - INFO -   max_rtt: 34388.237
2025-10-06 13:08:53 - INFO -   mdev: 7165.092
2025-10-06 13:08:53 - INFO - --------------------------------------------------
2025-10-06 13:09:20 - INFO - STATUS: SUCCESS ✅ | Device: WN-L054-30 | IP: FD12:3456::B635:22FF:FE98:251E
2025-10-06 13:09:20 - INFO -   packets_transmitted: 10
2025-10-06 13:09:20 - INFO -   packets_received: 5
2025-10-06 13:09:20 - INFO -   packet_loss: 50.0
2025-10-06 13:09:20 - INFO -   min_rtt: 8618.12
2025-10-06 13:09:20 - INFO -   avg_rtt: 14420.951
2025-10-06 13:09:20 - INFO -   max_rtt: 19210.179
2025-10-06 13:09:20 - INFO -   mdev: 4730.303
2025-10-06 13:09:20 - INFO - --------------------------------------------------
2025-10-06 13:09:40 - INFO - STATUS: SUCCESS ✅ | Device: WN-VA24-30 | IP: FD12:3456::B635:22FF:FE98:253E
2025-10-06 13:09:40 - INFO -   packets_transmitted: 10
2025-10-06 13:09:40 - INFO -   packets_received: 9
2025-10-06 13:09:40 - INFO -   packet_loss: 10.0
2025-10-06 13:09:40 - INFO -   min_rtt: 2971.871
2025-10-06 13:09:40 - INFO -   avg_rtt: 4464.35
2025-10-06 13:09:40 - INFO -   max_rtt: 5827.073
2025-10-06 13:09:40 - INFO -   mdev: 912.483
2025-10-06 13:09:40 - INFO - --------------------------------------------------
2025-10-06 13:09:51 - INFO - STATUS: SUCCESS ✅ | Device: WN-VA64-30 | IP: FD12:3456::B635:22FF:FE98:285E
2025-10-06 13:09:51 - INFO -   packets_transmitted: 10
2025-10-06 13:09:51 - INFO -   packets_received: 9
2025-10-06 13:09:51 - INFO -   packet_loss: 10.0
2025-10-06 13:09:51 - INFO -   min_rtt: 131.934
2025-10-06 13:09:51 - INFO -   avg_rtt: 179.937
2025-10-06 13:09:51 - INFO -   max_rtt: 289.049
2025-10-06 13:09:51 - INFO -   mdev: 64.029
2025-10-06 13:09:51 - INFO - --------------------------------------------------
2025-10-06 13:10:00 - INFO - STATUS: SUCCESS ✅ | Device: WN-VC44-30 | IP: FD12:3456::62A4:23FF:FE37:A3A9
2025-10-06 13:10:00 - INFO -   packets_transmitted: 10
2025-10-06 13:10:00 - INFO -   packets_received: 10
2025-10-06 13:10:00 - INFO -   packet_loss: 0.0
2025-10-06 13:10:00 - INFO -   min_rtt: 128.05
2025-10-06 13:10:00 - INFO -   avg_rtt: 246.989
2025-10-06 13:10:00 - INFO -   max_rtt: 343.184
2025-10-06 13:10:00 - INFO -   mdev: 74.37
2025-10-06 13:10:00 - INFO - --------------------------------------------------
2025-10-06 13:11:49 - INFO - STATUS: FAILED ❌ | Device: WN-NI04-34 | IP: FD12:3456::62A4:23FF:FE37:A3AB
2025-10-06 13:11:49 - INFO -   packets_transmitted: 10
2025-10-06 13:11:49 - INFO -   packets_received: 0
2025-10-06 13:11:49 - INFO -   packet_loss: 100.0
2025-10-06 13:11:49 - INFO -   min_rtt: 0.0
2025-10-06 13:11:49 - INFO -   avg_rtt: 0.0
2025-10-06 13:11:49 - INFO -   max_rtt: 0.0
2025-10-06 13:11:49 - INFO -   mdev: 0.0
2025-10-06 13:11:49 - INFO - --------------------------------------------------
2025-10-06 13:13:38 - INFO - STATUS: SUCCESS ✅ | Device: WN-L059-34 | IP: FD12:3456::B635:22FF:FE98:29A5
2025-10-06 13:13:38 - INFO -   packets_transmitted: 10
2025-10-06 13:13:38 - INFO -   packets_received: 1
2025-10-06 13:13:38 - INFO -   packet_loss: 90.0
2025-10-06 13:13:38 - INFO -   min_rtt: 65601.56
2025-10-06 13:13:38 - INFO -   avg_rtt: 65601.56
2025-10-06 13:13:38 - INFO -   max_rtt: 65601.56
2025-10-06 13:13:38 - INFO -   mdev: 0.0
2025-10-06 13:13:38 - INFO - --------------------------------------------------
2025-10-06 13:13:38 - INFO - Summary: SUMMARY: 23/28 devices reachable (82.1% success rate) - Duration: 27m 7s
2025-10-06 13:13:38 - INFO - === PING TEST COMPLETED ===
