2025-10-03 16:47:01 - INFO - === PING TEST STARTED ===
2025-10-03 16:47:01 - INFO - Details: Testing 28 devices
2025-10-03 16:47:12 - INFO - STATUS: SUCCESS ✅ | Device: WN-L031-30 | IP: FD12:3456::B635:22FF:FE98:2537
2025-10-03 16:47:12 - INFO -   packets_transmitted: 10
2025-10-03 16:47:12 - INFO -   packets_received: 10
2025-10-03 16:47:12 - INFO -   packet_loss: 0.0
2025-10-03 16:47:12 - INFO -   min_rtt: 672.688
2025-10-03 16:47:12 - INFO -   avg_rtt: 1460.68
2025-10-03 16:47:12 - INFO -   max_rtt: 2797.525
2025-10-03 16:47:12 - INFO -   mdev: 691.873
2025-10-03 16:47:12 - INFO - --------------------------------------------------
2025-10-03 16:47:22 - INFO - STATUS: SUCCESS ✅ | Device: WN-L032-30 | IP: FD12:3456::B635:22FF:FE98:2523
2025-10-03 16:47:22 - INFO -   packets_transmitted: 10
2025-10-03 16:47:22 - INFO -   packets_received: 10
2025-10-03 16:47:22 - INFO -   packet_loss: 0.0
2025-10-03 16:47:22 - INFO -   min_rtt: 485.393
2025-10-03 16:47:22 - INFO -   avg_rtt: 778.692
2025-10-03 16:47:22 - INFO -   max_rtt: 1520.28
2025-10-03 16:47:22 - INFO -   mdev: 399.683
2025-10-03 16:47:22 - INFO - --------------------------------------------------
2025-10-03 16:47:32 - INFO - STATUS: SUCCESS ✅ | Device: WN-L033-30 | IP: FD12:3456::B635:22FF:FE98:252B
2025-10-03 16:47:32 - INFO -   packets_transmitted: 10
2025-10-03 16:47:32 - INFO -   packets_received: 9
2025-10-03 16:47:32 - INFO -   packet_loss: 10.0
2025-10-03 16:47:32 - INFO -   min_rtt: 131.097
2025-10-03 16:47:32 - INFO -   avg_rtt: 225.79
2025-10-03 16:47:32 - INFO -   max_rtt: 666.26
2025-10-03 16:47:32 - INFO -   mdev: 161.125
2025-10-03 16:47:32 - INFO - --------------------------------------------------
2025-10-03 16:49:21 - INFO - STATUS: FAILED ❌ | Device: WN-L034-30 | IP: FD12:3456::62A4:23FF:FE37:A3B3
2025-10-03 16:49:21 - INFO -   packets_transmitted: 10
2025-10-03 16:49:21 - INFO -   packets_received: 0
2025-10-03 16:49:21 - INFO -   packet_loss: 100.0
2025-10-03 16:49:21 - INFO -   min_rtt: 0.0
2025-10-03 16:49:21 - INFO -   avg_rtt: 0.0
2025-10-03 16:49:21 - INFO -   max_rtt: 0.0
2025-10-03 16:49:21 - INFO -   mdev: 0.0
2025-10-03 16:49:21 - INFO - --------------------------------------------------
2025-10-03 16:49:31 - INFO - STATUS: SUCCESS ✅ | Device: WN-L035-30 | IP: FD12:3456::B635:22FF:FE98:285B
2025-10-03 16:49:31 - INFO -   packets_transmitted: 10
2025-10-03 16:49:31 - INFO -   packets_received: 10
2025-10-03 16:49:31 - INFO -   packet_loss: 0.0
2025-10-03 16:49:31 - INFO -   min_rtt: 490.314
2025-10-03 16:49:31 - INFO -   avg_rtt: 596.678
2025-10-03 16:49:31 - INFO -   max_rtt: 886.384
2025-10-03 16:49:31 - INFO -   mdev: 114.273
2025-10-03 16:49:31 - INFO - --------------------------------------------------
2025-10-03 16:49:46 - INFO - STATUS: SUCCESS ✅ | Device: WN-L036-30 | IP: FD12:3456::62A4:23FF:FE37:A3A1
2025-10-03 16:49:46 - INFO -   packets_transmitted: 10
2025-10-03 16:49:46 - INFO -   packets_received: 6
2025-10-03 16:49:46 - INFO -   packet_loss: 40.0
2025-10-03 16:49:46 - INFO -   min_rtt: 2896.493
2025-10-03 16:49:46 - INFO -   avg_rtt: 5818.542
2025-10-03 16:49:46 - INFO -   max_rtt: 8030.399
2025-10-03 16:49:46 - INFO -   mdev: 2073.511
2025-10-03 16:49:46 - INFO - --------------------------------------------------
2025-10-03 16:49:57 - INFO - STATUS: SUCCESS ✅ | Device: WN-L037-30 | IP: FD12:3456::B635:22FF:FE98:2539
2025-10-03 16:49:57 - INFO -   packets_transmitted: 10
2025-10-03 16:49:57 - INFO -   packets_received: 10
2025-10-03 16:49:57 - INFO -   packet_loss: 0.0
2025-10-03 16:49:57 - INFO -   min_rtt: 1535.57
2025-10-03 16:49:57 - INFO -   avg_rtt: 3751.413
2025-10-03 16:49:57 - INFO -   max_rtt: 5453.078
2025-10-03 16:49:57 - INFO -   mdev: 1165.258
2025-10-03 16:49:57 - INFO - --------------------------------------------------
2025-10-03 16:50:07 - INFO - STATUS: SUCCESS ✅ | Device: WN-OF04-34 | IP: FD12:3456::B635:22FF:FE98:285C
2025-10-03 16:50:07 - INFO -   packets_transmitted: 10
2025-10-03 16:50:07 - INFO -   packets_received: 10
2025-10-03 16:50:07 - INFO -   packet_loss: 0.0
2025-10-03 16:50:07 - INFO -   min_rtt: 506.486
2025-10-03 16:50:07 - INFO -   avg_rtt: 1221.272
2025-10-03 16:50:07 - INFO -   max_rtt: 2991.395
2025-10-03 16:50:07 - INFO -   mdev: 801.259
2025-10-03 16:50:07 - INFO - --------------------------------------------------
2025-10-03 16:50:19 - INFO - STATUS: SUCCESS ✅ | Device: WN-L050-30 | IP: FD12:3456::92FD:9FFF:FEEE:9DF7
2025-10-03 16:50:19 - INFO -   packets_transmitted: 10
2025-10-03 16:50:19 - INFO -   packets_received: 10
2025-10-03 16:50:19 - INFO -   packet_loss: 0.0
2025-10-03 16:50:19 - INFO -   min_rtt: 1666.838
2025-10-03 16:50:19 - INFO -   avg_rtt: 4449.233
2025-10-03 16:50:19 - INFO -   max_rtt: 6121.0
2025-10-03 16:50:19 - INFO -   mdev: 1330.561
2025-10-03 16:50:19 - INFO - --------------------------------------------------
2025-10-03 16:52:09 - INFO - STATUS: FAILED ❌ | Device: WN-L051-30 | IP: FD12:3456::B635:22FF:FE98:285D
2025-10-03 16:52:09 - INFO -   packets_transmitted: 10
2025-10-03 16:52:09 - INFO -   packets_received: 0
2025-10-03 16:52:09 - INFO -   packet_loss: 100.0
2025-10-03 16:52:09 - INFO -   min_rtt: 0.0
2025-10-03 16:52:09 - INFO -   avg_rtt: 0.0
2025-10-03 16:52:09 - INFO -   max_rtt: 0.0
2025-10-03 16:52:09 - INFO -   mdev: 0.0
2025-10-03 16:52:09 - INFO - --------------------------------------------------
2025-10-03 16:52:23 - INFO - STATUS: SUCCESS ✅ | Device: WN-L038-30 | IP: FD12:3456::B635:22FF:FE98:253F
2025-10-03 16:52:23 - INFO -   packets_transmitted: 10
2025-10-03 16:52:23 - INFO -   packets_received: 1
2025-10-03 16:52:23 - INFO -   packet_loss: 90.0
2025-10-03 16:52:23 - INFO -   min_rtt: 2772.383
2025-10-03 16:52:23 - INFO -   avg_rtt: 2772.383
2025-10-03 16:52:23 - INFO -   max_rtt: 2772.383
2025-10-03 16:52:23 - INFO -   mdev: 0.0
2025-10-03 16:52:23 - INFO - --------------------------------------------------
2025-10-03 16:54:13 - INFO - STATUS: SUCCESS ✅ | Device: WN-L039-30 | IP: FD12:3456::62A4:23FF:FE37:A3A8
2025-10-03 16:54:13 - INFO -   packets_transmitted: 10
2025-10-03 16:54:13 - INFO -   packets_received: 8
2025-10-03 16:54:13 - INFO -   packet_loss: 20.0
2025-10-03 16:54:13 - INFO -   min_rtt: 34909.391
2025-10-03 16:54:13 - INFO -   avg_rtt: 36075.268
2025-10-03 16:54:13 - INFO -   max_rtt: 37144.184
2025-10-03 16:54:13 - INFO -   mdev: 725.929
2025-10-03 16:54:13 - INFO - --------------------------------------------------
2025-10-03 16:56:02 - INFO - STATUS: FAILED ❌ | Device: WN-L040-30 | IP: FD12:3456::B635:22FF:FE98:2541
2025-10-03 16:56:02 - INFO -   packets_transmitted: 10
2025-10-03 16:56:02 - INFO -   packets_received: 0
2025-10-03 16:56:02 - INFO -   packet_loss: 100.0
2025-10-03 16:56:02 - INFO -   min_rtt: 0.0
2025-10-03 16:56:02 - INFO -   avg_rtt: 0.0
2025-10-03 16:56:02 - INFO -   max_rtt: 0.0
2025-10-03 16:56:02 - INFO -   mdev: 0.0
2025-10-03 16:56:02 - INFO - --------------------------------------------------
2025-10-03 16:57:51 - INFO - STATUS: SUCCESS ✅ | Device: WN-L041-30 | IP: FD12:3456::B635:22FF:FE98:2529
2025-10-03 16:57:51 - INFO -   packets_transmitted: 10
2025-10-03 16:57:51 - INFO -   packets_received: 7
2025-10-03 16:57:51 - INFO -   packet_loss: 30.0
2025-10-03 16:57:51 - INFO -   min_rtt: 8586.433
2025-10-03 16:57:51 - INFO -   avg_rtt: 10317.6
2025-10-03 16:57:51 - INFO -   max_rtt: 11371.664
2025-10-03 16:57:51 - INFO -   mdev: 906.027
2025-10-03 16:57:51 - INFO - --------------------------------------------------
2025-10-03 16:59:40 - INFO - STATUS: FAILED ❌ | Device: WN-L042-30 | IP: FD12:3456::62A4:23FF:FE37:A3AC
2025-10-03 16:59:40 - INFO -   packets_transmitted: 10
2025-10-03 16:59:40 - INFO -   packets_received: 0
2025-10-03 16:59:40 - INFO -   packet_loss: 100.0
2025-10-03 16:59:40 - INFO -   min_rtt: 0.0
2025-10-03 16:59:40 - INFO -   avg_rtt: 0.0
2025-10-03 16:59:40 - INFO -   max_rtt: 0.0
2025-10-03 16:59:40 - INFO -   mdev: 0.0
2025-10-03 16:59:40 - INFO - --------------------------------------------------
2025-10-03 17:01:29 - INFO - STATUS: FAILED ❌ | Device: WN-L043-30 | IP: FD12:3456::62A4:23FF:FE37:A39F
2025-10-03 17:01:29 - INFO -   packets_transmitted: 10
2025-10-03 17:01:29 - INFO -   packets_received: 0
2025-10-03 17:01:29 - INFO -   packet_loss: 100.0
2025-10-03 17:01:29 - INFO -   min_rtt: 0.0
2025-10-03 17:01:29 - INFO -   avg_rtt: 0.0
2025-10-03 17:01:29 - INFO -   max_rtt: 0.0
2025-10-03 17:01:29 - INFO -   mdev: 0.0
2025-10-03 17:01:29 - INFO - --------------------------------------------------
2025-10-03 17:03:19 - INFO - STATUS: FAILED ❌ | Device: WN-L044-30 | IP: FD12:3456::B635:22FF:FE98:2534
2025-10-03 17:03:19 - INFO -   packets_transmitted: 10
2025-10-03 17:03:19 - INFO -   packets_received: 0
2025-10-03 17:03:19 - INFO -   packet_loss: 100.0
2025-10-03 17:03:19 - INFO -   min_rtt: 0.0
2025-10-03 17:03:19 - INFO -   avg_rtt: 0.0
2025-10-03 17:03:19 - INFO -   max_rtt: 0.0
2025-10-03 17:03:19 - INFO -   mdev: 0.0
2025-10-03 17:03:19 - INFO - --------------------------------------------------
2025-10-03 17:05:08 - INFO - STATUS: FAILED ❌ | Device: WN-L045-30 | IP: FD12:3456::B635:22FF:FE98:2524
2025-10-03 17:05:08 - INFO -   packets_transmitted: 10
2025-10-03 17:05:08 - INFO -   packets_received: 0
2025-10-03 17:05:08 - INFO -   packet_loss: 100.0
2025-10-03 17:05:08 - INFO -   min_rtt: 0.0
2025-10-03 17:05:08 - INFO -   avg_rtt: 0.0
2025-10-03 17:05:08 - INFO -   max_rtt: 0.0
2025-10-03 17:05:08 - INFO -   mdev: 0.0
2025-10-03 17:05:08 - INFO - --------------------------------------------------
2025-10-03 17:06:57 - INFO - STATUS: SUCCESS ✅ | Device: WN-L047-30 | IP: FD12:3456::92FD:9FFF:FEEE:9D40
2025-10-03 17:06:57 - INFO -   packets_transmitted: 10
2025-10-03 17:06:57 - INFO -   packets_received: 6
2025-10-03 17:06:57 - INFO -   packet_loss: 40.0
2025-10-03 17:06:57 - INFO -   min_rtt: 11759.01
2025-10-03 17:06:57 - INFO -   avg_rtt: 31209.927
2025-10-03 17:06:57 - INFO -   max_rtt: 37265.748
2025-10-03 17:06:57 - INFO -   mdev: 9227.984
2025-10-03 17:06:57 - INFO - --------------------------------------------------
2025-10-03 17:07:14 - INFO - STATUS: SUCCESS ✅ | Device: WN-L048-30 | IP: FD12:3456::B635:22FF:FE98:29A6
2025-10-03 17:07:14 - INFO -   packets_transmitted: 10
2025-10-03 17:07:14 - INFO -   packets_received: 4
2025-10-03 17:07:14 - INFO -   packet_loss: 60.0
2025-10-03 17:07:14 - INFO -   min_rtt: 3492.058
2025-10-03 17:07:14 - INFO -   avg_rtt: 6163.885
2025-10-03 17:07:14 - INFO -   max_rtt: 10193.922
2025-10-03 17:07:14 - INFO -   mdev: 2677.931
2025-10-03 17:07:14 - INFO - --------------------------------------------------
2025-10-03 17:09:03 - INFO - STATUS: SUCCESS ✅ | Device: WN-L052-30 | IP: FD12:3456::62A4:23FF:FE37:A3AD
2025-10-03 17:09:03 - INFO -   packets_transmitted: 10
2025-10-03 17:09:03 - INFO -   packets_received: 4
2025-10-03 17:09:03 - INFO -   packet_loss: 60.0
2025-10-03 17:09:03 - INFO -   min_rtt: 13853.088
2025-10-03 17:09:03 - INFO -   avg_rtt: 21256.572
2025-10-03 17:09:03 - INFO -   max_rtt: 32816.929
2025-10-03 17:09:03 - INFO -   mdev: 7819.111
2025-10-03 17:09:03 - INFO - --------------------------------------------------
2025-10-03 17:10:53 - INFO - STATUS: SUCCESS ✅ | Device: WN-L053-30 | IP: FD12:3456::B635:22FF:FE98:252C
2025-10-03 17:10:53 - INFO -   packets_transmitted: 10
2025-10-03 17:10:53 - INFO -   packets_received: 3
2025-10-03 17:10:53 - INFO -   packet_loss: 70.0
2025-10-03 17:10:53 - INFO -   min_rtt: 19211.897
2025-10-03 17:10:53 - INFO -   avg_rtt: 24162.843
2025-10-03 17:10:53 - INFO -   max_rtt: 27085.342
2025-10-03 17:10:53 - INFO -   mdev: 3519.823
2025-10-03 17:10:53 - INFO - --------------------------------------------------
2025-10-03 17:11:10 - INFO - STATUS: SUCCESS ✅ | Device: WN-L054-30 | IP: FD12:3456::B635:22FF:FE98:251E
2025-10-03 17:11:10 - INFO -   packets_transmitted: 10
2025-10-03 17:11:10 - INFO -   packets_received: 3
2025-10-03 17:11:10 - INFO -   packet_loss: 70.0
2025-10-03 17:11:10 - INFO -   min_rtt: 3938.635
2025-10-03 17:11:10 - INFO -   avg_rtt: 8338.341
2025-10-03 17:11:10 - INFO -   max_rtt: 11016.218
2025-10-03 17:11:10 - INFO -   mdev: 3135.449
2025-10-03 17:11:10 - INFO - --------------------------------------------------
2025-10-03 17:12:59 - INFO - STATUS: FAILED ❌ | Device: WN-VA24-30 | IP: FD12:3456::B635:22FF:FE98:253E
2025-10-03 17:12:59 - INFO -   packets_transmitted: 10
2025-10-03 17:12:59 - INFO -   packets_received: 0
2025-10-03 17:12:59 - INFO -   packet_loss: 100.0
2025-10-03 17:12:59 - INFO -   min_rtt: 0.0
2025-10-03 17:12:59 - INFO -   avg_rtt: 0.0
2025-10-03 17:12:59 - INFO -   max_rtt: 0.0
2025-10-03 17:12:59 - INFO -   mdev: 0.0
2025-10-03 17:12:59 - INFO - --------------------------------------------------
2025-10-03 17:13:10 - INFO - STATUS: SUCCESS ✅ | Device: WN-VA64-30 | IP: FD12:3456::B635:22FF:FE98:285E
2025-10-03 17:13:10 - INFO -   packets_transmitted: 10
2025-10-03 17:13:10 - INFO -   packets_received: 8
2025-10-03 17:13:10 - INFO -   packet_loss: 20.0
2025-10-03 17:13:10 - INFO -   min_rtt: 207.21
2025-10-03 17:13:10 - INFO -   avg_rtt: 607.904
2025-10-03 17:13:10 - INFO -   max_rtt: 1325.24
2025-10-03 17:13:10 - INFO -   mdev: 401.24
2025-10-03 17:13:10 - INFO - --------------------------------------------------
2025-10-03 17:13:19 - INFO - STATUS: SUCCESS ✅ | Device: WN-VC44-30 | IP: FD12:3456::62A4:23FF:FE37:A3A9
2025-10-03 17:13:19 - INFO -   packets_transmitted: 10
2025-10-03 17:13:19 - INFO -   packets_received: 10
2025-10-03 17:13:19 - INFO -   packet_loss: 0.0
2025-10-03 17:13:19 - INFO -   min_rtt: 139.214
2025-10-03 17:13:19 - INFO -   avg_rtt: 183.727
2025-10-03 17:13:19 - INFO -   max_rtt: 398.034
2025-10-03 17:13:19 - INFO -   mdev: 74.936
2025-10-03 17:13:19 - INFO - --------------------------------------------------
2025-10-03 17:15:09 - INFO - STATUS: FAILED ❌ | Device: WN-NI04-34 | IP: FD12:3456::62A4:23FF:FE37:A3AB
2025-10-03 17:15:09 - INFO -   packets_transmitted: 10
2025-10-03 17:15:09 - INFO -   packets_received: 0
2025-10-03 17:15:09 - INFO -   packet_loss: 100.0
2025-10-03 17:15:09 - INFO -   min_rtt: 0.0
2025-10-03 17:15:09 - INFO -   avg_rtt: 0.0
2025-10-03 17:15:09 - INFO -   max_rtt: 0.0
2025-10-03 17:15:09 - INFO -   mdev: 0.0
2025-10-03 17:15:09 - INFO - --------------------------------------------------
2025-10-03 17:16:58 - INFO - STATUS: SUCCESS ✅ | Device: WN-L059-34 | IP: FD12:3456::B635:22FF:FE98:29A5
2025-10-03 17:16:58 - INFO -   packets_transmitted: 10
2025-10-03 17:16:58 - INFO -   packets_received: 4
2025-10-03 17:16:58 - INFO -   packet_loss: 60.0
2025-10-03 17:16:58 - INFO -   min_rtt: 13292.4
2025-10-03 17:16:58 - INFO -   avg_rtt: 21611.721
2025-10-03 17:16:58 - INFO -   max_rtt: 27334.903
2025-10-03 17:16:58 - INFO -   mdev: 5142.947
2025-10-03 17:16:58 - INFO - --------------------------------------------------
2025-10-03 17:16:58 - INFO - Summary: SUMMARY: 19/28 devices reachable (67.9% success rate) - Duration: 29m 56s
2025-10-03 17:16:58 - INFO - === PING TEST COMPLETED ===
