2025-10-02 18:52:25 - INFO - === PING TEST STARTED ===
2025-10-02 18:52:25 - INFO - Details: Testing 28 devices
2025-10-02 18:52:34 - INFO - STATUS: SUCCESS ✅ | Device: WN-L031-30 | IP: FD12:3456::B635:22FF:FE98:2537
2025-10-02 18:52:34 - INFO -   packets_transmitted: 10
2025-10-02 18:52:34 - INFO -   packets_received: 10
2025-10-02 18:52:34 - INFO -   packet_loss: 0.0
2025-10-02 18:52:34 - INFO -   min_rtt: 129.966
2025-10-02 18:52:34 - INFO -   avg_rtt: 217.201
2025-10-02 18:52:34 - INFO -   max_rtt: 442.06
2025-10-02 18:52:34 - INFO -   mdev: 105.03
2025-10-02 18:52:34 - INFO - --------------------------------------------------
2025-10-02 18:52:44 - INFO - STATUS: FAILED ❌ | Device: WN-L032-30 | IP: FD12:3456::B635:22FF:FE98:2523
2025-10-02 18:52:44 - INFO -   packets_transmitted: 10
2025-10-02 18:52:44 - INFO -   packets_received: 0
2025-10-02 18:52:44 - INFO -   packet_loss: 100.0
2025-10-02 18:52:44 - INFO -   min_rtt: 0.0
2025-10-02 18:52:44 - INFO -   avg_rtt: 0.0
2025-10-02 18:52:44 - INFO -   max_rtt: 0.0
2025-10-02 18:52:44 - INFO -   mdev: 0.0
2025-10-02 18:52:44 - INFO - --------------------------------------------------
2025-10-02 18:52:54 - INFO - STATUS: FAILED ❌ | Device: WN-L033-30 | IP: FD12:3456::B635:22FF:FE98:252B
2025-10-02 18:52:54 - INFO -   packets_transmitted: 10
2025-10-02 18:52:54 - INFO -   packets_received: 0
2025-10-02 18:52:54 - INFO -   packet_loss: 100.0
2025-10-02 18:52:54 - INFO -   min_rtt: 0.0
2025-10-02 18:52:54 - INFO -   avg_rtt: 0.0
2025-10-02 18:52:54 - INFO -   max_rtt: 0.0
2025-10-02 18:52:54 - INFO -   mdev: 0.0
2025-10-02 18:52:54 - INFO - --------------------------------------------------
2025-10-02 18:52:54 - INFO - Test stopped by user
2025-10-02 18:52:54 - INFO - Summary: SUMMARY: 1/28 devices reachable (3.6% success rate)
2025-10-02 18:52:54 - INFO - === PING TEST COMPLETED ===
