2025-10-02 17:12:18 - INFO - === PING TEST STARTED ===
2025-10-02 17:12:18 - INFO - Details: Testing 28 devices
2025-10-02 17:14:38 - INFO - STATUS: FAILED ❌ | Device: WN-L031-30 | IP: FD12:3456::B635:22FF:FE98:2537
2025-10-02 17:14:38 - INFO -   packets_transmitted: 10
2025-10-02 17:14:38 - INFO -   packets_received: 0
2025-10-02 17:14:38 - INFO -   packet_loss: 100.0
2025-10-02 17:14:38 - INFO -   min_rtt: 0.0
2025-10-02 17:14:38 - INFO -   avg_rtt: 0.0
2025-10-02 17:14:38 - INFO -   max_rtt: 0.0
2025-10-02 17:14:38 - INFO -   mdev: 0.0
2025-10-02 17:14:38 - INFO - --------------------------------------------------
2025-10-02 17:14:48 - INFO - STATUS: SUCCESS ✅ | Device: WN-L032-30 | IP: FD12:3456::B635:22FF:FE98:2523
2025-10-02 17:14:48 - INFO -   packets_transmitted: 10
2025-10-02 17:14:48 - INFO -   packets_received: 10
2025-10-02 17:14:48 - INFO -   packet_loss: 0.0
2025-10-02 17:14:48 - INFO -   min_rtt: 270.299
2025-10-02 17:14:48 - INFO -   avg_rtt: 702.473
2025-10-02 17:14:48 - INFO -   max_rtt: 1619.847
2025-10-02 17:14:48 - INFO -   mdev: 505.795
2025-10-02 17:14:48 - INFO - --------------------------------------------------
2025-10-02 17:14:57 - INFO - STATUS: SUCCESS ✅ | Device: WN-L033-30 | IP: FD12:3456::B635:22FF:FE98:252B
2025-10-02 17:14:57 - INFO -   packets_transmitted: 10
2025-10-02 17:14:57 - INFO -   packets_received: 10
2025-10-02 17:14:57 - INFO -   packet_loss: 0.0
2025-10-02 17:14:57 - INFO -   min_rtt: 128.29
2025-10-02 17:14:57 - INFO -   avg_rtt: 251.139
2025-10-02 17:14:57 - INFO -   max_rtt: 598.13
2025-10-02 17:14:57 - INFO -   mdev: 158.067
2025-10-02 17:14:57 - INFO - --------------------------------------------------
2025-10-02 17:15:07 - INFO - STATUS: SUCCESS ✅ | Device: WN-L034-30 | IP: FD12:3456::62A4:23FF:FE37:A3B3
2025-10-02 17:15:07 - INFO -   packets_transmitted: 10
2025-10-02 17:15:07 - INFO -   packets_received: 10
2025-10-02 17:15:07 - INFO -   packet_loss: 0.0
2025-10-02 17:15:07 - INFO -   min_rtt: 384.266
2025-10-02 17:15:07 - INFO -   avg_rtt: 1147.881
2025-10-02 17:15:07 - INFO -   max_rtt: 3391.178
2025-10-02 17:15:07 - INFO -   mdev: 1019.19
2025-10-02 17:15:07 - INFO - --------------------------------------------------
2025-10-02 17:15:19 - INFO - STATUS: SUCCESS ✅ | Device: WN-L035-30 | IP: FD12:3456::B635:22FF:FE98:285B
2025-10-02 17:15:19 - INFO -   packets_transmitted: 10
2025-10-02 17:15:19 - INFO -   packets_received: 6
2025-10-02 17:15:19 - INFO -   packet_loss: 40.0
2025-10-02 17:15:19 - INFO -   min_rtt: 585.382
2025-10-02 17:15:19 - INFO -   avg_rtt: 3994.736
2025-10-02 17:15:19 - INFO -   max_rtt: 7547.503
2025-10-02 17:15:19 - INFO -   mdev: 3000.808
2025-10-02 17:15:19 - INFO - --------------------------------------------------
2025-10-02 17:15:29 - INFO - STATUS: SUCCESS ✅ | Device: WN-L036-30 | IP: FD12:3456::62A4:23FF:FE37:A3A1
2025-10-02 17:15:29 - INFO -   packets_transmitted: 10
2025-10-02 17:15:29 - INFO -   packets_received: 10
2025-10-02 17:15:29 - INFO -   packet_loss: 0.0
2025-10-02 17:15:29 - INFO -   min_rtt: 365.667
2025-10-02 17:15:29 - INFO -   avg_rtt: 1668.955
2025-10-02 17:15:29 - INFO -   max_rtt: 3590.111
2025-10-02 17:15:29 - INFO -   mdev: 946.224
2025-10-02 17:15:29 - INFO - --------------------------------------------------
2025-10-02 17:15:41 - INFO - STATUS: SUCCESS ✅ | Device: WN-L037-30 | IP: FD12:3456::B635:22FF:FE98:2539
2025-10-02 17:15:41 - INFO -   packets_transmitted: 10
2025-10-02 17:15:41 - INFO -   packets_received: 10
2025-10-02 17:15:41 - INFO -   packet_loss: 0.0
2025-10-02 17:15:41 - INFO -   min_rtt: 486.452
2025-10-02 17:15:41 - INFO -   avg_rtt: 2282.739
2025-10-02 17:15:41 - INFO -   max_rtt: 4257.124
2025-10-02 17:15:41 - INFO -   mdev: 1412.38
2025-10-02 17:15:41 - INFO - --------------------------------------------------
2025-10-02 17:15:55 - INFO - STATUS: SUCCESS ✅ | Device: WN-OF04-34 | IP: FD12:3456::B635:22FF:FE98:285C
2025-10-02 17:15:55 - INFO -   packets_transmitted: 10
2025-10-02 17:15:55 - INFO -   packets_received: 10
2025-10-02 17:15:55 - INFO -   packet_loss: 0.0
2025-10-02 17:15:55 - INFO -   min_rtt: 3960.952
2025-10-02 17:15:55 - INFO -   avg_rtt: 8113.062
2025-10-02 17:15:55 - INFO -   max_rtt: 11654.879
2025-10-02 17:15:55 - INFO -   mdev: 2287.141
2025-10-02 17:15:55 - INFO - --------------------------------------------------
2025-10-02 17:16:07 - INFO - STATUS: SUCCESS ✅ | Device: WN-L050-30 | IP: FD12:3456::92FD:9FFF:FEEE:9DF7
2025-10-02 17:16:07 - INFO -   packets_transmitted: 10
2025-10-02 17:16:07 - INFO -   packets_received: 10
2025-10-02 17:16:07 - INFO -   packet_loss: 0.0
2025-10-02 17:16:07 - INFO -   min_rtt: 731.79
2025-10-02 17:16:07 - INFO -   avg_rtt: 1520.062
2025-10-02 17:16:07 - INFO -   max_rtt: 2775.499
2025-10-02 17:16:07 - INFO -   mdev: 677.218
2025-10-02 17:16:07 - INFO - --------------------------------------------------
2025-10-02 17:16:26 - INFO - STATUS: SUCCESS ✅ | Device: WN-L051-30 | IP: FD12:3456::B635:22FF:FE98:285D
2025-10-02 17:16:26 - INFO -   packets_transmitted: 10
2025-10-02 17:16:26 - INFO -   packets_received: 9
2025-10-02 17:16:26 - INFO -   packet_loss: 10.0
2025-10-02 17:16:26 - INFO -   min_rtt: 1729.155
2025-10-02 17:16:26 - INFO -   avg_rtt: 5364.886
2025-10-02 17:16:26 - INFO -   max_rtt: 9330.617
2025-10-02 17:16:26 - INFO -   mdev: 2453.518
2025-10-02 17:16:26 - INFO - --------------------------------------------------
2025-10-02 17:16:46 - INFO - STATUS: SUCCESS ✅ | Device: WN-L038-30 | IP: FD12:3456::B635:22FF:FE98:253F
2025-10-02 17:16:46 - INFO -   packets_transmitted: 10
2025-10-02 17:16:46 - INFO -   packets_received: 8
2025-10-02 17:16:46 - INFO -   packet_loss: 20.0
2025-10-02 17:16:46 - INFO -   min_rtt: 3418.401
2025-10-02 17:16:46 - INFO -   avg_rtt: 7944.942
2025-10-02 17:16:46 - INFO -   max_rtt: 12248.72
2025-10-02 17:16:46 - INFO -   mdev: 2864.549
2025-10-02 17:16:46 - INFO - --------------------------------------------------
2025-10-02 17:19:05 - INFO - STATUS: SUCCESS ✅ | Device: WN-L039-30 | IP: FD12:3456::62A4:23FF:FE37:A3A8
2025-10-02 17:19:05 - INFO -   packets_transmitted: 10
2025-10-02 17:19:05 - INFO -   packets_received: 8
2025-10-02 17:19:05 - INFO -   packet_loss: 20.0
2025-10-02 17:19:05 - INFO -   min_rtt: 9295.031
2025-10-02 17:19:05 - INFO -   avg_rtt: 10697.377
2025-10-02 17:19:05 - INFO -   max_rtt: 12827.722
2025-10-02 17:19:05 - INFO -   mdev: 1289.702
2025-10-02 17:19:05 - INFO - --------------------------------------------------
2025-10-02 17:21:24 - INFO - STATUS: FAILED ❌ | Device: WN-L040-30 | IP: FD12:3456::B635:22FF:FE98:2541
2025-10-02 17:21:24 - INFO -   packets_transmitted: 10
2025-10-02 17:21:24 - INFO -   packets_received: 0
2025-10-02 17:21:24 - INFO -   packet_loss: 100.0
2025-10-02 17:21:24 - INFO -   min_rtt: 0.0
2025-10-02 17:21:24 - INFO -   avg_rtt: 0.0
2025-10-02 17:21:24 - INFO -   max_rtt: 0.0
2025-10-02 17:21:24 - INFO -   mdev: 0.0
2025-10-02 17:21:24 - INFO - --------------------------------------------------
2025-10-02 17:21:44 - INFO - STATUS: SUCCESS ✅ | Device: WN-L041-30 | IP: FD12:3456::B635:22FF:FE98:2529
2025-10-02 17:21:44 - INFO -   packets_transmitted: 10
2025-10-02 17:21:44 - INFO -   packets_received: 8
2025-10-02 17:21:44 - INFO -   packet_loss: 20.0
2025-10-02 17:21:44 - INFO -   min_rtt: 2705.271
2025-10-02 17:21:44 - INFO -   avg_rtt: 9218.771
2025-10-02 17:21:44 - INFO -   max_rtt: 13620.868
2025-10-02 17:21:44 - INFO -   mdev: 3500.219
2025-10-02 17:21:44 - INFO - --------------------------------------------------
2025-10-02 17:24:03 - INFO - STATUS: FAILED ❌ | Device: WN-L042-30 | IP: FD12:3456::62A4:23FF:FE37:A3AC
2025-10-02 17:24:03 - INFO -   packets_transmitted: 10
2025-10-02 17:24:03 - INFO -   packets_received: 0
2025-10-02 17:24:03 - INFO -   packet_loss: 100.0
2025-10-02 17:24:03 - INFO -   min_rtt: 0.0
2025-10-02 17:24:03 - INFO -   avg_rtt: 0.0
2025-10-02 17:24:03 - INFO -   max_rtt: 0.0
2025-10-02 17:24:03 - INFO -   mdev: 0.0
2025-10-02 17:24:03 - INFO - --------------------------------------------------
2025-10-02 17:26:22 - INFO - STATUS: SUCCESS ✅ | Device: WN-L043-30 | IP: FD12:3456::62A4:23FF:FE37:A39F
2025-10-02 17:26:22 - INFO -   packets_transmitted: 10
2025-10-02 17:26:22 - INFO -   packets_received: 4
2025-10-02 17:26:22 - INFO -   packet_loss: 60.0
2025-10-02 17:26:22 - INFO -   min_rtt: 23907.018
2025-10-02 17:26:22 - INFO -   avg_rtt: 26848.664
2025-10-02 17:26:22 - INFO -   max_rtt: 29834.99
2025-10-02 17:26:22 - INFO -   mdev: 2126.053
2025-10-02 17:26:22 - INFO - --------------------------------------------------
2025-10-02 17:28:42 - INFO - STATUS: FAILED ❌ | Device: WN-L044-30 | IP: FD12:3456::B635:22FF:FE98:2534
2025-10-02 17:28:42 - INFO -   packets_transmitted: 10
2025-10-02 17:28:42 - INFO -   packets_received: 0
2025-10-02 17:28:42 - INFO -   packet_loss: 100.0
2025-10-02 17:28:42 - INFO -   min_rtt: 0.0
2025-10-02 17:28:42 - INFO -   avg_rtt: 0.0
2025-10-02 17:28:42 - INFO -   max_rtt: 0.0
2025-10-02 17:28:42 - INFO -   mdev: 0.0
2025-10-02 17:28:42 - INFO - --------------------------------------------------
2025-10-02 17:31:01 - INFO - STATUS: FAILED ❌ | Device: WN-L045-30 | IP: FD12:3456::B635:22FF:FE98:2524
2025-10-02 17:31:01 - INFO -   packets_transmitted: 10
2025-10-02 17:31:01 - INFO -   packets_received: 0
2025-10-02 17:31:01 - INFO -   packet_loss: 100.0
2025-10-02 17:31:01 - INFO -   min_rtt: 0.0
2025-10-02 17:31:01 - INFO -   avg_rtt: 0.0
2025-10-02 17:31:01 - INFO -   max_rtt: 0.0
2025-10-02 17:31:01 - INFO -   mdev: 0.0
2025-10-02 17:31:01 - INFO - --------------------------------------------------
2025-10-02 17:33:20 - INFO - STATUS: SUCCESS ✅ | Device: WN-L047-30 | IP: FD12:3456::92FD:9FFF:FEEE:9D40
2025-10-02 17:33:20 - INFO -   packets_transmitted: 10
2025-10-02 17:33:20 - INFO -   packets_received: 1
2025-10-02 17:33:20 - INFO -   packet_loss: 90.0
2025-10-02 17:33:20 - INFO -   min_rtt: 19478.752
2025-10-02 17:33:20 - INFO -   avg_rtt: 19478.752
2025-10-02 17:33:20 - INFO -   max_rtt: 19478.752
2025-10-02 17:33:20 - INFO -   mdev: 0.0
2025-10-02 17:33:20 - INFO - --------------------------------------------------
2025-10-02 17:35:39 - INFO - STATUS: SUCCESS ✅ | Device: WN-L048-30 | IP: FD12:3456::B635:22FF:FE98:29A6
2025-10-02 17:35:39 - INFO -   packets_transmitted: 10
2025-10-02 17:35:39 - INFO -   packets_received: 2
2025-10-02 17:35:39 - INFO -   packet_loss: 80.0
2025-10-02 17:35:39 - INFO -   min_rtt: 25167.78
2025-10-02 17:35:39 - INFO -   avg_rtt: 26004.278
2025-10-02 17:35:39 - INFO -   max_rtt: 26840.776
2025-10-02 17:35:39 - INFO -   mdev: 836.498
2025-10-02 17:35:39 - INFO - --------------------------------------------------
