2025-10-06 16:47:58 - INFO - === PING TEST STARTED ===
2025-10-06 16:47:58 - INFO - Details: Testing 28 devices
2025-10-06 16:47:59 - INFO - STATUS: SUCCESS ✅ | Device: WN-L031-30 | IP: FD12:3456::B635:22FF:FE98:2537
2025-10-06 16:47:59 - INFO -   packets_transmitted: 1
2025-10-06 16:47:59 - INFO -   packets_received: 1
2025-10-06 16:47:59 - INFO -   packet_loss: 0.0
2025-10-06 16:47:59 - INFO -   min_rtt: 615.613
2025-10-06 16:47:59 - INFO -   avg_rtt: 615.613
2025-10-06 16:47:59 - INFO -   max_rtt: 615.613
2025-10-06 16:47:59 - INFO -   mdev: 0.0
2025-10-06 16:47:59 - INFO - --------------------------------------------------
2025-10-06 16:47:59 - INFO - STATUS: SUCCESS ✅ | Device: WN-L032-30 | IP: FD12:3456::B635:22FF:FE98:2523
2025-10-06 16:47:59 - INFO -   packets_transmitted: 1
2025-10-06 16:47:59 - INFO -   packets_received: 1
2025-10-06 16:47:59 - INFO -   packet_loss: 0.0
2025-10-06 16:47:59 - INFO -   min_rtt: 615.368
2025-10-06 16:47:59 - INFO -   avg_rtt: 615.368
2025-10-06 16:47:59 - INFO -   max_rtt: 615.368
2025-10-06 16:47:59 - INFO -   mdev: 0.0
2025-10-06 16:47:59 - INFO - --------------------------------------------------
2025-10-06 16:48:00 - INFO - STATUS: SUCCESS ✅ | Device: WN-L033-30 | IP: FD12:3456::B635:22FF:FE98:252B
2025-10-06 16:48:00 - INFO -   packets_transmitted: 1
2025-10-06 16:48:00 - INFO -   packets_received: 1
2025-10-06 16:48:00 - INFO -   packet_loss: 0.0
2025-10-06 16:48:00 - INFO -   min_rtt: 140.292
2025-10-06 16:48:00 - INFO -   avg_rtt: 140.292
2025-10-06 16:48:00 - INFO -   max_rtt: 140.292
2025-10-06 16:48:00 - INFO -   mdev: 0.0
2025-10-06 16:48:00 - INFO - --------------------------------------------------
2025-10-06 16:48:00 - INFO - STATUS: SUCCESS ✅ | Device: WN-L034-30 | IP: FD12:3456::62A4:23FF:FE37:A3B3
2025-10-06 16:48:00 - INFO -   packets_transmitted: 1
2025-10-06 16:48:00 - INFO -   packets_received: 1
2025-10-06 16:48:00 - INFO -   packet_loss: 0.0
2025-10-06 16:48:00 - INFO -   min_rtt: 265.406
2025-10-06 16:48:00 - INFO -   avg_rtt: 265.406
2025-10-06 16:48:00 - INFO -   max_rtt: 265.406
2025-10-06 16:48:00 - INFO -   mdev: 0.0
2025-10-06 16:48:00 - INFO - --------------------------------------------------
2025-10-06 16:48:00 - INFO - STATUS: SUCCESS ✅ | Device: WN-L035-30 | IP: FD12:3456::B635:22FF:FE98:285B
2025-10-06 16:48:00 - INFO -   packets_transmitted: 1
2025-10-06 16:48:00 - INFO -   packets_received: 1
2025-10-06 16:48:00 - INFO -   packet_loss: 0.0
2025-10-06 16:48:00 - INFO -   min_rtt: 280.47
2025-10-06 16:48:00 - INFO -   avg_rtt: 280.47
2025-10-06 16:48:00 - INFO -   max_rtt: 280.47
2025-10-06 16:48:00 - INFO -   mdev: 0.0
2025-10-06 16:48:00 - INFO - --------------------------------------------------
2025-10-06 16:48:10 - INFO - STATUS: FAILED ❌ | Device: WN-L036-30 | IP: FD12:3456::62A4:23FF:FE37:A3A1
2025-10-06 16:48:10 - INFO -   packets_transmitted: 1
2025-10-06 16:48:10 - INFO -   packets_received: 0
2025-10-06 16:48:10 - INFO -   packet_loss: 100.0
2025-10-06 16:48:10 - INFO -   min_rtt: 0.0
2025-10-06 16:48:10 - INFO -   avg_rtt: 0.0
2025-10-06 16:48:10 - INFO -   max_rtt: 0.0
2025-10-06 16:48:10 - INFO -   mdev: 0.0
2025-10-06 16:48:10 - INFO - --------------------------------------------------
2025-10-06 16:48:12 - INFO - STATUS: SUCCESS ✅ | Device: WN-L037-30 | IP: FD12:3456::B635:22FF:FE98:2539
2025-10-06 16:48:12 - INFO -   packets_transmitted: 1
2025-10-06 16:48:12 - INFO -   packets_received: 1
2025-10-06 16:48:12 - INFO -   packet_loss: 0.0
2025-10-06 16:48:12 - INFO -   min_rtt: 2026.326
2025-10-06 16:48:12 - INFO -   avg_rtt: 2026.326
2025-10-06 16:48:12 - INFO -   max_rtt: 2026.326
2025-10-06 16:48:12 - INFO -   mdev: 0.0
2025-10-06 16:48:12 - INFO - --------------------------------------------------
2025-10-06 16:48:13 - INFO - STATUS: SUCCESS ✅ | Device: WN-OF04-34 | IP: FD12:3456::B635:22FF:FE98:285C
2025-10-06 16:48:13 - INFO -   packets_transmitted: 1
2025-10-06 16:48:13 - INFO -   packets_received: 1
2025-10-06 16:48:13 - INFO -   packet_loss: 0.0
2025-10-06 16:48:13 - INFO -   min_rtt: 1181.24
2025-10-06 16:48:13 - INFO -   avg_rtt: 1181.24
2025-10-06 16:48:13 - INFO -   max_rtt: 1181.24
2025-10-06 16:48:13 - INFO -   mdev: 0.0
2025-10-06 16:48:13 - INFO - --------------------------------------------------
2025-10-06 16:48:14 - INFO - STATUS: SUCCESS ✅ | Device: WN-L050-30 | IP: FD12:3456::92FD:9FFF:FEEE:9DF7
2025-10-06 16:48:14 - INFO -   packets_transmitted: 1
2025-10-06 16:48:14 - INFO -   packets_received: 1
2025-10-06 16:48:14 - INFO -   packet_loss: 0.0
2025-10-06 16:48:14 - INFO -   min_rtt: 961.051
2025-10-06 16:48:14 - INFO -   avg_rtt: 961.051
2025-10-06 16:48:14 - INFO -   max_rtt: 961.051
2025-10-06 16:48:14 - INFO -   mdev: 0.0
2025-10-06 16:48:14 - INFO - --------------------------------------------------
2025-10-06 16:48:15 - INFO - STATUS: SUCCESS ✅ | Device: WN-L051-30 | IP: FD12:3456::B635:22FF:FE98:285D
2025-10-06 16:48:15 - INFO -   packets_transmitted: 1
2025-10-06 16:48:15 - INFO -   packets_received: 1
2025-10-06 16:48:15 - INFO -   packet_loss: 0.0
2025-10-06 16:48:15 - INFO -   min_rtt: 676.256
2025-10-06 16:48:15 - INFO -   avg_rtt: 676.256
2025-10-06 16:48:15 - INFO -   max_rtt: 676.256
2025-10-06 16:48:15 - INFO -   mdev: 0.0
2025-10-06 16:48:15 - INFO - --------------------------------------------------
2025-10-06 16:48:19 - INFO - STATUS: SUCCESS ✅ | Device: WN-L038-30 | IP: FD12:3456::B635:22FF:FE98:253F
2025-10-06 16:48:19 - INFO -   packets_transmitted: 1
2025-10-06 16:48:19 - INFO -   packets_received: 1
2025-10-06 16:48:19 - INFO -   packet_loss: 0.0
2025-10-06 16:48:19 - INFO -   min_rtt: 4341.124
2025-10-06 16:48:19 - INFO -   avg_rtt: 4341.124
2025-10-06 16:48:19 - INFO -   max_rtt: 4341.124
2025-10-06 16:48:19 - INFO -   mdev: 0.0
2025-10-06 16:48:19 - INFO - --------------------------------------------------
2025-10-06 16:48:21 - INFO - STATUS: SUCCESS ✅ | Device: WN-L039-30 | IP: FD12:3456::62A4:23FF:FE37:A3A8
2025-10-06 16:48:21 - INFO -   packets_transmitted: 1
2025-10-06 16:48:21 - INFO -   packets_received: 1
2025-10-06 16:48:21 - INFO -   packet_loss: 0.0
2025-10-06 16:48:21 - INFO -   min_rtt: 1691.152
2025-10-06 16:48:21 - INFO -   avg_rtt: 1691.152
2025-10-06 16:48:21 - INFO -   max_rtt: 1691.152
2025-10-06 16:48:21 - INFO -   mdev: 0.0
2025-10-06 16:48:21 - INFO - --------------------------------------------------
2025-10-06 16:48:28 - INFO - STATUS: FAILED ❌ | Device: WN-L040-30 | IP: FD12:3456::B635:22FF:FE98:2541
2025-10-06 16:48:28 - INFO -   packets_transmitted: 1
2025-10-06 16:48:28 - INFO -   packets_received: 0
2025-10-06 16:48:28 - INFO -   packet_loss: 100.0
2025-10-06 16:48:28 - INFO -   min_rtt: 0.0
2025-10-06 16:48:28 - INFO -   avg_rtt: 0.0
2025-10-06 16:48:28 - INFO -   max_rtt: 0.0
2025-10-06 16:48:28 - INFO -   mdev: 0.0
2025-10-06 16:48:28 - INFO - --------------------------------------------------
2025-10-06 16:48:28 - INFO - Test stopped by user
2025-10-06 16:48:28 - INFO - Summary: SUMMARY: 11/28 devices reachable (39.3% success rate) - Duration: 29s
2025-10-06 16:48:28 - INFO - === PING TEST COMPLETED ===
