2025-10-02 16:53:27 - INFO - === PING TEST STARTED ===
2025-10-02 16:53:27 - INFO - Details: Testing 28 devices
2025-10-02 16:57:08 - INFO - STATUS: FAILED ❌ | Device: WN-L031-30 | IP: FD12:3456::B635:22FF:FE98:2537
2025-10-02 16:57:08 - INFO -   packets_transmitted: 100
2025-10-02 16:57:08 - INFO -   packets_received: 0
2025-10-02 16:57:08 - INFO -   packet_loss: 100.0
2025-10-02 16:57:08 - INFO -   min_rtt: 0.0
2025-10-02 16:57:08 - INFO -   avg_rtt: 0.0
2025-10-02 16:57:08 - INFO -   max_rtt: 0.0
2025-10-02 16:57:08 - INFO -   mdev: 0.0
2025-10-02 16:57:08 - INFO - --------------------------------------------------
2025-10-02 16:58:48 - INFO - STATUS: SUCCESS ✅ | Device: WN-L032-30 | IP: FD12:3456::B635:22FF:FE98:2523
2025-10-02 16:58:48 - INFO -   packets_transmitted: 100
2025-10-02 16:58:48 - INFO -   packets_received: 100
2025-10-02 16:58:48 - INFO -   packet_loss: 0.0
2025-10-02 16:58:48 - INFO -   min_rtt: 261.477
2025-10-02 16:58:48 - INFO -   avg_rtt: 863.397
2025-10-02 16:58:48 - INFO -   max_rtt: 4421.038
2025-10-02 16:58:48 - INFO -   mdev: 910.84
2025-10-02 16:58:48 - INFO - --------------------------------------------------
2025-10-02 16:58:48 - INFO - Test stopped by user
2025-10-02 16:58:48 - INFO - Summary: SUMMARY: 1/28 devices reachable (3.6% success rate)
2025-10-02 16:58:48 - INFO - === PING TEST COMPLETED ===
