2025-10-03 16:46:07 - INFO - === PING TEST STARTED ===
2025-10-03 16:46:07 - INFO - Details: Testing 28 devices
2025-10-03 16:46:07 - INFO - STATUS: SUCCESS ✅ | Device: WN-L031-30 | IP: FD12:3456::B635:22FF:FE98:2537
2025-10-03 16:46:07 - INFO -   packets_transmitted: 1
2025-10-03 16:46:07 - INFO -   packets_received: 1
2025-10-03 16:46:07 - INFO -   packet_loss: 0.0
2025-10-03 16:46:07 - INFO -   min_rtt: 381.381
2025-10-03 16:46:07 - INFO -   avg_rtt: 381.381
2025-10-03 16:46:07 - INFO -   max_rtt: 381.381
2025-10-03 16:46:07 - INFO -   mdev: 0.0
2025-10-03 16:46:07 - INFO - --------------------------------------------------
2025-10-03 16:46:08 - INFO - STATUS: FAILED ❌ | Device: WN-L032-30 | IP: FD12:3456::B635:22FF:FE98:2523
2025-10-03 16:46:08 - INFO -   packets_transmitted: 1
2025-10-03 16:46:08 - INFO -   packets_received: 0
2025-10-03 16:46:08 - INFO -   packet_loss: 100.0
2025-10-03 16:46:08 - INFO -   min_rtt: 0.0
2025-10-03 16:46:08 - INFO -   avg_rtt: 0.0
2025-10-03 16:46:08 - INFO -   max_rtt: 0.0
2025-10-03 16:46:08 - INFO -   mdev: 0.0
2025-10-03 16:46:08 - INFO - --------------------------------------------------
2025-10-03 16:46:09 - INFO - STATUS: SUCCESS ✅ | Device: WN-L033-30 | IP: FD12:3456::B635:22FF:FE98:252B
2025-10-03 16:46:09 - INFO -   packets_transmitted: 1
2025-10-03 16:46:09 - INFO -   packets_received: 1
2025-10-03 16:46:09 - INFO -   packet_loss: 0.0
2025-10-03 16:46:09 - INFO -   min_rtt: 958.729
2025-10-03 16:46:09 - INFO -   avg_rtt: 958.729
2025-10-03 16:46:09 - INFO -   max_rtt: 958.729
2025-10-03 16:46:09 - INFO -   mdev: 0.0
2025-10-03 16:46:09 - INFO - --------------------------------------------------
2025-10-03 16:46:10 - INFO - STATUS: FAILED ❌ | Device: WN-L034-30 | IP: FD12:3456::62A4:23FF:FE37:A3B3
2025-10-03 16:46:10 - INFO -   packets_transmitted: 1
2025-10-03 16:46:10 - INFO -   packets_received: 0
2025-10-03 16:46:10 - INFO -   packet_loss: 100.0
2025-10-03 16:46:10 - INFO -   min_rtt: 0.0
2025-10-03 16:46:10 - INFO -   avg_rtt: 0.0
2025-10-03 16:46:10 - INFO -   max_rtt: 0.0
2025-10-03 16:46:10 - INFO -   mdev: 0.0
2025-10-03 16:46:10 - INFO - --------------------------------------------------
2025-10-03 16:46:11 - INFO - STATUS: FAILED ❌ | Device: WN-L035-30 | IP: FD12:3456::B635:22FF:FE98:285B
2025-10-03 16:46:11 - INFO -   packets_transmitted: 1
2025-10-03 16:46:11 - INFO -   packets_received: 0
2025-10-03 16:46:11 - INFO -   packet_loss: 100.0
2025-10-03 16:46:11 - INFO -   min_rtt: 0.0
2025-10-03 16:46:11 - INFO -   avg_rtt: 0.0
2025-10-03 16:46:11 - INFO -   max_rtt: 0.0
2025-10-03 16:46:11 - INFO -   mdev: 0.0
2025-10-03 16:46:11 - INFO - --------------------------------------------------
2025-10-03 16:46:12 - INFO - STATUS: FAILED ❌ | Device: WN-L036-30 | IP: FD12:3456::62A4:23FF:FE37:A3A1
2025-10-03 16:46:12 - INFO -   packets_transmitted: 1
2025-10-03 16:46:12 - INFO -   packets_received: 0
2025-10-03 16:46:12 - INFO -   packet_loss: 100.0
2025-10-03 16:46:12 - INFO -   min_rtt: 0.0
2025-10-03 16:46:12 - INFO -   avg_rtt: 0.0
2025-10-03 16:46:12 - INFO -   max_rtt: 0.0
2025-10-03 16:46:12 - INFO -   mdev: 0.0
2025-10-03 16:46:12 - INFO - --------------------------------------------------
2025-10-03 16:46:13 - INFO - STATUS: FAILED ❌ | Device: WN-L037-30 | IP: FD12:3456::B635:22FF:FE98:2539
2025-10-03 16:46:13 - INFO -   packets_transmitted: 1
2025-10-03 16:46:13 - INFO -   packets_received: 0
2025-10-03 16:46:13 - INFO -   packet_loss: 100.0
2025-10-03 16:46:13 - INFO -   min_rtt: 0.0
2025-10-03 16:46:13 - INFO -   avg_rtt: 0.0
2025-10-03 16:46:13 - INFO -   max_rtt: 0.0
2025-10-03 16:46:13 - INFO -   mdev: 0.0
2025-10-03 16:46:13 - INFO - --------------------------------------------------
2025-10-03 16:46:14 - INFO - STATUS: FAILED ❌ | Device: WN-OF04-34 | IP: FD12:3456::B635:22FF:FE98:285C
2025-10-03 16:46:14 - INFO -   packets_transmitted: 1
2025-10-03 16:46:14 - INFO -   packets_received: 0
2025-10-03 16:46:14 - INFO -   packet_loss: 100.0
2025-10-03 16:46:14 - INFO -   min_rtt: 0.0
2025-10-03 16:46:14 - INFO -   avg_rtt: 0.0
2025-10-03 16:46:14 - INFO -   max_rtt: 0.0
2025-10-03 16:46:14 - INFO -   mdev: 0.0
2025-10-03 16:46:14 - INFO - --------------------------------------------------
2025-10-03 16:46:15 - INFO - STATUS: FAILED ❌ | Device: WN-L050-30 | IP: FD12:3456::92FD:9FFF:FEEE:9DF7
2025-10-03 16:46:15 - INFO -   packets_transmitted: 1
2025-10-03 16:46:15 - INFO -   packets_received: 0
2025-10-03 16:46:15 - INFO -   packet_loss: 100.0
2025-10-03 16:46:15 - INFO -   min_rtt: 0.0
2025-10-03 16:46:15 - INFO -   avg_rtt: 0.0
2025-10-03 16:46:15 - INFO -   max_rtt: 0.0
2025-10-03 16:46:15 - INFO -   mdev: 0.0
2025-10-03 16:46:15 - INFO - --------------------------------------------------
2025-10-03 16:46:16 - INFO - STATUS: FAILED ❌ | Device: WN-L051-30 | IP: FD12:3456::B635:22FF:FE98:285D
2025-10-03 16:46:16 - INFO -   packets_transmitted: 1
2025-10-03 16:46:16 - INFO -   packets_received: 0
2025-10-03 16:46:16 - INFO -   packet_loss: 100.0
2025-10-03 16:46:16 - INFO -   min_rtt: 0.0
2025-10-03 16:46:16 - INFO -   avg_rtt: 0.0
2025-10-03 16:46:16 - INFO -   max_rtt: 0.0
2025-10-03 16:46:16 - INFO -   mdev: 0.0
2025-10-03 16:46:16 - INFO - --------------------------------------------------
2025-10-03 16:46:17 - INFO - STATUS: FAILED ❌ | Device: WN-L038-30 | IP: FD12:3456::B635:22FF:FE98:253F
2025-10-03 16:46:17 - INFO -   packets_transmitted: 1
2025-10-03 16:46:17 - INFO -   packets_received: 0
2025-10-03 16:46:17 - INFO -   packet_loss: 100.0
2025-10-03 16:46:17 - INFO -   min_rtt: 0.0
2025-10-03 16:46:17 - INFO -   avg_rtt: 0.0
2025-10-03 16:46:17 - INFO -   max_rtt: 0.0
2025-10-03 16:46:17 - INFO -   mdev: 0.0
2025-10-03 16:46:17 - INFO - --------------------------------------------------
2025-10-03 16:46:18 - INFO - STATUS: FAILED ❌ | Device: WN-L039-30 | IP: FD12:3456::62A4:23FF:FE37:A3A8
2025-10-03 16:46:18 - INFO -   packets_transmitted: 1
2025-10-03 16:46:18 - INFO -   packets_received: 0
2025-10-03 16:46:18 - INFO -   packet_loss: 100.0
2025-10-03 16:46:18 - INFO -   min_rtt: 0.0
2025-10-03 16:46:18 - INFO -   avg_rtt: 0.0
2025-10-03 16:46:18 - INFO -   max_rtt: 0.0
2025-10-03 16:46:18 - INFO -   mdev: 0.0
2025-10-03 16:46:18 - INFO - --------------------------------------------------
2025-10-03 16:46:19 - INFO - STATUS: FAILED ❌ | Device: WN-L040-30 | IP: FD12:3456::B635:22FF:FE98:2541
2025-10-03 16:46:19 - INFO -   packets_transmitted: 1
2025-10-03 16:46:19 - INFO -   packets_received: 0
2025-10-03 16:46:19 - INFO -   packet_loss: 100.0
2025-10-03 16:46:19 - INFO -   min_rtt: 0.0
2025-10-03 16:46:19 - INFO -   avg_rtt: 0.0
2025-10-03 16:46:19 - INFO -   max_rtt: 0.0
2025-10-03 16:46:19 - INFO -   mdev: 0.0
2025-10-03 16:46:19 - INFO - --------------------------------------------------
2025-10-03 16:46:20 - INFO - STATUS: FAILED ❌ | Device: WN-L041-30 | IP: FD12:3456::B635:22FF:FE98:2529
2025-10-03 16:46:20 - INFO -   packets_transmitted: 1
2025-10-03 16:46:20 - INFO -   packets_received: 0
2025-10-03 16:46:20 - INFO -   packet_loss: 100.0
2025-10-03 16:46:20 - INFO -   min_rtt: 0.0
2025-10-03 16:46:20 - INFO -   avg_rtt: 0.0
2025-10-03 16:46:20 - INFO -   max_rtt: 0.0
2025-10-03 16:46:20 - INFO -   mdev: 0.0
2025-10-03 16:46:20 - INFO - --------------------------------------------------
2025-10-03 16:46:21 - INFO - STATUS: FAILED ❌ | Device: WN-L042-30 | IP: FD12:3456::62A4:23FF:FE37:A3AC
2025-10-03 16:46:21 - INFO -   packets_transmitted: 1
2025-10-03 16:46:21 - INFO -   packets_received: 0
2025-10-03 16:46:21 - INFO -   packet_loss: 100.0
2025-10-03 16:46:21 - INFO -   min_rtt: 0.0
2025-10-03 16:46:21 - INFO -   avg_rtt: 0.0
2025-10-03 16:46:21 - INFO -   max_rtt: 0.0
2025-10-03 16:46:21 - INFO -   mdev: 0.0
2025-10-03 16:46:21 - INFO - --------------------------------------------------
2025-10-03 16:46:22 - INFO - STATUS: FAILED ❌ | Device: WN-L043-30 | IP: FD12:3456::62A4:23FF:FE37:A39F
2025-10-03 16:46:22 - INFO -   packets_transmitted: 1
2025-10-03 16:46:22 - INFO -   packets_received: 0
2025-10-03 16:46:22 - INFO -   packet_loss: 100.0
2025-10-03 16:46:22 - INFO -   min_rtt: 0.0
2025-10-03 16:46:22 - INFO -   avg_rtt: 0.0
2025-10-03 16:46:22 - INFO -   max_rtt: 0.0
2025-10-03 16:46:22 - INFO -   mdev: 0.0
2025-10-03 16:46:22 - INFO - --------------------------------------------------
2025-10-03 16:46:23 - INFO - STATUS: FAILED ❌ | Device: WN-L044-30 | IP: FD12:3456::B635:22FF:FE98:2534
2025-10-03 16:46:23 - INFO -   packets_transmitted: 1
2025-10-03 16:46:23 - INFO -   packets_received: 0
2025-10-03 16:46:23 - INFO -   packet_loss: 100.0
2025-10-03 16:46:23 - INFO -   min_rtt: 0.0
2025-10-03 16:46:23 - INFO -   avg_rtt: 0.0
2025-10-03 16:46:23 - INFO -   max_rtt: 0.0
2025-10-03 16:46:23 - INFO -   mdev: 0.0
2025-10-03 16:46:23 - INFO - --------------------------------------------------
2025-10-03 16:46:24 - INFO - STATUS: FAILED ❌ | Device: WN-L045-30 | IP: FD12:3456::B635:22FF:FE98:2524
2025-10-03 16:46:24 - INFO -   packets_transmitted: 1
2025-10-03 16:46:24 - INFO -   packets_received: 0
2025-10-03 16:46:24 - INFO -   packet_loss: 100.0
2025-10-03 16:46:24 - INFO -   min_rtt: 0.0
2025-10-03 16:46:24 - INFO -   avg_rtt: 0.0
2025-10-03 16:46:24 - INFO -   max_rtt: 0.0
2025-10-03 16:46:24 - INFO -   mdev: 0.0
2025-10-03 16:46:24 - INFO - --------------------------------------------------
2025-10-03 16:46:25 - INFO - STATUS: FAILED ❌ | Device: WN-L047-30 | IP: FD12:3456::92FD:9FFF:FEEE:9D40
2025-10-03 16:46:25 - INFO -   packets_transmitted: 1
2025-10-03 16:46:25 - INFO -   packets_received: 0
2025-10-03 16:46:25 - INFO -   packet_loss: 100.0
2025-10-03 16:46:25 - INFO -   min_rtt: 0.0
2025-10-03 16:46:25 - INFO -   avg_rtt: 0.0
2025-10-03 16:46:25 - INFO -   max_rtt: 0.0
2025-10-03 16:46:25 - INFO -   mdev: 0.0
2025-10-03 16:46:25 - INFO - --------------------------------------------------
2025-10-03 16:46:26 - INFO - STATUS: FAILED ❌ | Device: WN-L048-30 | IP: FD12:3456::B635:22FF:FE98:29A6
2025-10-03 16:46:26 - INFO -   packets_transmitted: 1
2025-10-03 16:46:26 - INFO -   packets_received: 0
2025-10-03 16:46:26 - INFO -   packet_loss: 100.0
2025-10-03 16:46:26 - INFO -   min_rtt: 0.0
2025-10-03 16:46:26 - INFO -   avg_rtt: 0.0
2025-10-03 16:46:26 - INFO -   max_rtt: 0.0
2025-10-03 16:46:26 - INFO -   mdev: 0.0
2025-10-03 16:46:26 - INFO - --------------------------------------------------
2025-10-03 16:46:27 - INFO - STATUS: FAILED ❌ | Device: WN-L052-30 | IP: FD12:3456::62A4:23FF:FE37:A3AD
2025-10-03 16:46:27 - INFO -   packets_transmitted: 1
2025-10-03 16:46:27 - INFO -   packets_received: 0
2025-10-03 16:46:27 - INFO -   packet_loss: 100.0
2025-10-03 16:46:27 - INFO -   min_rtt: 0.0
2025-10-03 16:46:27 - INFO -   avg_rtt: 0.0
2025-10-03 16:46:27 - INFO -   max_rtt: 0.0
2025-10-03 16:46:27 - INFO -   mdev: 0.0
2025-10-03 16:46:27 - INFO - --------------------------------------------------
2025-10-03 16:46:28 - INFO - STATUS: FAILED ❌ | Device: WN-L053-30 | IP: FD12:3456::B635:22FF:FE98:252C
2025-10-03 16:46:28 - INFO -   packets_transmitted: 1
2025-10-03 16:46:28 - INFO -   packets_received: 0
2025-10-03 16:46:28 - INFO -   packet_loss: 100.0
2025-10-03 16:46:28 - INFO -   min_rtt: 0.0
2025-10-03 16:46:28 - INFO -   avg_rtt: 0.0
2025-10-03 16:46:28 - INFO -   max_rtt: 0.0
2025-10-03 16:46:28 - INFO -   mdev: 0.0
2025-10-03 16:46:28 - INFO - --------------------------------------------------
2025-10-03 16:46:29 - INFO - STATUS: FAILED ❌ | Device: WN-L054-30 | IP: FD12:3456::B635:22FF:FE98:251E
2025-10-03 16:46:29 - INFO -   packets_transmitted: 1
2025-10-03 16:46:29 - INFO -   packets_received: 0
2025-10-03 16:46:29 - INFO -   packet_loss: 100.0
2025-10-03 16:46:29 - INFO -   min_rtt: 0.0
2025-10-03 16:46:29 - INFO -   avg_rtt: 0.0
2025-10-03 16:46:29 - INFO -   max_rtt: 0.0
2025-10-03 16:46:29 - INFO -   mdev: 0.0
2025-10-03 16:46:29 - INFO - --------------------------------------------------
2025-10-03 16:46:30 - INFO - STATUS: FAILED ❌ | Device: WN-VA24-30 | IP: FD12:3456::B635:22FF:FE98:253E
2025-10-03 16:46:30 - INFO -   packets_transmitted: 1
2025-10-03 16:46:30 - INFO -   packets_received: 0
2025-10-03 16:46:30 - INFO -   packet_loss: 100.0
2025-10-03 16:46:30 - INFO -   min_rtt: 0.0
2025-10-03 16:46:30 - INFO -   avg_rtt: 0.0
2025-10-03 16:46:30 - INFO -   max_rtt: 0.0
2025-10-03 16:46:30 - INFO -   mdev: 0.0
2025-10-03 16:46:30 - INFO - --------------------------------------------------
2025-10-03 16:46:31 - INFO - STATUS: SUCCESS ✅ | Device: WN-VA64-30 | IP: FD12:3456::B635:22FF:FE98:285E
2025-10-03 16:46:31 - INFO -   packets_transmitted: 1
2025-10-03 16:46:31 - INFO -   packets_received: 1
2025-10-03 16:46:31 - INFO -   packet_loss: 0.0
2025-10-03 16:46:31 - INFO -   min_rtt: 333.232
2025-10-03 16:46:31 - INFO -   avg_rtt: 333.232
2025-10-03 16:46:31 - INFO -   max_rtt: 333.232
2025-10-03 16:46:31 - INFO -   mdev: 0.0
2025-10-03 16:46:31 - INFO - --------------------------------------------------
2025-10-03 16:46:31 - INFO - STATUS: SUCCESS ✅ | Device: WN-VC44-30 | IP: FD12:3456::62A4:23FF:FE37:A3A9
2025-10-03 16:46:31 - INFO -   packets_transmitted: 1
2025-10-03 16:46:31 - INFO -   packets_received: 1
2025-10-03 16:46:31 - INFO -   packet_loss: 0.0
2025-10-03 16:46:31 - INFO -   min_rtt: 311.396
2025-10-03 16:46:31 - INFO -   avg_rtt: 311.396
2025-10-03 16:46:31 - INFO -   max_rtt: 311.396
2025-10-03 16:46:31 - INFO -   mdev: 0.0
2025-10-03 16:46:31 - INFO - --------------------------------------------------
2025-10-03 16:46:32 - INFO - STATUS: FAILED ❌ | Device: WN-NI04-34 | IP: FD12:3456::62A4:23FF:FE37:A3AB
2025-10-03 16:46:32 - INFO -   packets_transmitted: 1
2025-10-03 16:46:32 - INFO -   packets_received: 0
2025-10-03 16:46:32 - INFO -   packet_loss: 100.0
2025-10-03 16:46:32 - INFO -   min_rtt: 0.0
2025-10-03 16:46:32 - INFO -   avg_rtt: 0.0
2025-10-03 16:46:32 - INFO -   max_rtt: 0.0
2025-10-03 16:46:32 - INFO -   mdev: 0.0
2025-10-03 16:46:32 - INFO - --------------------------------------------------
2025-10-03 16:46:33 - INFO - STATUS: FAILED ❌ | Device: WN-L059-34 | IP: FD12:3456::B635:22FF:FE98:29A5
2025-10-03 16:46:33 - INFO -   packets_transmitted: 1
2025-10-03 16:46:33 - INFO -   packets_received: 0
2025-10-03 16:46:33 - INFO -   packet_loss: 100.0
2025-10-03 16:46:33 - INFO -   min_rtt: 0.0
2025-10-03 16:46:33 - INFO -   avg_rtt: 0.0
2025-10-03 16:46:33 - INFO -   max_rtt: 0.0
2025-10-03 16:46:33 - INFO -   mdev: 0.0
2025-10-03 16:46:33 - INFO - --------------------------------------------------
2025-10-03 16:46:33 - INFO - Summary: SUMMARY: 4/28 devices reachable (14.3% success rate) - Duration: 26s
2025-10-03 16:46:33 - INFO - === PING TEST COMPLETED ===
