2025-10-04 12:42:32 - INFO - === PING TEST STARTED ===
2025-10-04 12:42:32 - INFO - Details: Testing 28 devices
2025-10-04 12:42:32 - INFO - STATUS: SUCCESS ✅ | Device: WN-L031-30 | IP: FD12:3456::B635:22FF:FE98:2537
2025-10-04 12:42:32 - INFO -   packets_transmitted: 1
2025-10-04 12:42:32 - INFO -   packets_received: 1
2025-10-04 12:42:32 - INFO -   packet_loss: 0.0
2025-10-04 12:42:32 - INFO -   min_rtt: 626.6
2025-10-04 12:42:32 - INFO -   avg_rtt: 626.6
2025-10-04 12:42:32 - INFO -   max_rtt: 626.6
2025-10-04 12:42:32 - INFO -   mdev: 0.0
2025-10-04 12:42:32 - INFO - --------------------------------------------------
2025-10-04 12:42:33 - INFO - STATUS: SUCCESS ✅ | Device: WN-L032-30 | IP: FD12:3456::B635:22FF:FE98:2523
2025-10-04 12:42:33 - INFO -   packets_transmitted: 1
2025-10-04 12:42:33 - INFO -   packets_received: 1
2025-10-04 12:42:33 - INFO -   packet_loss: 0.0
2025-10-04 12:42:33 - INFO -   min_rtt: 841.347
2025-10-04 12:42:33 - INFO -   avg_rtt: 841.347
2025-10-04 12:42:33 - INFO -   max_rtt: 841.347
2025-10-04 12:42:33 - INFO -   mdev: 0.0
2025-10-04 12:42:33 - INFO - --------------------------------------------------
2025-10-04 12:42:33 - INFO - STATUS: SUCCESS ✅ | Device: WN-L033-30 | IP: FD12:3456::B635:22FF:FE98:252B
2025-10-04 12:42:33 - INFO -   packets_transmitted: 1
2025-10-04 12:42:33 - INFO -   packets_received: 1
2025-10-04 12:42:33 - INFO -   packet_loss: 0.0
2025-10-04 12:42:33 - INFO -   min_rtt: 137.018
2025-10-04 12:42:33 - INFO -   avg_rtt: 137.018
2025-10-04 12:42:33 - INFO -   max_rtt: 137.018
2025-10-04 12:42:33 - INFO -   mdev: 0.0
2025-10-04 12:42:33 - INFO - --------------------------------------------------
2025-10-04 12:42:34 - INFO - STATUS: SUCCESS ✅ | Device: WN-L034-30 | IP: FD12:3456::62A4:23FF:FE37:A3B3
2025-10-04 12:42:34 - INFO -   packets_transmitted: 1
2025-10-04 12:42:34 - INFO -   packets_received: 1
2025-10-04 12:42:34 - INFO -   packet_loss: 0.0
2025-10-04 12:42:34 - INFO -   min_rtt: 842.088
2025-10-04 12:42:34 - INFO -   avg_rtt: 842.088
2025-10-04 12:42:34 - INFO -   max_rtt: 842.088
2025-10-04 12:42:34 - INFO -   mdev: 0.0
2025-10-04 12:42:34 - INFO - --------------------------------------------------
2025-10-04 12:42:34 - INFO - Test paused by user
2025-10-04 12:42:35 - INFO - Test paused by user
2025-10-04 12:42:35 - INFO - Test paused by user
2025-10-04 12:42:36 - INFO - Test paused by user
2025-10-04 12:42:36 - INFO - Test paused by user
2025-10-04 12:42:37 - INFO - Test paused by user
2025-10-04 12:42:37 - INFO - Test paused by user
2025-10-04 12:42:38 - INFO - Test paused by user
2025-10-04 12:42:38 - INFO - Test paused by user
2025-10-04 12:42:39 - INFO - Test paused by user
2025-10-04 12:42:39 - INFO - Test paused by user
2025-10-04 12:42:40 - INFO - Test paused by user
2025-10-04 12:42:40 - INFO - Test paused by user
2025-10-04 12:42:41 - INFO - Test paused by user
2025-10-04 12:42:41 - INFO - Test paused by user
2025-10-04 12:42:42 - INFO - Test paused by user
2025-10-04 12:42:42 - INFO - Test paused by user
2025-10-04 12:42:43 - INFO - Test paused by user
2025-10-04 12:42:43 - INFO - Test paused by user
2025-10-04 12:42:44 - INFO - Test paused by user
2025-10-04 12:42:44 - INFO - Test paused by user
2025-10-04 12:42:45 - INFO - Test paused by user
2025-10-04 12:42:45 - INFO - Test paused by user
2025-10-04 12:42:46 - INFO - Test paused by user
2025-10-04 12:42:46 - INFO - Test paused by user
2025-10-04 12:42:47 - INFO - Test paused by user
2025-10-04 12:42:47 - INFO - Test paused by user
2025-10-04 12:42:48 - INFO - Test paused by user
2025-10-04 12:42:48 - INFO - Test paused by user
2025-10-04 12:42:49 - INFO - Test paused by user
2025-10-04 12:42:49 - INFO - Test paused by user
2025-10-04 12:42:50 - INFO - Test paused by user
2025-10-04 12:42:50 - INFO - Test paused by user
2025-10-04 12:42:51 - INFO - Test paused by user
2025-10-04 12:42:51 - INFO - Test paused by user
2025-10-04 12:42:52 - INFO - Test paused by user
2025-10-04 12:42:52 - INFO - Test paused by user
2025-10-04 12:42:53 - INFO - Test paused by user
2025-10-04 12:42:53 - INFO - Test paused by user
2025-10-04 12:42:54 - INFO - Test paused by user
2025-10-04 12:42:54 - INFO - Test paused by user
2025-10-04 12:42:55 - INFO - Test paused by user
2025-10-04 12:42:55 - INFO - Test paused by user
2025-10-04 12:42:56 - INFO - Test paused by user
2025-10-04 12:42:56 - INFO - Test paused by user
2025-10-04 12:42:57 - INFO - Test paused by user
2025-10-04 12:42:57 - INFO - Test paused by user
2025-10-04 12:42:58 - INFO - Test paused by user
2025-10-04 12:42:58 - INFO - Test paused by user
2025-10-04 12:42:59 - INFO - Test paused by user
2025-10-04 12:42:59 - INFO - Test paused by user
2025-10-04 12:43:00 - INFO - Test paused by user
2025-10-04 12:43:00 - INFO - Test paused by user
2025-10-04 12:43:01 - INFO - Test paused by user
2025-10-04 12:43:01 - INFO - Test paused by user
2025-10-04 12:43:02 - INFO - Test paused by user
2025-10-04 12:43:02 - INFO - Test paused by user
2025-10-04 12:43:03 - INFO - Test paused by user
2025-10-04 12:43:03 - INFO - Test paused by user
2025-10-04 12:43:04 - INFO - Test paused by user
2025-10-04 12:43:04 - INFO - Test paused by user
2025-10-04 12:43:05 - INFO - Test paused by user
2025-10-04 12:43:05 - INFO - Test paused by user
2025-10-04 12:43:06 - INFO - Test paused by user
2025-10-04 12:43:06 - INFO - Test paused by user
2025-10-04 12:43:07 - INFO - Test paused by user
2025-10-04 12:43:07 - INFO - Test paused by user
2025-10-04 12:43:08 - INFO - Test paused by user
2025-10-04 12:43:08 - INFO - Test paused by user
2025-10-04 12:43:09 - INFO - Test paused by user
2025-10-04 12:43:09 - INFO - Test paused by user
2025-10-04 12:43:10 - INFO - Test paused by user
2025-10-04 12:43:10 - INFO - Test paused by user
2025-10-04 12:43:11 - INFO - Test paused by user
2025-10-04 12:43:11 - INFO - Test paused by user
2025-10-04 12:43:12 - INFO - Test paused by user
2025-10-04 12:43:12 - INFO - Test paused by user
2025-10-04 12:43:13 - INFO - Test paused by user
2025-10-04 12:43:13 - INFO - Test paused by user
2025-10-04 12:43:14 - INFO - Test paused by user
2025-10-04 12:43:14 - INFO - Test paused by user
2025-10-04 12:43:15 - INFO - Test paused by user
2025-10-04 12:43:15 - INFO - Test paused by user
2025-10-04 12:43:16 - INFO - Test paused by user
2025-10-04 12:43:16 - INFO - Test paused by user
