2025-10-03 11:54:32 - INFO - === PING TEST STARTED ===
2025-10-03 11:54:32 - INFO - Details: Testing 28 devices
2025-10-03 11:54:48 - INFO - STATUS: SUCCESS ✅ | Device: WN-L031-30 | IP: FD12:3456::B635:22FF:FE98:2537
2025-10-03 11:54:48 - INFO -   packets_transmitted: 10
2025-10-03 11:54:48 - INFO -   packets_received: 9
2025-10-03 11:54:48 - INFO -   packet_loss: 10.0
2025-10-03 11:54:48 - INFO -   min_rtt: 380.408
2025-10-03 11:54:48 - INFO -   avg_rtt: 1668.893
2025-10-03 11:54:48 - INFO -   max_rtt: 3518.276
2025-10-03 11:54:48 - INFO -   mdev: 984.602
2025-10-03 11:54:48 - INFO - --------------------------------------------------
2025-10-03 11:54:58 - INFO - STATUS: SUCCESS ✅ | Device: WN-L032-30 | IP: FD12:3456::B635:22FF:FE98:2523
2025-10-03 11:54:58 - INFO -   packets_transmitted: 10
2025-10-03 11:54:58 - INFO -   packets_received: 10
2025-10-03 11:54:58 - INFO -   packet_loss: 0.0
2025-10-03 11:54:58 - INFO -   min_rtt: 671.408
2025-10-03 11:54:58 - INFO -   avg_rtt: 1981.359
2025-10-03 11:54:58 - INFO -   max_rtt: 3687.331
2025-10-03 11:54:58 - INFO -   mdev: 1059.584
2025-10-03 11:54:58 - INFO - --------------------------------------------------
2025-10-03 11:55:07 - INFO - STATUS: SUCCESS ✅ | Device: WN-L033-30 | IP: FD12:3456::B635:22FF:FE98:252B
2025-10-03 11:55:07 - INFO -   packets_transmitted: 10
2025-10-03 11:55:07 - INFO -   packets_received: 10
2025-10-03 11:55:07 - INFO -   packet_loss: 0.0
2025-10-03 11:55:07 - INFO -   min_rtt: 133.338
2025-10-03 11:55:07 - INFO -   avg_rtt: 1319.22
2025-10-03 11:55:07 - INFO -   max_rtt: 3701.006
2025-10-03 11:55:07 - INFO -   mdev: 1214.828
2025-10-03 11:55:07 - INFO - --------------------------------------------------
2025-10-03 11:55:34 - INFO - STATUS: SUCCESS ✅ | Device: WN-L034-30 | IP: FD12:3456::62A4:23FF:FE37:A3B3
2025-10-03 11:55:34 - INFO -   packets_transmitted: 10
2025-10-03 11:55:34 - INFO -   packets_received: 10
2025-10-03 11:55:34 - INFO -   packet_loss: 0.0
2025-10-03 11:55:34 - INFO -   min_rtt: 9081.052
2025-10-03 11:55:34 - INFO -   avg_rtt: 17026.937
2025-10-03 11:55:34 - INFO -   max_rtt: 19338.253
2025-10-03 11:55:34 - INFO -   mdev: 2760.766
2025-10-03 11:55:34 - INFO - --------------------------------------------------
2025-10-03 11:55:51 - INFO - STATUS: SUCCESS ✅ | Device: WN-L035-30 | IP: FD12:3456::B635:22FF:FE98:285B
2025-10-03 11:55:51 - INFO -   packets_transmitted: 10
2025-10-03 11:55:51 - INFO -   packets_received: 10
2025-10-03 11:55:51 - INFO -   packet_loss: 0.0
2025-10-03 11:55:51 - INFO -   min_rtt: 4365.701
2025-10-03 11:55:51 - INFO -   avg_rtt: 7016.752
2025-10-03 11:55:51 - INFO -   max_rtt: 8433.468
2025-10-03 11:55:51 - INFO -   mdev: 1237.747
2025-10-03 11:55:51 - INFO - --------------------------------------------------
2025-10-03 11:56:02 - INFO - STATUS: SUCCESS ✅ | Device: WN-L036-30 | IP: FD12:3456::62A4:23FF:FE37:A3A1
2025-10-03 11:56:02 - INFO -   packets_transmitted: 10
2025-10-03 11:56:02 - INFO -   packets_received: 10
2025-10-03 11:56:02 - INFO -   packet_loss: 0.0
2025-10-03 11:56:02 - INFO -   min_rtt: 1421.339
2025-10-03 11:56:02 - INFO -   avg_rtt: 2876.698
2025-10-03 11:56:02 - INFO -   max_rtt: 4235.595
2025-10-03 11:56:02 - INFO -   mdev: 905.342
2025-10-03 11:56:02 - INFO - --------------------------------------------------
2025-10-03 11:56:14 - INFO - STATUS: SUCCESS ✅ | Device: WN-L037-30 | IP: FD12:3456::B635:22FF:FE98:2539
2025-10-03 11:56:14 - INFO -   packets_transmitted: 10
2025-10-03 11:56:14 - INFO -   packets_received: 10
2025-10-03 11:56:14 - INFO -   packet_loss: 0.0
2025-10-03 11:56:14 - INFO -   min_rtt: 632.889
2025-10-03 11:56:14 - INFO -   avg_rtt: 1695.189
2025-10-03 11:56:14 - INFO -   max_rtt: 3384.44
2025-10-03 11:56:14 - INFO -   mdev: 978.35
2025-10-03 11:56:14 - INFO - --------------------------------------------------
2025-10-03 11:56:25 - INFO - STATUS: SUCCESS ✅ | Device: WN-OF04-34 | IP: FD12:3456::B635:22FF:FE98:285C
2025-10-03 11:56:25 - INFO -   packets_transmitted: 10
2025-10-03 11:56:25 - INFO -   packets_received: 10
2025-10-03 11:56:25 - INFO -   packet_loss: 0.0
2025-10-03 11:56:25 - INFO -   min_rtt: 330.287
2025-10-03 11:56:25 - INFO -   avg_rtt: 1286.592
2025-10-03 11:56:25 - INFO -   max_rtt: 2371.189
2025-10-03 11:56:25 - INFO -   mdev: 783.434
2025-10-03 11:56:25 - INFO - --------------------------------------------------
2025-10-03 11:56:42 - INFO - STATUS: SUCCESS ✅ | Device: WN-L050-30 | IP: FD12:3456::92FD:9FFF:FEEE:9DF7
2025-10-03 11:56:42 - INFO -   packets_transmitted: 10
2025-10-03 11:56:42 - INFO -   packets_received: 10
2025-10-03 11:56:42 - INFO -   packet_loss: 0.0
2025-10-03 11:56:42 - INFO -   min_rtt: 2102.316
2025-10-03 11:56:42 - INFO -   avg_rtt: 7665.123
2025-10-03 11:56:42 - INFO -   max_rtt: 10450.813
2025-10-03 11:56:42 - INFO -   mdev: 2994.744
2025-10-03 11:56:42 - INFO - --------------------------------------------------
2025-10-03 11:57:00 - INFO - STATUS: SUCCESS ✅ | Device: WN-L051-30 | IP: FD12:3456::B635:22FF:FE98:285D
2025-10-03 11:57:00 - INFO -   packets_transmitted: 10
2025-10-03 11:57:00 - INFO -   packets_received: 9
2025-10-03 11:57:00 - INFO -   packet_loss: 10.0
2025-10-03 11:57:00 - INFO -   min_rtt: 3340.929
2025-10-03 11:57:00 - INFO -   avg_rtt: 5240.413
2025-10-03 11:57:00 - INFO -   max_rtt: 7614.713
2025-10-03 11:57:00 - INFO -   mdev: 1365.148
2025-10-03 11:57:00 - INFO - --------------------------------------------------
2025-10-03 11:57:15 - INFO - STATUS: SUCCESS ✅ | Device: WN-L038-30 | IP: FD12:3456::B635:22FF:FE98:253F
2025-10-03 11:57:15 - INFO -   packets_transmitted: 10
2025-10-03 11:57:15 - INFO -   packets_received: 1
2025-10-03 11:57:15 - INFO -   packet_loss: 90.0
2025-10-03 11:57:15 - INFO -   min_rtt: 2951.194
2025-10-03 11:57:15 - INFO -   avg_rtt: 2951.194
2025-10-03 11:57:15 - INFO -   max_rtt: 2951.194
2025-10-03 11:57:15 - INFO -   mdev: 0.0
2025-10-03 11:57:15 - INFO - --------------------------------------------------
2025-10-03 11:59:24 - INFO - STATUS: SUCCESS ✅ | Device: WN-L039-30 | IP: FD12:3456::62A4:23FF:FE37:A3A8
2025-10-03 11:59:24 - INFO -   packets_transmitted: 10
2025-10-03 11:59:24 - INFO -   packets_received: 5
2025-10-03 11:59:24 - INFO -   packet_loss: 50.0
2025-10-03 11:59:24 - INFO -   min_rtt: 51733.592
2025-10-03 11:59:24 - INFO -   avg_rtt: 55974.536
2025-10-03 11:59:24 - INFO -   max_rtt: 59806.197
2025-10-03 11:59:24 - INFO -   mdev: 3519.847
2025-10-03 11:59:24 - INFO - --------------------------------------------------
2025-10-03 12:01:33 - INFO - STATUS: FAILED ❌ | Device: WN-L040-30 | IP: FD12:3456::B635:22FF:FE98:2541
2025-10-03 12:01:33 - INFO -   packets_transmitted: 10
2025-10-03 12:01:33 - INFO -   packets_received: 0
2025-10-03 12:01:33 - INFO -   packet_loss: 100.0
2025-10-03 12:01:33 - INFO -   min_rtt: 0.0
2025-10-03 12:01:33 - INFO -   avg_rtt: 0.0
2025-10-03 12:01:33 - INFO -   max_rtt: 0.0
2025-10-03 12:01:33 - INFO -   mdev: 0.0
2025-10-03 12:01:33 - INFO - --------------------------------------------------
2025-10-03 12:03:42 - INFO - STATUS: SUCCESS ✅ | Device: WN-L041-30 | IP: FD12:3456::B635:22FF:FE98:2529
2025-10-03 12:03:42 - INFO -   packets_transmitted: 10
2025-10-03 12:03:42 - INFO -   packets_received: 9
2025-10-03 12:03:42 - INFO -   packet_loss: 10.0
2025-10-03 12:03:42 - INFO -   min_rtt: 13710.98
2025-10-03 12:03:42 - INFO -   avg_rtt: 26811.507
2025-10-03 12:03:42 - INFO -   max_rtt: 32646.446
2025-10-03 12:03:42 - INFO -   mdev: 6329.413
2025-10-03 12:03:42 - INFO - --------------------------------------------------
2025-10-03 12:05:52 - INFO - STATUS: SUCCESS ✅ | Device: WN-L042-30 | IP: FD12:3456::62A4:23FF:FE37:A3AC
2025-10-03 12:05:52 - INFO -   packets_transmitted: 10
2025-10-03 12:05:52 - INFO -   packets_received: 6
2025-10-03 12:05:52 - INFO -   packet_loss: 40.0
2025-10-03 12:05:52 - INFO -   min_rtt: 13924.152
2025-10-03 12:05:52 - INFO -   avg_rtt: 20473.261
2025-10-03 12:05:52 - INFO -   max_rtt: 23996.232
2025-10-03 12:05:52 - INFO -   mdev: 4051.349
2025-10-03 12:05:52 - INFO - --------------------------------------------------
2025-10-03 12:06:08 - INFO - STATUS: SUCCESS ✅ | Device: WN-L043-30 | IP: FD12:3456::62A4:23FF:FE37:A39F
2025-10-03 12:06:08 - INFO -   packets_transmitted: 10
2025-10-03 12:06:08 - INFO -   packets_received: 6
2025-10-03 12:06:08 - INFO -   packet_loss: 40.0
2025-10-03 12:06:08 - INFO -   min_rtt: 2478.431
2025-10-03 12:06:08 - INFO -   avg_rtt: 6905.955
2025-10-03 12:06:08 - INFO -   max_rtt: 11304.271
2025-10-03 12:06:08 - INFO -   mdev: 3684.831
2025-10-03 12:06:08 - INFO - --------------------------------------------------
2025-10-03 12:08:18 - INFO - STATUS: SUCCESS ✅ | Device: WN-L044-30 | IP: FD12:3456::B635:22FF:FE98:2534
2025-10-03 12:08:18 - INFO -   packets_transmitted: 10
2025-10-03 12:08:18 - INFO -   packets_received: 9
2025-10-03 12:08:18 - INFO -   packet_loss: 10.0
2025-10-03 12:08:18 - INFO -   min_rtt: 38227.866
2025-10-03 12:08:18 - INFO -   avg_rtt: 47904.204
2025-10-03 12:08:18 - INFO -   max_rtt: 51340.135
2025-10-03 12:08:18 - INFO -   mdev: 5177.544
2025-10-03 12:08:18 - INFO - --------------------------------------------------
2025-10-03 12:10:27 - INFO - STATUS: FAILED ❌ | Device: WN-L045-30 | IP: FD12:3456::B635:22FF:FE98:2524
2025-10-03 12:10:27 - INFO -   packets_transmitted: 10
2025-10-03 12:10:27 - INFO -   packets_received: 0
2025-10-03 12:10:27 - INFO -   packet_loss: 100.0
2025-10-03 12:10:27 - INFO -   min_rtt: 0.0
2025-10-03 12:10:27 - INFO -   avg_rtt: 0.0
2025-10-03 12:10:27 - INFO -   max_rtt: 0.0
2025-10-03 12:10:27 - INFO -   mdev: 0.0
2025-10-03 12:10:27 - INFO - --------------------------------------------------
2025-10-03 12:12:36 - INFO - STATUS: SUCCESS ✅ | Device: WN-L047-30 | IP: FD12:3456::92FD:9FFF:FEEE:9D40
2025-10-03 12:12:36 - INFO -   packets_transmitted: 10
2025-10-03 12:12:36 - INFO -   packets_received: 5
2025-10-03 12:12:36 - INFO -   packet_loss: 50.0
2025-10-03 12:12:36 - INFO -   min_rtt: 15526.863
2025-10-03 12:12:36 - INFO -   avg_rtt: 17483.66
2025-10-03 12:12:36 - INFO -   max_rtt: 19658.568
2025-10-03 12:12:36 - INFO -   mdev: 1660.735
2025-10-03 12:12:36 - INFO - --------------------------------------------------
2025-10-03 12:14:45 - INFO - STATUS: SUCCESS ✅ | Device: WN-L048-30 | IP: FD12:3456::B635:22FF:FE98:29A6
2025-10-03 12:14:45 - INFO -   packets_transmitted: 10
2025-10-03 12:14:45 - INFO -   packets_received: 7
2025-10-03 12:14:45 - INFO -   packet_loss: 30.0
2025-10-03 12:14:45 - INFO -   min_rtt: 9559.821
2025-10-03 12:14:45 - INFO -   avg_rtt: 10300.936
2025-10-03 12:14:45 - INFO -   max_rtt: 11495.695
2025-10-03 12:14:45 - INFO -   mdev: 627.7
2025-10-03 12:14:45 - INFO - --------------------------------------------------
2025-10-03 12:16:54 - INFO - STATUS: SUCCESS ✅ | Device: WN-L052-30 | IP: FD12:3456::62A4:23FF:FE37:A3AD
2025-10-03 12:16:54 - INFO -   packets_transmitted: 10
2025-10-03 12:16:54 - INFO -   packets_received: 1
2025-10-03 12:16:54 - INFO -   packet_loss: 90.0
2025-10-03 12:16:54 - INFO -   min_rtt: 27245.56
2025-10-03 12:16:54 - INFO -   avg_rtt: 27245.56
2025-10-03 12:16:54 - INFO -   max_rtt: 27245.56
2025-10-03 12:16:54 - INFO -   mdev: 0.0
2025-10-03 12:16:54 - INFO - --------------------------------------------------
2025-10-03 12:17:08 - INFO - STATUS: SUCCESS ✅ | Device: WN-L053-30 | IP: FD12:3456::B635:22FF:FE98:252C
2025-10-03 12:17:08 - INFO -   packets_transmitted: 10
2025-10-03 12:17:08 - INFO -   packets_received: 2
2025-10-03 12:17:08 - INFO -   packet_loss: 80.0
2025-10-03 12:17:08 - INFO -   min_rtt: 2073.311
2025-10-03 12:17:08 - INFO -   avg_rtt: 5058.505
2025-10-03 12:17:08 - INFO -   max_rtt: 8043.699
2025-10-03 12:17:08 - INFO -   mdev: 2985.194
2025-10-03 12:17:08 - INFO - --------------------------------------------------
2025-10-03 12:19:17 - INFO - STATUS: SUCCESS ✅ | Device: WN-L054-30 | IP: FD12:3456::B635:22FF:FE98:251E
2025-10-03 12:19:17 - INFO -   packets_transmitted: 10
2025-10-03 12:19:17 - INFO -   packets_received: 6
2025-10-03 12:19:17 - INFO -   packet_loss: 40.0
2025-10-03 12:19:17 - INFO -   min_rtt: 35498.814
2025-10-03 12:19:17 - INFO -   avg_rtt: 39782.25
2025-10-03 12:19:17 - INFO -   max_rtt: 41036.386
2025-10-03 12:19:17 - INFO -   mdev: 1971.49
2025-10-03 12:19:17 - INFO - --------------------------------------------------
2025-10-03 12:19:34 - INFO - STATUS: SUCCESS ✅ | Device: WN-VA24-30 | IP: FD12:3456::B635:22FF:FE98:253E
2025-10-03 12:19:34 - INFO -   packets_transmitted: 10
2025-10-03 12:19:34 - INFO -   packets_received: 10
2025-10-03 12:19:34 - INFO -   packet_loss: 0.0
2025-10-03 12:19:34 - INFO -   min_rtt: 6598.073
2025-10-03 12:19:34 - INFO -   avg_rtt: 8604.263
2025-10-03 12:19:34 - INFO -   max_rtt: 10506.873
2025-10-03 12:19:34 - INFO -   mdev: 1287.532
2025-10-03 12:19:34 - INFO - --------------------------------------------------
2025-10-03 12:19:43 - INFO - STATUS: SUCCESS ✅ | Device: WN-VA64-30 | IP: FD12:3456::B635:22FF:FE98:285E
2025-10-03 12:19:43 - INFO -   packets_transmitted: 10
2025-10-03 12:19:43 - INFO -   packets_received: 10
2025-10-03 12:19:43 - INFO -   packet_loss: 0.0
2025-10-03 12:19:43 - INFO -   min_rtt: 128.572
2025-10-03 12:19:43 - INFO -   avg_rtt: 370.067
2025-10-03 12:19:43 - INFO -   max_rtt: 1026.244
2025-10-03 12:19:43 - INFO -   mdev: 320.655
2025-10-03 12:19:43 - INFO - --------------------------------------------------
2025-10-03 12:19:56 - INFO - STATUS: SUCCESS ✅ | Device: WN-VC44-30 | IP: FD12:3456::62A4:23FF:FE37:A3A9
2025-10-03 12:19:56 - INFO -   packets_transmitted: 10
2025-10-03 12:19:56 - INFO -   packets_received: 8
2025-10-03 12:19:56 - INFO -   packet_loss: 20.0
2025-10-03 12:19:56 - INFO -   min_rtt: 136.59
2025-10-03 12:19:56 - INFO -   avg_rtt: 2502.84
2025-10-03 12:19:56 - INFO -   max_rtt: 4696.638
2025-10-03 12:19:56 - INFO -   mdev: 1619.568
2025-10-03 12:19:56 - INFO - --------------------------------------------------
2025-10-03 12:22:05 - INFO - STATUS: FAILED ❌ | Device: WN-NI04-34 | IP: FD12:3456::62A4:23FF:FE37:A3AB
2025-10-03 12:22:05 - INFO -   packets_transmitted: 10
2025-10-03 12:22:05 - INFO -   packets_received: 0
2025-10-03 12:22:05 - INFO -   packet_loss: 100.0
2025-10-03 12:22:05 - INFO -   min_rtt: 0.0
2025-10-03 12:22:05 - INFO -   avg_rtt: 0.0
2025-10-03 12:22:05 - INFO -   max_rtt: 0.0
2025-10-03 12:22:05 - INFO -   mdev: 0.0
2025-10-03 12:22:05 - INFO - --------------------------------------------------
2025-10-03 12:22:20 - INFO - STATUS: FAILED ❌ | Device: WN-L059-34 | IP: FD12:3456::B635:22FF:FE98:29A5
2025-10-03 12:22:20 - INFO -   packets_transmitted: 0
2025-10-03 12:22:20 - INFO -   packets_received: 0
2025-10-03 12:22:20 - INFO -   packet_loss: 100.0
2025-10-03 12:22:20 - INFO -   min_rtt: 2820.218
2025-10-03 12:22:20 - INFO -   avg_rtt: 8869.794
2025-10-03 12:22:20 - INFO -   max_rtt: 11544.134
2025-10-03 12:22:20 - INFO -   mdev: 3168.413
2025-10-03 12:22:20 - INFO - --------------------------------------------------
2025-10-03 12:22:20 - INFO - Summary: SUMMARY: 24/28 devices reachable (85.7% success rate)
2025-10-03 12:22:20 - INFO - === PING TEST COMPLETED ===
