2025-10-02 18:20:39 - INFO - === PING TEST STARTED ===
2025-10-02 18:20:39 - INFO - Details: Testing 28 devices
2025-10-02 18:20:40 - INFO - STATUS: FAILED ❌ | Device: WN-L031-30 | IP: FD12:3456::B635:22FF:FE98:2537
2025-10-02 18:20:40 - INFO -   packets_transmitted: 1
2025-10-02 18:20:40 - INFO -   packets_received: 0
2025-10-02 18:20:40 - INFO -   packet_loss: 100.0
2025-10-02 18:20:40 - INFO -   min_rtt: 0.0
2025-10-02 18:20:40 - INFO -   avg_rtt: 0.0
2025-10-02 18:20:40 - INFO -   max_rtt: 0.0
2025-10-02 18:20:40 - INFO -   mdev: 0.0
2025-10-02 18:20:40 - INFO - --------------------------------------------------
2025-10-02 18:20:40 - INFO - STATUS: SUCCESS ✅ | Device: WN-L032-30 | IP: FD12:3456::B635:22FF:FE98:2523
2025-10-02 18:20:40 - INFO -   packets_transmitted: 1
2025-10-02 18:20:40 - INFO -   packets_received: 1
2025-10-02 18:20:40 - INFO -   packet_loss: 0.0
2025-10-02 18:20:40 - INFO -   min_rtt: 326.978
2025-10-02 18:20:40 - INFO -   avg_rtt: 326.978
2025-10-02 18:20:40 - INFO -   max_rtt: 326.978
2025-10-02 18:20:40 - INFO -   mdev: 0.0
2025-10-02 18:20:40 - INFO - --------------------------------------------------
2025-10-02 18:20:40 - INFO - STATUS: SUCCESS ✅ | Device: WN-L033-30 | IP: FD12:3456::B635:22FF:FE98:252B
2025-10-02 18:20:40 - INFO -   packets_transmitted: 1
2025-10-02 18:20:40 - INFO -   packets_received: 1
2025-10-02 18:20:40 - INFO -   packet_loss: 0.0
2025-10-02 18:20:40 - INFO -   min_rtt: 135.494
2025-10-02 18:20:40 - INFO -   avg_rtt: 135.494
2025-10-02 18:20:40 - INFO -   max_rtt: 135.494
2025-10-02 18:20:40 - INFO -   mdev: 0.0
2025-10-02 18:20:40 - INFO - --------------------------------------------------
2025-10-02 18:20:41 - INFO - STATUS: SUCCESS ✅ | Device: WN-L034-30 | IP: FD12:3456::62A4:23FF:FE37:A3B3
2025-10-02 18:20:41 - INFO -   packets_transmitted: 1
2025-10-02 18:20:41 - INFO -   packets_received: 1
2025-10-02 18:20:41 - INFO -   packet_loss: 0.0
2025-10-02 18:20:41 - INFO -   min_rtt: 755.384
2025-10-02 18:20:41 - INFO -   avg_rtt: 755.384
2025-10-02 18:20:41 - INFO -   max_rtt: 755.384
2025-10-02 18:20:41 - INFO -   mdev: 0.0
2025-10-02 18:20:41 - INFO - --------------------------------------------------
2025-10-02 18:20:42 - INFO - STATUS: SUCCESS ✅ | Device: WN-L035-30 | IP: FD12:3456::B635:22FF:FE98:285B
2025-10-02 18:20:42 - INFO -   packets_transmitted: 1
2025-10-02 18:20:42 - INFO -   packets_received: 1
2025-10-02 18:20:42 - INFO -   packet_loss: 0.0
2025-10-02 18:20:42 - INFO -   min_rtt: 440.501
2025-10-02 18:20:42 - INFO -   avg_rtt: 440.501
2025-10-02 18:20:42 - INFO -   max_rtt: 440.501
2025-10-02 18:20:42 - INFO -   mdev: 0.0
2025-10-02 18:20:42 - INFO - --------------------------------------------------
2025-10-02 18:20:42 - INFO - STATUS: SUCCESS ✅ | Device: WN-L036-30 | IP: FD12:3456::62A4:23FF:FE37:A3A1
2025-10-02 18:20:42 - INFO -   packets_transmitted: 1
2025-10-02 18:20:42 - INFO -   packets_received: 1
2025-10-02 18:20:42 - INFO -   packet_loss: 0.0
2025-10-02 18:20:42 - INFO -   min_rtt: 730.39
2025-10-02 18:20:42 - INFO -   avg_rtt: 730.39
2025-10-02 18:20:42 - INFO -   max_rtt: 730.39
2025-10-02 18:20:42 - INFO -   mdev: 0.0
2025-10-02 18:20:42 - INFO - --------------------------------------------------
2025-10-02 18:20:43 - INFO - STATUS: FAILED ❌ | Device: WN-L037-30 | IP: FD12:3456::B635:22FF:FE98:2539
2025-10-02 18:20:43 - INFO -   packets_transmitted: 1
2025-10-02 18:20:43 - INFO -   packets_received: 0
2025-10-02 18:20:43 - INFO -   packet_loss: 100.0
2025-10-02 18:20:43 - INFO -   min_rtt: 0.0
2025-10-02 18:20:43 - INFO -   avg_rtt: 0.0
2025-10-02 18:20:43 - INFO -   max_rtt: 0.0
2025-10-02 18:20:43 - INFO -   mdev: 0.0
2025-10-02 18:20:43 - INFO - --------------------------------------------------
2025-10-02 18:20:44 - INFO - STATUS: FAILED ❌ | Device: WN-OF04-34 | IP: FD12:3456::B635:22FF:FE98:285C
2025-10-02 18:20:44 - INFO -   packets_transmitted: 1
2025-10-02 18:20:44 - INFO -   packets_received: 0
2025-10-02 18:20:44 - INFO -   packet_loss: 100.0
2025-10-02 18:20:44 - INFO -   min_rtt: 0.0
2025-10-02 18:20:44 - INFO -   avg_rtt: 0.0
2025-10-02 18:20:44 - INFO -   max_rtt: 0.0
2025-10-02 18:20:44 - INFO -   mdev: 0.0
2025-10-02 18:20:44 - INFO - --------------------------------------------------
2025-10-02 18:20:45 - INFO - STATUS: FAILED ❌ | Device: WN-L050-30 | IP: FD12:3456::92FD:9FFF:FEEE:9DF7
2025-10-02 18:20:45 - INFO -   packets_transmitted: 1
2025-10-02 18:20:45 - INFO -   packets_received: 0
2025-10-02 18:20:45 - INFO -   packet_loss: 100.0
2025-10-02 18:20:45 - INFO -   min_rtt: 0.0
2025-10-02 18:20:45 - INFO -   avg_rtt: 0.0
2025-10-02 18:20:45 - INFO -   max_rtt: 0.0
2025-10-02 18:20:45 - INFO -   mdev: 0.0
2025-10-02 18:20:45 - INFO - --------------------------------------------------
2025-10-02 18:20:46 - INFO - STATUS: FAILED ❌ | Device: WN-L051-30 | IP: FD12:3456::B635:22FF:FE98:285D
2025-10-02 18:20:46 - INFO -   packets_transmitted: 1
2025-10-02 18:20:46 - INFO -   packets_received: 0
2025-10-02 18:20:46 - INFO -   packet_loss: 100.0
2025-10-02 18:20:46 - INFO -   min_rtt: 0.0
2025-10-02 18:20:46 - INFO -   avg_rtt: 0.0
2025-10-02 18:20:46 - INFO -   max_rtt: 0.0
2025-10-02 18:20:46 - INFO -   mdev: 0.0
2025-10-02 18:20:46 - INFO - --------------------------------------------------
2025-10-02 18:20:47 - INFO - STATUS: FAILED ❌ | Device: WN-L038-30 | IP: FD12:3456::B635:22FF:FE98:253F
2025-10-02 18:20:47 - INFO -   packets_transmitted: 1
2025-10-02 18:20:47 - INFO -   packets_received: 0
2025-10-02 18:20:47 - INFO -   packet_loss: 100.0
2025-10-02 18:20:47 - INFO -   min_rtt: 0.0
2025-10-02 18:20:47 - INFO -   avg_rtt: 0.0
2025-10-02 18:20:47 - INFO -   max_rtt: 0.0
2025-10-02 18:20:47 - INFO -   mdev: 0.0
2025-10-02 18:20:47 - INFO - --------------------------------------------------
2025-10-02 18:20:48 - INFO - STATUS: FAILED ❌ | Device: WN-L039-30 | IP: FD12:3456::62A4:23FF:FE37:A3A8
2025-10-02 18:20:48 - INFO -   packets_transmitted: 1
2025-10-02 18:20:48 - INFO -   packets_received: 0
2025-10-02 18:20:48 - INFO -   packet_loss: 100.0
2025-10-02 18:20:48 - INFO -   min_rtt: 0.0
2025-10-02 18:20:48 - INFO -   avg_rtt: 0.0
2025-10-02 18:20:48 - INFO -   max_rtt: 0.0
2025-10-02 18:20:48 - INFO -   mdev: 0.0
2025-10-02 18:20:48 - INFO - --------------------------------------------------
2025-10-02 18:20:49 - INFO - STATUS: FAILED ❌ | Device: WN-L040-30 | IP: FD12:3456::B635:22FF:FE98:2541
2025-10-02 18:20:49 - INFO -   packets_transmitted: 1
2025-10-02 18:20:49 - INFO -   packets_received: 0
2025-10-02 18:20:49 - INFO -   packet_loss: 100.0
2025-10-02 18:20:49 - INFO -   min_rtt: 0.0
2025-10-02 18:20:49 - INFO -   avg_rtt: 0.0
2025-10-02 18:20:49 - INFO -   max_rtt: 0.0
2025-10-02 18:20:49 - INFO -   mdev: 0.0
2025-10-02 18:20:49 - INFO - --------------------------------------------------
2025-10-02 18:20:50 - INFO - STATUS: FAILED ❌ | Device: WN-L041-30 | IP: FD12:3456::B635:22FF:FE98:2529
2025-10-02 18:20:50 - INFO -   packets_transmitted: 1
2025-10-02 18:20:50 - INFO -   packets_received: 0
2025-10-02 18:20:50 - INFO -   packet_loss: 100.0
2025-10-02 18:20:50 - INFO -   min_rtt: 0.0
2025-10-02 18:20:50 - INFO -   avg_rtt: 0.0
2025-10-02 18:20:50 - INFO -   max_rtt: 0.0
2025-10-02 18:20:50 - INFO -   mdev: 0.0
2025-10-02 18:20:50 - INFO - --------------------------------------------------
2025-10-02 18:20:51 - INFO - STATUS: FAILED ❌ | Device: WN-L042-30 | IP: FD12:3456::62A4:23FF:FE37:A3AC
2025-10-02 18:20:51 - INFO -   packets_transmitted: 1
2025-10-02 18:20:51 - INFO -   packets_received: 0
2025-10-02 18:20:51 - INFO -   packet_loss: 100.0
2025-10-02 18:20:51 - INFO -   min_rtt: 0.0
2025-10-02 18:20:51 - INFO -   avg_rtt: 0.0
2025-10-02 18:20:51 - INFO -   max_rtt: 0.0
2025-10-02 18:20:51 - INFO -   mdev: 0.0
2025-10-02 18:20:51 - INFO - --------------------------------------------------
2025-10-02 18:20:52 - INFO - STATUS: FAILED ❌ | Device: WN-L043-30 | IP: FD12:3456::62A4:23FF:FE37:A39F
2025-10-02 18:20:52 - INFO -   packets_transmitted: 1
2025-10-02 18:20:52 - INFO -   packets_received: 0
2025-10-02 18:20:52 - INFO -   packet_loss: 100.0
2025-10-02 18:20:52 - INFO -   min_rtt: 0.0
2025-10-02 18:20:52 - INFO -   avg_rtt: 0.0
2025-10-02 18:20:52 - INFO -   max_rtt: 0.0
2025-10-02 18:20:52 - INFO -   mdev: 0.0
2025-10-02 18:20:52 - INFO - --------------------------------------------------
2025-10-02 18:20:53 - INFO - STATUS: FAILED ❌ | Device: WN-L044-30 | IP: FD12:3456::B635:22FF:FE98:2534
2025-10-02 18:20:53 - INFO -   packets_transmitted: 1
2025-10-02 18:20:53 - INFO -   packets_received: 0
2025-10-02 18:20:53 - INFO -   packet_loss: 100.0
2025-10-02 18:20:53 - INFO -   min_rtt: 0.0
2025-10-02 18:20:53 - INFO -   avg_rtt: 0.0
2025-10-02 18:20:53 - INFO -   max_rtt: 0.0
2025-10-02 18:20:53 - INFO -   mdev: 0.0
2025-10-02 18:20:53 - INFO - --------------------------------------------------
2025-10-02 18:20:54 - INFO - STATUS: FAILED ❌ | Device: WN-L045-30 | IP: FD12:3456::B635:22FF:FE98:2524
2025-10-02 18:20:54 - INFO -   packets_transmitted: 1
2025-10-02 18:20:54 - INFO -   packets_received: 0
2025-10-02 18:20:54 - INFO -   packet_loss: 100.0
2025-10-02 18:20:54 - INFO -   min_rtt: 0.0
2025-10-02 18:20:54 - INFO -   avg_rtt: 0.0
2025-10-02 18:20:54 - INFO -   max_rtt: 0.0
2025-10-02 18:20:54 - INFO -   mdev: 0.0
2025-10-02 18:20:54 - INFO - --------------------------------------------------
2025-10-02 18:20:55 - INFO - STATUS: FAILED ❌ | Device: WN-L047-30 | IP: FD12:3456::92FD:9FFF:FEEE:9D40
2025-10-02 18:20:55 - INFO -   packets_transmitted: 1
2025-10-02 18:20:55 - INFO -   packets_received: 0
2025-10-02 18:20:55 - INFO -   packet_loss: 100.0
2025-10-02 18:20:55 - INFO -   min_rtt: 0.0
2025-10-02 18:20:55 - INFO -   avg_rtt: 0.0
2025-10-02 18:20:55 - INFO -   max_rtt: 0.0
2025-10-02 18:20:55 - INFO -   mdev: 0.0
2025-10-02 18:20:55 - INFO - --------------------------------------------------
2025-10-02 18:20:56 - INFO - STATUS: FAILED ❌ | Device: WN-L048-30 | IP: FD12:3456::B635:22FF:FE98:29A6
2025-10-02 18:20:56 - INFO -   packets_transmitted: 1
2025-10-02 18:20:56 - INFO -   packets_received: 0
2025-10-02 18:20:56 - INFO -   packet_loss: 100.0
2025-10-02 18:20:56 - INFO -   min_rtt: 0.0
2025-10-02 18:20:56 - INFO -   avg_rtt: 0.0
2025-10-02 18:20:56 - INFO -   max_rtt: 0.0
2025-10-02 18:20:56 - INFO -   mdev: 0.0
2025-10-02 18:20:56 - INFO - --------------------------------------------------
2025-10-02 18:20:57 - INFO - STATUS: FAILED ❌ | Device: WN-L052-30 | IP: FD12:3456::62A4:23FF:FE37:A3AD
2025-10-02 18:20:57 - INFO -   packets_transmitted: 1
2025-10-02 18:20:57 - INFO -   packets_received: 0
2025-10-02 18:20:57 - INFO -   packet_loss: 100.0
2025-10-02 18:20:57 - INFO -   min_rtt: 0.0
2025-10-02 18:20:57 - INFO -   avg_rtt: 0.0
2025-10-02 18:20:57 - INFO -   max_rtt: 0.0
2025-10-02 18:20:57 - INFO -   mdev: 0.0
2025-10-02 18:20:57 - INFO - --------------------------------------------------
2025-10-02 18:20:58 - INFO - STATUS: FAILED ❌ | Device: WN-L053-30 | IP: FD12:3456::B635:22FF:FE98:252C
2025-10-02 18:20:58 - INFO -   packets_transmitted: 1
2025-10-02 18:20:58 - INFO -   packets_received: 0
2025-10-02 18:20:58 - INFO -   packet_loss: 100.0
2025-10-02 18:20:58 - INFO -   min_rtt: 0.0
2025-10-02 18:20:58 - INFO -   avg_rtt: 0.0
2025-10-02 18:20:58 - INFO -   max_rtt: 0.0
2025-10-02 18:20:58 - INFO -   mdev: 0.0
2025-10-02 18:20:58 - INFO - --------------------------------------------------
2025-10-02 18:20:59 - INFO - STATUS: FAILED ❌ | Device: WN-L054-30 | IP: FD12:3456::B635:22FF:FE98:251E
2025-10-02 18:20:59 - INFO -   packets_transmitted: 1
2025-10-02 18:20:59 - INFO -   packets_received: 0
2025-10-02 18:20:59 - INFO -   packet_loss: 100.0
2025-10-02 18:20:59 - INFO -   min_rtt: 0.0
2025-10-02 18:20:59 - INFO -   avg_rtt: 0.0
2025-10-02 18:20:59 - INFO -   max_rtt: 0.0
2025-10-02 18:20:59 - INFO -   mdev: 0.0
2025-10-02 18:20:59 - INFO - --------------------------------------------------
2025-10-02 18:21:00 - INFO - STATUS: FAILED ❌ | Device: WN-VA24-30 | IP: FD12:3456::B635:22FF:FE98:253E
2025-10-02 18:21:00 - INFO -   packets_transmitted: 1
2025-10-02 18:21:00 - INFO -   packets_received: 0
2025-10-02 18:21:00 - INFO -   packet_loss: 100.0
2025-10-02 18:21:00 - INFO -   min_rtt: 0.0
2025-10-02 18:21:00 - INFO -   avg_rtt: 0.0
2025-10-02 18:21:00 - INFO -   max_rtt: 0.0
2025-10-02 18:21:00 - INFO -   mdev: 0.0
2025-10-02 18:21:00 - INFO - --------------------------------------------------
2025-10-02 18:21:01 - INFO - STATUS: SUCCESS ✅ | Device: WN-VA64-30 | IP: FD12:3456::B635:22FF:FE98:285E
2025-10-02 18:21:01 - INFO -   packets_transmitted: 1
2025-10-02 18:21:01 - INFO -   packets_received: 1
2025-10-02 18:21:01 - INFO -   packet_loss: 0.0
2025-10-02 18:21:01 - INFO -   min_rtt: 162.334
2025-10-02 18:21:01 - INFO -   avg_rtt: 162.334
2025-10-02 18:21:01 - INFO -   max_rtt: 162.334
2025-10-02 18:21:01 - INFO -   mdev: 0.0
2025-10-02 18:21:01 - INFO - --------------------------------------------------
2025-10-02 18:21:01 - INFO - STATUS: SUCCESS ✅ | Device: WN-VC44-30 | IP: FD12:3456::62A4:23FF:FE37:A3A9
2025-10-02 18:21:01 - INFO -   packets_transmitted: 1
2025-10-02 18:21:01 - INFO -   packets_received: 1
2025-10-02 18:21:01 - INFO -   packet_loss: 0.0
2025-10-02 18:21:01 - INFO -   min_rtt: 136.384
2025-10-02 18:21:01 - INFO -   avg_rtt: 136.384
2025-10-02 18:21:01 - INFO -   max_rtt: 136.384
2025-10-02 18:21:01 - INFO -   mdev: 0.0
2025-10-02 18:21:01 - INFO - --------------------------------------------------
2025-10-02 18:21:02 - INFO - STATUS: FAILED ❌ | Device: WN-NI04-34 | IP: FD12:3456::62A4:23FF:FE37:A3AB
2025-10-02 18:21:02 - INFO -   packets_transmitted: 1
2025-10-02 18:21:02 - INFO -   packets_received: 0
2025-10-02 18:21:02 - INFO -   packet_loss: 100.0
2025-10-02 18:21:02 - INFO -   min_rtt: 0.0
2025-10-02 18:21:02 - INFO -   avg_rtt: 0.0
2025-10-02 18:21:02 - INFO -   max_rtt: 0.0
2025-10-02 18:21:02 - INFO -   mdev: 0.0
2025-10-02 18:21:02 - INFO - --------------------------------------------------
2025-10-02 18:21:03 - INFO - STATUS: FAILED ❌ | Device: WN-L059-34 | IP: FD12:3456::B635:22FF:FE98:29A5
2025-10-02 18:21:03 - INFO -   packets_transmitted: 1
2025-10-02 18:21:03 - INFO -   packets_received: 0
2025-10-02 18:21:03 - INFO -   packet_loss: 100.0
2025-10-02 18:21:03 - INFO -   min_rtt: 0.0
2025-10-02 18:21:03 - INFO -   avg_rtt: 0.0
2025-10-02 18:21:03 - INFO -   max_rtt: 0.0
2025-10-02 18:21:03 - INFO -   mdev: 0.0
2025-10-02 18:21:03 - INFO - --------------------------------------------------
2025-10-02 18:21:03 - INFO - Summary: SUMMARY: 7/28 devices reachable (25.0% success rate)
2025-10-02 18:21:03 - INFO - === PING TEST COMPLETED ===
