2025-10-02 19:35:16 - INFO - === PING TEST STARTED ===
2025-10-02 19:35:16 - INFO - Details: Testing 28 devices
2025-10-02 19:35:16 - INFO - STATUS: SUCCESS ✅ | Device: WN-L031-30 | IP: FD12:3456::B635:22FF:FE98:2537
2025-10-02 19:35:16 - INFO -   packets_transmitted: 1
2025-10-02 19:35:16 - INFO -   packets_received: 1
2025-10-02 19:35:16 - INFO -   packet_loss: 0.0
2025-10-02 19:35:16 - INFO -   min_rtt: 441.644
2025-10-02 19:35:16 - INFO -   avg_rtt: 441.644
2025-10-02 19:35:16 - INFO -   max_rtt: 441.644
2025-10-02 19:35:16 - INFO -   mdev: 0.0
2025-10-02 19:35:16 - INFO - --------------------------------------------------
2025-10-02 19:35:17 - INFO - STATUS: FAILED ❌ | Device: WN-L032-30 | IP: FD12:3456::B635:22FF:FE98:2523
2025-10-02 19:35:17 - INFO -   packets_transmitted: 1
2025-10-02 19:35:17 - INFO -   packets_received: 0
2025-10-02 19:35:17 - INFO -   packet_loss: 100.0
2025-10-02 19:35:17 - INFO -   min_rtt: 0.0
2025-10-02 19:35:17 - INFO -   avg_rtt: 0.0
2025-10-02 19:35:17 - INFO -   max_rtt: 0.0
2025-10-02 19:35:17 - INFO -   mdev: 0.0
2025-10-02 19:35:17 - INFO - --------------------------------------------------
2025-10-02 19:35:18 - INFO - STATUS: FAILED ❌ | Device: WN-L033-30 | IP: FD12:3456::B635:22FF:FE98:252B
2025-10-02 19:35:18 - INFO -   packets_transmitted: 1
2025-10-02 19:35:18 - INFO -   packets_received: 0
2025-10-02 19:35:18 - INFO -   packet_loss: 100.0
2025-10-02 19:35:18 - INFO -   min_rtt: 0.0
2025-10-02 19:35:18 - INFO -   avg_rtt: 0.0
2025-10-02 19:35:18 - INFO -   max_rtt: 0.0
2025-10-02 19:35:18 - INFO -   mdev: 0.0
2025-10-02 19:35:18 - INFO - --------------------------------------------------
2025-10-02 19:35:19 - INFO - STATUS: SUCCESS ✅ | Device: WN-L034-30 | IP: FD12:3456::62A4:23FF:FE37:A3B3
2025-10-02 19:35:19 - INFO -   packets_transmitted: 1
2025-10-02 19:35:19 - INFO -   packets_received: 1
2025-10-02 19:35:19 - INFO -   packet_loss: 0.0
2025-10-02 19:35:19 - INFO -   min_rtt: 580.36
2025-10-02 19:35:19 - INFO -   avg_rtt: 580.36
2025-10-02 19:35:19 - INFO -   max_rtt: 580.36
2025-10-02 19:35:19 - INFO -   mdev: 0.0
2025-10-02 19:35:19 - INFO - --------------------------------------------------
2025-10-02 19:35:20 - INFO - STATUS: FAILED ❌ | Device: WN-L035-30 | IP: FD12:3456::B635:22FF:FE98:285B
2025-10-02 19:35:20 - INFO -   packets_transmitted: 1
2025-10-02 19:35:20 - INFO -   packets_received: 0
2025-10-02 19:35:20 - INFO -   packet_loss: 100.0
2025-10-02 19:35:20 - INFO -   min_rtt: 0.0
2025-10-02 19:35:20 - INFO -   avg_rtt: 0.0
2025-10-02 19:35:20 - INFO -   max_rtt: 0.0
2025-10-02 19:35:20 - INFO -   mdev: 0.0
2025-10-02 19:35:20 - INFO - --------------------------------------------------
2025-10-02 19:35:21 - INFO - STATUS: FAILED ❌ | Device: WN-L036-30 | IP: FD12:3456::62A4:23FF:FE37:A3A1
2025-10-02 19:35:21 - INFO -   packets_transmitted: 1
2025-10-02 19:35:21 - INFO -   packets_received: 0
2025-10-02 19:35:21 - INFO -   packet_loss: 100.0
2025-10-02 19:35:21 - INFO -   min_rtt: 0.0
2025-10-02 19:35:21 - INFO -   avg_rtt: 0.0
2025-10-02 19:35:21 - INFO -   max_rtt: 0.0
2025-10-02 19:35:21 - INFO -   mdev: 0.0
2025-10-02 19:35:21 - INFO - --------------------------------------------------
2025-10-02 19:35:22 - INFO - STATUS: FAILED ❌ | Device: WN-L037-30 | IP: FD12:3456::B635:22FF:FE98:2539
2025-10-02 19:35:22 - INFO -   packets_transmitted: 1
2025-10-02 19:35:22 - INFO -   packets_received: 0
2025-10-02 19:35:22 - INFO -   packet_loss: 100.0
2025-10-02 19:35:22 - INFO -   min_rtt: 0.0
2025-10-02 19:35:22 - INFO -   avg_rtt: 0.0
2025-10-02 19:35:22 - INFO -   max_rtt: 0.0
2025-10-02 19:35:22 - INFO -   mdev: 0.0
2025-10-02 19:35:22 - INFO - --------------------------------------------------
2025-10-02 19:35:22 - INFO - STATUS: SUCCESS ✅ | Device: WN-OF04-34 | IP: FD12:3456::B635:22FF:FE98:285C
2025-10-02 19:35:22 - INFO -   packets_transmitted: 1
2025-10-02 19:35:22 - INFO -   packets_received: 1
2025-10-02 19:35:22 - INFO -   packet_loss: 0.0
2025-10-02 19:35:22 - INFO -   min_rtt: 791.294
2025-10-02 19:35:22 - INFO -   avg_rtt: 791.294
2025-10-02 19:35:22 - INFO -   max_rtt: 791.294
2025-10-02 19:35:22 - INFO -   mdev: 0.0
2025-10-02 19:35:22 - INFO - --------------------------------------------------
2025-10-02 19:35:23 - INFO - STATUS: SUCCESS ✅ | Device: WN-L050-30 | IP: FD12:3456::92FD:9FFF:FEEE:9DF7
2025-10-02 19:35:23 - INFO -   packets_transmitted: 1
2025-10-02 19:35:23 - INFO -   packets_received: 1
2025-10-02 19:35:23 - INFO -   packet_loss: 0.0
2025-10-02 19:35:23 - INFO -   min_rtt: 786.577
2025-10-02 19:35:23 - INFO -   avg_rtt: 786.577
2025-10-02 19:35:23 - INFO -   max_rtt: 786.577
2025-10-02 19:35:23 - INFO -   mdev: 0.0
2025-10-02 19:35:23 - INFO - --------------------------------------------------
2025-10-02 19:35:24 - INFO - STATUS: SUCCESS ✅ | Device: WN-L051-30 | IP: FD12:3456::B635:22FF:FE98:285D
2025-10-02 19:35:24 - INFO -   packets_transmitted: 1
2025-10-02 19:35:24 - INFO -   packets_received: 1
2025-10-02 19:35:24 - INFO -   packet_loss: 0.0
2025-10-02 19:35:24 - INFO -   min_rtt: 271.403
2025-10-02 19:35:24 - INFO -   avg_rtt: 271.403
2025-10-02 19:35:24 - INFO -   max_rtt: 271.403
2025-10-02 19:35:24 - INFO -   mdev: 0.0
2025-10-02 19:35:24 - INFO - --------------------------------------------------
2025-10-02 19:35:24 - INFO - STATUS: SUCCESS ✅ | Device: WN-L038-30 | IP: FD12:3456::B635:22FF:FE98:253F
2025-10-02 19:35:24 - INFO -   packets_transmitted: 1
2025-10-02 19:35:24 - INFO -   packets_received: 1
2025-10-02 19:35:24 - INFO -   packet_loss: 0.0
2025-10-02 19:35:24 - INFO -   min_rtt: 911.422
2025-10-02 19:35:24 - INFO -   avg_rtt: 911.422
2025-10-02 19:35:24 - INFO -   max_rtt: 911.422
2025-10-02 19:35:24 - INFO -   mdev: 0.0
2025-10-02 19:35:24 - INFO - --------------------------------------------------
2025-10-02 19:35:25 - INFO - STATUS: FAILED ❌ | Device: WN-L039-30 | IP: FD12:3456::62A4:23FF:FE37:A3A8
2025-10-02 19:35:25 - INFO -   packets_transmitted: 1
2025-10-02 19:35:25 - INFO -   packets_received: 0
2025-10-02 19:35:25 - INFO -   packet_loss: 100.0
2025-10-02 19:35:25 - INFO -   min_rtt: 0.0
2025-10-02 19:35:25 - INFO -   avg_rtt: 0.0
2025-10-02 19:35:25 - INFO -   max_rtt: 0.0
2025-10-02 19:35:25 - INFO -   mdev: 0.0
2025-10-02 19:35:25 - INFO - --------------------------------------------------
2025-10-02 19:35:26 - INFO - STATUS: FAILED ❌ | Device: WN-L040-30 | IP: FD12:3456::B635:22FF:FE98:2541
2025-10-02 19:35:26 - INFO -   packets_transmitted: 1
2025-10-02 19:35:26 - INFO -   packets_received: 0
2025-10-02 19:35:26 - INFO -   packet_loss: 100.0
2025-10-02 19:35:26 - INFO -   min_rtt: 0.0
2025-10-02 19:35:26 - INFO -   avg_rtt: 0.0
2025-10-02 19:35:26 - INFO -   max_rtt: 0.0
2025-10-02 19:35:26 - INFO -   mdev: 0.0
2025-10-02 19:35:26 - INFO - --------------------------------------------------
2025-10-02 19:35:27 - INFO - STATUS: SUCCESS ✅ | Device: WN-L041-30 | IP: FD12:3456::B635:22FF:FE98:2529
2025-10-02 19:35:27 - INFO -   packets_transmitted: 1
2025-10-02 19:35:27 - INFO -   packets_received: 1
2025-10-02 19:35:27 - INFO -   packet_loss: 0.0
2025-10-02 19:35:27 - INFO -   min_rtt: 363.214
2025-10-02 19:35:27 - INFO -   avg_rtt: 363.214
2025-10-02 19:35:27 - INFO -   max_rtt: 363.214
2025-10-02 19:35:27 - INFO -   mdev: 0.0
2025-10-02 19:35:27 - INFO - --------------------------------------------------
2025-10-02 19:35:28 - INFO - STATUS: FAILED ❌ | Device: WN-L042-30 | IP: FD12:3456::62A4:23FF:FE37:A3AC
2025-10-02 19:35:28 - INFO -   packets_transmitted: 1
2025-10-02 19:35:28 - INFO -   packets_received: 0
2025-10-02 19:35:28 - INFO -   packet_loss: 100.0
2025-10-02 19:35:28 - INFO -   min_rtt: 0.0
2025-10-02 19:35:28 - INFO -   avg_rtt: 0.0
2025-10-02 19:35:28 - INFO -   max_rtt: 0.0
2025-10-02 19:35:28 - INFO -   mdev: 0.0
2025-10-02 19:35:28 - INFO - --------------------------------------------------
2025-10-02 19:35:29 - INFO - STATUS: FAILED ❌ | Device: WN-L043-30 | IP: FD12:3456::62A4:23FF:FE37:A39F
2025-10-02 19:35:29 - INFO -   packets_transmitted: 1
2025-10-02 19:35:29 - INFO -   packets_received: 0
2025-10-02 19:35:29 - INFO -   packet_loss: 100.0
2025-10-02 19:35:29 - INFO -   min_rtt: 0.0
2025-10-02 19:35:29 - INFO -   avg_rtt: 0.0
2025-10-02 19:35:29 - INFO -   max_rtt: 0.0
2025-10-02 19:35:29 - INFO -   mdev: 0.0
2025-10-02 19:35:29 - INFO - --------------------------------------------------
2025-10-02 19:35:30 - INFO - STATUS: FAILED ❌ | Device: WN-L044-30 | IP: FD12:3456::B635:22FF:FE98:2534
2025-10-02 19:35:30 - INFO -   packets_transmitted: 1
2025-10-02 19:35:30 - INFO -   packets_received: 0
2025-10-02 19:35:30 - INFO -   packet_loss: 100.0
2025-10-02 19:35:30 - INFO -   min_rtt: 0.0
2025-10-02 19:35:30 - INFO -   avg_rtt: 0.0
2025-10-02 19:35:30 - INFO -   max_rtt: 0.0
2025-10-02 19:35:30 - INFO -   mdev: 0.0
2025-10-02 19:35:30 - INFO - --------------------------------------------------
2025-10-02 19:35:31 - INFO - STATUS: FAILED ❌ | Device: WN-L045-30 | IP: FD12:3456::B635:22FF:FE98:2524
2025-10-02 19:35:31 - INFO -   packets_transmitted: 1
2025-10-02 19:35:31 - INFO -   packets_received: 0
2025-10-02 19:35:31 - INFO -   packet_loss: 100.0
2025-10-02 19:35:31 - INFO -   min_rtt: 0.0
2025-10-02 19:35:31 - INFO -   avg_rtt: 0.0
2025-10-02 19:35:31 - INFO -   max_rtt: 0.0
2025-10-02 19:35:31 - INFO -   mdev: 0.0
2025-10-02 19:35:31 - INFO - --------------------------------------------------
2025-10-02 19:35:32 - INFO - STATUS: FAILED ❌ | Device: WN-L047-30 | IP: FD12:3456::92FD:9FFF:FEEE:9D40
2025-10-02 19:35:32 - INFO -   packets_transmitted: 1
2025-10-02 19:35:32 - INFO -   packets_received: 0
2025-10-02 19:35:32 - INFO -   packet_loss: 100.0
2025-10-02 19:35:32 - INFO -   min_rtt: 0.0
2025-10-02 19:35:32 - INFO -   avg_rtt: 0.0
2025-10-02 19:35:32 - INFO -   max_rtt: 0.0
2025-10-02 19:35:32 - INFO -   mdev: 0.0
2025-10-02 19:35:32 - INFO - --------------------------------------------------
2025-10-02 19:35:33 - INFO - STATUS: FAILED ❌ | Device: WN-L048-30 | IP: FD12:3456::B635:22FF:FE98:29A6
2025-10-02 19:35:33 - INFO -   packets_transmitted: 1
2025-10-02 19:35:33 - INFO -   packets_received: 0
2025-10-02 19:35:33 - INFO -   packet_loss: 100.0
2025-10-02 19:35:33 - INFO -   min_rtt: 0.0
2025-10-02 19:35:33 - INFO -   avg_rtt: 0.0
2025-10-02 19:35:33 - INFO -   max_rtt: 0.0
2025-10-02 19:35:33 - INFO -   mdev: 0.0
2025-10-02 19:35:33 - INFO - --------------------------------------------------
2025-10-02 19:35:34 - INFO - STATUS: FAILED ❌ | Device: WN-L052-30 | IP: FD12:3456::62A4:23FF:FE37:A3AD
2025-10-02 19:35:34 - INFO -   packets_transmitted: 1
2025-10-02 19:35:34 - INFO -   packets_received: 0
2025-10-02 19:35:34 - INFO -   packet_loss: 100.0
2025-10-02 19:35:34 - INFO -   min_rtt: 0.0
2025-10-02 19:35:34 - INFO -   avg_rtt: 0.0
2025-10-02 19:35:34 - INFO -   max_rtt: 0.0
2025-10-02 19:35:34 - INFO -   mdev: 0.0
2025-10-02 19:35:34 - INFO - --------------------------------------------------
2025-10-02 19:35:35 - INFO - STATUS: FAILED ❌ | Device: WN-L053-30 | IP: FD12:3456::B635:22FF:FE98:252C
2025-10-02 19:35:35 - INFO -   packets_transmitted: 1
2025-10-02 19:35:35 - INFO -   packets_received: 0
2025-10-02 19:35:35 - INFO -   packet_loss: 100.0
2025-10-02 19:35:35 - INFO -   min_rtt: 0.0
2025-10-02 19:35:35 - INFO -   avg_rtt: 0.0
2025-10-02 19:35:35 - INFO -   max_rtt: 0.0
2025-10-02 19:35:35 - INFO -   mdev: 0.0
2025-10-02 19:35:35 - INFO - --------------------------------------------------
2025-10-02 19:35:36 - INFO - STATUS: FAILED ❌ | Device: WN-L054-30 | IP: FD12:3456::B635:22FF:FE98:251E
2025-10-02 19:35:36 - INFO -   packets_transmitted: 1
2025-10-02 19:35:36 - INFO -   packets_received: 0
2025-10-02 19:35:36 - INFO -   packet_loss: 100.0
2025-10-02 19:35:36 - INFO -   min_rtt: 0.0
2025-10-02 19:35:36 - INFO -   avg_rtt: 0.0
2025-10-02 19:35:36 - INFO -   max_rtt: 0.0
2025-10-02 19:35:36 - INFO -   mdev: 0.0
2025-10-02 19:35:36 - INFO - --------------------------------------------------
2025-10-02 19:35:37 - INFO - STATUS: FAILED ❌ | Device: WN-VA24-30 | IP: FD12:3456::B635:22FF:FE98:253E
2025-10-02 19:35:37 - INFO -   packets_transmitted: 1
2025-10-02 19:35:37 - INFO -   packets_received: 0
2025-10-02 19:35:37 - INFO -   packet_loss: 100.0
2025-10-02 19:35:37 - INFO -   min_rtt: 0.0
2025-10-02 19:35:37 - INFO -   avg_rtt: 0.0
2025-10-02 19:35:37 - INFO -   max_rtt: 0.0
2025-10-02 19:35:37 - INFO -   mdev: 0.0
2025-10-02 19:35:37 - INFO - --------------------------------------------------
2025-10-02 19:35:37 - INFO - STATUS: SUCCESS ✅ | Device: WN-VA64-30 | IP: FD12:3456::B635:22FF:FE98:285E
2025-10-02 19:35:37 - INFO -   packets_transmitted: 1
2025-10-02 19:35:37 - INFO -   packets_received: 1
2025-10-02 19:35:37 - INFO -   packet_loss: 0.0
2025-10-02 19:35:37 - INFO -   min_rtt: 175.964
2025-10-02 19:35:37 - INFO -   avg_rtt: 175.964
2025-10-02 19:35:37 - INFO -   max_rtt: 175.964
2025-10-02 19:35:37 - INFO -   mdev: 0.0
2025-10-02 19:35:37 - INFO - --------------------------------------------------
2025-10-02 19:35:37 - INFO - STATUS: SUCCESS ✅ | Device: WN-VC44-30 | IP: FD12:3456::62A4:23FF:FE37:A3A9
2025-10-02 19:35:37 - INFO -   packets_transmitted: 1
2025-10-02 19:35:37 - INFO -   packets_received: 1
2025-10-02 19:35:37 - INFO -   packet_loss: 0.0
2025-10-02 19:35:37 - INFO -   min_rtt: 425.451
2025-10-02 19:35:37 - INFO -   avg_rtt: 425.451
2025-10-02 19:35:37 - INFO -   max_rtt: 425.451
2025-10-02 19:35:37 - INFO -   mdev: 0.0
2025-10-02 19:35:37 - INFO - --------------------------------------------------
2025-10-02 19:35:38 - INFO - STATUS: FAILED ❌ | Device: WN-NI04-34 | IP: FD12:3456::62A4:23FF:FE37:A3AB
2025-10-02 19:35:38 - INFO -   packets_transmitted: 1
2025-10-02 19:35:38 - INFO -   packets_received: 0
2025-10-02 19:35:38 - INFO -   packet_loss: 100.0
2025-10-02 19:35:38 - INFO -   min_rtt: 0.0
2025-10-02 19:35:38 - INFO -   avg_rtt: 0.0
2025-10-02 19:35:38 - INFO -   max_rtt: 0.0
2025-10-02 19:35:38 - INFO -   mdev: 0.0
2025-10-02 19:35:38 - INFO - --------------------------------------------------
2025-10-02 19:35:39 - INFO - STATUS: FAILED ❌ | Device: WN-L059-34 | IP: FD12:3456::B635:22FF:FE98:29A5
2025-10-02 19:35:39 - INFO -   packets_transmitted: 1
2025-10-02 19:35:39 - INFO -   packets_received: 0
2025-10-02 19:35:39 - INFO -   packet_loss: 100.0
2025-10-02 19:35:39 - INFO -   min_rtt: 0.0
2025-10-02 19:35:39 - INFO -   avg_rtt: 0.0
2025-10-02 19:35:39 - INFO -   max_rtt: 0.0
2025-10-02 19:35:39 - INFO -   mdev: 0.0
2025-10-02 19:35:39 - INFO - --------------------------------------------------
2025-10-02 19:35:39 - INFO - Summary: SUMMARY: 9/28 devices reachable (32.1% success rate)
2025-10-02 19:35:39 - INFO - === PING TEST COMPLETED ===
