2025-10-03 17:58:25 - INFO - === PING TEST STARTED ===
2025-10-03 17:58:25 - INFO - Details: Testing 28 devices
2025-10-03 17:58:34 - INFO - STATUS: SUCCESS ✅ | Device: WN-L031-30 | IP: FD12:3456::B635:22FF:FE98:2537
2025-10-03 17:58:34 - INFO -   packets_transmitted: 10
2025-10-03 17:58:34 - INFO -   packets_received: 10
2025-10-03 17:58:34 - INFO -   packet_loss: 0.0
2025-10-03 17:58:34 - INFO -   min_rtt: 183.579
2025-10-03 17:58:34 - INFO -   avg_rtt: 463.152
2025-10-03 17:58:34 - INFO -   max_rtt: 1451.033
2025-10-03 17:58:34 - INFO -   mdev: 369.459
2025-10-03 17:58:34 - INFO - --------------------------------------------------
2025-10-03 17:58:45 - INFO - STATUS: SUCCESS ✅ | Device: WN-L032-30 | IP: FD12:3456::B635:22FF:FE98:2523
2025-10-03 17:58:45 - INFO -   packets_transmitted: 10
2025-10-03 17:58:45 - INFO -   packets_received: 10
2025-10-03 17:58:45 - INFO -   packet_loss: 0.0
2025-10-03 17:58:45 - INFO -   min_rtt: 265.301
2025-10-03 17:58:45 - INFO -   avg_rtt: 1605.013
2025-10-03 17:58:45 - INFO -   max_rtt: 2644.842
2025-10-03 17:58:45 - INFO -   mdev: 772.844
2025-10-03 17:58:45 - INFO - --------------------------------------------------
2025-10-03 17:58:54 - INFO - STATUS: SUCCESS ✅ | Device: WN-L033-30 | IP: FD12:3456::B635:22FF:FE98:252B
2025-10-03 17:58:54 - INFO -   packets_transmitted: 10
2025-10-03 17:58:54 - INFO -   packets_received: 10
2025-10-03 17:58:54 - INFO -   packet_loss: 0.0
2025-10-03 17:58:54 - INFO -   min_rtt: 130.152
2025-10-03 17:58:54 - INFO -   avg_rtt: 290.278
2025-10-03 17:58:54 - INFO -   max_rtt: 641.971
2025-10-03 17:58:54 - INFO -   mdev: 202.26
2025-10-03 17:58:54 - INFO - --------------------------------------------------
2025-10-03 17:59:06 - INFO - STATUS: SUCCESS ✅ | Device: WN-L034-30 | IP: FD12:3456::62A4:23FF:FE37:A3B3
2025-10-03 17:59:06 - INFO -   packets_transmitted: 10
2025-10-03 17:59:06 - INFO -   packets_received: 9
2025-10-03 17:59:06 - INFO -   packet_loss: 10.0
2025-10-03 17:59:06 - INFO -   min_rtt: 442.235
2025-10-03 17:59:06 - INFO -   avg_rtt: 1008.567
2025-10-03 17:59:06 - INFO -   max_rtt: 1473.196
2025-10-03 17:59:06 - INFO -   mdev: 354.381
2025-10-03 17:59:06 - INFO - --------------------------------------------------
2025-10-03 17:59:18 - INFO - STATUS: SUCCESS ✅ | Device: WN-L035-30 | IP: FD12:3456::B635:22FF:FE98:285B
2025-10-03 17:59:18 - INFO -   packets_transmitted: 10
2025-10-03 17:59:18 - INFO -   packets_received: 6
2025-10-03 17:59:18 - INFO -   packet_loss: 40.0
2025-10-03 17:59:18 - INFO -   min_rtt: 353.866
2025-10-03 17:59:18 - INFO -   avg_rtt: 759.447
2025-10-03 17:59:18 - INFO -   max_rtt: 1784.669
2025-10-03 17:59:18 - INFO -   mdev: 472.655
2025-10-03 17:59:18 - INFO - --------------------------------------------------
2025-10-03 17:59:43 - INFO - STATUS: SUCCESS ✅ | Device: WN-L036-30 | IP: FD12:3456::62A4:23FF:FE37:A3A1
2025-10-03 17:59:43 - INFO -   packets_transmitted: 10
2025-10-03 17:59:43 - INFO -   packets_received: 9
2025-10-03 17:59:43 - INFO -   packet_loss: 10.0
2025-10-03 17:59:43 - INFO -   min_rtt: 7074.783
2025-10-03 17:59:43 - INFO -   avg_rtt: 10880.582
2025-10-03 17:59:43 - INFO -   max_rtt: 14491.314
2025-10-03 17:59:43 - INFO -   mdev: 2586.578
2025-10-03 17:59:43 - INFO - --------------------------------------------------
2025-10-03 17:59:53 - INFO - STATUS: SUCCESS ✅ | Device: WN-L037-30 | IP: FD12:3456::B635:22FF:FE98:2539
2025-10-03 17:59:53 - INFO -   packets_transmitted: 10
2025-10-03 17:59:53 - INFO -   packets_received: 10
2025-10-03 17:59:53 - INFO -   packet_loss: 0.0
2025-10-03 17:59:53 - INFO -   min_rtt: 526.524
2025-10-03 17:59:53 - INFO -   avg_rtt: 1142.07
2025-10-03 17:59:53 - INFO -   max_rtt: 2593.745
2025-10-03 17:59:53 - INFO -   mdev: 677.629
2025-10-03 17:59:53 - INFO - --------------------------------------------------
2025-10-03 18:00:05 - INFO - STATUS: SUCCESS ✅ | Device: WN-OF04-34 | IP: FD12:3456::B635:22FF:FE98:285C
2025-10-03 18:00:05 - INFO -   packets_transmitted: 10
2025-10-03 18:00:05 - INFO -   packets_received: 9
2025-10-03 18:00:05 - INFO -   packet_loss: 10.0
2025-10-03 18:00:05 - INFO -   min_rtt: 266.617
2025-10-03 18:00:05 - INFO -   avg_rtt: 634.872
2025-10-03 18:00:05 - INFO -   max_rtt: 1105.984
2025-10-03 18:00:05 - INFO -   mdev: 221.849
2025-10-03 18:00:05 - INFO - --------------------------------------------------
2025-10-03 18:00:22 - INFO - STATUS: SUCCESS ✅ | Device: WN-L050-30 | IP: FD12:3456::92FD:9FFF:FEEE:9DF7
2025-10-03 18:00:22 - INFO -   packets_transmitted: 10
2025-10-03 18:00:22 - INFO -   packets_received: 9
2025-10-03 18:00:22 - INFO -   packet_loss: 10.0
2025-10-03 18:00:22 - INFO -   min_rtt: 1051.021
2025-10-03 18:00:22 - INFO -   avg_rtt: 5453.79
2025-10-03 18:00:22 - INFO -   max_rtt: 7846.451
2025-10-03 18:00:22 - INFO -   mdev: 2011.75
2025-10-03 18:00:22 - INFO - --------------------------------------------------
2025-10-03 18:00:32 - INFO - STATUS: SUCCESS ✅ | Device: WN-L051-30 | IP: FD12:3456::B635:22FF:FE98:285D
2025-10-03 18:00:32 - INFO -   packets_transmitted: 10
2025-10-03 18:00:32 - INFO -   packets_received: 10
2025-10-03 18:00:32 - INFO -   packet_loss: 0.0
2025-10-03 18:00:32 - INFO -   min_rtt: 266.214
2025-10-03 18:00:32 - INFO -   avg_rtt: 1392.453
2025-10-03 18:00:32 - INFO -   max_rtt: 3075.025
2025-10-03 18:00:32 - INFO -   mdev: 1000.186
2025-10-03 18:00:32 - INFO - --------------------------------------------------
2025-10-03 18:00:51 - INFO - STATUS: SUCCESS ✅ | Device: WN-L038-30 | IP: FD12:3456::B635:22FF:FE98:253F
2025-10-03 18:00:51 - INFO -   packets_transmitted: 10
2025-10-03 18:00:51 - INFO -   packets_received: 1
2025-10-03 18:00:51 - INFO -   packet_loss: 90.0
2025-10-03 18:00:51 - INFO -   min_rtt: 17336.145
2025-10-03 18:00:51 - INFO -   avg_rtt: 17336.145
2025-10-03 18:00:51 - INFO -   max_rtt: 17336.145
2025-10-03 18:00:51 - INFO -   mdev: 0.0
2025-10-03 18:00:51 - INFO - --------------------------------------------------
2025-10-03 18:01:11 - INFO - STATUS: FAILED ❌ | Device: WN-L039-30 | IP: FD12:3456::62A4:23FF:FE37:A3A8
2025-10-03 18:01:11 - INFO -   packets_transmitted: 10
2025-10-03 18:01:11 - INFO -   packets_received: 0
2025-10-03 18:01:11 - INFO -   packet_loss: 100.0
2025-10-03 18:01:11 - INFO -   min_rtt: 0.0
2025-10-03 18:01:11 - INFO -   avg_rtt: 0.0
2025-10-03 18:01:11 - INFO -   max_rtt: 0.0
2025-10-03 18:01:11 - INFO -   mdev: 0.0
2025-10-03 18:01:11 - INFO - --------------------------------------------------
2025-10-03 18:01:30 - INFO - STATUS: FAILED ❌ | Device: WN-L040-30 | IP: FD12:3456::B635:22FF:FE98:2541
2025-10-03 18:01:30 - INFO -   packets_transmitted: 10
2025-10-03 18:01:30 - INFO -   packets_received: 0
2025-10-03 18:01:30 - INFO -   packet_loss: 100.0
2025-10-03 18:01:30 - INFO -   min_rtt: 0.0
2025-10-03 18:01:30 - INFO -   avg_rtt: 0.0
2025-10-03 18:01:30 - INFO -   max_rtt: 0.0
2025-10-03 18:01:30 - INFO -   mdev: 0.0
2025-10-03 18:01:30 - INFO - --------------------------------------------------
