2025-10-03 20:08:46 - INFO - === PING TEST STARTED ===
2025-10-03 20:08:46 - INFO - Details: Testing 28 devices
2025-10-03 20:08:55 - INFO - STATUS: SUCCESS ✅ | Device: WN-L031-30 | IP: FD12:3456::B635:22FF:FE98:2537
2025-10-03 20:08:55 - INFO -   packets_transmitted: 10
2025-10-03 20:08:55 - INFO -   packets_received: 10
2025-10-03 20:08:55 - INFO -   packet_loss: 0.0
2025-10-03 20:08:55 - INFO -   min_rtt: 250.171
2025-10-03 20:08:55 - INFO -   avg_rtt: 441.743
2025-10-03 20:08:55 - INFO -   max_rtt: 886.651
2025-10-03 20:08:55 - INFO -   mdev: 230.042
2025-10-03 20:08:55 - INFO - --------------------------------------------------
2025-10-03 20:09:06 - INFO - STATUS: SUCCESS ✅ | Device: WN-L032-30 | IP: FD12:3456::B635:22FF:FE98:2523
2025-10-03 20:09:06 - INFO -   packets_transmitted: 10
2025-10-03 20:09:06 - INFO -   packets_received: 10
2025-10-03 20:09:06 - INFO -   packet_loss: 0.0
2025-10-03 20:09:06 - INFO -   min_rtt: 746.67
2025-10-03 20:09:06 - INFO -   avg_rtt: 2059.165
2025-10-03 20:09:06 - INFO -   max_rtt: 4864.46
2025-10-03 20:09:06 - INFO -   mdev: 1455.244
2025-10-03 20:09:06 - INFO - --------------------------------------------------
2025-10-03 20:09:15 - INFO - STATUS: SUCCESS ✅ | Device: WN-L033-30 | IP: FD12:3456::B635:22FF:FE98:252B
2025-10-03 20:09:15 - INFO -   packets_transmitted: 10
2025-10-03 20:09:15 - INFO -   packets_received: 10
2025-10-03 20:09:15 - INFO -   packet_loss: 0.0
2025-10-03 20:09:15 - INFO -   min_rtt: 129.94
2025-10-03 20:09:15 - INFO -   avg_rtt: 347.745
2025-10-03 20:09:15 - INFO -   max_rtt: 994.066
2025-10-03 20:09:15 - INFO -   mdev: 324.586
2025-10-03 20:09:15 - INFO - --------------------------------------------------
2025-10-03 20:09:26 - INFO - STATUS: SUCCESS ✅ | Device: WN-L034-30 | IP: FD12:3456::62A4:23FF:FE37:A3B3
2025-10-03 20:09:26 - INFO -   packets_transmitted: 10
2025-10-03 20:09:26 - INFO -   packets_received: 10
2025-10-03 20:09:26 - INFO -   packet_loss: 0.0
2025-10-03 20:09:26 - INFO -   min_rtt: 1100.183
2025-10-03 20:09:26 - INFO -   avg_rtt: 1717.448
2025-10-03 20:09:26 - INFO -   max_rtt: 2508.754
2025-10-03 20:09:26 - INFO -   mdev: 434.343
2025-10-03 20:09:26 - INFO - --------------------------------------------------
2025-10-03 20:09:38 - INFO - STATUS: SUCCESS ✅ | Device: WN-L035-30 | IP: FD12:3456::B635:22FF:FE98:285B
2025-10-03 20:09:38 - INFO -   packets_transmitted: 10
2025-10-03 20:09:38 - INFO -   packets_received: 10
2025-10-03 20:09:38 - INFO -   packet_loss: 0.0
2025-10-03 20:09:38 - INFO -   min_rtt: 982.194
2025-10-03 20:09:38 - INFO -   avg_rtt: 2902.427
2025-10-03 20:09:38 - INFO -   max_rtt: 4071.416
2025-10-03 20:09:38 - INFO -   mdev: 813.529
2025-10-03 20:09:38 - INFO - --------------------------------------------------
2025-10-03 20:09:47 - INFO - STATUS: SUCCESS ✅ | Device: WN-L036-30 | IP: FD12:3456::62A4:23FF:FE37:A3A1
2025-10-03 20:09:47 - INFO -   packets_transmitted: 10
2025-10-03 20:09:47 - INFO -   packets_received: 10
2025-10-03 20:09:47 - INFO -   packet_loss: 0.0
2025-10-03 20:09:47 - INFO -   min_rtt: 608.203
2025-10-03 20:09:47 - INFO -   avg_rtt: 1810.2
2025-10-03 20:09:47 - INFO -   max_rtt: 3477.663
2025-10-03 20:09:47 - INFO -   mdev: 874.805
2025-10-03 20:09:47 - INFO - --------------------------------------------------
2025-10-03 20:09:59 - INFO - STATUS: SUCCESS ✅ | Device: WN-L037-30 | IP: FD12:3456::B635:22FF:FE98:2539
2025-10-03 20:09:59 - INFO -   packets_transmitted: 10
2025-10-03 20:09:59 - INFO -   packets_received: 10
2025-10-03 20:09:59 - INFO -   packet_loss: 0.0
2025-10-03 20:09:59 - INFO -   min_rtt: 671.515
2025-10-03 20:09:59 - INFO -   avg_rtt: 4160.082
2025-10-03 20:09:59 - INFO -   max_rtt: 6238.937
2025-10-03 20:09:59 - INFO -   mdev: 1604.761
2025-10-03 20:09:59 - INFO - --------------------------------------------------
2025-10-03 20:10:10 - INFO - STATUS: SUCCESS ✅ | Device: WN-OF04-34 | IP: FD12:3456::B635:22FF:FE98:285C
2025-10-03 20:10:10 - INFO -   packets_transmitted: 10
2025-10-03 20:10:10 - INFO -   packets_received: 9
2025-10-03 20:10:10 - INFO -   packet_loss: 10.0
2025-10-03 20:10:10 - INFO -   min_rtt: 266.159
2025-10-03 20:10:10 - INFO -   avg_rtt: 486.434
2025-10-03 20:10:10 - INFO -   max_rtt: 861.817
2025-10-03 20:10:10 - INFO -   mdev: 206.987
2025-10-03 20:10:10 - INFO - --------------------------------------------------
2025-10-03 20:10:29 - INFO - STATUS: SUCCESS ✅ | Device: WN-L050-30 | IP: FD12:3456::92FD:9FFF:FEEE:9DF7
2025-10-03 20:10:29 - INFO -   packets_transmitted: 10
2025-10-03 20:10:29 - INFO -   packets_received: 6
2025-10-03 20:10:29 - INFO -   packet_loss: 40.0
2025-10-03 20:10:29 - INFO -   min_rtt: 12588.36
2025-10-03 20:10:29 - INFO -   avg_rtt: 13940.078
2025-10-03 20:10:29 - INFO -   max_rtt: 15773.522
2025-10-03 20:10:29 - INFO -   mdev: 1149.541
2025-10-03 20:10:29 - INFO - --------------------------------------------------
2025-10-03 20:10:42 - INFO - STATUS: SUCCESS ✅ | Device: WN-L051-30 | IP: FD12:3456::B635:22FF:FE98:285D
2025-10-03 20:10:42 - INFO -   packets_transmitted: 10
2025-10-03 20:10:42 - INFO -   packets_received: 10
2025-10-03 20:10:42 - INFO -   packet_loss: 0.0
2025-10-03 20:10:42 - INFO -   min_rtt: 3428.275
2025-10-03 20:10:42 - INFO -   avg_rtt: 6413.57
2025-10-03 20:10:42 - INFO -   max_rtt: 8732.158
2025-10-03 20:10:42 - INFO -   mdev: 1793.908
2025-10-03 20:10:42 - INFO - --------------------------------------------------
2025-10-03 20:11:07 - INFO - STATUS: SUCCESS ✅ | Device: WN-L038-30 | IP: FD12:3456::B635:22FF:FE98:253F
2025-10-03 20:11:07 - INFO -   packets_transmitted: 10
2025-10-03 20:11:07 - INFO -   packets_received: 4
2025-10-03 20:11:07 - INFO -   packet_loss: 60.0
2025-10-03 20:11:07 - INFO -   min_rtt: 8120.258
2025-10-03 20:11:07 - INFO -   avg_rtt: 11997.917
2025-10-03 20:11:07 - INFO -   max_rtt: 13380.481
2025-10-03 20:11:07 - INFO -   mdev: 2240.614
2025-10-03 20:11:07 - INFO - --------------------------------------------------
2025-10-03 20:11:31 - INFO - STATUS: SUCCESS ✅ | Device: WN-L039-30 | IP: FD12:3456::62A4:23FF:FE37:A3A8
2025-10-03 20:11:31 - INFO -   packets_transmitted: 10
2025-10-03 20:11:31 - INFO -   packets_received: 3
2025-10-03 20:11:31 - INFO -   packet_loss: 70.0
2025-10-03 20:11:31 - INFO -   min_rtt: 6607.882
2025-10-03 20:11:31 - INFO -   avg_rtt: 8275.025
2025-10-03 20:11:31 - INFO -   max_rtt: 11080.597
2025-10-03 20:11:31 - INFO -   mdev: 1995.546
2025-10-03 20:11:31 - INFO - --------------------------------------------------
2025-10-03 20:11:50 - INFO - STATUS: FAILED ❌ | Device: WN-L040-30 | IP: FD12:3456::B635:22FF:FE98:2541
2025-10-03 20:11:50 - INFO -   packets_transmitted: 10
2025-10-03 20:11:50 - INFO -   packets_received: 0
2025-10-03 20:11:50 - INFO -   packet_loss: 100.0
2025-10-03 20:11:50 - INFO -   min_rtt: 0.0
2025-10-03 20:11:50 - INFO -   avg_rtt: 0.0
2025-10-03 20:11:50 - INFO -   max_rtt: 0.0
2025-10-03 20:11:50 - INFO -   mdev: 0.0
2025-10-03 20:11:50 - INFO - --------------------------------------------------
2025-10-03 20:12:05 - INFO - STATUS: SUCCESS ✅ | Device: WN-L041-30 | IP: FD12:3456::B635:22FF:FE98:2529
2025-10-03 20:12:05 - INFO -   packets_transmitted: 10
2025-10-03 20:12:05 - INFO -   packets_received: 8
2025-10-03 20:12:05 - INFO -   packet_loss: 20.0
2025-10-03 20:12:05 - INFO -   min_rtt: 395.487
2025-10-03 20:12:05 - INFO -   avg_rtt: 1552.789
2025-10-03 20:12:05 - INFO -   max_rtt: 3132.94
2025-10-03 20:12:05 - INFO -   mdev: 976.642
2025-10-03 20:12:05 - INFO - --------------------------------------------------
2025-10-03 20:12:25 - INFO - STATUS: SUCCESS ✅ | Device: WN-L042-30 | IP: FD12:3456::62A4:23FF:FE37:A3AC
2025-10-03 20:12:25 - INFO -   packets_transmitted: 10
2025-10-03 20:12:25 - INFO -   packets_received: 2
2025-10-03 20:12:25 - INFO -   packet_loss: 80.0
2025-10-03 20:12:25 - INFO -   min_rtt: 11802.956
2025-10-03 20:12:25 - INFO -   avg_rtt: 13742.696
2025-10-03 20:12:25 - INFO -   max_rtt: 15682.436
2025-10-03 20:12:25 - INFO -   mdev: 1939.74
2025-10-03 20:12:25 - INFO - --------------------------------------------------
2025-10-03 20:12:44 - INFO - STATUS: FAILED ❌ | Device: WN-L043-30 | IP: FD12:3456::62A4:23FF:FE37:A39F
2025-10-03 20:12:44 - INFO -   packets_transmitted: 10
2025-10-03 20:12:44 - INFO -   packets_received: 0
2025-10-03 20:12:44 - INFO -   packet_loss: 100.0
2025-10-03 20:12:44 - INFO -   min_rtt: 0.0
2025-10-03 20:12:44 - INFO -   avg_rtt: 0.0
2025-10-03 20:12:44 - INFO -   max_rtt: 0.0
2025-10-03 20:12:44 - INFO -   mdev: 0.0
2025-10-03 20:12:44 - INFO - --------------------------------------------------
2025-10-03 20:13:03 - INFO - STATUS: FAILED ❌ | Device: WN-L044-30 | IP: FD12:3456::B635:22FF:FE98:2534
2025-10-03 20:13:03 - INFO -   packets_transmitted: 10
2025-10-03 20:13:03 - INFO -   packets_received: 0
2025-10-03 20:13:03 - INFO -   packet_loss: 100.0
2025-10-03 20:13:03 - INFO -   min_rtt: 0.0
2025-10-03 20:13:03 - INFO -   avg_rtt: 0.0
2025-10-03 20:13:03 - INFO -   max_rtt: 0.0
2025-10-03 20:13:03 - INFO -   mdev: 0.0
2025-10-03 20:13:03 - INFO - --------------------------------------------------
2025-10-03 20:13:22 - INFO - STATUS: FAILED ❌ | Device: WN-L045-30 | IP: FD12:3456::B635:22FF:FE98:2524
2025-10-03 20:13:22 - INFO -   packets_transmitted: 10
2025-10-03 20:13:22 - INFO -   packets_received: 0
2025-10-03 20:13:22 - INFO -   packet_loss: 100.0
2025-10-03 20:13:22 - INFO -   min_rtt: 0.0
2025-10-03 20:13:22 - INFO -   avg_rtt: 0.0
2025-10-03 20:13:22 - INFO -   max_rtt: 0.0
2025-10-03 20:13:22 - INFO -   mdev: 0.0
2025-10-03 20:13:22 - INFO - --------------------------------------------------
2025-10-03 20:13:41 - INFO - STATUS: FAILED ❌ | Device: WN-L047-30 | IP: FD12:3456::92FD:9FFF:FEEE:9D40
2025-10-03 20:13:41 - INFO -   packets_transmitted: 10
2025-10-03 20:13:41 - INFO -   packets_received: 0
2025-10-03 20:13:41 - INFO -   packet_loss: 100.0
2025-10-03 20:13:41 - INFO -   min_rtt: 0.0
2025-10-03 20:13:41 - INFO -   avg_rtt: 0.0
2025-10-03 20:13:41 - INFO -   max_rtt: 0.0
2025-10-03 20:13:41 - INFO -   mdev: 0.0
2025-10-03 20:13:41 - INFO - --------------------------------------------------
2025-10-03 20:14:02 - INFO - STATUS: SUCCESS ✅ | Device: WN-L048-30 | IP: FD12:3456::B635:22FF:FE98:29A6
2025-10-03 20:14:02 - INFO -   packets_transmitted: 10
2025-10-03 20:14:02 - INFO -   packets_received: 2
2025-10-03 20:14:02 - INFO -   packet_loss: 80.0
2025-10-03 20:14:02 - INFO -   min_rtt: 5546.48
2025-10-03 20:14:02 - INFO -   avg_rtt: 7980.642
2025-10-03 20:14:02 - INFO -   max_rtt: 10414.804
2025-10-03 20:14:02 - INFO -   mdev: 2434.162
2025-10-03 20:14:02 - INFO - --------------------------------------------------
2025-10-03 20:14:21 - INFO - STATUS: FAILED ❌ | Device: WN-L052-30 | IP: FD12:3456::62A4:23FF:FE37:A3AD
2025-10-03 20:14:21 - INFO -   packets_transmitted: 10
2025-10-03 20:14:21 - INFO -   packets_received: 0
2025-10-03 20:14:21 - INFO -   packet_loss: 100.0
2025-10-03 20:14:21 - INFO -   min_rtt: 0.0
2025-10-03 20:14:21 - INFO -   avg_rtt: 0.0
2025-10-03 20:14:21 - INFO -   max_rtt: 0.0
2025-10-03 20:14:21 - INFO -   mdev: 0.0
2025-10-03 20:14:21 - INFO - --------------------------------------------------
2025-10-03 20:14:40 - INFO - STATUS: FAILED ❌ | Device: WN-L053-30 | IP: FD12:3456::B635:22FF:FE98:252C
2025-10-03 20:14:40 - INFO -   packets_transmitted: 10
2025-10-03 20:14:40 - INFO -   packets_received: 0
2025-10-03 20:14:40 - INFO -   packet_loss: 100.0
2025-10-03 20:14:40 - INFO -   min_rtt: 0.0
2025-10-03 20:14:40 - INFO -   avg_rtt: 0.0
2025-10-03 20:14:40 - INFO -   max_rtt: 0.0
2025-10-03 20:14:40 - INFO -   mdev: 0.0
2025-10-03 20:14:40 - INFO - --------------------------------------------------
2025-10-03 20:14:59 - INFO - STATUS: FAILED ❌ | Device: WN-L054-30 | IP: FD12:3456::B635:22FF:FE98:251E
2025-10-03 20:14:59 - INFO -   packets_transmitted: 10
2025-10-03 20:14:59 - INFO -   packets_received: 0
2025-10-03 20:14:59 - INFO -   packet_loss: 100.0
2025-10-03 20:14:59 - INFO -   min_rtt: 0.0
2025-10-03 20:14:59 - INFO -   avg_rtt: 0.0
2025-10-03 20:14:59 - INFO -   max_rtt: 0.0
2025-10-03 20:14:59 - INFO -   mdev: 0.0
2025-10-03 20:14:59 - INFO - --------------------------------------------------
2025-10-03 20:15:16 - INFO - STATUS: SUCCESS ✅ | Device: WN-VA24-30 | IP: FD12:3456::B635:22FF:FE98:253E
2025-10-03 20:15:16 - INFO -   packets_transmitted: 10
2025-10-03 20:15:16 - INFO -   packets_received: 10
2025-10-03 20:15:16 - INFO -   packet_loss: 0.0
2025-10-03 20:15:16 - INFO -   min_rtt: 1785.013
2025-10-03 20:15:16 - INFO -   avg_rtt: 7821.153
2025-10-03 20:15:16 - INFO -   max_rtt: 11364.795
2025-10-03 20:15:16 - INFO -   mdev: 2753.754
2025-10-03 20:15:16 - INFO - --------------------------------------------------
2025-10-03 20:15:36 - INFO - STATUS: SUCCESS ✅ | Device: WN-VA64-30 | IP: FD12:3456::B635:22FF:FE98:285E
2025-10-03 20:15:36 - INFO -   packets_transmitted: 10
2025-10-03 20:15:36 - INFO -   packets_received: 4
2025-10-03 20:15:36 - INFO -   packet_loss: 60.0
2025-10-03 20:15:36 - INFO -   min_rtt: 5041.177
2025-10-03 20:15:36 - INFO -   avg_rtt: 6753.954
2025-10-03 20:15:36 - INFO -   max_rtt: 9407.097
2025-10-03 20:15:36 - INFO -   mdev: 1806.088
2025-10-03 20:15:36 - INFO - --------------------------------------------------
2025-10-03 20:15:45 - INFO - STATUS: SUCCESS ✅ | Device: WN-VC44-30 | IP: FD12:3456::62A4:23FF:FE37:A3A9
2025-10-03 20:15:45 - INFO -   packets_transmitted: 10
2025-10-03 20:15:45 - INFO -   packets_received: 10
2025-10-03 20:15:45 - INFO -   packet_loss: 0.0
2025-10-03 20:15:45 - INFO -   min_rtt: 137.169
2025-10-03 20:15:45 - INFO -   avg_rtt: 523.06
2025-10-03 20:15:45 - INFO -   max_rtt: 1215.47
2025-10-03 20:15:45 - INFO -   mdev: 355.453
2025-10-03 20:15:45 - INFO - --------------------------------------------------
2025-10-03 20:16:04 - INFO - STATUS: FAILED ❌ | Device: WN-NI04-34 | IP: FD12:3456::62A4:23FF:FE37:A3AB
2025-10-03 20:16:04 - INFO -   packets_transmitted: 10
2025-10-03 20:16:04 - INFO -   packets_received: 0
2025-10-03 20:16:04 - INFO -   packet_loss: 100.0
2025-10-03 20:16:04 - INFO -   min_rtt: 0.0
2025-10-03 20:16:04 - INFO -   avg_rtt: 0.0
2025-10-03 20:16:04 - INFO -   max_rtt: 0.0
2025-10-03 20:16:04 - INFO -   mdev: 0.0
2025-10-03 20:16:04 - INFO - --------------------------------------------------
2025-10-03 20:16:24 - INFO - STATUS: SUCCESS ✅ | Device: WN-L059-34 | IP: FD12:3456::B635:22FF:FE98:29A5
2025-10-03 20:16:24 - INFO -   packets_transmitted: 10
2025-10-03 20:16:24 - INFO -   packets_received: 1
2025-10-03 20:16:24 - INFO -   packet_loss: 90.0
2025-10-03 20:16:24 - INFO -   min_rtt: 17192.426
2025-10-03 20:16:24 - INFO -   avg_rtt: 17192.426
2025-10-03 20:16:24 - INFO -   max_rtt: 17192.426
2025-10-03 20:16:24 - INFO -   mdev: 0.0
2025-10-03 20:16:24 - INFO - --------------------------------------------------
2025-10-03 20:16:24 - INFO - Summary: SUMMARY: 19/28 devices reachable (67.9% success rate) - Duration: 7m 37s
2025-10-03 20:16:24 - INFO - === PING TEST COMPLETED ===
