2025-10-03 15:38:07 - INFO - === PING TEST STARTED ===
2025-10-03 15:38:07 - INFO - Details: Testing 28 devices
2025-10-03 15:40:37 - INFO - STATUS: SUCCESS ✅ | Device: WN-L031-30 | IP: FD12:3456::B635:22FF:FE98:2537
2025-10-03 15:40:37 - INFO -   packets_transmitted: 100
2025-10-03 15:40:37 - INFO -   packets_received: 99
2025-10-03 15:40:37 - INFO -   packet_loss: 1.0
2025-10-03 15:40:37 - INFO -   min_rtt: 387.535
2025-10-03 15:40:37 - INFO -   avg_rtt: 13058.588
2025-10-03 15:40:37 - INFO -   max_rtt: 25532.619
2025-10-03 15:40:37 - INFO -   mdev: 6712.548
2025-10-03 15:40:37 - INFO - --------------------------------------------------
2025-10-03 15:43:18 - INFO - STATUS: SUCCESS ✅ | Device: WN-L032-30 | IP: FD12:3456::B635:22FF:FE98:2523
2025-10-03 15:43:18 - INFO -   packets_transmitted: 100
2025-10-03 15:43:18 - INFO -   packets_received: 94
2025-10-03 15:43:18 - INFO -   packet_loss: 6.0
2025-10-03 15:43:18 - INFO -   min_rtt: 741.175
2025-10-03 15:43:18 - INFO -   avg_rtt: 20841.89
2025-10-03 15:43:18 - INFO -   max_rtt: 43209.459
2025-10-03 15:43:18 - INFO -   mdev: 14286.839
2025-10-03 15:43:18 - INFO - --------------------------------------------------
2025-10-03 15:44:58 - INFO - STATUS: SUCCESS ✅ | Device: WN-L033-30 | IP: FD12:3456::B635:22FF:FE98:252B
2025-10-03 15:44:58 - INFO -   packets_transmitted: 100
2025-10-03 15:44:58 - INFO -   packets_received: 100
2025-10-03 15:44:58 - INFO -   packet_loss: 0.0
2025-10-03 15:44:58 - INFO -   min_rtt: 124.019
2025-10-03 15:44:58 - INFO -   avg_rtt: 1889.583
2025-10-03 15:44:58 - INFO -   max_rtt: 8970.377
2025-10-03 15:44:58 - INFO -   mdev: 2517.076
2025-10-03 15:44:58 - INFO - --------------------------------------------------
2025-10-03 15:48:23 - INFO - STATUS: SUCCESS ✅ | Device: WN-L034-30 | IP: FD12:3456::62A4:23FF:FE37:A3B3
2025-10-03 15:48:23 - INFO -   packets_transmitted: 100
2025-10-03 15:48:23 - INFO -   packets_received: 92
2025-10-03 15:48:23 - INFO -   packet_loss: 8.0
2025-10-03 15:48:23 - INFO -   min_rtt: 896.165
2025-10-03 15:48:23 - INFO -   avg_rtt: 49049.944
2025-10-03 15:48:23 - INFO -   max_rtt: 70558.282
2025-10-03 15:48:23 - INFO -   mdev: 16034.614
2025-10-03 15:48:23 - INFO - --------------------------------------------------
2025-10-03 15:50:24 - INFO - STATUS: SUCCESS ✅ | Device: WN-L035-30 | IP: FD12:3456::B635:22FF:FE98:285B
2025-10-03 15:50:24 - INFO -   packets_transmitted: 100
2025-10-03 15:50:24 - INFO -   packets_received: 98
2025-10-03 15:50:24 - INFO -   packet_loss: 2.0
2025-10-03 15:50:24 - INFO -   min_rtt: 261.302
2025-10-03 15:50:24 - INFO -   avg_rtt: 3411.285
2025-10-03 15:50:24 - INFO -   max_rtt: 10584.108
2025-10-03 15:50:24 - INFO -   mdev: 3209.569
2025-10-03 15:50:24 - INFO - --------------------------------------------------
2025-10-03 15:52:39 - INFO - STATUS: SUCCESS ✅ | Device: WN-L036-30 | IP: FD12:3456::62A4:23FF:FE37:A3A1
2025-10-03 15:52:39 - INFO -   packets_transmitted: 100
2025-10-03 15:52:39 - INFO -   packets_received: 100
2025-10-03 15:52:39 - INFO -   packet_loss: 0.0
2025-10-03 15:52:39 - INFO -   min_rtt: 905.481
2025-10-03 15:52:39 - INFO -   avg_rtt: 26442.242
2025-10-03 15:52:39 - INFO -   max_rtt: 45446.134
2025-10-03 15:52:39 - INFO -   mdev: 15425.028
2025-10-03 15:52:39 - INFO - --------------------------------------------------
2025-10-03 15:54:41 - INFO - STATUS: SUCCESS ✅ | Device: WN-L037-30 | IP: FD12:3456::B635:22FF:FE98:2539
2025-10-03 15:54:41 - INFO -   packets_transmitted: 100
2025-10-03 15:54:41 - INFO -   packets_received: 98
2025-10-03 15:54:41 - INFO -   packet_loss: 2.0
2025-10-03 15:54:41 - INFO -   min_rtt: 370.276
2025-10-03 15:54:41 - INFO -   avg_rtt: 3406.309
2025-10-03 15:54:41 - INFO -   max_rtt: 15112.743
2025-10-03 15:54:41 - INFO -   mdev: 4170.93
2025-10-03 15:54:41 - INFO - --------------------------------------------------
2025-10-03 15:56:21 - INFO - STATUS: SUCCESS ✅ | Device: WN-OF04-34 | IP: FD12:3456::B635:22FF:FE98:285C
2025-10-03 15:56:21 - INFO -   packets_transmitted: 100
2025-10-03 15:56:21 - INFO -   packets_received: 100
2025-10-03 15:56:21 - INFO -   packet_loss: 0.0
2025-10-03 15:56:21 - INFO -   min_rtt: 264.229
2025-10-03 15:56:21 - INFO -   avg_rtt: 1225.612
2025-10-03 15:56:21 - INFO -   max_rtt: 4155.996
2025-10-03 15:56:21 - INFO -   mdev: 1052.986
2025-10-03 15:56:21 - INFO - --------------------------------------------------
2025-10-03 15:59:10 - INFO - STATUS: SUCCESS ✅ | Device: WN-L050-30 | IP: FD12:3456::92FD:9FFF:FEEE:9DF7
2025-10-03 15:59:10 - INFO -   packets_transmitted: 100
2025-10-03 15:59:10 - INFO -   packets_received: 92
2025-10-03 15:59:10 - INFO -   packet_loss: 8.0
2025-10-03 15:59:10 - INFO -   min_rtt: 501.148
2025-10-03 15:59:10 - INFO -   avg_rtt: 19764.959
2025-10-03 15:59:10 - INFO -   max_rtt: 39474.556
2025-10-03 15:59:10 - INFO -   mdev: 13758.61
2025-10-03 15:59:10 - INFO - --------------------------------------------------
2025-10-03 16:02:32 - INFO - STATUS: SUCCESS ✅ | Device: WN-L051-30 | IP: FD12:3456::B635:22FF:FE98:285D
2025-10-03 16:02:32 - INFO -   packets_transmitted: 100
2025-10-03 16:02:32 - INFO -   packets_received: 81
2025-10-03 16:02:32 - INFO -   packet_loss: 19.0
2025-10-03 16:02:32 - INFO -   min_rtt: 4089.141
2025-10-03 16:02:32 - INFO -   avg_rtt: 38148.596
2025-10-03 16:02:32 - INFO -   max_rtt: 63347.747
2025-10-03 16:02:32 - INFO -   mdev: 21261.516
2025-10-03 16:02:32 - INFO - --------------------------------------------------
2025-10-03 16:06:42 - INFO - STATUS: SUCCESS ✅ | Device: WN-L038-30 | IP: FD12:3456::B635:22FF:FE98:253F
2025-10-03 16:06:42 - INFO -   packets_transmitted: 100
2025-10-03 16:06:42 - INFO -   packets_received: 20
2025-10-03 16:06:42 - INFO -   packet_loss: 80.0
2025-10-03 16:06:42 - INFO -   min_rtt: 43845.52
2025-10-03 16:06:42 - INFO -   avg_rtt: 74303.068
2025-10-03 16:06:42 - INFO -   max_rtt: 97882.758
2025-10-03 16:06:42 - INFO -   mdev: 15838.051
2025-10-03 16:06:42 - INFO - --------------------------------------------------
2025-10-03 16:10:01 - INFO - STATUS: SUCCESS ✅ | Device: WN-L039-30 | IP: FD12:3456::62A4:23FF:FE37:A3A8
2025-10-03 16:10:01 - INFO -   packets_transmitted: 100
2025-10-03 16:10:01 - INFO -   packets_received: 23
2025-10-03 16:10:01 - INFO -   packet_loss: 77.0
2025-10-03 16:10:01 - INFO -   min_rtt: 13019.659
2025-10-03 16:10:01 - INFO -   avg_rtt: 72469.106
2025-10-03 16:10:01 - INFO -   max_rtt: 88285.554
2025-10-03 16:10:01 - INFO -   mdev: 18182.739
2025-10-03 16:10:01 - INFO - --------------------------------------------------
2025-10-03 16:13:42 - INFO - STATUS: FAILED ❌ | Device: WN-L040-30 | IP: FD12:3456::B635:22FF:FE98:2541
2025-10-03 16:13:42 - INFO -   packets_transmitted: 100
2025-10-03 16:13:42 - INFO -   packets_received: 0
2025-10-03 16:13:42 - INFO -   packet_loss: 100.0
2025-10-03 16:13:42 - INFO -   min_rtt: 0.0
2025-10-03 16:13:42 - INFO -   avg_rtt: 0.0
2025-10-03 16:13:42 - INFO -   max_rtt: 0.0
2025-10-03 16:13:42 - INFO -   mdev: 0.0
2025-10-03 16:13:42 - INFO - --------------------------------------------------
2025-10-03 16:16:36 - INFO - STATUS: SUCCESS ✅ | Device: WN-L041-30 | IP: FD12:3456::B635:22FF:FE98:2529
2025-10-03 16:16:36 - INFO -   packets_transmitted: 100
2025-10-03 16:16:36 - INFO -   packets_received: 33
2025-10-03 16:16:36 - INFO -   packet_loss: 67.0
2025-10-03 16:16:36 - INFO -   min_rtt: 1609.602
2025-10-03 16:16:36 - INFO -   avg_rtt: 35014.9
2025-10-03 16:16:36 - INFO -   max_rtt: 52891.163
2025-10-03 16:16:36 - INFO -   mdev: 14736.361
2025-10-03 16:16:36 - INFO - --------------------------------------------------
2025-10-03 16:20:18 - INFO - STATUS: FAILED ❌ | Device: WN-L042-30 | IP: FD12:3456::62A4:23FF:FE37:A3AC
2025-10-03 16:20:18 - INFO -   packets_transmitted: 100
2025-10-03 16:20:18 - INFO -   packets_received: 0
2025-10-03 16:20:18 - INFO -   packet_loss: 100.0
2025-10-03 16:20:18 - INFO -   min_rtt: 0.0
2025-10-03 16:20:18 - INFO -   avg_rtt: 0.0
2025-10-03 16:20:18 - INFO -   max_rtt: 0.0
2025-10-03 16:20:18 - INFO -   mdev: 0.0
2025-10-03 16:20:18 - INFO - --------------------------------------------------
2025-10-03 16:23:59 - INFO - STATUS: FAILED ❌ | Device: WN-L043-30 | IP: FD12:3456::62A4:23FF:FE37:A39F
2025-10-03 16:23:59 - INFO -   packets_transmitted: 100
2025-10-03 16:23:59 - INFO -   packets_received: 0
2025-10-03 16:23:59 - INFO -   packet_loss: 100.0
2025-10-03 16:23:59 - INFO -   min_rtt: 0.0
2025-10-03 16:23:59 - INFO -   avg_rtt: 0.0
2025-10-03 16:23:59 - INFO -   max_rtt: 0.0
2025-10-03 16:23:59 - INFO -   mdev: 0.0
2025-10-03 16:23:59 - INFO - --------------------------------------------------
2025-10-03 16:27:40 - INFO - STATUS: FAILED ❌ | Device: WN-L044-30 | IP: FD12:3456::B635:22FF:FE98:2534
2025-10-03 16:27:40 - INFO -   packets_transmitted: 100
2025-10-03 16:27:40 - INFO -   packets_received: 0
2025-10-03 16:27:40 - INFO -   packet_loss: 100.0
2025-10-03 16:27:40 - INFO -   min_rtt: 0.0
2025-10-03 16:27:40 - INFO -   avg_rtt: 0.0
2025-10-03 16:27:40 - INFO -   max_rtt: 0.0
2025-10-03 16:27:40 - INFO -   mdev: 0.0
2025-10-03 16:27:40 - INFO - --------------------------------------------------
2025-10-03 16:31:22 - INFO - STATUS: FAILED ❌ | Device: WN-L045-30 | IP: FD12:3456::B635:22FF:FE98:2524
2025-10-03 16:31:22 - INFO -   packets_transmitted: 100
2025-10-03 16:31:22 - INFO -   packets_received: 0
2025-10-03 16:31:22 - INFO -   packet_loss: 100.0
2025-10-03 16:31:22 - INFO -   min_rtt: 0.0
2025-10-03 16:31:22 - INFO -   avg_rtt: 0.0
2025-10-03 16:31:22 - INFO -   max_rtt: 0.0
2025-10-03 16:31:22 - INFO -   mdev: 0.0
2025-10-03 16:31:22 - INFO - --------------------------------------------------
2025-10-03 16:35:03 - INFO - STATUS: FAILED ❌ | Device: WN-L047-30 | IP: FD12:3456::92FD:9FFF:FEEE:9D40
2025-10-03 16:35:03 - INFO -   packets_transmitted: 100
2025-10-03 16:35:03 - INFO -   packets_received: 0
2025-10-03 16:35:03 - INFO -   packet_loss: 100.0
2025-10-03 16:35:03 - INFO -   min_rtt: 0.0
2025-10-03 16:35:03 - INFO -   avg_rtt: 0.0
2025-10-03 16:35:03 - INFO -   max_rtt: 0.0
2025-10-03 16:35:03 - INFO -   mdev: 0.0
2025-10-03 16:35:03 - INFO - --------------------------------------------------
2025-10-03 16:38:36 - INFO - STATUS: SUCCESS ✅ | Device: WN-L048-30 | IP: FD12:3456::B635:22FF:FE98:29A6
2025-10-03 16:38:36 - INFO -   packets_transmitted: 100
2025-10-03 16:38:36 - INFO -   packets_received: 57
2025-10-03 16:38:36 - INFO -   packet_loss: 43.0
2025-10-03 16:38:36 - INFO -   min_rtt: 3550.0
2025-10-03 16:38:36 - INFO -   avg_rtt: 49089.904
2025-10-03 16:38:36 - INFO -   max_rtt: 67959.387
2025-10-03 16:38:36 - INFO -   mdev: 15198.968
2025-10-03 16:38:36 - INFO - --------------------------------------------------
2025-10-03 16:42:14 - INFO - STATUS: SUCCESS ✅ | Device: WN-L052-30 | IP: FD12:3456::62A4:23FF:FE37:A3AD
2025-10-03 16:42:14 - INFO -   packets_transmitted: 100
2025-10-03 16:42:14 - INFO -   packets_received: 24
2025-10-03 16:42:14 - INFO -   packet_loss: 76.0
2025-10-03 16:42:14 - INFO -   min_rtt: 25695.161
2025-10-03 16:42:14 - INFO -   avg_rtt: 52374.9
2025-10-03 16:42:14 - INFO -   max_rtt: 62908.006
2025-10-03 16:42:14 - INFO -   mdev: 9982.864
2025-10-03 16:42:14 - INFO - --------------------------------------------------
2025-10-03 16:45:55 - INFO - STATUS: SUCCESS ✅ | Device: WN-L053-30 | IP: FD12:3456::B635:22FF:FE98:252C
2025-10-03 16:45:55 - INFO -   packets_transmitted: 100
2025-10-03 16:45:55 - INFO -   packets_received: 46
2025-10-03 16:45:55 - INFO -   packet_loss: 54.0
2025-10-03 16:45:55 - INFO -   min_rtt: 2848.759
2025-10-03 16:45:55 - INFO -   avg_rtt: 54300.017
2025-10-03 16:45:55 - INFO -   max_rtt: 91118.001
2025-10-03 16:45:55 - INFO -   mdev: 25799.578
2025-10-03 16:45:55 - INFO - --------------------------------------------------
2025-10-03 16:45:57 - INFO - STATUS: FAILED ❌ | Device: WN-L054-30 | IP: FD12:3456::B635:22FF:FE98:251E
2025-10-03 16:45:57 - INFO -   packets_transmitted: 100
2025-10-03 16:45:57 - INFO -   packets_received: 0
2025-10-03 16:45:57 - INFO -   packet_loss: 100.0
2025-10-03 16:45:57 - INFO -   min_rtt: 0.0
2025-10-03 16:45:57 - INFO -   avg_rtt: 0.0
2025-10-03 16:45:57 - INFO -   max_rtt: 0.0
2025-10-03 16:45:57 - INFO -   mdev: 0.0
2025-10-03 16:45:57 - INFO - --------------------------------------------------
2025-10-03 16:45:57 - INFO - Test stopped by user
2025-10-03 16:45:57 - INFO - Summary: SUMMARY: 16/28 devices reachable (57.1% success rate) - Duration: 67m 50s
2025-10-03 16:45:57 - INFO - === PING TEST COMPLETED ===
