2025-10-08 10:56:53 - INFO - === PING TEST STARTED ===
2025-10-08 10:56:53 - INFO - Details: Testing 28 devices
2025-10-08 10:57:02 - INFO - STATUS: SUCCESS ✅ | Device: WN-L031-30 | IP: FD12:3456::B635:22FF:FE98:2537
2025-10-08 10:57:02 - INFO -   packets_transmitted: 10
2025-10-08 10:57:02 - INFO -   packets_received: 10
2025-10-08 10:57:02 - INFO -   packet_loss: 0.0
2025-10-08 10:57:02 - INFO -   min_rtt: 246.086
2025-10-08 10:57:02 - INFO -   avg_rtt: 338.718
2025-10-08 10:57:02 - INFO -   max_rtt: 470.168
2025-10-08 10:57:02 - INFO -   mdev: 82.754
2025-10-08 10:57:02 - INFO - --------------------------------------------------
2025-10-08 10:57:14 - INFO - STATUS: SUCCESS ✅ | Device: WN-L032-30 | IP: FD12:3456::B635:22FF:FE98:2523
2025-10-08 10:57:14 - INFO -   packets_transmitted: 10
2025-10-08 10:57:14 - INFO -   packets_received: 10
2025-10-08 10:57:14 - INFO -   packet_loss: 0.0
2025-10-08 10:57:14 - INFO -   min_rtt: 269.835
2025-10-08 10:57:14 - INFO -   avg_rtt: 2252.038
2025-10-08 10:57:14 - INFO -   max_rtt: 4084.387
2025-10-08 10:57:14 - INFO -   mdev: 1095.23
2025-10-08 10:57:14 - INFO - --------------------------------------------------
2025-10-08 10:57:23 - INFO - STATUS: SUCCESS ✅ | Device: WN-L033-30 | IP: FD12:3456::B635:22FF:FE98:252B
2025-10-08 10:57:23 - INFO -   packets_transmitted: 10
2025-10-08 10:57:23 - INFO -   packets_received: 10
2025-10-08 10:57:23 - INFO -   packet_loss: 0.0
2025-10-08 10:57:23 - INFO -   min_rtt: 129.199
2025-10-08 10:57:23 - INFO -   avg_rtt: 277.554
2025-10-08 10:57:23 - INFO -   max_rtt: 729.053
2025-10-08 10:57:23 - INFO -   mdev: 208.133
2025-10-08 10:57:23 - INFO - --------------------------------------------------
2025-10-08 10:57:33 - INFO - STATUS: SUCCESS ✅ | Device: WN-L034-30 | IP: FD12:3456::62A4:23FF:FE37:A3B3
2025-10-08 10:57:33 - INFO -   packets_transmitted: 10
2025-10-08 10:57:33 - INFO -   packets_received: 10
2025-10-08 10:57:33 - INFO -   packet_loss: 0.0
2025-10-08 10:57:33 - INFO -   min_rtt: 273.29
2025-10-08 10:57:33 - INFO -   avg_rtt: 1373.893
2025-10-08 10:57:33 - INFO -   max_rtt: 2966.53
2025-10-08 10:57:33 - INFO -   mdev: 879.067
2025-10-08 10:57:33 - INFO - --------------------------------------------------
2025-10-08 10:57:42 - INFO - STATUS: SUCCESS ✅ | Device: WN-L035-30 | IP: FD12:3456::B635:22FF:FE98:285B
2025-10-08 10:57:42 - INFO -   packets_transmitted: 10
2025-10-08 10:57:42 - INFO -   packets_received: 10
2025-10-08 10:57:42 - INFO -   packet_loss: 0.0
2025-10-08 10:57:42 - INFO -   min_rtt: 254.18
2025-10-08 10:57:42 - INFO -   avg_rtt: 451.32
2025-10-08 10:57:42 - INFO -   max_rtt: 885.417
2025-10-08 10:57:42 - INFO -   mdev: 188.221
2025-10-08 10:57:42 - INFO - --------------------------------------------------
2025-10-08 10:59:32 - INFO - STATUS: FAILED ❌ | Device: WN-L036-30 | IP: FD12:3456::62A4:23FF:FE37:A3A1
2025-10-08 10:59:32 - INFO -   packets_transmitted: 10
2025-10-08 10:59:32 - INFO -   packets_received: 0
2025-10-08 10:59:32 - INFO -   packet_loss: 100.0
2025-10-08 10:59:32 - INFO -   min_rtt: 0.0
2025-10-08 10:59:32 - INFO -   avg_rtt: 0.0
2025-10-08 10:59:32 - INFO -   max_rtt: 0.0
2025-10-08 10:59:32 - INFO -   mdev: 0.0
2025-10-08 10:59:32 - INFO - --------------------------------------------------
2025-10-08 10:59:41 - INFO - STATUS: SUCCESS ✅ | Device: WN-L037-30 | IP: FD12:3456::B635:22FF:FE98:2539
2025-10-08 10:59:41 - INFO -   packets_transmitted: 10
2025-10-08 10:59:41 - INFO -   packets_received: 10
2025-10-08 10:59:41 - INFO -   packet_loss: 0.0
2025-10-08 10:59:41 - INFO -   min_rtt: 586.499
2025-10-08 10:59:41 - INFO -   avg_rtt: 1531.327
2025-10-08 10:59:41 - INFO -   max_rtt: 3064.351
2025-10-08 10:59:41 - INFO -   mdev: 934.886
2025-10-08 10:59:41 - INFO - --------------------------------------------------
2025-10-08 10:59:51 - INFO - STATUS: SUCCESS ✅ | Device: WN-OF04-34 | IP: FD12:3456::B635:22FF:FE98:285C
2025-10-08 10:59:51 - INFO -   packets_transmitted: 10
2025-10-08 10:59:51 - INFO -   packets_received: 10
2025-10-08 10:59:51 - INFO -   packet_loss: 0.0
2025-10-08 10:59:51 - INFO -   min_rtt: 265.205
2025-10-08 10:59:51 - INFO -   avg_rtt: 642.678
2025-10-08 10:59:51 - INFO -   max_rtt: 1415.99
2025-10-08 10:59:51 - INFO -   mdev: 428.819
2025-10-08 10:59:51 - INFO - --------------------------------------------------
2025-10-08 11:00:00 - INFO - STATUS: SUCCESS ✅ | Device: WN-L050-30 | IP: FD12:3456::92FD:9FFF:FEEE:9DF7
2025-10-08 11:00:00 - INFO -   packets_transmitted: 10
2025-10-08 11:00:00 - INFO -   packets_received: 10
2025-10-08 11:00:00 - INFO -   packet_loss: 0.0
2025-10-08 11:00:00 - INFO -   min_rtt: 381.342
2025-10-08 11:00:00 - INFO -   avg_rtt: 776.9
2025-10-08 11:00:00 - INFO -   max_rtt: 1929.813
2025-10-08 11:00:00 - INFO -   mdev: 452.255
2025-10-08 11:00:00 - INFO - --------------------------------------------------
2025-10-08 11:00:11 - INFO - STATUS: SUCCESS ✅ | Device: WN-L051-30 | IP: FD12:3456::B635:22FF:FE98:285D
2025-10-08 11:00:11 - INFO -   packets_transmitted: 10
2025-10-08 11:00:11 - INFO -   packets_received: 10
2025-10-08 11:00:11 - INFO -   packet_loss: 0.0
2025-10-08 11:00:11 - INFO -   min_rtt: 651.359
2025-10-08 11:00:11 - INFO -   avg_rtt: 1883.554
2025-10-08 11:00:11 - INFO -   max_rtt: 3751.735
2025-10-08 11:00:11 - INFO -   mdev: 967.482
2025-10-08 11:00:11 - INFO - --------------------------------------------------
2025-10-08 11:00:32 - INFO - STATUS: SUCCESS ✅ | Device: WN-L038-30 | IP: FD12:3456::B635:22FF:FE98:253F
2025-10-08 11:00:32 - INFO -   packets_transmitted: 10
2025-10-08 11:00:32 - INFO -   packets_received: 1
2025-10-08 11:00:32 - INFO -   packet_loss: 90.0
2025-10-08 11:00:32 - INFO -   min_rtt: 6150.929
2025-10-08 11:00:32 - INFO -   avg_rtt: 6150.929
2025-10-08 11:00:32 - INFO -   max_rtt: 6150.929
2025-10-08 11:00:32 - INFO -   mdev: 0.0
2025-10-08 11:00:32 - INFO - --------------------------------------------------
2025-10-08 11:02:21 - INFO - STATUS: SUCCESS ✅ | Device: WN-L039-30 | IP: FD12:3456::62A4:23FF:FE37:A3A8
2025-10-08 11:02:21 - INFO -   packets_transmitted: 10
2025-10-08 11:02:21 - INFO -   packets_received: 1
2025-10-08 11:02:21 - INFO -   packet_loss: 90.0
2025-10-08 11:02:21 - INFO -   min_rtt: 26743.448
2025-10-08 11:02:21 - INFO -   avg_rtt: 26743.448
2025-10-08 11:02:21 - INFO -   max_rtt: 26743.448
2025-10-08 11:02:21 - INFO -   mdev: 0.0
2025-10-08 11:02:21 - INFO - --------------------------------------------------
2025-10-08 11:04:11 - INFO - STATUS: FAILED ❌ | Device: WN-L040-30 | IP: FD12:3456::B635:22FF:FE98:2541
2025-10-08 11:04:11 - INFO -   packets_transmitted: 10
2025-10-08 11:04:11 - INFO -   packets_received: 0
2025-10-08 11:04:11 - INFO -   packet_loss: 100.0
2025-10-08 11:04:11 - INFO -   min_rtt: 0.0
2025-10-08 11:04:11 - INFO -   avg_rtt: 0.0
2025-10-08 11:04:11 - INFO -   max_rtt: 0.0
2025-10-08 11:04:11 - INFO -   mdev: 0.0
2025-10-08 11:04:11 - INFO - --------------------------------------------------
2025-10-08 11:04:30 - INFO - STATUS: SUCCESS ✅ | Device: WN-L041-30 | IP: FD12:3456::B635:22FF:FE98:2529
2025-10-08 11:04:30 - INFO -   packets_transmitted: 10
2025-10-08 11:04:30 - INFO -   packets_received: 1
2025-10-08 11:04:30 - INFO -   packet_loss: 90.0
2025-10-08 11:04:30 - INFO -   min_rtt: 5021.912
2025-10-08 11:04:30 - INFO -   avg_rtt: 5021.912
2025-10-08 11:04:30 - INFO -   max_rtt: 5021.912
2025-10-08 11:04:30 - INFO -   mdev: 0.0
2025-10-08 11:04:30 - INFO - --------------------------------------------------
2025-10-08 11:06:19 - INFO - STATUS: FAILED ❌ | Device: WN-L042-30 | IP: FD12:3456::62A4:23FF:FE37:A3AC
2025-10-08 11:06:19 - INFO -   packets_transmitted: 10
2025-10-08 11:06:19 - INFO -   packets_received: 0
2025-10-08 11:06:19 - INFO -   packet_loss: 100.0
2025-10-08 11:06:19 - INFO -   min_rtt: 0.0
2025-10-08 11:06:19 - INFO -   avg_rtt: 0.0
2025-10-08 11:06:19 - INFO -   max_rtt: 0.0
2025-10-08 11:06:19 - INFO -   mdev: 0.0
2025-10-08 11:06:19 - INFO - --------------------------------------------------
2025-10-08 11:08:08 - INFO - STATUS: SUCCESS ✅ | Device: WN-L043-30 | IP: FD12:3456::62A4:23FF:FE37:A39F
2025-10-08 11:08:08 - INFO -   packets_transmitted: 10
2025-10-08 11:08:08 - INFO -   packets_received: 2
2025-10-08 11:08:08 - INFO -   packet_loss: 80.0
2025-10-08 11:08:08 - INFO -   min_rtt: 22814.229
2025-10-08 11:08:08 - INFO -   avg_rtt: 23266.873
2025-10-08 11:08:08 - INFO -   max_rtt: 23719.517
2025-10-08 11:08:08 - INFO -   mdev: 452.644
2025-10-08 11:08:08 - INFO - --------------------------------------------------
2025-10-08 11:09:57 - INFO - STATUS: FAILED ❌ | Device: WN-L044-30 | IP: FD12:3456::B635:22FF:FE98:2534
2025-10-08 11:09:57 - INFO -   packets_transmitted: 10
2025-10-08 11:09:57 - INFO -   packets_received: 0
2025-10-08 11:09:57 - INFO -   packet_loss: 100.0
2025-10-08 11:09:57 - INFO -   min_rtt: 0.0
2025-10-08 11:09:57 - INFO -   avg_rtt: 0.0
2025-10-08 11:09:57 - INFO -   max_rtt: 0.0
2025-10-08 11:09:57 - INFO -   mdev: 0.0
2025-10-08 11:09:57 - INFO - --------------------------------------------------
2025-10-08 11:11:47 - INFO - STATUS: FAILED ❌ | Device: WN-L045-30 | IP: FD12:3456::B635:22FF:FE98:2524
2025-10-08 11:11:47 - INFO -   packets_transmitted: 10
2025-10-08 11:11:47 - INFO -   packets_received: 0
2025-10-08 11:11:47 - INFO -   packet_loss: 100.0
2025-10-08 11:11:47 - INFO -   min_rtt: 0.0
2025-10-08 11:11:47 - INFO -   avg_rtt: 0.0
2025-10-08 11:11:47 - INFO -   max_rtt: 0.0
2025-10-08 11:11:47 - INFO -   mdev: 0.0
2025-10-08 11:11:47 - INFO - --------------------------------------------------
2025-10-08 11:13:36 - INFO - STATUS: SUCCESS ✅ | Device: WN-L047-30 | IP: FD12:3456::92FD:9FFF:FEEE:9D40
2025-10-08 11:13:36 - INFO -   packets_transmitted: 10
2025-10-08 11:13:36 - INFO -   packets_received: 2
2025-10-08 11:13:36 - INFO -   packet_loss: 80.0
2025-10-08 11:13:36 - INFO -   min_rtt: 15319.652
2025-10-08 11:13:36 - INFO -   avg_rtt: 16138.238
2025-10-08 11:13:36 - INFO -   max_rtt: 16956.825
2025-10-08 11:13:36 - INFO -   mdev: 818.586
2025-10-08 11:13:36 - INFO - --------------------------------------------------
2025-10-08 11:15:25 - INFO - STATUS: FAILED ❌ | Device: WN-L048-30 | IP: FD12:3456::B635:22FF:FE98:29A6
2025-10-08 11:15:25 - INFO -   packets_transmitted: 10
2025-10-08 11:15:25 - INFO -   packets_received: 0
2025-10-08 11:15:25 - INFO -   packet_loss: 100.0
2025-10-08 11:15:25 - INFO -   min_rtt: 0.0
2025-10-08 11:15:25 - INFO -   avg_rtt: 0.0
2025-10-08 11:15:25 - INFO -   max_rtt: 0.0
2025-10-08 11:15:25 - INFO -   mdev: 0.0
2025-10-08 11:15:25 - INFO - --------------------------------------------------
2025-10-08 11:17:14 - INFO - STATUS: FAILED ❌ | Device: WN-L052-30 | IP: FD12:3456::62A4:23FF:FE37:A3AD
2025-10-08 11:17:14 - INFO -   packets_transmitted: 10
2025-10-08 11:17:14 - INFO -   packets_received: 0
2025-10-08 11:17:14 - INFO -   packet_loss: 100.0
2025-10-08 11:17:14 - INFO -   min_rtt: 0.0
2025-10-08 11:17:14 - INFO -   avg_rtt: 0.0
2025-10-08 11:17:14 - INFO -   max_rtt: 0.0
2025-10-08 11:17:14 - INFO -   mdev: 0.0
2025-10-08 11:17:14 - INFO - --------------------------------------------------
2025-10-08 11:19:04 - INFO - STATUS: FAILED ❌ | Device: WN-L053-30 | IP: FD12:3456::B635:22FF:FE98:252C
2025-10-08 11:19:04 - INFO -   packets_transmitted: 10
2025-10-08 11:19:04 - INFO -   packets_received: 0
2025-10-08 11:19:04 - INFO -   packet_loss: 100.0
2025-10-08 11:19:04 - INFO -   min_rtt: 0.0
2025-10-08 11:19:04 - INFO -   avg_rtt: 0.0
2025-10-08 11:19:04 - INFO -   max_rtt: 0.0
2025-10-08 11:19:04 - INFO -   mdev: 0.0
2025-10-08 11:19:04 - INFO - --------------------------------------------------
2025-10-08 11:20:53 - INFO - STATUS: FAILED ❌ | Device: WN-L054-30 | IP: FD12:3456::B635:22FF:FE98:251E
2025-10-08 11:20:53 - INFO -   packets_transmitted: 10
2025-10-08 11:20:53 - INFO -   packets_received: 0
2025-10-08 11:20:53 - INFO -   packet_loss: 100.0
2025-10-08 11:20:53 - INFO -   min_rtt: 0.0
2025-10-08 11:20:53 - INFO -   avg_rtt: 0.0
2025-10-08 11:20:53 - INFO -   max_rtt: 0.0
2025-10-08 11:20:53 - INFO -   mdev: 0.0
2025-10-08 11:20:53 - INFO - --------------------------------------------------
2025-10-08 11:21:06 - INFO - STATUS: SUCCESS ✅ | Device: WN-VA24-30 | IP: FD12:3456::B635:22FF:FE98:253E
2025-10-08 11:21:06 - INFO -   packets_transmitted: 10
2025-10-08 11:21:06 - INFO -   packets_received: 10
2025-10-08 11:21:06 - INFO -   packet_loss: 0.0
2025-10-08 11:21:06 - INFO -   min_rtt: 1900.689
2025-10-08 11:21:06 - INFO -   avg_rtt: 4914.457
2025-10-08 11:21:06 - INFO -   max_rtt: 6909.31
2025-10-08 11:21:06 - INFO -   mdev: 1541.24
2025-10-08 11:21:06 - INFO - --------------------------------------------------
2025-10-08 11:21:16 - INFO - STATUS: SUCCESS ✅ | Device: WN-VA64-30 | IP: FD12:3456::B635:22FF:FE98:285E
2025-10-08 11:21:16 - INFO -   packets_transmitted: 10
2025-10-08 11:21:16 - INFO -   packets_received: 10
2025-10-08 11:21:16 - INFO -   packet_loss: 0.0
2025-10-08 11:21:16 - INFO -   min_rtt: 136.434
2025-10-08 11:21:16 - INFO -   avg_rtt: 352.301
2025-10-08 11:21:16 - INFO -   max_rtt: 824.183
2025-10-08 11:21:16 - INFO -   mdev: 208.201
2025-10-08 11:21:16 - INFO - --------------------------------------------------
2025-10-08 11:21:26 - INFO - STATUS: SUCCESS ✅ | Device: WN-VC44-30 | IP: FD12:3456::62A4:23FF:FE37:A3A9
2025-10-08 11:21:26 - INFO -   packets_transmitted: 10
2025-10-08 11:21:26 - INFO -   packets_received: 10
2025-10-08 11:21:26 - INFO -   packet_loss: 0.0
2025-10-08 11:21:26 - INFO -   min_rtt: 126.297
2025-10-08 11:21:26 - INFO -   avg_rtt: 403.544
2025-10-08 11:21:26 - INFO -   max_rtt: 666.309
2025-10-08 11:21:26 - INFO -   mdev: 155.493
2025-10-08 11:21:26 - INFO - --------------------------------------------------
2025-10-08 11:23:15 - INFO - STATUS: FAILED ❌ | Device: WN-NI04-34 | IP: FD12:3456::62A4:23FF:FE37:A3AB
2025-10-08 11:23:15 - INFO -   packets_transmitted: 10
2025-10-08 11:23:15 - INFO -   packets_received: 0
2025-10-08 11:23:15 - INFO -   packet_loss: 100.0
2025-10-08 11:23:15 - INFO -   min_rtt: 0.0
2025-10-08 11:23:15 - INFO -   avg_rtt: 0.0
2025-10-08 11:23:15 - INFO -   max_rtt: 0.0
2025-10-08 11:23:15 - INFO -   mdev: 0.0
2025-10-08 11:23:15 - INFO - --------------------------------------------------
2025-10-08 11:25:04 - INFO - STATUS: FAILED ❌ | Device: WN-L059-34 | IP: FD12:3456::B635:22FF:FE98:29A5
2025-10-08 11:25:04 - INFO -   packets_transmitted: 10
2025-10-08 11:25:04 - INFO -   packets_received: 0
2025-10-08 11:25:04 - INFO -   packet_loss: 100.0
2025-10-08 11:25:04 - INFO -   min_rtt: 0.0
2025-10-08 11:25:04 - INFO -   avg_rtt: 0.0
2025-10-08 11:25:04 - INFO -   max_rtt: 0.0
2025-10-08 11:25:04 - INFO -   mdev: 0.0
2025-10-08 11:25:04 - INFO - --------------------------------------------------
2025-10-08 11:25:04 - INFO - Summary: SUMMARY: 17/28 devices reachable (60.7% success rate) - Duration: 28m 11s
2025-10-08 11:25:04 - INFO - === PING TEST COMPLETED ===
