2025-10-04 15:39:42 - INFO - === PING TEST STARTED ===
2025-10-04 15:39:42 - INFO - Details: Testing 28 devices
2025-10-04 15:39:52 - INFO - STATUS: FAILED ❌ | Device: WN-L031-30 | IP: FD12:3456::B635:22FF:FE98:2537
2025-10-04 15:39:52 - INFO -   packets_transmitted: 1
2025-10-04 15:39:52 - INFO -   packets_received: 0
2025-10-04 15:39:52 - INFO -   packet_loss: 100.0
2025-10-04 15:39:52 - INFO -   min_rtt: 0.0
2025-10-04 15:39:52 - INFO -   avg_rtt: 0.0
2025-10-04 15:39:52 - INFO -   max_rtt: 0.0
2025-10-04 15:39:52 - INFO -   mdev: 0.0
2025-10-04 15:39:52 - INFO - --------------------------------------------------
2025-10-04 15:40:02 - INFO - STATUS: FAILED ❌ | Device: WN-L032-30 | IP: FD12:3456::B635:22FF:FE98:2523
2025-10-04 15:40:02 - INFO -   packets_transmitted: 1
2025-10-04 15:40:02 - INFO -   packets_received: 0
2025-10-04 15:40:02 - INFO -   packet_loss: 100.0
2025-10-04 15:40:02 - INFO -   min_rtt: 0.0
2025-10-04 15:40:02 - INFO -   avg_rtt: 0.0
2025-10-04 15:40:02 - INFO -   max_rtt: 0.0
2025-10-04 15:40:02 - INFO -   mdev: 0.0
2025-10-04 15:40:02 - INFO - --------------------------------------------------
2025-10-04 15:40:02 - INFO - Test stopped by user
2025-10-04 15:40:02 - INFO - Summary: SUMMARY: 0/28 devices reachable (0.0% success rate) - Duration: 20s
2025-10-04 15:40:02 - INFO - === PING TEST COMPLETED ===
