2025-10-02 18:23:53 - INFO - === PING TEST STARTED ===
2025-10-02 18:23:53 - INFO - Details: Testing 28 devices
2025-10-02 18:23:54 - INFO - STATUS: SUCCESS ✅ | Device: WN-L031-30 | IP: FD12:3456::B635:22FF:FE98:2537
2025-10-02 18:23:54 - INFO -   packets_transmitted: 1
2025-10-02 18:23:54 - INFO -   packets_received: 1
2025-10-02 18:23:54 - INFO -   packet_loss: 0.0
2025-10-02 18:23:54 - INFO -   min_rtt: 742.052
2025-10-02 18:23:54 - INFO -   avg_rtt: 742.052
2025-10-02 18:23:54 - INFO -   max_rtt: 742.052
2025-10-02 18:23:54 - INFO -   mdev: 0.0
2025-10-02 18:23:54 - INFO - --------------------------------------------------
2025-10-02 18:23:54 - INFO - STATUS: SUCCESS ✅ | Device: WN-L032-30 | IP: FD12:3456::B635:22FF:FE98:2523
2025-10-02 18:23:54 - INFO -   packets_transmitted: 1
2025-10-02 18:23:54 - INFO -   packets_received: 1
2025-10-02 18:23:54 - INFO -   packet_loss: 0.0
2025-10-02 18:23:54 - INFO -   min_rtt: 520.368
2025-10-02 18:23:54 - INFO -   avg_rtt: 520.368
2025-10-02 18:23:54 - INFO -   max_rtt: 520.368
2025-10-02 18:23:54 - INFO -   mdev: 0.0
2025-10-02 18:23:54 - INFO - --------------------------------------------------
2025-10-02 18:23:54 - INFO - STATUS: SUCCESS ✅ | Device: WN-L033-30 | IP: FD12:3456::B635:22FF:FE98:252B
2025-10-02 18:23:54 - INFO -   packets_transmitted: 1
2025-10-02 18:23:54 - INFO -   packets_received: 1
2025-10-02 18:23:54 - INFO -   packet_loss: 0.0
2025-10-02 18:23:54 - INFO -   min_rtt: 126.528
2025-10-02 18:23:54 - INFO -   avg_rtt: 126.528
2025-10-02 18:23:54 - INFO -   max_rtt: 126.528
2025-10-02 18:23:54 - INFO -   mdev: 0.0
2025-10-02 18:23:54 - INFO - --------------------------------------------------
2025-10-02 18:23:55 - INFO - STATUS: SUCCESS ✅ | Device: WN-L034-30 | IP: FD12:3456::62A4:23FF:FE37:A3B3
2025-10-02 18:23:55 - INFO -   packets_transmitted: 1
2025-10-02 18:23:55 - INFO -   packets_received: 1
2025-10-02 18:23:55 - INFO -   packet_loss: 0.0
2025-10-02 18:23:55 - INFO -   min_rtt: 871.4
2025-10-02 18:23:55 - INFO -   avg_rtt: 871.4
2025-10-02 18:23:55 - INFO -   max_rtt: 871.4
2025-10-02 18:23:55 - INFO -   mdev: 0.0
2025-10-02 18:23:55 - INFO - --------------------------------------------------
2025-10-02 18:23:56 - INFO - STATUS: SUCCESS ✅ | Device: WN-L035-30 | IP: FD12:3456::B635:22FF:FE98:285B
2025-10-02 18:23:56 - INFO -   packets_transmitted: 1
2025-10-02 18:23:56 - INFO -   packets_received: 1
2025-10-02 18:23:56 - INFO -   packet_loss: 0.0
2025-10-02 18:23:56 - INFO -   min_rtt: 376.349
2025-10-02 18:23:56 - INFO -   avg_rtt: 376.349
2025-10-02 18:23:56 - INFO -   max_rtt: 376.349
2025-10-02 18:23:56 - INFO -   mdev: 0.0
2025-10-02 18:23:56 - INFO - --------------------------------------------------
2025-10-02 18:23:56 - INFO - STATUS: SUCCESS ✅ | Device: WN-L036-30 | IP: FD12:3456::62A4:23FF:FE37:A3A1
2025-10-02 18:23:56 - INFO -   packets_transmitted: 1
2025-10-02 18:23:56 - INFO -   packets_received: 1
2025-10-02 18:23:56 - INFO -   packet_loss: 0.0
2025-10-02 18:23:56 - INFO -   min_rtt: 521.456
2025-10-02 18:23:56 - INFO -   avg_rtt: 521.456
2025-10-02 18:23:56 - INFO -   max_rtt: 521.456
2025-10-02 18:23:56 - INFO -   mdev: 0.0
2025-10-02 18:23:56 - INFO - --------------------------------------------------
2025-10-02 18:23:57 - INFO - STATUS: SUCCESS ✅ | Device: WN-L037-30 | IP: FD12:3456::B635:22FF:FE98:2539
2025-10-02 18:23:57 - INFO -   packets_transmitted: 1
2025-10-02 18:23:57 - INFO -   packets_received: 1
2025-10-02 18:23:57 - INFO -   packet_loss: 0.0
2025-10-02 18:23:57 - INFO -   min_rtt: 496.482
2025-10-02 18:23:57 - INFO -   avg_rtt: 496.482
2025-10-02 18:23:57 - INFO -   max_rtt: 496.482
2025-10-02 18:23:57 - INFO -   mdev: 0.0
2025-10-02 18:23:57 - INFO - --------------------------------------------------
2025-10-02 18:23:58 - INFO - STATUS: FAILED ❌ | Device: WN-OF04-34 | IP: FD12:3456::B635:22FF:FE98:285C
2025-10-02 18:23:58 - INFO -   packets_transmitted: 1
2025-10-02 18:23:58 - INFO -   packets_received: 0
2025-10-02 18:23:58 - INFO -   packet_loss: 100.0
2025-10-02 18:23:58 - INFO -   min_rtt: 0.0
2025-10-02 18:23:58 - INFO -   avg_rtt: 0.0
2025-10-02 18:23:58 - INFO -   max_rtt: 0.0
2025-10-02 18:23:58 - INFO -   mdev: 0.0
2025-10-02 18:23:58 - INFO - --------------------------------------------------
2025-10-02 18:23:58 - INFO - STATUS: SUCCESS ✅ | Device: WN-L050-30 | IP: FD12:3456::92FD:9FFF:FEEE:9DF7
2025-10-02 18:23:58 - INFO -   packets_transmitted: 1
2025-10-02 18:23:58 - INFO -   packets_received: 1
2025-10-02 18:23:58 - INFO -   packet_loss: 0.0
2025-10-02 18:23:58 - INFO -   min_rtt: 842.619
2025-10-02 18:23:58 - INFO -   avg_rtt: 842.619
2025-10-02 18:23:58 - INFO -   max_rtt: 842.619
2025-10-02 18:23:58 - INFO -   mdev: 0.0
2025-10-02 18:23:58 - INFO - --------------------------------------------------
2025-10-02 18:23:59 - INFO - STATUS: SUCCESS ✅ | Device: WN-L051-30 | IP: FD12:3456::B635:22FF:FE98:285D
2025-10-02 18:23:59 - INFO -   packets_transmitted: 1
2025-10-02 18:23:59 - INFO -   packets_received: 1
2025-10-02 18:23:59 - INFO -   packet_loss: 0.0
2025-10-02 18:23:59 - INFO -   min_rtt: 776.512
2025-10-02 18:23:59 - INFO -   avg_rtt: 776.512
2025-10-02 18:23:59 - INFO -   max_rtt: 776.512
2025-10-02 18:23:59 - INFO -   mdev: 0.0
2025-10-02 18:23:59 - INFO - --------------------------------------------------
2025-10-02 18:24:00 - INFO - STATUS: FAILED ❌ | Device: WN-L038-30 | IP: FD12:3456::B635:22FF:FE98:253F
2025-10-02 18:24:00 - INFO -   packets_transmitted: 1
2025-10-02 18:24:00 - INFO -   packets_received: 0
2025-10-02 18:24:00 - INFO -   packet_loss: 100.0
2025-10-02 18:24:00 - INFO -   min_rtt: 0.0
2025-10-02 18:24:00 - INFO -   avg_rtt: 0.0
2025-10-02 18:24:00 - INFO -   max_rtt: 0.0
2025-10-02 18:24:00 - INFO -   mdev: 0.0
2025-10-02 18:24:00 - INFO - --------------------------------------------------
2025-10-02 18:24:01 - INFO - STATUS: FAILED ❌ | Device: WN-L039-30 | IP: FD12:3456::62A4:23FF:FE37:A3A8
2025-10-02 18:24:01 - INFO -   packets_transmitted: 1
2025-10-02 18:24:01 - INFO -   packets_received: 0
2025-10-02 18:24:01 - INFO -   packet_loss: 100.0
2025-10-02 18:24:01 - INFO -   min_rtt: 0.0
2025-10-02 18:24:01 - INFO -   avg_rtt: 0.0
2025-10-02 18:24:01 - INFO -   max_rtt: 0.0
2025-10-02 18:24:01 - INFO -   mdev: 0.0
2025-10-02 18:24:01 - INFO - --------------------------------------------------
2025-10-02 18:24:02 - INFO - STATUS: FAILED ❌ | Device: WN-L040-30 | IP: FD12:3456::B635:22FF:FE98:2541
2025-10-02 18:24:02 - INFO -   packets_transmitted: 1
2025-10-02 18:24:02 - INFO -   packets_received: 0
2025-10-02 18:24:02 - INFO -   packet_loss: 100.0
2025-10-02 18:24:02 - INFO -   min_rtt: 0.0
2025-10-02 18:24:02 - INFO -   avg_rtt: 0.0
2025-10-02 18:24:02 - INFO -   max_rtt: 0.0
2025-10-02 18:24:02 - INFO -   mdev: 0.0
2025-10-02 18:24:02 - INFO - --------------------------------------------------
2025-10-02 18:24:03 - INFO - STATUS: FAILED ❌ | Device: WN-L041-30 | IP: FD12:3456::B635:22FF:FE98:2529
2025-10-02 18:24:03 - INFO -   packets_transmitted: 1
2025-10-02 18:24:03 - INFO -   packets_received: 0
2025-10-02 18:24:03 - INFO -   packet_loss: 100.0
2025-10-02 18:24:03 - INFO -   min_rtt: 0.0
2025-10-02 18:24:03 - INFO -   avg_rtt: 0.0
2025-10-02 18:24:03 - INFO -   max_rtt: 0.0
2025-10-02 18:24:03 - INFO -   mdev: 0.0
2025-10-02 18:24:03 - INFO - --------------------------------------------------
2025-10-02 18:24:03 - INFO - Test stopped by user
2025-10-02 18:24:03 - INFO - Summary: SUMMARY: 9/28 devices reachable (32.1% success rate)
2025-10-02 18:24:03 - INFO - === PING TEST COMPLETED ===
