2025-10-02 18:03:54 - INFO - === PING TEST STARTED ===
2025-10-02 18:03:54 - INFO - Details: Testing 28 devices
2025-10-02 18:06:33 - INFO - STATUS: FAILED ❌ | Device: WN-L031-30 | IP: FD12:3456::B635:22FF:FE98:2537
2025-10-02 18:06:33 - INFO -   packets_transmitted: 10
2025-10-02 18:06:33 - INFO -   packets_received: 0
2025-10-02 18:06:33 - INFO -   packet_loss: 100.0
2025-10-02 18:06:33 - INFO -   min_rtt: 0.0
2025-10-02 18:06:33 - INFO -   avg_rtt: 0.0
2025-10-02 18:06:33 - INFO -   max_rtt: 0.0
2025-10-02 18:06:33 - INFO -   mdev: 0.0
2025-10-02 18:06:33 - INFO - --------------------------------------------------
2025-10-02 18:06:42 - INFO - STATUS: SUCCESS ✅ | Device: WN-L032-30 | IP: FD12:3456::B635:22FF:FE98:2523
2025-10-02 18:06:42 - INFO -   packets_transmitted: 10
2025-10-02 18:06:42 - INFO -   packets_received: 10
2025-10-02 18:06:42 - INFO -   packet_loss: 0.0
2025-10-02 18:06:42 - INFO -   min_rtt: 276.493
2025-10-02 18:06:42 - INFO -   avg_rtt: 1774.098
2025-10-02 18:06:42 - INFO -   max_rtt: 3676.157
2025-10-02 18:06:42 - INFO -   mdev: 1122.571
2025-10-02 18:06:42 - INFO - --------------------------------------------------
2025-10-02 18:06:51 - INFO - STATUS: SUCCESS ✅ | Device: WN-L033-30 | IP: FD12:3456::B635:22FF:FE98:252B
2025-10-02 18:06:51 - INFO -   packets_transmitted: 10
2025-10-02 18:06:51 - INFO -   packets_received: 10
2025-10-02 18:06:51 - INFO -   packet_loss: 0.0
2025-10-02 18:06:51 - INFO -   min_rtt: 137.45
2025-10-02 18:06:51 - INFO -   avg_rtt: 439.24
2025-10-02 18:06:51 - INFO -   max_rtt: 1076.256
2025-10-02 18:06:51 - INFO -   mdev: 266.248
2025-10-02 18:06:51 - INFO - --------------------------------------------------
2025-10-02 18:07:01 - INFO - STATUS: SUCCESS ✅ | Device: WN-L034-30 | IP: FD12:3456::62A4:23FF:FE37:A3B3
2025-10-02 18:07:01 - INFO -   packets_transmitted: 10
2025-10-02 18:07:01 - INFO -   packets_received: 10
2025-10-02 18:07:01 - INFO -   packet_loss: 0.0
2025-10-02 18:07:01 - INFO -   min_rtt: 631.82
2025-10-02 18:07:01 - INFO -   avg_rtt: 1054.677
2025-10-02 18:07:01 - INFO -   max_rtt: 1756.268
2025-10-02 18:07:01 - INFO -   mdev: 450.491
2025-10-02 18:07:01 - INFO - --------------------------------------------------
2025-10-02 18:07:13 - INFO - STATUS: SUCCESS ✅ | Device: WN-L035-30 | IP: FD12:3456::B635:22FF:FE98:285B
2025-10-02 18:07:13 - INFO -   packets_transmitted: 10
2025-10-02 18:07:13 - INFO -   packets_received: 10
2025-10-02 18:07:13 - INFO -   packet_loss: 0.0
2025-10-02 18:07:13 - INFO -   min_rtt: 371.374
2025-10-02 18:07:13 - INFO -   avg_rtt: 878.462
2025-10-02 18:07:13 - INFO -   max_rtt: 2415.134
2025-10-02 18:07:13 - INFO -   mdev: 654.493
2025-10-02 18:07:13 - INFO - --------------------------------------------------
2025-10-02 18:07:23 - INFO - STATUS: SUCCESS ✅ | Device: WN-L036-30 | IP: FD12:3456::62A4:23FF:FE37:A3A1
2025-10-02 18:07:23 - INFO -   packets_transmitted: 10
2025-10-02 18:07:23 - INFO -   packets_received: 10
2025-10-02 18:07:23 - INFO -   packet_loss: 0.0
2025-10-02 18:07:23 - INFO -   min_rtt: 268.294
2025-10-02 18:07:23 - INFO -   avg_rtt: 1036.019
2025-10-02 18:07:23 - INFO -   max_rtt: 2056.865
2025-10-02 18:07:23 - INFO -   mdev: 722.05
2025-10-02 18:07:23 - INFO - --------------------------------------------------
2025-10-02 18:07:40 - INFO - STATUS: SUCCESS ✅ | Device: WN-L037-30 | IP: FD12:3456::B635:22FF:FE98:2539
2025-10-02 18:07:40 - INFO -   packets_transmitted: 10
2025-10-02 18:07:40 - INFO -   packets_received: 9
2025-10-02 18:07:40 - INFO -   packet_loss: 10.0
2025-10-02 18:07:40 - INFO -   min_rtt: 896.083
2025-10-02 18:07:40 - INFO -   avg_rtt: 3160.151
2025-10-02 18:07:40 - INFO -   max_rtt: 4969.187
2025-10-02 18:07:40 - INFO -   mdev: 1379.799
2025-10-02 18:07:40 - INFO - --------------------------------------------------
2025-10-02 18:07:53 - INFO - STATUS: SUCCESS ✅ | Device: WN-OF04-34 | IP: FD12:3456::B635:22FF:FE98:285C
2025-10-02 18:07:53 - INFO -   packets_transmitted: 10
2025-10-02 18:07:53 - INFO -   packets_received: 2
2025-10-02 18:07:53 - INFO -   packet_loss: 80.0
2025-10-02 18:07:53 - INFO -   min_rtt: 1956.197
2025-10-02 18:07:53 - INFO -   avg_rtt: 5054.88
2025-10-02 18:07:53 - INFO -   max_rtt: 8153.563
2025-10-02 18:07:53 - INFO -   mdev: 3098.683
2025-10-02 18:07:53 - INFO - --------------------------------------------------
2025-10-02 18:08:05 - INFO - STATUS: SUCCESS ✅ | Device: WN-L050-30 | IP: FD12:3456::92FD:9FFF:FEEE:9DF7
2025-10-02 18:08:05 - INFO -   packets_transmitted: 10
2025-10-02 18:08:05 - INFO -   packets_received: 10
2025-10-02 18:08:05 - INFO -   packet_loss: 0.0
2025-10-02 18:08:05 - INFO -   min_rtt: 760.789
2025-10-02 18:08:05 - INFO -   avg_rtt: 1312.622
2025-10-02 18:08:05 - INFO -   max_rtt: 2914.051
2025-10-02 18:08:05 - INFO -   mdev: 656.901
2025-10-02 18:08:05 - INFO - --------------------------------------------------
2025-10-02 18:08:20 - INFO - STATUS: SUCCESS ✅ | Device: WN-L051-30 | IP: FD12:3456::B635:22FF:FE98:285D
2025-10-02 18:08:20 - INFO -   packets_transmitted: 10
2025-10-02 18:08:20 - INFO -   packets_received: 10
2025-10-02 18:08:20 - INFO -   packet_loss: 0.0
2025-10-02 18:08:20 - INFO -   min_rtt: 1771.12
2025-10-02 18:08:20 - INFO -   avg_rtt: 6284.254
2025-10-02 18:08:20 - INFO -   max_rtt: 9431.921
2025-10-02 18:08:20 - INFO -   mdev: 2455.275
2025-10-02 18:08:20 - INFO - --------------------------------------------------
2025-10-02 18:08:39 - INFO - STATUS: SUCCESS ✅ | Device: WN-L038-30 | IP: FD12:3456::B635:22FF:FE98:253F
2025-10-02 18:08:39 - INFO -   packets_transmitted: 10
2025-10-02 18:08:39 - INFO -   packets_received: 6
2025-10-02 18:08:39 - INFO -   packet_loss: 40.0
2025-10-02 18:08:39 - INFO -   min_rtt: 5036.17
2025-10-02 18:08:39 - INFO -   avg_rtt: 10121.059
2025-10-02 18:08:39 - INFO -   max_rtt: 13105.071
2025-10-02 18:08:39 - INFO -   mdev: 2629.19
2025-10-02 18:08:39 - INFO - --------------------------------------------------
2025-10-02 18:11:18 - INFO - STATUS: SUCCESS ✅ | Device: WN-L039-30 | IP: FD12:3456::62A4:23FF:FE37:A3A8
2025-10-02 18:11:18 - INFO -   packets_transmitted: 10
2025-10-02 18:11:18 - INFO -   packets_received: 7
2025-10-02 18:11:18 - INFO -   packet_loss: 30.0
2025-10-02 18:11:18 - INFO -   min_rtt: 11445.346
2025-10-02 18:11:18 - INFO -   avg_rtt: 13495.303
2025-10-02 18:11:18 - INFO -   max_rtt: 15050.215
2025-10-02 18:11:18 - INFO -   mdev: 1304.626
2025-10-02 18:11:18 - INFO - --------------------------------------------------
2025-10-02 18:13:58 - INFO - STATUS: FAILED ❌ | Device: WN-L040-30 | IP: FD12:3456::B635:22FF:FE98:2541
2025-10-02 18:13:58 - INFO -   packets_transmitted: 10
2025-10-02 18:13:58 - INFO -   packets_received: 0
2025-10-02 18:13:58 - INFO -   packet_loss: 100.0
2025-10-02 18:13:58 - INFO -   min_rtt: 0.0
2025-10-02 18:13:58 - INFO -   avg_rtt: 0.0
2025-10-02 18:13:58 - INFO -   max_rtt: 0.0
2025-10-02 18:13:58 - INFO -   mdev: 0.0
2025-10-02 18:13:58 - INFO - --------------------------------------------------
2025-10-02 18:14:15 - INFO - STATUS: SUCCESS ✅ | Device: WN-L041-30 | IP: FD12:3456::B635:22FF:FE98:2529
2025-10-02 18:14:15 - INFO -   packets_transmitted: 10
2025-10-02 18:14:15 - INFO -   packets_received: 2
2025-10-02 18:14:15 - INFO -   packet_loss: 80.0
2025-10-02 18:14:15 - INFO -   min_rtt: 3938.762
2025-10-02 18:14:15 - INFO -   avg_rtt: 7026.7
2025-10-02 18:14:15 - INFO -   max_rtt: 10114.638
2025-10-02 18:14:15 - INFO -   mdev: 3087.938
2025-10-02 18:14:15 - INFO - --------------------------------------------------
2025-10-02 18:16:54 - INFO - STATUS: FAILED ❌ | Device: WN-L042-30 | IP: FD12:3456::62A4:23FF:FE37:A3AC
2025-10-02 18:16:54 - INFO -   packets_transmitted: 10
2025-10-02 18:16:54 - INFO -   packets_received: 0
2025-10-02 18:16:54 - INFO -   packet_loss: 100.0
2025-10-02 18:16:54 - INFO -   min_rtt: 0.0
2025-10-02 18:16:54 - INFO -   avg_rtt: 0.0
2025-10-02 18:16:54 - INFO -   max_rtt: 0.0
2025-10-02 18:16:54 - INFO -   mdev: 0.0
2025-10-02 18:16:54 - INFO - --------------------------------------------------
2025-10-02 18:19:33 - INFO - STATUS: SUCCESS ✅ | Device: WN-L043-30 | IP: FD12:3456::62A4:23FF:FE37:A39F
2025-10-02 18:19:33 - INFO -   packets_transmitted: 10
2025-10-02 18:19:33 - INFO -   packets_received: 4
2025-10-02 18:19:33 - INFO -   packet_loss: 60.0
2025-10-02 18:19:33 - INFO -   min_rtt: 11419.731
2025-10-02 18:19:33 - INFO -   avg_rtt: 18664.534
2025-10-02 18:19:33 - INFO -   max_rtt: 29359.678
2025-10-02 18:19:33 - INFO -   mdev: 7371.549
2025-10-02 18:19:33 - INFO - --------------------------------------------------
2025-10-02 18:20:09 - INFO - STATUS: FAILED ❌ | Device: WN-L044-30 | IP: FD12:3456::B635:22FF:FE98:2534
2025-10-02 18:20:09 - INFO -   packets_transmitted: 10
2025-10-02 18:20:09 - INFO -   packets_received: 0
2025-10-02 18:20:09 - INFO -   packet_loss: 100.0
2025-10-02 18:20:09 - INFO -   min_rtt: 0.0
2025-10-02 18:20:09 - INFO -   avg_rtt: 0.0
2025-10-02 18:20:09 - INFO -   max_rtt: 0.0
2025-10-02 18:20:09 - INFO -   mdev: 0.0
2025-10-02 18:20:09 - INFO - --------------------------------------------------
2025-10-02 18:20:09 - INFO - Test stopped by user
2025-10-02 18:20:09 - INFO - Summary: SUMMARY: 13/28 devices reachable (46.4% success rate)
2025-10-02 18:20:09 - INFO - === PING TEST COMPLETED ===
