2025-10-04 15:40:31 - INFO - === PING TEST STARTED ===
2025-10-04 15:40:31 - INFO - Details: Testing 28 devices
2025-10-04 15:40:41 - INFO - STATUS: FAILED ❌ | Device: WN-L031-30 | IP: FD12:3456::B635:22FF:FE98:2537
2025-10-04 15:40:41 - INFO -   packets_transmitted: 1
2025-10-04 15:40:41 - INFO -   packets_received: 0
2025-10-04 15:40:41 - INFO -   packet_loss: 100.0
2025-10-04 15:40:41 - INFO -   min_rtt: 0.0
2025-10-04 15:40:41 - INFO -   avg_rtt: 0.0
2025-10-04 15:40:41 - INFO -   max_rtt: 0.0
2025-10-04 15:40:41 - INFO -   mdev: 0.0
2025-10-04 15:40:41 - INFO - --------------------------------------------------
2025-10-04 15:40:47 - INFO - STATUS: SUCCESS ✅ | Device: WN-L032-30 | IP: FD12:3456::B635:22FF:FE98:2523
2025-10-04 15:40:47 - INFO -   packets_transmitted: 1
2025-10-04 15:40:47 - INFO -   packets_received: 1
2025-10-04 15:40:47 - INFO -   packet_loss: 0.0
2025-10-04 15:40:47 - INFO -   min_rtt: 6521.4
2025-10-04 15:40:47 - INFO -   avg_rtt: 6521.4
2025-10-04 15:40:47 - INFO -   max_rtt: 6521.4
2025-10-04 15:40:47 - INFO -   mdev: 0.0
2025-10-04 15:40:47 - INFO - --------------------------------------------------
2025-10-04 15:40:54 - INFO - STATUS: FAILED ❌ | Device: WN-L033-30 | IP: FD12:3456::B635:22FF:FE98:252B
2025-10-04 15:40:54 - INFO -   packets_transmitted: 1
2025-10-04 15:40:54 - INFO -   packets_received: 0
2025-10-04 15:40:54 - INFO -   packet_loss: 100.0
2025-10-04 15:40:54 - INFO -   min_rtt: 0.0
2025-10-04 15:40:54 - INFO -   avg_rtt: 0.0
2025-10-04 15:40:54 - INFO -   max_rtt: 0.0
2025-10-04 15:40:54 - INFO -   mdev: 0.0
2025-10-04 15:40:54 - INFO - --------------------------------------------------
2025-10-04 15:40:54 - INFO - Test stopped by user
2025-10-04 15:40:54 - INFO - Summary: SUMMARY: 1/28 devices reachable (3.6% success rate) - Duration: 23s
2025-10-04 15:40:54 - INFO - === PING TEST COMPLETED ===
