2025-10-02 17:53:04 - INFO - === PING TEST STARTED ===
2025-10-02 17:53:04 - INFO - Details: Testing 28 devices
2025-10-02 17:53:23 - INFO - STATUS: FAILED ❌ | Device: WN-L031-30 | IP: FD12:3456::B635:22FF:FE98:2537
2025-10-02 17:53:23 - INFO -   packets_transmitted: 10
2025-10-02 17:53:23 - INFO -   packets_received: 0
2025-10-02 17:53:23 - INFO -   packet_loss: 100.0
2025-10-02 17:53:23 - INFO -   min_rtt: 0.0
2025-10-02 17:53:23 - INFO -   avg_rtt: 0.0
2025-10-02 17:53:23 - INFO -   max_rtt: 0.0
2025-10-02 17:53:23 - INFO -   mdev: 0.0
2025-10-02 17:53:23 - INFO - --------------------------------------------------
2025-10-02 17:53:32 - INFO - STATUS: SUCCESS ✅ | Device: WN-L032-30 | IP: FD12:3456::B635:22FF:FE98:2523
2025-10-02 17:53:32 - INFO -   packets_transmitted: 10
2025-10-02 17:53:32 - INFO -   packets_received: 10
2025-10-02 17:53:32 - INFO -   packet_loss: 0.0
2025-10-02 17:53:32 - INFO -   min_rtt: 438.422
2025-10-02 17:53:32 - INFO -   avg_rtt: 636.631
2025-10-02 17:53:32 - INFO -   max_rtt: 1010.621
2025-10-02 17:53:32 - INFO -   mdev: 202.489
2025-10-02 17:53:32 - INFO - --------------------------------------------------
2025-10-02 17:53:42 - INFO - STATUS: SUCCESS ✅ | Device: WN-L033-30 | IP: FD12:3456::B635:22FF:FE98:252B
2025-10-02 17:53:42 - INFO -   packets_transmitted: 10
2025-10-02 17:53:42 - INFO -   packets_received: 10
2025-10-02 17:53:42 - INFO -   packet_loss: 0.0
2025-10-02 17:53:42 - INFO -   min_rtt: 134.193
2025-10-02 17:53:42 - INFO -   avg_rtt: 1199.115
2025-10-02 17:53:42 - INFO -   max_rtt: 3624.488
2025-10-02 17:53:42 - INFO -   mdev: 1194.889
2025-10-02 17:53:42 - INFO - --------------------------------------------------
2025-10-02 17:53:54 - INFO - STATUS: SUCCESS ✅ | Device: WN-L034-30 | IP: FD12:3456::62A4:23FF:FE37:A3B3
2025-10-02 17:53:54 - INFO -   packets_transmitted: 10
2025-10-02 17:53:54 - INFO -   packets_received: 8
2025-10-02 17:53:54 - INFO -   packet_loss: 20.0
2025-10-02 17:53:54 - INFO -   min_rtt: 400.729
2025-10-02 17:53:54 - INFO -   avg_rtt: 2691.658
2025-10-02 17:53:54 - INFO -   max_rtt: 6324.886
2025-10-02 17:53:54 - INFO -   mdev: 2207.79
2025-10-02 17:53:54 - INFO - --------------------------------------------------
2025-10-02 17:54:04 - INFO - STATUS: SUCCESS ✅ | Device: WN-L035-30 | IP: FD12:3456::B635:22FF:FE98:285B
2025-10-02 17:54:04 - INFO -   packets_transmitted: 10
2025-10-02 17:54:04 - INFO -   packets_received: 10
2025-10-02 17:54:04 - INFO -   packet_loss: 0.0
2025-10-02 17:54:04 - INFO -   min_rtt: 1634.677
2025-10-02 17:54:04 - INFO -   avg_rtt: 2945.059
2025-10-02 17:54:04 - INFO -   max_rtt: 4625.532
2025-10-02 17:54:04 - INFO -   mdev: 964.407
2025-10-02 17:54:04 - INFO - --------------------------------------------------
2025-10-02 17:54:14 - INFO - STATUS: SUCCESS ✅ | Device: WN-L036-30 | IP: FD12:3456::62A4:23FF:FE37:A3A1
2025-10-02 17:54:14 - INFO -   packets_transmitted: 10
2025-10-02 17:54:14 - INFO -   packets_received: 10
2025-10-02 17:54:14 - INFO -   packet_loss: 0.0
2025-10-02 17:54:14 - INFO -   min_rtt: 524.838
2025-10-02 17:54:14 - INFO -   avg_rtt: 1096.634
2025-10-02 17:54:14 - INFO -   max_rtt: 2731.406
2025-10-02 17:54:14 - INFO -   mdev: 691.171
2025-10-02 17:54:14 - INFO - --------------------------------------------------
2025-10-02 17:54:30 - INFO - STATUS: SUCCESS ✅ | Device: WN-L037-30 | IP: FD12:3456::B635:22FF:FE98:2539
2025-10-02 17:54:30 - INFO -   packets_transmitted: 10
2025-10-02 17:54:30 - INFO -   packets_received: 9
2025-10-02 17:54:30 - INFO -   packet_loss: 10.0
2025-10-02 17:54:30 - INFO -   min_rtt: 1543.767
2025-10-02 17:54:30 - INFO -   avg_rtt: 4130.973
2025-10-02 17:54:30 - INFO -   max_rtt: 6163.435
2025-10-02 17:54:30 - INFO -   mdev: 1619.671
2025-10-02 17:54:30 - INFO - --------------------------------------------------
2025-10-02 17:54:41 - INFO - STATUS: SUCCESS ✅ | Device: WN-OF04-34 | IP: FD12:3456::B635:22FF:FE98:285C
2025-10-02 17:54:41 - INFO -   packets_transmitted: 10
2025-10-02 17:54:41 - INFO -   packets_received: 10
2025-10-02 17:54:41 - INFO -   packet_loss: 0.0
2025-10-02 17:54:41 - INFO -   min_rtt: 860.452
2025-10-02 17:54:41 - INFO -   avg_rtt: 1620.027
2025-10-02 17:54:41 - INFO -   max_rtt: 2693.55
2025-10-02 17:54:41 - INFO -   mdev: 510.308
2025-10-02 17:54:41 - INFO - --------------------------------------------------
2025-10-02 17:54:51 - INFO - STATUS: SUCCESS ✅ | Device: WN-L050-30 | IP: FD12:3456::92FD:9FFF:FEEE:9DF7
2025-10-02 17:54:51 - INFO -   packets_transmitted: 10
2025-10-02 17:54:51 - INFO -   packets_received: 3
2025-10-02 17:54:51 - INFO -   packet_loss: 70.0
2025-10-02 17:54:51 - INFO -   min_rtt: 501.196
2025-10-02 17:54:51 - INFO -   avg_rtt: 522.957
2025-10-02 17:54:51 - INFO -   max_rtt: 566.342
2025-10-02 17:54:51 - INFO -   mdev: 30.677
2025-10-02 17:54:51 - INFO - --------------------------------------------------
2025-10-02 17:55:07 - INFO - STATUS: SUCCESS ✅ | Device: WN-L051-30 | IP: FD12:3456::B635:22FF:FE98:285D
2025-10-02 17:55:07 - INFO -   packets_transmitted: 10
2025-10-02 17:55:07 - INFO -   packets_received: 10
2025-10-02 17:55:07 - INFO -   packet_loss: 0.0
2025-10-02 17:55:07 - INFO -   min_rtt: 7119.529
2025-10-02 17:55:07 - INFO -   avg_rtt: 9599.432
2025-10-02 17:55:07 - INFO -   max_rtt: 12367.112
2025-10-02 17:55:07 - INFO -   mdev: 1710.63
2025-10-02 17:55:07 - INFO - --------------------------------------------------
2025-10-02 17:55:29 - INFO - STATUS: SUCCESS ✅ | Device: WN-L038-30 | IP: FD12:3456::B635:22FF:FE98:253F
2025-10-02 17:55:29 - INFO -   packets_transmitted: 10
2025-10-02 17:55:29 - INFO -   packets_received: 8
2025-10-02 17:55:29 - INFO -   packet_loss: 20.0
2025-10-02 17:55:29 - INFO -   min_rtt: 5033.112
2025-10-02 17:55:29 - INFO -   avg_rtt: 8621.332
2025-10-02 17:55:29 - INFO -   max_rtt: 13231.234
2025-10-02 17:55:29 - INFO -   mdev: 3153.507
2025-10-02 17:55:29 - INFO - --------------------------------------------------
2025-10-02 17:55:48 - INFO - STATUS: SUCCESS ✅ | Device: WN-L039-30 | IP: FD12:3456::62A4:23FF:FE37:A3A8
2025-10-02 17:55:48 - INFO -   packets_transmitted: 10
2025-10-02 17:55:48 - INFO -   packets_received: 1
2025-10-02 17:55:48 - INFO -   packet_loss: 90.0
2025-10-02 17:55:48 - INFO -   min_rtt: 11787.829
2025-10-02 17:55:48 - INFO -   avg_rtt: 11787.829
2025-10-02 17:55:48 - INFO -   max_rtt: 11787.829
2025-10-02 17:55:48 - INFO -   mdev: 0.0
2025-10-02 17:55:48 - INFO - --------------------------------------------------
2025-10-02 17:56:07 - INFO - STATUS: FAILED ❌ | Device: WN-L040-30 | IP: FD12:3456::B635:22FF:FE98:2541
2025-10-02 17:56:07 - INFO -   packets_transmitted: 10
2025-10-02 17:56:07 - INFO -   packets_received: 0
2025-10-02 17:56:07 - INFO -   packet_loss: 100.0
2025-10-02 17:56:07 - INFO -   min_rtt: 0.0
2025-10-02 17:56:07 - INFO -   avg_rtt: 0.0
2025-10-02 17:56:07 - INFO -   max_rtt: 0.0
2025-10-02 17:56:07 - INFO -   mdev: 0.0
2025-10-02 17:56:07 - INFO - --------------------------------------------------
2025-10-02 17:56:26 - INFO - STATUS: SUCCESS ✅ | Device: WN-L041-30 | IP: FD12:3456::B635:22FF:FE98:2529
2025-10-02 17:56:26 - INFO -   packets_transmitted: 10
2025-10-02 17:56:26 - INFO -   packets_received: 2
2025-10-02 17:56:26 - INFO -   packet_loss: 80.0
2025-10-02 17:56:26 - INFO -   min_rtt: 9743.813
2025-10-02 17:56:26 - INFO -   avg_rtt: 12318.91
2025-10-02 17:56:26 - INFO -   max_rtt: 14894.008
2025-10-02 17:56:26 - INFO -   mdev: 2575.097
2025-10-02 17:56:26 - INFO - --------------------------------------------------
2025-10-02 17:56:45 - INFO - STATUS: FAILED ❌ | Device: WN-L042-30 | IP: FD12:3456::62A4:23FF:FE37:A3AC
2025-10-02 17:56:45 - INFO -   packets_transmitted: 10
2025-10-02 17:56:45 - INFO -   packets_received: 0
2025-10-02 17:56:45 - INFO -   packet_loss: 100.0
2025-10-02 17:56:45 - INFO -   min_rtt: 0.0
2025-10-02 17:56:45 - INFO -   avg_rtt: 0.0
2025-10-02 17:56:45 - INFO -   max_rtt: 0.0
2025-10-02 17:56:45 - INFO -   mdev: 0.0
2025-10-02 17:56:45 - INFO - --------------------------------------------------
2025-10-02 17:57:05 - INFO - STATUS: FAILED ❌ | Device: WN-L043-30 | IP: FD12:3456::62A4:23FF:FE37:A39F
2025-10-02 17:57:05 - INFO -   packets_transmitted: 10
2025-10-02 17:57:05 - INFO -   packets_received: 0
2025-10-02 17:57:05 - INFO -   packet_loss: 100.0
2025-10-02 17:57:05 - INFO -   min_rtt: 0.0
2025-10-02 17:57:05 - INFO -   avg_rtt: 0.0
2025-10-02 17:57:05 - INFO -   max_rtt: 0.0
2025-10-02 17:57:05 - INFO -   mdev: 0.0
2025-10-02 17:57:05 - INFO - --------------------------------------------------
2025-10-02 17:57:24 - INFO - STATUS: FAILED ❌ | Device: WN-L044-30 | IP: FD12:3456::B635:22FF:FE98:2534
2025-10-02 17:57:24 - INFO -   packets_transmitted: 10
2025-10-02 17:57:24 - INFO -   packets_received: 0
2025-10-02 17:57:24 - INFO -   packet_loss: 100.0
2025-10-02 17:57:24 - INFO -   min_rtt: 0.0
2025-10-02 17:57:24 - INFO -   avg_rtt: 0.0
2025-10-02 17:57:24 - INFO -   max_rtt: 0.0
2025-10-02 17:57:24 - INFO -   mdev: 0.0
2025-10-02 17:57:24 - INFO - --------------------------------------------------
2025-10-02 17:57:43 - INFO - STATUS: FAILED ❌ | Device: WN-L045-30 | IP: FD12:3456::B635:22FF:FE98:2524
2025-10-02 17:57:43 - INFO -   packets_transmitted: 10
2025-10-02 17:57:43 - INFO -   packets_received: 0
2025-10-02 17:57:43 - INFO -   packet_loss: 100.0
2025-10-02 17:57:43 - INFO -   min_rtt: 0.0
2025-10-02 17:57:43 - INFO -   avg_rtt: 0.0
2025-10-02 17:57:43 - INFO -   max_rtt: 0.0
2025-10-02 17:57:43 - INFO -   mdev: 0.0
2025-10-02 17:57:43 - INFO - --------------------------------------------------
2025-10-02 17:58:02 - INFO - STATUS: SUCCESS ✅ | Device: WN-L047-30 | IP: FD12:3456::92FD:9FFF:FEEE:9D40
2025-10-02 17:58:02 - INFO -   packets_transmitted: 10
2025-10-02 17:58:02 - INFO -   packets_received: 1
2025-10-02 17:58:02 - INFO -   packet_loss: 90.0
2025-10-02 17:58:02 - INFO -   min_rtt: 14360.635
2025-10-02 17:58:02 - INFO -   avg_rtt: 14360.635
2025-10-02 17:58:02 - INFO -   max_rtt: 14360.635
2025-10-02 17:58:02 - INFO -   mdev: 0.0
2025-10-02 17:58:02 - INFO - --------------------------------------------------
2025-10-02 17:58:21 - INFO - STATUS: FAILED ❌ | Device: WN-L048-30 | IP: FD12:3456::B635:22FF:FE98:29A6
2025-10-02 17:58:21 - INFO -   packets_transmitted: 10
2025-10-02 17:58:21 - INFO -   packets_received: 0
2025-10-02 17:58:21 - INFO -   packet_loss: 100.0
2025-10-02 17:58:21 - INFO -   min_rtt: 0.0
2025-10-02 17:58:21 - INFO -   avg_rtt: 0.0
2025-10-02 17:58:21 - INFO -   max_rtt: 0.0
2025-10-02 17:58:21 - INFO -   mdev: 0.0
2025-10-02 17:58:21 - INFO - --------------------------------------------------
2025-10-02 17:58:41 - INFO - STATUS: FAILED ❌ | Device: WN-L052-30 | IP: FD12:3456::62A4:23FF:FE37:A3AD
2025-10-02 17:58:41 - INFO -   packets_transmitted: 10
2025-10-02 17:58:41 - INFO -   packets_received: 0
2025-10-02 17:58:41 - INFO -   packet_loss: 100.0
2025-10-02 17:58:41 - INFO -   min_rtt: 0.0
2025-10-02 17:58:41 - INFO -   avg_rtt: 0.0
2025-10-02 17:58:41 - INFO -   max_rtt: 0.0
2025-10-02 17:58:41 - INFO -   mdev: 0.0
2025-10-02 17:58:41 - INFO - --------------------------------------------------
2025-10-02 17:59:00 - INFO - STATUS: FAILED ❌ | Device: WN-L053-30 | IP: FD12:3456::B635:22FF:FE98:252C
2025-10-02 17:59:00 - INFO -   packets_transmitted: 10
2025-10-02 17:59:00 - INFO -   packets_received: 0
2025-10-02 17:59:00 - INFO -   packet_loss: 100.0
2025-10-02 17:59:00 - INFO -   min_rtt: 0.0
2025-10-02 17:59:00 - INFO -   avg_rtt: 0.0
2025-10-02 17:59:00 - INFO -   max_rtt: 0.0
2025-10-02 17:59:00 - INFO -   mdev: 0.0
2025-10-02 17:59:00 - INFO - --------------------------------------------------
2025-10-02 17:59:19 - INFO - STATUS: FAILED ❌ | Device: WN-L054-30 | IP: FD12:3456::B635:22FF:FE98:251E
2025-10-02 17:59:19 - INFO -   packets_transmitted: 10
2025-10-02 17:59:19 - INFO -   packets_received: 0
2025-10-02 17:59:19 - INFO -   packet_loss: 100.0
2025-10-02 17:59:19 - INFO -   min_rtt: 0.0
2025-10-02 17:59:19 - INFO -   avg_rtt: 0.0
2025-10-02 17:59:19 - INFO -   max_rtt: 0.0
2025-10-02 17:59:19 - INFO -   mdev: 0.0
2025-10-02 17:59:19 - INFO - --------------------------------------------------
2025-10-02 17:59:38 - INFO - STATUS: SUCCESS ✅ | Device: WN-VA24-30 | IP: FD12:3456::B635:22FF:FE98:253E
2025-10-02 17:59:38 - INFO -   packets_transmitted: 10
2025-10-02 17:59:38 - INFO -   packets_received: 1
2025-10-02 17:59:38 - INFO -   packet_loss: 90.0
2025-10-02 17:59:38 - INFO -   min_rtt: 12529.755
2025-10-02 17:59:38 - INFO -   avg_rtt: 12529.755
2025-10-02 17:59:38 - INFO -   max_rtt: 12529.755
2025-10-02 17:59:38 - INFO -   mdev: 0.0
2025-10-02 17:59:38 - INFO - --------------------------------------------------
2025-10-02 17:59:48 - INFO - STATUS: SUCCESS ✅ | Device: WN-VA64-30 | IP: FD12:3456::B635:22FF:FE98:285E
2025-10-02 17:59:48 - INFO -   packets_transmitted: 10
2025-10-02 17:59:48 - INFO -   packets_received: 10
2025-10-02 17:59:48 - INFO -   packet_loss: 0.0
2025-10-02 17:59:48 - INFO -   min_rtt: 197.097
2025-10-02 17:59:48 - INFO -   avg_rtt: 439.574
2025-10-02 17:59:48 - INFO -   max_rtt: 780.372
2025-10-02 17:59:48 - INFO -   mdev: 177.749
2025-10-02 17:59:48 - INFO - --------------------------------------------------
2025-10-02 17:59:57 - INFO - STATUS: SUCCESS ✅ | Device: WN-VC44-30 | IP: FD12:3456::62A4:23FF:FE37:A3A9
2025-10-02 17:59:57 - INFO -   packets_transmitted: 10
2025-10-02 17:59:57 - INFO -   packets_received: 10
2025-10-02 17:59:57 - INFO -   packet_loss: 0.0
2025-10-02 17:59:57 - INFO -   min_rtt: 129.404
2025-10-02 17:59:57 - INFO -   avg_rtt: 430.94
2025-10-02 17:59:57 - INFO -   max_rtt: 1241.315
2025-10-02 17:59:57 - INFO -   mdev: 334.371
2025-10-02 17:59:57 - INFO - --------------------------------------------------
2025-10-02 18:00:16 - INFO - STATUS: FAILED ❌ | Device: WN-NI04-34 | IP: FD12:3456::62A4:23FF:FE37:A3AB
2025-10-02 18:00:16 - INFO -   packets_transmitted: 10
2025-10-02 18:00:16 - INFO -   packets_received: 0
2025-10-02 18:00:16 - INFO -   packet_loss: 100.0
2025-10-02 18:00:16 - INFO -   min_rtt: 0.0
2025-10-02 18:00:16 - INFO -   avg_rtt: 0.0
2025-10-02 18:00:16 - INFO -   max_rtt: 0.0
2025-10-02 18:00:16 - INFO -   mdev: 0.0
2025-10-02 18:00:16 - INFO - --------------------------------------------------
2025-10-02 18:00:36 - INFO - STATUS: FAILED ❌ | Device: WN-L059-34 | IP: FD12:3456::B635:22FF:FE98:29A5
2025-10-02 18:00:36 - INFO -   packets_transmitted: 10
2025-10-02 18:00:36 - INFO -   packets_received: 0
2025-10-02 18:00:36 - INFO -   packet_loss: 100.0
2025-10-02 18:00:36 - INFO -   min_rtt: 0.0
2025-10-02 18:00:36 - INFO -   avg_rtt: 0.0
2025-10-02 18:00:36 - INFO -   max_rtt: 0.0
2025-10-02 18:00:36 - INFO -   mdev: 0.0
2025-10-02 18:00:36 - INFO - --------------------------------------------------
2025-10-02 18:00:36 - INFO - Summary: SUMMARY: 16/28 devices reachable (57.1% success rate)
2025-10-02 18:00:36 - INFO - === PING TEST COMPLETED ===
