2025-10-06 15:55:47 - INFO - === PING TEST STARTED ===
2025-10-06 15:55:47 - INFO - Details: Testing 28 devices
2025-10-06 15:55:59 - INFO - STATUS: SUCCESS ✅ | Device: WN-L031-30 | IP: FD12:3456::B635:22FF:FE98:2537
2025-10-06 15:55:59 - INFO -   packets_transmitted: 10
2025-10-06 15:55:59 - INFO -   packets_received: 10
2025-10-06 15:55:59 - INFO -   packet_loss: 0.0
2025-10-06 15:55:59 - INFO -   min_rtt: 505.658
2025-10-06 15:55:59 - INFO -   avg_rtt: 3617.703
2025-10-06 15:55:59 - INFO -   max_rtt: 5997.395
2025-10-06 15:55:59 - INFO -   mdev: 1876.595
2025-10-06 15:55:59 - INFO - --------------------------------------------------
2025-10-06 15:56:10 - INFO - STATUS: SUCCESS ✅ | Device: WN-L032-30 | IP: FD12:3456::B635:22FF:FE98:2523
2025-10-06 15:56:10 - INFO -   packets_transmitted: 10
2025-10-06 15:56:10 - INFO -   packets_received: 10
2025-10-06 15:56:10 - INFO -   packet_loss: 0.0
2025-10-06 15:56:10 - INFO -   min_rtt: 266.298
2025-10-06 15:56:10 - INFO -   avg_rtt: 626.732
2025-10-06 15:56:10 - INFO -   max_rtt: 1517.428
2025-10-06 15:56:10 - INFO -   mdev: 488.969
2025-10-06 15:56:10 - INFO - --------------------------------------------------
2025-10-06 15:56:17 - INFO - STATUS: FAILED ❌ | Device: WN-L033-30 | IP: FD12:3456::B635:22FF:FE98:252B
2025-10-06 15:56:17 - INFO -   packets_transmitted: 10
2025-10-06 15:56:17 - INFO -   packets_received: 0
2025-10-06 15:56:17 - INFO -   packet_loss: 100.0
2025-10-06 15:56:17 - INFO -   min_rtt: 0.0
2025-10-06 15:56:17 - INFO -   avg_rtt: 0.0
2025-10-06 15:56:17 - INFO -   max_rtt: 0.0
2025-10-06 15:56:17 - INFO -   mdev: 0.0
2025-10-06 15:56:17 - INFO - --------------------------------------------------
2025-10-06 15:56:17 - INFO - Test stopped by user
2025-10-06 15:56:17 - INFO - Summary: SUMMARY: 2/28 devices reachable (7.1% success rate) - Duration: 29s
2025-10-06 15:56:17 - INFO - === PING TEST COMPLETED ===
