2025-10-03 11:51:17 - INFO - === PING TEST STARTED ===
2025-10-03 11:51:17 - INFO - Details: Testing 28 devices
2025-10-03 11:51:30 - INFO - STATUS: SUCCESS ✅ | Device: WN-L031-30 | IP: FD12:3456::B635:22FF:FE98:2537
2025-10-03 11:51:30 - INFO -   packets_transmitted: 10
2025-10-03 11:51:30 - INFO -   packets_received: 9
2025-10-03 11:51:30 - INFO -   packet_loss: 10.0
2025-10-03 11:51:30 - INFO -   min_rtt: 643.757
2025-10-03 11:51:30 - INFO -   avg_rtt: 1366.11
2025-10-03 11:51:30 - INFO -   max_rtt: 3807.961
2025-10-03 11:51:30 - INFO -   mdev: 903.396
2025-10-03 11:51:30 - INFO - --------------------------------------------------
2025-10-03 11:51:40 - INFO - STATUS: SUCCESS ✅ | Device: WN-L032-30 | IP: FD12:3456::B635:22FF:FE98:2523
2025-10-03 11:51:40 - INFO -   packets_transmitted: 10
2025-10-03 11:51:40 - INFO -   packets_received: 10
2025-10-03 11:51:40 - INFO -   packet_loss: 0.0
2025-10-03 11:51:40 - INFO -   min_rtt: 731.609
2025-10-03 11:51:40 - INFO -   avg_rtt: 1176.038
2025-10-03 11:51:40 - INFO -   max_rtt: 1706.509
2025-10-03 11:51:40 - INFO -   mdev: 384.623
2025-10-03 11:51:40 - INFO - --------------------------------------------------
2025-10-03 11:51:49 - INFO - STATUS: SUCCESS ✅ | Device: WN-L033-30 | IP: FD12:3456::B635:22FF:FE98:252B
2025-10-03 11:51:49 - INFO -   packets_transmitted: 10
2025-10-03 11:51:49 - INFO -   packets_received: 10
2025-10-03 11:51:49 - INFO -   packet_loss: 0.0
2025-10-03 11:51:49 - INFO -   min_rtt: 129.664
2025-10-03 11:51:49 - INFO -   avg_rtt: 261.396
2025-10-03 11:51:49 - INFO -   max_rtt: 942.007
2025-10-03 11:51:49 - INFO -   mdev: 235.97
2025-10-03 11:51:49 - INFO - --------------------------------------------------
2025-10-03 11:52:04 - INFO - STATUS: SUCCESS ✅ | Device: WN-L034-30 | IP: FD12:3456::62A4:23FF:FE37:A3B3
2025-10-03 11:52:04 - INFO -   packets_transmitted: 10
2025-10-03 11:52:04 - INFO -   packets_received: 10
2025-10-03 11:52:04 - INFO -   packet_loss: 0.0
2025-10-03 11:52:04 - INFO -   min_rtt: 1755.939
2025-10-03 11:52:04 - INFO -   avg_rtt: 2899.287
2025-10-03 11:52:04 - INFO -   max_rtt: 5973.415
2025-10-03 11:52:04 - INFO -   mdev: 1198.865
2025-10-03 11:52:04 - INFO - --------------------------------------------------
2025-10-03 11:52:14 - INFO - STATUS: SUCCESS ✅ | Device: WN-L035-30 | IP: FD12:3456::B635:22FF:FE98:285B
2025-10-03 11:52:14 - INFO -   packets_transmitted: 10
2025-10-03 11:52:14 - INFO -   packets_received: 10
2025-10-03 11:52:14 - INFO -   packet_loss: 0.0
2025-10-03 11:52:14 - INFO -   min_rtt: 323.5
2025-10-03 11:52:14 - INFO -   avg_rtt: 1324.748
2025-10-03 11:52:14 - INFO -   max_rtt: 3063.082
2025-10-03 11:52:14 - INFO -   mdev: 869.533
2025-10-03 11:52:14 - INFO - --------------------------------------------------
2025-10-03 11:52:26 - INFO - STATUS: SUCCESS ✅ | Device: WN-L036-30 | IP: FD12:3456::62A4:23FF:FE37:A3A1
2025-10-03 11:52:26 - INFO -   packets_transmitted: 10
2025-10-03 11:52:26 - INFO -   packets_received: 10
2025-10-03 11:52:26 - INFO -   packet_loss: 0.0
2025-10-03 11:52:26 - INFO -   min_rtt: 889.426
2025-10-03 11:52:26 - INFO -   avg_rtt: 1497.895
2025-10-03 11:52:26 - INFO -   max_rtt: 2279.988
2025-10-03 11:52:26 - INFO -   mdev: 493.897
2025-10-03 11:52:26 - INFO - --------------------------------------------------
2025-10-03 11:52:43 - INFO - STATUS: SUCCESS ✅ | Device: WN-L037-30 | IP: FD12:3456::B635:22FF:FE98:2539
2025-10-03 11:52:43 - INFO -   packets_transmitted: 10
2025-10-03 11:52:43 - INFO -   packets_received: 8
2025-10-03 11:52:43 - INFO -   packet_loss: 20.0
2025-10-03 11:52:43 - INFO -   min_rtt: 1010.662
2025-10-03 11:52:43 - INFO -   avg_rtt: 5237.144
2025-10-03 11:52:43 - INFO -   max_rtt: 7318.07
2025-10-03 11:52:43 - INFO -   mdev: 2579.634
2025-10-03 11:52:43 - INFO - --------------------------------------------------
2025-10-03 11:52:53 - INFO - STATUS: SUCCESS ✅ | Device: WN-OF04-34 | IP: FD12:3456::B635:22FF:FE98:285C
2025-10-03 11:52:53 - INFO -   packets_transmitted: 10
2025-10-03 11:52:53 - INFO -   packets_received: 10
2025-10-03 11:52:53 - INFO -   packet_loss: 0.0
2025-10-03 11:52:53 - INFO -   min_rtt: 560.855
2025-10-03 11:52:53 - INFO -   avg_rtt: 781.34
2025-10-03 11:52:53 - INFO -   max_rtt: 1203.554
2025-10-03 11:52:53 - INFO -   mdev: 226.251
2025-10-03 11:52:53 - INFO - --------------------------------------------------
2025-10-03 11:53:07 - INFO - STATUS: SUCCESS ✅ | Device: WN-L050-30 | IP: FD12:3456::92FD:9FFF:FEEE:9DF7
2025-10-03 11:53:07 - INFO -   packets_transmitted: 10
2025-10-03 11:53:07 - INFO -   packets_received: 10
2025-10-03 11:53:07 - INFO -   packet_loss: 0.0
2025-10-03 11:53:07 - INFO -   min_rtt: 796.363
2025-10-03 11:53:07 - INFO -   avg_rtt: 3584.608
2025-10-03 11:53:07 - INFO -   max_rtt: 6796.906
2025-10-03 11:53:07 - INFO -   mdev: 2017.536
2025-10-03 11:53:07 - INFO - --------------------------------------------------
2025-10-03 11:53:21 - INFO - STATUS: SUCCESS ✅ | Device: WN-L051-30 | IP: FD12:3456::B635:22FF:FE98:285D
2025-10-03 11:53:21 - INFO -   packets_transmitted: 10
2025-10-03 11:53:21 - INFO -   packets_received: 10
2025-10-03 11:53:21 - INFO -   packet_loss: 0.0
2025-10-03 11:53:21 - INFO -   min_rtt: 1921.366
2025-10-03 11:53:21 - INFO -   avg_rtt: 5258.341
2025-10-03 11:53:21 - INFO -   max_rtt: 6983.436
2025-10-03 11:53:21 - INFO -   mdev: 1612.224
2025-10-03 11:53:21 - INFO - --------------------------------------------------
2025-10-03 11:53:40 - INFO - STATUS: SUCCESS ✅ | Device: WN-L038-30 | IP: FD12:3456::B635:22FF:FE98:253F
2025-10-03 11:53:40 - INFO -   packets_transmitted: 10
2025-10-03 11:53:40 - INFO -   packets_received: 1
2025-10-03 11:53:40 - INFO -   packet_loss: 90.0
2025-10-03 11:53:40 - INFO -   min_rtt: 14956.623
2025-10-03 11:53:40 - INFO -   avg_rtt: 14956.623
2025-10-03 11:53:40 - INFO -   max_rtt: 14956.623
2025-10-03 11:53:40 - INFO -   mdev: 0.0
2025-10-03 11:53:40 - INFO - --------------------------------------------------
2025-10-03 11:53:59 - INFO - STATUS: FAILED ❌ | Device: WN-L039-30 | IP: FD12:3456::62A4:23FF:FE37:A3A8
2025-10-03 11:53:59 - INFO -   packets_transmitted: 10
2025-10-03 11:53:59 - INFO -   packets_received: 0
2025-10-03 11:53:59 - INFO -   packet_loss: 100.0
2025-10-03 11:53:59 - INFO -   min_rtt: 0.0
2025-10-03 11:53:59 - INFO -   avg_rtt: 0.0
2025-10-03 11:53:59 - INFO -   max_rtt: 0.0
2025-10-03 11:53:59 - INFO -   mdev: 0.0
2025-10-03 11:53:59 - INFO - --------------------------------------------------
2025-10-03 11:54:18 - INFO - STATUS: FAILED ❌ | Device: WN-L040-30 | IP: FD12:3456::B635:22FF:FE98:2541
2025-10-03 11:54:18 - INFO -   packets_transmitted: 10
2025-10-03 11:54:18 - INFO -   packets_received: 0
2025-10-03 11:54:18 - INFO -   packet_loss: 100.0
2025-10-03 11:54:18 - INFO -   min_rtt: 0.0
2025-10-03 11:54:18 - INFO -   avg_rtt: 0.0
2025-10-03 11:54:18 - INFO -   max_rtt: 0.0
2025-10-03 11:54:18 - INFO -   mdev: 0.0
2025-10-03 11:54:18 - INFO - --------------------------------------------------
2025-10-03 11:54:21 - INFO - STATUS: FAILED ❌ | Device: WN-L041-30 | IP: FD12:3456::B635:22FF:FE98:2529
2025-10-03 11:54:21 - INFO -   packets_transmitted: 10
2025-10-03 11:54:21 - INFO -   packets_received: 0
2025-10-03 11:54:21 - INFO -   packet_loss: 100.0
2025-10-03 11:54:21 - INFO -   min_rtt: 0.0
2025-10-03 11:54:21 - INFO -   avg_rtt: 0.0
2025-10-03 11:54:21 - INFO -   max_rtt: 0.0
2025-10-03 11:54:21 - INFO -   mdev: 0.0
2025-10-03 11:54:21 - INFO - --------------------------------------------------
2025-10-03 11:54:21 - INFO - Test stopped by user
2025-10-03 11:54:21 - INFO - Summary: SUMMARY: 11/28 devices reachable (39.3% success rate)
2025-10-03 11:54:21 - INFO - === PING TEST COMPLETED ===
