2025-10-02 18:24:09 - INFO - === PING TEST STARTED ===
2025-10-02 18:24:09 - INFO - Details: Testing 28 devices
2025-10-02 18:24:20 - INFO - STATUS: SUCCESS ✅ | Device: WN-L031-30 | IP: FD12:3456::B635:22FF:FE98:2537
2025-10-02 18:24:20 - INFO -   packets_transmitted: 10
2025-10-02 18:24:20 - INFO -   packets_received: 1
2025-10-02 18:24:20 - INFO -   packet_loss: 90.0
2025-10-02 18:24:20 - INFO -   min_rtt: 624.358
2025-10-02 18:24:20 - INFO -   avg_rtt: 624.358
2025-10-02 18:24:20 - INFO -   max_rtt: 624.358
2025-10-02 18:24:20 - INFO -   mdev: 0.0
2025-10-02 18:24:20 - INFO - --------------------------------------------------
2025-10-02 18:24:37 - INFO - STATUS: SUCCESS ✅ | Device: WN-L032-30 | IP: FD12:3456::B635:22FF:FE98:2523
2025-10-02 18:24:37 - INFO -   packets_transmitted: 10
2025-10-02 18:24:37 - INFO -   packets_received: 10
2025-10-02 18:24:37 - INFO -   packet_loss: 0.0
2025-10-02 18:24:37 - INFO -   min_rtt: 5435.8
2025-10-02 18:24:37 - INFO -   avg_rtt: 7949.225
2025-10-02 18:24:37 - INFO -   max_rtt: 10478.701
2025-10-02 18:24:37 - INFO -   mdev: 1570.84
2025-10-02 18:24:37 - INFO - --------------------------------------------------
2025-10-02 18:24:47 - INFO - STATUS: SUCCESS ✅ | Device: WN-L033-30 | IP: FD12:3456::B635:22FF:FE98:252B
2025-10-02 18:24:47 - INFO -   packets_transmitted: 10
2025-10-02 18:24:47 - INFO -   packets_received: 10
2025-10-02 18:24:47 - INFO -   packet_loss: 0.0
2025-10-02 18:24:47 - INFO -   min_rtt: 135.407
2025-10-02 18:24:47 - INFO -   avg_rtt: 471.653
2025-10-02 18:24:47 - INFO -   max_rtt: 1811.236
2025-10-02 18:24:47 - INFO -   mdev: 514.221
2025-10-02 18:24:47 - INFO - --------------------------------------------------
2025-10-02 18:24:57 - INFO - STATUS: SUCCESS ✅ | Device: WN-L034-30 | IP: FD12:3456::62A4:23FF:FE37:A3B3
2025-10-02 18:24:57 - INFO -   packets_transmitted: 10
2025-10-02 18:24:57 - INFO -   packets_received: 1
2025-10-02 18:24:57 - INFO -   packet_loss: 90.0
2025-10-02 18:24:57 - INFO -   min_rtt: 636.013
2025-10-02 18:24:57 - INFO -   avg_rtt: 636.013
2025-10-02 18:24:57 - INFO -   max_rtt: 636.013
2025-10-02 18:24:57 - INFO -   mdev: 0.0
2025-10-02 18:24:57 - INFO - --------------------------------------------------
2025-10-02 18:27:06 - INFO - STATUS: SUCCESS ✅ | Device: WN-L035-30 | IP: FD12:3456::B635:22FF:FE98:285B
2025-10-02 18:27:06 - INFO -   packets_transmitted: 10
2025-10-02 18:27:06 - INFO -   packets_received: 9
2025-10-02 18:27:06 - INFO -   packet_loss: 10.0
2025-10-02 18:27:06 - INFO -   min_rtt: 16015.119
2025-10-02 18:27:06 - INFO -   avg_rtt: 19494.17
2025-10-02 18:27:06 - INFO -   max_rtt: 21534.57
2025-10-02 18:27:06 - INFO -   mdev: 1886.674
2025-10-02 18:27:06 - INFO - --------------------------------------------------
2025-10-02 18:27:17 - INFO - STATUS: SUCCESS ✅ | Device: WN-L036-30 | IP: FD12:3456::62A4:23FF:FE37:A3A1
2025-10-02 18:27:17 - INFO -   packets_transmitted: 10
2025-10-02 18:27:17 - INFO -   packets_received: 5
2025-10-02 18:27:17 - INFO -   packet_loss: 50.0
2025-10-02 18:27:17 - INFO -   min_rtt: 506.601
2025-10-02 18:27:17 - INFO -   avg_rtt: 1648.289
2025-10-02 18:27:17 - INFO -   max_rtt: 5981.07
2025-10-02 18:27:17 - INFO -   mdev: 2166.893
2025-10-02 18:27:17 - INFO - --------------------------------------------------
2025-10-02 18:29:26 - INFO - STATUS: SUCCESS ✅ | Device: WN-L037-30 | IP: FD12:3456::B635:22FF:FE98:2539
2025-10-02 18:29:26 - INFO -   packets_transmitted: 10
2025-10-02 18:29:26 - INFO -   packets_received: 8
2025-10-02 18:29:26 - INFO -   packet_loss: 20.0
2025-10-02 18:29:26 - INFO -   min_rtt: 14172.395
2025-10-02 18:29:26 - INFO -   avg_rtt: 17200.361
2025-10-02 18:29:26 - INFO -   max_rtt: 20115.381
2025-10-02 18:29:26 - INFO -   mdev: 1987.102
2025-10-02 18:29:26 - INFO - --------------------------------------------------
2025-10-02 18:31:35 - INFO - STATUS: SUCCESS ✅ | Device: WN-OF04-34 | IP: FD12:3456::B635:22FF:FE98:285C
2025-10-02 18:31:35 - INFO -   packets_transmitted: 10
2025-10-02 18:31:35 - INFO -   packets_received: 1
2025-10-02 18:31:35 - INFO -   packet_loss: 90.0
2025-10-02 18:31:35 - INFO -   min_rtt: 22364.301
2025-10-02 18:31:35 - INFO -   avg_rtt: 22364.301
2025-10-02 18:31:35 - INFO -   max_rtt: 22364.301
2025-10-02 18:31:35 - INFO -   mdev: 0.0
2025-10-02 18:31:35 - INFO - --------------------------------------------------
2025-10-02 18:33:44 - INFO - STATUS: FAILED ❌ | Device: WN-L050-30 | IP: FD12:3456::92FD:9FFF:FEEE:9DF7
2025-10-02 18:33:44 - INFO -   packets_transmitted: 10
2025-10-02 18:33:44 - INFO -   packets_received: 0
2025-10-02 18:33:44 - INFO -   packet_loss: 100.0
2025-10-02 18:33:44 - INFO -   min_rtt: 0.0
2025-10-02 18:33:44 - INFO -   avg_rtt: 0.0
2025-10-02 18:33:44 - INFO -   max_rtt: 0.0
2025-10-02 18:33:44 - INFO -   mdev: 0.0
2025-10-02 18:33:44 - INFO - --------------------------------------------------
2025-10-02 18:35:54 - INFO - STATUS: FAILED ❌ | Device: WN-L051-30 | IP: FD12:3456::B635:22FF:FE98:285D
2025-10-02 18:35:54 - INFO -   packets_transmitted: 10
2025-10-02 18:35:54 - INFO -   packets_received: 0
2025-10-02 18:35:54 - INFO -   packet_loss: 100.0
2025-10-02 18:35:54 - INFO -   min_rtt: 0.0
2025-10-02 18:35:54 - INFO -   avg_rtt: 0.0
2025-10-02 18:35:54 - INFO -   max_rtt: 0.0
2025-10-02 18:35:54 - INFO -   mdev: 0.0
2025-10-02 18:35:54 - INFO - --------------------------------------------------
2025-10-02 18:38:03 - INFO - STATUS: FAILED ❌ | Device: WN-L038-30 | IP: FD12:3456::B635:22FF:FE98:253F
2025-10-02 18:38:03 - INFO -   packets_transmitted: 10
2025-10-02 18:38:03 - INFO -   packets_received: 0
2025-10-02 18:38:03 - INFO -   packet_loss: 100.0
2025-10-02 18:38:03 - INFO -   min_rtt: 0.0
2025-10-02 18:38:03 - INFO -   avg_rtt: 0.0
2025-10-02 18:38:03 - INFO -   max_rtt: 0.0
2025-10-02 18:38:03 - INFO -   mdev: 0.0
2025-10-02 18:38:03 - INFO - --------------------------------------------------
2025-10-02 18:40:12 - INFO - STATUS: FAILED ❌ | Device: WN-L039-30 | IP: FD12:3456::62A4:23FF:FE37:A3A8
2025-10-02 18:40:12 - INFO -   packets_transmitted: 10
2025-10-02 18:40:12 - INFO -   packets_received: 0
2025-10-02 18:40:12 - INFO -   packet_loss: 100.0
2025-10-02 18:40:12 - INFO -   min_rtt: 0.0
2025-10-02 18:40:12 - INFO -   avg_rtt: 0.0
2025-10-02 18:40:12 - INFO -   max_rtt: 0.0
2025-10-02 18:40:12 - INFO -   mdev: 0.0
2025-10-02 18:40:12 - INFO - --------------------------------------------------
2025-10-02 18:42:21 - INFO - STATUS: FAILED ❌ | Device: WN-L040-30 | IP: FD12:3456::B635:22FF:FE98:2541
2025-10-02 18:42:21 - INFO -   packets_transmitted: 10
2025-10-02 18:42:21 - INFO -   packets_received: 0
2025-10-02 18:42:21 - INFO -   packet_loss: 100.0
2025-10-02 18:42:21 - INFO -   min_rtt: 0.0
2025-10-02 18:42:21 - INFO -   avg_rtt: 0.0
2025-10-02 18:42:21 - INFO -   max_rtt: 0.0
2025-10-02 18:42:21 - INFO -   mdev: 0.0
2025-10-02 18:42:21 - INFO - --------------------------------------------------
2025-10-02 18:44:30 - INFO - STATUS: FAILED ❌ | Device: WN-L041-30 | IP: FD12:3456::B635:22FF:FE98:2529
2025-10-02 18:44:30 - INFO -   packets_transmitted: 10
2025-10-02 18:44:30 - INFO -   packets_received: 0
2025-10-02 18:44:30 - INFO -   packet_loss: 100.0
2025-10-02 18:44:30 - INFO -   min_rtt: 0.0
2025-10-02 18:44:30 - INFO -   avg_rtt: 0.0
2025-10-02 18:44:30 - INFO -   max_rtt: 0.0
2025-10-02 18:44:30 - INFO -   mdev: 0.0
2025-10-02 18:44:30 - INFO - --------------------------------------------------
2025-10-02 18:46:40 - INFO - STATUS: FAILED ❌ | Device: WN-L042-30 | IP: FD12:3456::62A4:23FF:FE37:A3AC
2025-10-02 18:46:40 - INFO -   packets_transmitted: 10
2025-10-02 18:46:40 - INFO -   packets_received: 0
2025-10-02 18:46:40 - INFO -   packet_loss: 100.0
2025-10-02 18:46:40 - INFO -   min_rtt: 0.0
2025-10-02 18:46:40 - INFO -   avg_rtt: 0.0
2025-10-02 18:46:40 - INFO -   max_rtt: 0.0
2025-10-02 18:46:40 - INFO -   mdev: 0.0
2025-10-02 18:46:40 - INFO - --------------------------------------------------
2025-10-02 18:48:49 - INFO - STATUS: FAILED ❌ | Device: WN-L043-30 | IP: FD12:3456::62A4:23FF:FE37:A39F
2025-10-02 18:48:49 - INFO -   packets_transmitted: 10
2025-10-02 18:48:49 - INFO -   packets_received: 0
2025-10-02 18:48:49 - INFO -   packet_loss: 100.0
2025-10-02 18:48:49 - INFO -   min_rtt: 0.0
2025-10-02 18:48:49 - INFO -   avg_rtt: 0.0
2025-10-02 18:48:49 - INFO -   max_rtt: 0.0
2025-10-02 18:48:49 - INFO -   mdev: 0.0
2025-10-02 18:48:49 - INFO - --------------------------------------------------
2025-10-02 18:50:58 - INFO - STATUS: FAILED ❌ | Device: WN-L044-30 | IP: FD12:3456::B635:22FF:FE98:2534
2025-10-02 18:50:58 - INFO -   packets_transmitted: 10
2025-10-02 18:50:58 - INFO -   packets_received: 0
2025-10-02 18:50:58 - INFO -   packet_loss: 100.0
2025-10-02 18:50:58 - INFO -   min_rtt: 0.0
2025-10-02 18:50:58 - INFO -   avg_rtt: 0.0
2025-10-02 18:50:58 - INFO -   max_rtt: 0.0
2025-10-02 18:50:58 - INFO -   mdev: 0.0
2025-10-02 18:50:58 - INFO - --------------------------------------------------
2025-10-02 18:52:14 - INFO - STATUS: FAILED ❌ | Device: WN-L045-30 | IP: FD12:3456::B635:22FF:FE98:2524
2025-10-02 18:52:14 - INFO -   packets_transmitted: 10
2025-10-02 18:52:14 - INFO -   packets_received: 0
2025-10-02 18:52:14 - INFO -   packet_loss: 100.0
2025-10-02 18:52:14 - INFO -   min_rtt: 0.0
2025-10-02 18:52:14 - INFO -   avg_rtt: 0.0
2025-10-02 18:52:14 - INFO -   max_rtt: 0.0
2025-10-02 18:52:14 - INFO -   mdev: 0.0
2025-10-02 18:52:14 - INFO - --------------------------------------------------
2025-10-02 18:52:14 - INFO - Test stopped by user
2025-10-02 18:52:14 - INFO - Summary: SUMMARY: 8/28 devices reachable (28.6% success rate)
2025-10-02 18:52:14 - INFO - === PING TEST COMPLETED ===
