2025-10-02 17:00:48 - INFO - === PING TEST STARTED ===
2025-10-02 17:00:48 - INFO - Details: Testing 28 devices
2025-10-02 17:01:18 - INFO - STATUS: FAILED ❌ | Device: WN-L031-30 | IP: FD12:3456::B635:22FF:FE98:2537
2025-10-02 17:01:18 - INFO -   packets_transmitted: 10
2025-10-02 17:01:18 - INFO -   packets_received: 0
2025-10-02 17:01:18 - INFO -   packet_loss: 100.0
2025-10-02 17:01:18 - INFO -   min_rtt: 0.0
2025-10-02 17:01:18 - INFO -   avg_rtt: 0.0
2025-10-02 17:01:18 - INFO -   max_rtt: 0.0
2025-10-02 17:01:18 - INFO -   mdev: 0.0
2025-10-02 17:01:18 - INFO - --------------------------------------------------
2025-10-02 17:01:27 - INFO - STATUS: SUCCESS ✅ | Device: WN-L032-30 | IP: FD12:3456::B635:22FF:FE98:2523
2025-10-02 17:01:27 - INFO -   packets_transmitted: 10
2025-10-02 17:01:27 - INFO -   packets_received: 10
2025-10-02 17:01:27 - INFO -   packet_loss: 0.0
2025-10-02 17:01:27 - INFO -   min_rtt: 415.27
2025-10-02 17:01:27 - INFO -   avg_rtt: 545.826
2025-10-02 17:01:27 - INFO -   max_rtt: 1045.302
2025-10-02 17:01:27 - INFO -   mdev: 193.84
2025-10-02 17:01:27 - INFO - --------------------------------------------------
2025-10-02 17:01:36 - INFO - STATUS: SUCCESS ✅ | Device: WN-L033-30 | IP: FD12:3456::B635:22FF:FE98:252B
2025-10-02 17:01:36 - INFO -   packets_transmitted: 10
2025-10-02 17:01:36 - INFO -   packets_received: 10
2025-10-02 17:01:36 - INFO -   packet_loss: 0.0
2025-10-02 17:01:36 - INFO -   min_rtt: 125.948
2025-10-02 17:01:36 - INFO -   avg_rtt: 144.926
2025-10-02 17:01:36 - INFO -   max_rtt: 197.13
2025-10-02 17:01:36 - INFO -   mdev: 26.254
2025-10-02 17:01:36 - INFO - --------------------------------------------------
2025-10-02 17:01:46 - INFO - STATUS: SUCCESS ✅ | Device: WN-L034-30 | IP: FD12:3456::62A4:23FF:FE37:A3B3
2025-10-02 17:01:46 - INFO -   packets_transmitted: 10
2025-10-02 17:01:46 - INFO -   packets_received: 10
2025-10-02 17:01:46 - INFO -   packet_loss: 0.0
2025-10-02 17:01:46 - INFO -   min_rtt: 384.24
2025-10-02 17:01:46 - INFO -   avg_rtt: 641.769
2025-10-02 17:01:46 - INFO -   max_rtt: 1684.256
2025-10-02 17:01:46 - INFO -   mdev: 444.903
2025-10-02 17:01:46 - INFO - --------------------------------------------------
2025-10-02 17:01:55 - INFO - STATUS: SUCCESS ✅ | Device: WN-L035-30 | IP: FD12:3456::B635:22FF:FE98:285B
2025-10-02 17:01:55 - INFO -   packets_transmitted: 10
2025-10-02 17:01:55 - INFO -   packets_received: 10
2025-10-02 17:01:55 - INFO -   packet_loss: 0.0
2025-10-02 17:01:55 - INFO -   min_rtt: 637.217
2025-10-02 17:01:55 - INFO -   avg_rtt: 2286.134
2025-10-02 17:01:55 - INFO -   max_rtt: 4715.406
2025-10-02 17:01:55 - INFO -   mdev: 1398.858
2025-10-02 17:01:55 - INFO - --------------------------------------------------
2025-10-02 17:02:05 - INFO - STATUS: SUCCESS ✅ | Device: WN-L036-30 | IP: FD12:3456::62A4:23FF:FE37:A3A1
2025-10-02 17:02:05 - INFO -   packets_transmitted: 10
2025-10-02 17:02:05 - INFO -   packets_received: 10
2025-10-02 17:02:05 - INFO -   packet_loss: 0.0
2025-10-02 17:02:05 - INFO -   min_rtt: 261.185
2025-10-02 17:02:05 - INFO -   avg_rtt: 480.983
2025-10-02 17:02:05 - INFO -   max_rtt: 1371.085
2025-10-02 17:02:05 - INFO -   mdev: 321.905
2025-10-02 17:02:05 - INFO - --------------------------------------------------
2025-10-02 17:02:18 - INFO - STATUS: SUCCESS ✅ | Device: WN-L037-30 | IP: FD12:3456::B635:22FF:FE98:2539
2025-10-02 17:02:18 - INFO -   packets_transmitted: 10
2025-10-02 17:02:18 - INFO -   packets_received: 10
2025-10-02 17:02:18 - INFO -   packet_loss: 0.0
2025-10-02 17:02:18 - INFO -   min_rtt: 544.94
2025-10-02 17:02:18 - INFO -   avg_rtt: 3046.09
2025-10-02 17:02:18 - INFO -   max_rtt: 5654.636
2025-10-02 17:02:18 - INFO -   mdev: 1815.311
2025-10-02 17:02:18 - INFO - --------------------------------------------------
2025-10-02 17:02:28 - INFO - STATUS: SUCCESS ✅ | Device: WN-OF04-34 | IP: FD12:3456::B635:22FF:FE98:285C
2025-10-02 17:02:28 - INFO -   packets_transmitted: 10
2025-10-02 17:02:28 - INFO -   packets_received: 10
2025-10-02 17:02:28 - INFO -   packet_loss: 0.0
2025-10-02 17:02:28 - INFO -   min_rtt: 486.563
2025-10-02 17:02:28 - INFO -   avg_rtt: 703.946
2025-10-02 17:02:28 - INFO -   max_rtt: 1451.119
2025-10-02 17:02:28 - INFO -   mdev: 325.888
2025-10-02 17:02:28 - INFO - --------------------------------------------------
2025-10-02 17:02:38 - INFO - STATUS: SUCCESS ✅ | Device: WN-L050-30 | IP: FD12:3456::92FD:9FFF:FEEE:9DF7
2025-10-02 17:02:38 - INFO -   packets_transmitted: 10
2025-10-02 17:02:38 - INFO -   packets_received: 10
2025-10-02 17:02:38 - INFO -   packet_loss: 0.0
2025-10-02 17:02:38 - INFO -   min_rtt: 701.662
2025-10-02 17:02:38 - INFO -   avg_rtt: 1090.683
2025-10-02 17:02:38 - INFO -   max_rtt: 1890.79
2025-10-02 17:02:38 - INFO -   mdev: 456.883
2025-10-02 17:02:38 - INFO - --------------------------------------------------
2025-10-02 17:02:49 - INFO - STATUS: SUCCESS ✅ | Device: WN-L051-30 | IP: FD12:3456::B635:22FF:FE98:285D
2025-10-02 17:02:49 - INFO -   packets_transmitted: 10
2025-10-02 17:02:49 - INFO -   packets_received: 8
2025-10-02 17:02:49 - INFO -   packet_loss: 20.0
2025-10-02 17:02:49 - INFO -   min_rtt: 770.713
2025-10-02 17:02:49 - INFO -   avg_rtt: 2406.613
2025-10-02 17:02:49 - INFO -   max_rtt: 5247.278
2025-10-02 17:02:49 - INFO -   mdev: 1908.135
2025-10-02 17:02:49 - INFO - --------------------------------------------------
2025-10-02 17:03:10 - INFO - STATUS: SUCCESS ✅ | Device: WN-L038-30 | IP: FD12:3456::B635:22FF:FE98:253F
2025-10-02 17:03:10 - INFO -   packets_transmitted: 10
2025-10-02 17:03:10 - INFO -   packets_received: 9
2025-10-02 17:03:10 - INFO -   packet_loss: 10.0
2025-10-02 17:03:10 - INFO -   min_rtt: 1632.785
2025-10-02 17:03:10 - INFO -   avg_rtt: 6260.834
2025-10-02 17:03:10 - INFO -   max_rtt: 10310.316
2025-10-02 17:03:10 - INFO -   mdev: 2838.585
2025-10-02 17:03:10 - INFO - --------------------------------------------------
2025-10-02 17:03:39 - INFO - STATUS: FAILED ❌ | Device: WN-L039-30 | IP: FD12:3456::62A4:23FF:FE37:A3A8
2025-10-02 17:03:39 - INFO -   packets_transmitted: 10
2025-10-02 17:03:39 - INFO -   packets_received: 0
2025-10-02 17:03:39 - INFO -   packet_loss: 100.0
2025-10-02 17:03:39 - INFO -   min_rtt: 0.0
2025-10-02 17:03:39 - INFO -   avg_rtt: 0.0
2025-10-02 17:03:39 - INFO -   max_rtt: 0.0
2025-10-02 17:03:39 - INFO -   mdev: 0.0
2025-10-02 17:03:39 - INFO - --------------------------------------------------
2025-10-02 17:04:08 - INFO - STATUS: FAILED ❌ | Device: WN-L040-30 | IP: FD12:3456::B635:22FF:FE98:2541
2025-10-02 17:04:08 - INFO -   packets_transmitted: 10
2025-10-02 17:04:08 - INFO -   packets_received: 0
2025-10-02 17:04:08 - INFO -   packet_loss: 100.0
2025-10-02 17:04:08 - INFO -   min_rtt: 0.0
2025-10-02 17:04:08 - INFO -   avg_rtt: 0.0
2025-10-02 17:04:08 - INFO -   max_rtt: 0.0
2025-10-02 17:04:08 - INFO -   mdev: 0.0
2025-10-02 17:04:08 - INFO - --------------------------------------------------
2025-10-02 17:04:37 - INFO - STATUS: FAILED ❌ | Device: WN-L041-30 | IP: FD12:3456::B635:22FF:FE98:2529
2025-10-02 17:04:37 - INFO -   packets_transmitted: 10
2025-10-02 17:04:37 - INFO -   packets_received: 0
2025-10-02 17:04:37 - INFO -   packet_loss: 100.0
2025-10-02 17:04:37 - INFO -   min_rtt: 0.0
2025-10-02 17:04:37 - INFO -   avg_rtt: 0.0
2025-10-02 17:04:37 - INFO -   max_rtt: 0.0
2025-10-02 17:04:37 - INFO -   mdev: 0.0
2025-10-02 17:04:37 - INFO - --------------------------------------------------
2025-10-02 17:05:06 - INFO - STATUS: FAILED ❌ | Device: WN-L042-30 | IP: FD12:3456::62A4:23FF:FE37:A3AC
2025-10-02 17:05:06 - INFO -   packets_transmitted: 10
2025-10-02 17:05:06 - INFO -   packets_received: 0
2025-10-02 17:05:06 - INFO -   packet_loss: 100.0
2025-10-02 17:05:06 - INFO -   min_rtt: 0.0
2025-10-02 17:05:06 - INFO -   avg_rtt: 0.0
2025-10-02 17:05:06 - INFO -   max_rtt: 0.0
2025-10-02 17:05:06 - INFO -   mdev: 0.0
2025-10-02 17:05:06 - INFO - --------------------------------------------------
2025-10-02 17:05:36 - INFO - STATUS: FAILED ❌ | Device: WN-L043-30 | IP: FD12:3456::62A4:23FF:FE37:A39F
2025-10-02 17:05:36 - INFO -   packets_transmitted: 10
2025-10-02 17:05:36 - INFO -   packets_received: 0
2025-10-02 17:05:36 - INFO -   packet_loss: 100.0
2025-10-02 17:05:36 - INFO -   min_rtt: 0.0
2025-10-02 17:05:36 - INFO -   avg_rtt: 0.0
2025-10-02 17:05:36 - INFO -   max_rtt: 0.0
2025-10-02 17:05:36 - INFO -   mdev: 0.0
2025-10-02 17:05:36 - INFO - --------------------------------------------------
2025-10-02 17:06:05 - INFO - STATUS: FAILED ❌ | Device: WN-L044-30 | IP: FD12:3456::B635:22FF:FE98:2534
2025-10-02 17:06:05 - INFO -   packets_transmitted: 10
2025-10-02 17:06:05 - INFO -   packets_received: 0
2025-10-02 17:06:05 - INFO -   packet_loss: 100.0
2025-10-02 17:06:05 - INFO -   min_rtt: 0.0
2025-10-02 17:06:05 - INFO -   avg_rtt: 0.0
2025-10-02 17:06:05 - INFO -   max_rtt: 0.0
2025-10-02 17:06:05 - INFO -   mdev: 0.0
2025-10-02 17:06:05 - INFO - --------------------------------------------------
2025-10-02 17:06:34 - INFO - STATUS: FAILED ❌ | Device: WN-L045-30 | IP: FD12:3456::B635:22FF:FE98:2524
2025-10-02 17:06:34 - INFO -   packets_transmitted: 10
2025-10-02 17:06:34 - INFO -   packets_received: 0
2025-10-02 17:06:34 - INFO -   packet_loss: 100.0
2025-10-02 17:06:34 - INFO -   min_rtt: 0.0
2025-10-02 17:06:34 - INFO -   avg_rtt: 0.0
2025-10-02 17:06:34 - INFO -   max_rtt: 0.0
2025-10-02 17:06:34 - INFO -   mdev: 0.0
2025-10-02 17:06:34 - INFO - --------------------------------------------------
2025-10-02 17:07:03 - INFO - STATUS: FAILED ❌ | Device: WN-L047-30 | IP: FD12:3456::92FD:9FFF:FEEE:9D40
2025-10-02 17:07:03 - INFO -   packets_transmitted: 10
2025-10-02 17:07:03 - INFO -   packets_received: 0
2025-10-02 17:07:03 - INFO -   packet_loss: 100.0
2025-10-02 17:07:03 - INFO -   min_rtt: 0.0
2025-10-02 17:07:03 - INFO -   avg_rtt: 0.0
2025-10-02 17:07:03 - INFO -   max_rtt: 0.0
2025-10-02 17:07:03 - INFO -   mdev: 0.0
2025-10-02 17:07:03 - INFO - --------------------------------------------------
2025-10-02 17:07:33 - INFO - STATUS: FAILED ❌ | Device: WN-L048-30 | IP: FD12:3456::B635:22FF:FE98:29A6
2025-10-02 17:07:33 - INFO -   packets_transmitted: 10
2025-10-02 17:07:33 - INFO -   packets_received: 0
2025-10-02 17:07:33 - INFO -   packet_loss: 100.0
2025-10-02 17:07:33 - INFO -   min_rtt: 0.0
2025-10-02 17:07:33 - INFO -   avg_rtt: 0.0
2025-10-02 17:07:33 - INFO -   max_rtt: 0.0
2025-10-02 17:07:33 - INFO -   mdev: 0.0
2025-10-02 17:07:33 - INFO - --------------------------------------------------
2025-10-02 17:08:02 - INFO - STATUS: FAILED ❌ | Device: WN-L052-30 | IP: FD12:3456::62A4:23FF:FE37:A3AD
2025-10-02 17:08:02 - INFO -   packets_transmitted: 10
2025-10-02 17:08:02 - INFO -   packets_received: 0
2025-10-02 17:08:02 - INFO -   packet_loss: 100.0
2025-10-02 17:08:02 - INFO -   min_rtt: 0.0
2025-10-02 17:08:02 - INFO -   avg_rtt: 0.0
2025-10-02 17:08:02 - INFO -   max_rtt: 0.0
2025-10-02 17:08:02 - INFO -   mdev: 0.0
2025-10-02 17:08:02 - INFO - --------------------------------------------------
2025-10-02 17:08:31 - INFO - STATUS: FAILED ❌ | Device: WN-L053-30 | IP: FD12:3456::B635:22FF:FE98:252C
2025-10-02 17:08:31 - INFO -   packets_transmitted: 10
2025-10-02 17:08:31 - INFO -   packets_received: 0
2025-10-02 17:08:31 - INFO -   packet_loss: 100.0
2025-10-02 17:08:31 - INFO -   min_rtt: 0.0
2025-10-02 17:08:31 - INFO -   avg_rtt: 0.0
2025-10-02 17:08:31 - INFO -   max_rtt: 0.0
2025-10-02 17:08:31 - INFO -   mdev: 0.0
2025-10-02 17:08:31 - INFO - --------------------------------------------------
2025-10-02 17:09:00 - INFO - STATUS: FAILED ❌ | Device: WN-L054-30 | IP: FD12:3456::B635:22FF:FE98:251E
2025-10-02 17:09:00 - INFO -   packets_transmitted: 10
2025-10-02 17:09:00 - INFO -   packets_received: 0
2025-10-02 17:09:00 - INFO -   packet_loss: 100.0
2025-10-02 17:09:00 - INFO -   min_rtt: 0.0
2025-10-02 17:09:00 - INFO -   avg_rtt: 0.0
2025-10-02 17:09:00 - INFO -   max_rtt: 0.0
2025-10-02 17:09:00 - INFO -   mdev: 0.0
2025-10-02 17:09:00 - INFO - --------------------------------------------------
2025-10-02 17:09:19 - INFO - STATUS: SUCCESS ✅ | Device: WN-VA24-30 | IP: FD12:3456::B635:22FF:FE98:253E
2025-10-02 17:09:19 - INFO -   packets_transmitted: 10
2025-10-02 17:09:19 - INFO -   packets_received: 6
2025-10-02 17:09:19 - INFO -   packet_loss: 40.0
2025-10-02 17:09:19 - INFO -   min_rtt: 1287.383
2025-10-02 17:09:19 - INFO -   avg_rtt: 3139.88
2025-10-02 17:09:19 - INFO -   max_rtt: 5078.208
2025-10-02 17:09:19 - INFO -   mdev: 1395.758
2025-10-02 17:09:19 - INFO - --------------------------------------------------
2025-10-02 17:09:43 - INFO - STATUS: SUCCESS ✅ | Device: WN-VA64-30 | IP: FD12:3456::B635:22FF:FE98:285E
2025-10-02 17:09:43 - INFO -   packets_transmitted: 10
2025-10-02 17:09:43 - INFO -   packets_received: 4
2025-10-02 17:09:43 - INFO -   packet_loss: 60.0
2025-10-02 17:09:43 - INFO -   min_rtt: 6051.374
2025-10-02 17:09:43 - INFO -   avg_rtt: 7228.992
2025-10-02 17:09:43 - INFO -   max_rtt: 7938.238
2025-10-02 17:09:43 - INFO -   mdev: 778.547
2025-10-02 17:09:43 - INFO - --------------------------------------------------
2025-10-02 17:09:52 - INFO - STATUS: SUCCESS ✅ | Device: WN-VC44-30 | IP: FD12:3456::62A4:23FF:FE37:A3A9
2025-10-02 17:09:52 - INFO -   packets_transmitted: 10
2025-10-02 17:09:52 - INFO -   packets_received: 10
2025-10-02 17:09:52 - INFO -   packet_loss: 0.0
2025-10-02 17:09:52 - INFO -   min_rtt: 129.014
2025-10-02 17:09:52 - INFO -   avg_rtt: 426.648
2025-10-02 17:09:52 - INFO -   max_rtt: 1389.328
2025-10-02 17:09:52 - INFO -   mdev: 436.001
2025-10-02 17:09:52 - INFO - --------------------------------------------------
2025-10-02 17:10:21 - INFO - STATUS: FAILED ❌ | Device: WN-NI04-34 | IP: FD12:3456::62A4:23FF:FE37:A3AB
2025-10-02 17:10:21 - INFO -   packets_transmitted: 10
2025-10-02 17:10:21 - INFO -   packets_received: 0
2025-10-02 17:10:21 - INFO -   packet_loss: 100.0
2025-10-02 17:10:21 - INFO -   min_rtt: 0.0
2025-10-02 17:10:21 - INFO -   avg_rtt: 0.0
2025-10-02 17:10:21 - INFO -   max_rtt: 0.0
2025-10-02 17:10:21 - INFO -   mdev: 0.0
2025-10-02 17:10:21 - INFO - --------------------------------------------------
2025-10-02 17:10:50 - INFO - STATUS: FAILED ❌ | Device: WN-L059-34 | IP: FD12:3456::B635:22FF:FE98:29A5
2025-10-02 17:10:50 - INFO -   packets_transmitted: 10
2025-10-02 17:10:50 - INFO -   packets_received: 0
2025-10-02 17:10:50 - INFO -   packet_loss: 100.0
2025-10-02 17:10:50 - INFO -   min_rtt: 0.0
2025-10-02 17:10:50 - INFO -   avg_rtt: 0.0
2025-10-02 17:10:50 - INFO -   max_rtt: 0.0
2025-10-02 17:10:50 - INFO -   mdev: 0.0
2025-10-02 17:10:50 - INFO - --------------------------------------------------
2025-10-02 17:10:50 - INFO - Summary: SUMMARY: 13/28 devices reachable (46.4% success rate)
2025-10-02 17:10:50 - INFO - === PING TEST COMPLETED ===
