2025-10-04 18:15:17 - INFO - === PING TEST STARTED ===
2025-10-04 18:15:17 - INFO - Details: Testing 28 devices
2025-10-04 18:15:27 - INFO - STATUS: FAILED ❌ | Device: WN-L031-30 | IP: FD12:3456::B635:22FF:FE98:2537
2025-10-04 18:15:27 - INFO -   packets_transmitted: 1
2025-10-04 18:15:27 - INFO -   packets_received: 0
2025-10-04 18:15:27 - INFO -   packet_loss: 100.0
2025-10-04 18:15:27 - INFO -   min_rtt: 0.0
2025-10-04 18:15:27 - INFO -   avg_rtt: 0.0
2025-10-04 18:15:27 - INFO -   max_rtt: 0.0
2025-10-04 18:15:27 - INFO -   mdev: 0.0
2025-10-04 18:15:27 - INFO - --------------------------------------------------
2025-10-04 18:15:37 - INFO - STATUS: FAILED ❌ | Device: WN-L032-30 | IP: FD12:3456::B635:22FF:FE98:2523
2025-10-04 18:15:37 - INFO -   packets_transmitted: 1
2025-10-04 18:15:37 - INFO -   packets_received: 0
2025-10-04 18:15:37 - INFO -   packet_loss: 100.0
2025-10-04 18:15:37 - INFO -   min_rtt: 0.0
2025-10-04 18:15:37 - INFO -   avg_rtt: 0.0
2025-10-04 18:15:37 - INFO -   max_rtt: 0.0
2025-10-04 18:15:37 - INFO -   mdev: 0.0
2025-10-04 18:15:37 - INFO - --------------------------------------------------
2025-10-04 18:15:47 - INFO - STATUS: FAILED ❌ | Device: WN-L033-30 | IP: FD12:3456::B635:22FF:FE98:252B
2025-10-04 18:15:47 - INFO -   packets_transmitted: 1
2025-10-04 18:15:47 - INFO -   packets_received: 0
2025-10-04 18:15:47 - INFO -   packet_loss: 100.0
2025-10-04 18:15:47 - INFO -   min_rtt: 0.0
2025-10-04 18:15:47 - INFO -   avg_rtt: 0.0
2025-10-04 18:15:47 - INFO -   max_rtt: 0.0
2025-10-04 18:15:47 - INFO -   mdev: 0.0
2025-10-04 18:15:47 - INFO - --------------------------------------------------
2025-10-04 18:15:55 - INFO - STATUS: SUCCESS ✅ | Device: WN-L034-30 | IP: FD12:3456::62A4:23FF:FE37:A3B3
2025-10-04 18:15:55 - INFO -   packets_transmitted: 1
2025-10-04 18:15:55 - INFO -   packets_received: 1
2025-10-04 18:15:55 - INFO -   packet_loss: 0.0
2025-10-04 18:15:55 - INFO -   min_rtt: 8113.148
2025-10-04 18:15:55 - INFO -   avg_rtt: 8113.148
2025-10-04 18:15:55 - INFO -   max_rtt: 8113.148
2025-10-04 18:15:55 - INFO -   mdev: 0.0
2025-10-04 18:15:55 - INFO - --------------------------------------------------
2025-10-04 18:16:01 - INFO - STATUS: SUCCESS ✅ | Device: WN-L035-30 | IP: FD12:3456::B635:22FF:FE98:285B
2025-10-04 18:16:01 - INFO -   packets_transmitted: 1
2025-10-04 18:16:01 - INFO -   packets_received: 1
2025-10-04 18:16:01 - INFO -   packet_loss: 0.0
2025-10-04 18:16:01 - INFO -   min_rtt: 5960.857
2025-10-04 18:16:01 - INFO -   avg_rtt: 5960.857
2025-10-04 18:16:01 - INFO -   max_rtt: 5960.857
2025-10-04 18:16:01 - INFO -   mdev: 0.0
2025-10-04 18:16:01 - INFO - --------------------------------------------------
2025-10-04 18:16:04 - INFO - STATUS: SUCCESS ✅ | Device: WN-L036-30 | IP: FD12:3456::62A4:23FF:FE37:A3A1
2025-10-04 18:16:04 - INFO -   packets_transmitted: 1
2025-10-04 18:16:04 - INFO -   packets_received: 1
2025-10-04 18:16:04 - INFO -   packet_loss: 0.0
2025-10-04 18:16:04 - INFO -   min_rtt: 3241.223
2025-10-04 18:16:04 - INFO -   avg_rtt: 3241.223
2025-10-04 18:16:04 - INFO -   max_rtt: 3241.223
2025-10-04 18:16:04 - INFO -   mdev: 0.0
2025-10-04 18:16:04 - INFO - --------------------------------------------------
2025-10-04 18:16:14 - INFO - STATUS: FAILED ❌ | Device: WN-L037-30 | IP: FD12:3456::B635:22FF:FE98:2539
2025-10-04 18:16:14 - INFO -   packets_transmitted: 1
2025-10-04 18:16:14 - INFO -   packets_received: 0
2025-10-04 18:16:14 - INFO -   packet_loss: 100.0
2025-10-04 18:16:14 - INFO -   min_rtt: 0.0
2025-10-04 18:16:14 - INFO -   avg_rtt: 0.0
2025-10-04 18:16:14 - INFO -   max_rtt: 0.0
2025-10-04 18:16:14 - INFO -   mdev: 0.0
2025-10-04 18:16:14 - INFO - --------------------------------------------------
2025-10-04 18:16:24 - INFO - STATUS: FAILED ❌ | Device: WN-OF04-34 | IP: FD12:3456::B635:22FF:FE98:285C
2025-10-04 18:16:24 - INFO -   packets_transmitted: 1
2025-10-04 18:16:24 - INFO -   packets_received: 0
2025-10-04 18:16:24 - INFO -   packet_loss: 100.0
2025-10-04 18:16:24 - INFO -   min_rtt: 0.0
2025-10-04 18:16:24 - INFO -   avg_rtt: 0.0
2025-10-04 18:16:24 - INFO -   max_rtt: 0.0
2025-10-04 18:16:24 - INFO -   mdev: 0.0
2025-10-04 18:16:24 - INFO - --------------------------------------------------
2025-10-04 18:16:34 - INFO - STATUS: FAILED ❌ | Device: WN-L050-30 | IP: FD12:3456::92FD:9FFF:FEEE:9DF7
2025-10-04 18:16:34 - INFO -   packets_transmitted: 1
2025-10-04 18:16:34 - INFO -   packets_received: 0
2025-10-04 18:16:34 - INFO -   packet_loss: 100.0
2025-10-04 18:16:34 - INFO -   min_rtt: 0.0
2025-10-04 18:16:34 - INFO -   avg_rtt: 0.0
2025-10-04 18:16:34 - INFO -   max_rtt: 0.0
2025-10-04 18:16:34 - INFO -   mdev: 0.0
2025-10-04 18:16:34 - INFO - --------------------------------------------------
2025-10-04 18:16:44 - INFO - STATUS: FAILED ❌ | Device: WN-L051-30 | IP: FD12:3456::B635:22FF:FE98:285D
2025-10-04 18:16:44 - INFO -   packets_transmitted: 1
2025-10-04 18:16:44 - INFO -   packets_received: 0
2025-10-04 18:16:44 - INFO -   packet_loss: 100.0
2025-10-04 18:16:44 - INFO -   min_rtt: 0.0
2025-10-04 18:16:44 - INFO -   avg_rtt: 0.0
2025-10-04 18:16:44 - INFO -   max_rtt: 0.0
2025-10-04 18:16:44 - INFO -   mdev: 0.0
2025-10-04 18:16:44 - INFO - --------------------------------------------------
2025-10-04 18:16:52 - INFO - STATUS: SUCCESS ✅ | Device: WN-L038-30 | IP: FD12:3456::B635:22FF:FE98:253F
2025-10-04 18:16:52 - INFO -   packets_transmitted: 1
2025-10-04 18:16:52 - INFO -   packets_received: 1
2025-10-04 18:16:52 - INFO -   packet_loss: 0.0
2025-10-04 18:16:52 - INFO -   min_rtt: 8034.883
2025-10-04 18:16:52 - INFO -   avg_rtt: 8034.883
2025-10-04 18:16:52 - INFO -   max_rtt: 8034.883
2025-10-04 18:16:52 - INFO -   mdev: 0.0
2025-10-04 18:16:52 - INFO - --------------------------------------------------
2025-10-04 18:17:01 - INFO - STATUS: SUCCESS ✅ | Device: WN-L039-30 | IP: FD12:3456::62A4:23FF:FE37:A3A8
2025-10-04 18:17:01 - INFO -   packets_transmitted: 1
2025-10-04 18:17:01 - INFO -   packets_received: 1
2025-10-04 18:17:01 - INFO -   packet_loss: 0.0
2025-10-04 18:17:01 - INFO -   min_rtt: 9281.289
2025-10-04 18:17:01 - INFO -   avg_rtt: 9281.289
2025-10-04 18:17:01 - INFO -   max_rtt: 9281.289
2025-10-04 18:17:01 - INFO -   mdev: 0.0
2025-10-04 18:17:01 - INFO - --------------------------------------------------
2025-10-04 18:17:11 - INFO - STATUS: FAILED ❌ | Device: WN-L040-30 | IP: FD12:3456::B635:22FF:FE98:2541
2025-10-04 18:17:11 - INFO -   packets_transmitted: 1
2025-10-04 18:17:11 - INFO -   packets_received: 0
2025-10-04 18:17:11 - INFO -   packet_loss: 100.0
2025-10-04 18:17:11 - INFO -   min_rtt: 0.0
2025-10-04 18:17:11 - INFO -   avg_rtt: 0.0
2025-10-04 18:17:11 - INFO -   max_rtt: 0.0
2025-10-04 18:17:11 - INFO -   mdev: 0.0
2025-10-04 18:17:11 - INFO - --------------------------------------------------
2025-10-04 18:17:15 - INFO - STATUS: SUCCESS ✅ | Device: WN-L041-30 | IP: FD12:3456::B635:22FF:FE98:2529
2025-10-04 18:17:15 - INFO -   packets_transmitted: 1
2025-10-04 18:17:15 - INFO -   packets_received: 1
2025-10-04 18:17:15 - INFO -   packet_loss: 0.0
2025-10-04 18:17:15 - INFO -   min_rtt: 3447.038
2025-10-04 18:17:15 - INFO -   avg_rtt: 3447.038
2025-10-04 18:17:15 - INFO -   max_rtt: 3447.038
2025-10-04 18:17:15 - INFO -   mdev: 0.0
2025-10-04 18:17:15 - INFO - --------------------------------------------------
2025-10-04 18:17:21 - INFO - STATUS: SUCCESS ✅ | Device: WN-L042-30 | IP: FD12:3456::62A4:23FF:FE37:A3AC
2025-10-04 18:17:21 - INFO -   packets_transmitted: 1
2025-10-04 18:17:21 - INFO -   packets_received: 1
2025-10-04 18:17:21 - INFO -   packet_loss: 0.0
2025-10-04 18:17:21 - INFO -   min_rtt: 6535.154
2025-10-04 18:17:21 - INFO -   avg_rtt: 6535.154
2025-10-04 18:17:21 - INFO -   max_rtt: 6535.154
2025-10-04 18:17:21 - INFO -   mdev: 0.0
2025-10-04 18:17:21 - INFO - --------------------------------------------------
2025-10-04 18:17:31 - INFO - STATUS: FAILED ❌ | Device: WN-L043-30 | IP: FD12:3456::62A4:23FF:FE37:A39F
2025-10-04 18:17:31 - INFO -   packets_transmitted: 1
2025-10-04 18:17:31 - INFO -   packets_received: 0
2025-10-04 18:17:31 - INFO -   packet_loss: 100.0
2025-10-04 18:17:31 - INFO -   min_rtt: 0.0
2025-10-04 18:17:31 - INFO -   avg_rtt: 0.0
2025-10-04 18:17:31 - INFO -   max_rtt: 0.0
2025-10-04 18:17:31 - INFO -   mdev: 0.0
2025-10-04 18:17:31 - INFO - --------------------------------------------------
2025-10-04 18:17:41 - INFO - STATUS: FAILED ❌ | Device: WN-L044-30 | IP: FD12:3456::B635:22FF:FE98:2534
2025-10-04 18:17:41 - INFO -   packets_transmitted: 1
2025-10-04 18:17:41 - INFO -   packets_received: 0
2025-10-04 18:17:41 - INFO -   packet_loss: 100.0
2025-10-04 18:17:41 - INFO -   min_rtt: 0.0
2025-10-04 18:17:41 - INFO -   avg_rtt: 0.0
2025-10-04 18:17:41 - INFO -   max_rtt: 0.0
2025-10-04 18:17:41 - INFO -   mdev: 0.0
2025-10-04 18:17:41 - INFO - --------------------------------------------------
2025-10-04 18:17:51 - INFO - STATUS: FAILED ❌ | Device: WN-L045-30 | IP: FD12:3456::B635:22FF:FE98:2524
2025-10-04 18:17:51 - INFO -   packets_transmitted: 1
2025-10-04 18:17:51 - INFO -   packets_received: 0
2025-10-04 18:17:51 - INFO -   packet_loss: 100.0
2025-10-04 18:17:51 - INFO -   min_rtt: 0.0
2025-10-04 18:17:51 - INFO -   avg_rtt: 0.0
2025-10-04 18:17:51 - INFO -   max_rtt: 0.0
2025-10-04 18:17:51 - INFO -   mdev: 0.0
2025-10-04 18:17:51 - INFO - --------------------------------------------------
2025-10-04 18:17:58 - INFO - STATUS: SUCCESS ✅ | Device: WN-L047-30 | IP: FD12:3456::92FD:9FFF:FEEE:9D40
2025-10-04 18:17:58 - INFO -   packets_transmitted: 1
2025-10-04 18:17:58 - INFO -   packets_received: 1
2025-10-04 18:17:58 - INFO -   packet_loss: 0.0
2025-10-04 18:17:58 - INFO -   min_rtt: 6999.184
2025-10-04 18:17:58 - INFO -   avg_rtt: 6999.184
2025-10-04 18:17:58 - INFO -   max_rtt: 6999.184
2025-10-04 18:17:58 - INFO -   mdev: 0.0
2025-10-04 18:17:58 - INFO - --------------------------------------------------
2025-10-04 18:18:08 - INFO - STATUS: FAILED ❌ | Device: WN-L048-30 | IP: FD12:3456::B635:22FF:FE98:29A6
2025-10-04 18:18:08 - INFO -   packets_transmitted: 1
2025-10-04 18:18:08 - INFO -   packets_received: 0
2025-10-04 18:18:08 - INFO -   packet_loss: 100.0
2025-10-04 18:18:08 - INFO -   min_rtt: 0.0
2025-10-04 18:18:08 - INFO -   avg_rtt: 0.0
2025-10-04 18:18:08 - INFO -   max_rtt: 0.0
2025-10-04 18:18:08 - INFO -   mdev: 0.0
2025-10-04 18:18:08 - INFO - --------------------------------------------------
2025-10-04 18:18:18 - INFO - STATUS: FAILED ❌ | Device: WN-L052-30 | IP: FD12:3456::62A4:23FF:FE37:A3AD
2025-10-04 18:18:18 - INFO -   packets_transmitted: 1
2025-10-04 18:18:18 - INFO -   packets_received: 0
2025-10-04 18:18:18 - INFO -   packet_loss: 100.0
2025-10-04 18:18:18 - INFO -   min_rtt: 0.0
2025-10-04 18:18:18 - INFO -   avg_rtt: 0.0
2025-10-04 18:18:18 - INFO -   max_rtt: 0.0
2025-10-04 18:18:18 - INFO -   mdev: 0.0
2025-10-04 18:18:18 - INFO - --------------------------------------------------
2025-10-04 18:18:28 - INFO - STATUS: FAILED ❌ | Device: WN-L053-30 | IP: FD12:3456::B635:22FF:FE98:252C
2025-10-04 18:18:28 - INFO -   packets_transmitted: 1
2025-10-04 18:18:28 - INFO -   packets_received: 0
2025-10-04 18:18:28 - INFO -   packet_loss: 100.0
2025-10-04 18:18:28 - INFO -   min_rtt: 0.0
2025-10-04 18:18:28 - INFO -   avg_rtt: 0.0
2025-10-04 18:18:28 - INFO -   max_rtt: 0.0
2025-10-04 18:18:28 - INFO -   mdev: 0.0
2025-10-04 18:18:28 - INFO - --------------------------------------------------
2025-10-04 18:18:38 - INFO - STATUS: FAILED ❌ | Device: WN-L054-30 | IP: FD12:3456::B635:22FF:FE98:251E
2025-10-04 18:18:38 - INFO -   packets_transmitted: 1
2025-10-04 18:18:38 - INFO -   packets_received: 0
2025-10-04 18:18:38 - INFO -   packet_loss: 100.0
2025-10-04 18:18:38 - INFO -   min_rtt: 0.0
2025-10-04 18:18:38 - INFO -   avg_rtt: 0.0
2025-10-04 18:18:38 - INFO -   max_rtt: 0.0
2025-10-04 18:18:38 - INFO -   mdev: 0.0
2025-10-04 18:18:38 - INFO - --------------------------------------------------
2025-10-04 18:18:48 - INFO - STATUS: FAILED ❌ | Device: WN-VA24-30 | IP: FD12:3456::B635:22FF:FE98:253E
2025-10-04 18:18:48 - INFO -   packets_transmitted: 1
2025-10-04 18:18:48 - INFO -   packets_received: 0
2025-10-04 18:18:48 - INFO -   packet_loss: 100.0
2025-10-04 18:18:48 - INFO -   min_rtt: 0.0
2025-10-04 18:18:48 - INFO -   avg_rtt: 0.0
2025-10-04 18:18:48 - INFO -   max_rtt: 0.0
2025-10-04 18:18:48 - INFO -   mdev: 0.0
2025-10-04 18:18:48 - INFO - --------------------------------------------------
2025-10-04 18:18:48 - INFO - STATUS: SUCCESS ✅ | Device: WN-VA64-30 | IP: FD12:3456::B635:22FF:FE98:285E
2025-10-04 18:18:48 - INFO -   packets_transmitted: 1
2025-10-04 18:18:48 - INFO -   packets_received: 1
2025-10-04 18:18:48 - INFO -   packet_loss: 0.0
2025-10-04 18:18:48 - INFO -   min_rtt: 231.013
2025-10-04 18:18:48 - INFO -   avg_rtt: 231.013
2025-10-04 18:18:48 - INFO -   max_rtt: 231.013
2025-10-04 18:18:48 - INFO -   mdev: 0.0
2025-10-04 18:18:48 - INFO - --------------------------------------------------
2025-10-04 18:18:49 - INFO - STATUS: SUCCESS ✅ | Device: WN-VC44-30 | IP: FD12:3456::62A4:23FF:FE37:A3A9
2025-10-04 18:18:49 - INFO -   packets_transmitted: 1
2025-10-04 18:18:49 - INFO -   packets_received: 1
2025-10-04 18:18:49 - INFO -   packet_loss: 0.0
2025-10-04 18:18:49 - INFO -   min_rtt: 751.458
2025-10-04 18:18:49 - INFO -   avg_rtt: 751.458
2025-10-04 18:18:49 - INFO -   max_rtt: 751.458
2025-10-04 18:18:49 - INFO -   mdev: 0.0
2025-10-04 18:18:49 - INFO - --------------------------------------------------
2025-10-04 18:18:59 - INFO - STATUS: FAILED ❌ | Device: WN-NI04-34 | IP: FD12:3456::62A4:23FF:FE37:A3AB
2025-10-04 18:18:59 - INFO -   packets_transmitted: 1
2025-10-04 18:18:59 - INFO -   packets_received: 0
2025-10-04 18:18:59 - INFO -   packet_loss: 100.0
2025-10-04 18:18:59 - INFO -   min_rtt: 0.0
2025-10-04 18:18:59 - INFO -   avg_rtt: 0.0
2025-10-04 18:18:59 - INFO -   max_rtt: 0.0
2025-10-04 18:18:59 - INFO -   mdev: 0.0
2025-10-04 18:18:59 - INFO - --------------------------------------------------
2025-10-04 18:19:09 - INFO - STATUS: FAILED ❌ | Device: WN-L059-34 | IP: FD12:3456::B635:22FF:FE98:29A5
2025-10-04 18:19:09 - INFO -   packets_transmitted: 1
2025-10-04 18:19:09 - INFO -   packets_received: 0
2025-10-04 18:19:09 - INFO -   packet_loss: 100.0
2025-10-04 18:19:09 - INFO -   min_rtt: 0.0
2025-10-04 18:19:09 - INFO -   avg_rtt: 0.0
2025-10-04 18:19:09 - INFO -   max_rtt: 0.0
2025-10-04 18:19:09 - INFO -   mdev: 0.0
2025-10-04 18:19:09 - INFO - --------------------------------------------------
2025-10-04 18:19:09 - INFO - Summary: SUMMARY: 10/28 devices reachable (35.7% success rate) - Duration: 3m 52s
2025-10-04 18:19:09 - INFO - === PING TEST COMPLETED ===
