2025-10-05 12:44:17 - INFO - === PING TEST STARTED ===
2025-10-05 12:44:17 - INFO - Details: Testing 28 devices
2025-10-05 12:44:28 - INFO - STATUS: SUCCESS ✅ | Device: WN-L031-30 | IP: FD12:3456::B635:22FF:FE98:2537
2025-10-05 12:44:28 - INFO -   packets_transmitted: 1
2025-10-05 12:44:28 - INFO -   packets_received: 1
2025-10-05 12:44:28 - INFO -   packet_loss: 0.0
2025-10-05 12:44:28 - INFO -   min_rtt: 10800.21
2025-10-05 12:44:28 - INFO -   avg_rtt: 10800.21
2025-10-05 12:44:28 - INFO -   max_rtt: 10800.21
2025-10-05 12:44:28 - INFO -   mdev: 0.0
2025-10-05 12:44:28 - INFO - --------------------------------------------------
2025-10-05 12:44:32 - INFO - STATUS: SUCCESS ✅ | Device: WN-L032-30 | IP: FD12:3456::B635:22FF:FE98:2523
2025-10-05 12:44:32 - INFO -   packets_transmitted: 1
2025-10-05 12:44:32 - INFO -   packets_received: 1
2025-10-05 12:44:32 - INFO -   packet_loss: 0.0
2025-10-05 12:44:32 - INFO -   min_rtt: 3496.155
2025-10-05 12:44:32 - INFO -   avg_rtt: 3496.155
2025-10-05 12:44:32 - INFO -   max_rtt: 3496.155
2025-10-05 12:44:32 - INFO -   mdev: 0.0
2025-10-05 12:44:32 - INFO - --------------------------------------------------
2025-10-05 12:44:43 - INFO - STATUS: SUCCESS ✅ | Device: WN-L033-30 | IP: FD12:3456::B635:22FF:FE98:252B
2025-10-05 12:44:43 - INFO -   packets_transmitted: 1
2025-10-05 12:44:43 - INFO -   packets_received: 1
2025-10-05 12:44:43 - INFO -   packet_loss: 0.0
2025-10-05 12:44:43 - INFO -   min_rtt: 11765.865
2025-10-05 12:44:43 - INFO -   avg_rtt: 11765.865
2025-10-05 12:44:43 - INFO -   max_rtt: 11765.865
2025-10-05 12:44:43 - INFO -   mdev: 0.0
2025-10-05 12:44:43 - INFO - --------------------------------------------------
2025-10-05 12:44:46 - INFO - STATUS: SUCCESS ✅ | Device: WN-L034-30 | IP: FD12:3456::62A4:23FF:FE37:A3B3
2025-10-05 12:44:46 - INFO -   packets_transmitted: 1
2025-10-05 12:44:46 - INFO -   packets_received: 1
2025-10-05 12:44:46 - INFO -   packet_loss: 0.0
2025-10-05 12:44:46 - INFO -   min_rtt: 3146.242
2025-10-05 12:44:46 - INFO -   avg_rtt: 3146.242
2025-10-05 12:44:46 - INFO -   max_rtt: 3146.242
2025-10-05 12:44:46 - INFO -   mdev: 0.0
2025-10-05 12:44:46 - INFO - --------------------------------------------------
2025-10-05 12:44:50 - INFO - STATUS: SUCCESS ✅ | Device: WN-L035-30 | IP: FD12:3456::B635:22FF:FE98:285B
2025-10-05 12:44:50 - INFO -   packets_transmitted: 1
2025-10-05 12:44:50 - INFO -   packets_received: 1
2025-10-05 12:44:50 - INFO -   packet_loss: 0.0
2025-10-05 12:44:50 - INFO -   min_rtt: 3486.271
2025-10-05 12:44:50 - INFO -   avg_rtt: 3486.271
2025-10-05 12:44:50 - INFO -   max_rtt: 3486.271
2025-10-05 12:44:50 - INFO -   mdev: 0.0
2025-10-05 12:44:50 - INFO - --------------------------------------------------
2025-10-05 12:46:50 - INFO - STATUS: FAILED ❌ | Device: WN-L036-30 | IP: FD12:3456::62A4:23FF:FE37:A3A1
2025-10-05 12:46:50 - INFO -   packets_transmitted: 1
2025-10-05 12:46:50 - INFO -   packets_received: 0
2025-10-05 12:46:50 - INFO -   packet_loss: 100.0
2025-10-05 12:46:50 - INFO -   min_rtt: 0.0
2025-10-05 12:46:50 - INFO -   avg_rtt: 0.0
2025-10-05 12:46:50 - INFO -   max_rtt: 0.0
2025-10-05 12:46:50 - INFO -   mdev: 0.0
2025-10-05 12:46:50 - INFO - --------------------------------------------------
2025-10-05 12:47:00 - INFO - STATUS: SUCCESS ✅ | Device: WN-L037-30 | IP: FD12:3456::B635:22FF:FE98:2539
2025-10-05 12:47:00 - INFO -   packets_transmitted: 1
2025-10-05 12:47:00 - INFO -   packets_received: 1
2025-10-05 12:47:00 - INFO -   packet_loss: 0.0
2025-10-05 12:47:00 - INFO -   min_rtt: 10522.108
2025-10-05 12:47:00 - INFO -   avg_rtt: 10522.108
2025-10-05 12:47:00 - INFO -   max_rtt: 10522.108
2025-10-05 12:47:00 - INFO -   mdev: 0.0
2025-10-05 12:47:00 - INFO - --------------------------------------------------
2025-10-05 12:47:03 - INFO - STATUS: SUCCESS ✅ | Device: WN-OF04-34 | IP: FD12:3456::B635:22FF:FE98:285C
2025-10-05 12:47:03 - INFO -   packets_transmitted: 1
2025-10-05 12:47:03 - INFO -   packets_received: 1
2025-10-05 12:47:03 - INFO -   packet_loss: 0.0
2025-10-05 12:47:03 - INFO -   min_rtt: 2926.218
2025-10-05 12:47:03 - INFO -   avg_rtt: 2926.218
2025-10-05 12:47:03 - INFO -   max_rtt: 2926.218
2025-10-05 12:47:03 - INFO -   mdev: 0.0
2025-10-05 12:47:03 - INFO - --------------------------------------------------
2025-10-05 12:47:07 - INFO - STATUS: SUCCESS ✅ | Device: WN-L050-30 | IP: FD12:3456::92FD:9FFF:FEEE:9DF7
2025-10-05 12:47:07 - INFO -   packets_transmitted: 1
2025-10-05 12:47:07 - INFO -   packets_received: 1
2025-10-05 12:47:07 - INFO -   packet_loss: 0.0
2025-10-05 12:47:07 - INFO -   min_rtt: 3811.295
2025-10-05 12:47:07 - INFO -   avg_rtt: 3811.295
2025-10-05 12:47:07 - INFO -   max_rtt: 3811.295
2025-10-05 12:47:07 - INFO -   mdev: 0.0
2025-10-05 12:47:07 - INFO - --------------------------------------------------
2025-10-05 12:47:10 - INFO - STATUS: SUCCESS ✅ | Device: WN-L051-30 | IP: FD12:3456::B635:22FF:FE98:285D
2025-10-05 12:47:10 - INFO -   packets_transmitted: 1
2025-10-05 12:47:10 - INFO -   packets_received: 1
2025-10-05 12:47:10 - INFO -   packet_loss: 0.0
2025-10-05 12:47:10 - INFO -   min_rtt: 2651.313
2025-10-05 12:47:10 - INFO -   avg_rtt: 2651.313
2025-10-05 12:47:10 - INFO -   max_rtt: 2651.313
2025-10-05 12:47:10 - INFO -   mdev: 0.0
2025-10-05 12:47:10 - INFO - --------------------------------------------------
2025-10-05 12:47:19 - INFO - STATUS: SUCCESS ✅ | Device: WN-L038-30 | IP: FD12:3456::B635:22FF:FE98:253F
2025-10-05 12:47:19 - INFO -   packets_transmitted: 1
2025-10-05 12:47:19 - INFO -   packets_received: 1
2025-10-05 12:47:19 - INFO -   packet_loss: 0.0
2025-10-05 12:47:19 - INFO -   min_rtt: 8755.928
2025-10-05 12:47:19 - INFO -   avg_rtt: 8755.928
2025-10-05 12:47:19 - INFO -   max_rtt: 8755.928
2025-10-05 12:47:19 - INFO -   mdev: 0.0
2025-10-05 12:47:19 - INFO - --------------------------------------------------
2025-10-05 12:47:21 - INFO - STATUS: SUCCESS ✅ | Device: WN-L039-30 | IP: FD12:3456::62A4:23FF:FE37:A3A8
2025-10-05 12:47:21 - INFO -   packets_transmitted: 1
2025-10-05 12:47:21 - INFO -   packets_received: 1
2025-10-05 12:47:21 - INFO -   packet_loss: 0.0
2025-10-05 12:47:21 - INFO -   min_rtt: 2031.117
2025-10-05 12:47:21 - INFO -   avg_rtt: 2031.117
2025-10-05 12:47:21 - INFO -   max_rtt: 2031.117
2025-10-05 12:47:21 - INFO -   mdev: 0.0
2025-10-05 12:47:21 - INFO - --------------------------------------------------
2025-10-05 12:49:21 - INFO - STATUS: FAILED ❌ | Device: WN-L040-30 | IP: FD12:3456::B635:22FF:FE98:2541
2025-10-05 12:49:21 - INFO -   packets_transmitted: 1
2025-10-05 12:49:21 - INFO -   packets_received: 0
2025-10-05 12:49:21 - INFO -   packet_loss: 100.0
2025-10-05 12:49:21 - INFO -   min_rtt: 0.0
2025-10-05 12:49:21 - INFO -   avg_rtt: 0.0
2025-10-05 12:49:21 - INFO -   max_rtt: 0.0
2025-10-05 12:49:21 - INFO -   mdev: 0.0
2025-10-05 12:49:21 - INFO - --------------------------------------------------
2025-10-05 12:49:21 - INFO - STATUS: SUCCESS ✅ | Device: WN-L041-30 | IP: FD12:3456::B635:22FF:FE98:2529
2025-10-05 12:49:21 - INFO -   packets_transmitted: 1
2025-10-05 12:49:21 - INFO -   packets_received: 1
2025-10-05 12:49:21 - INFO -   packet_loss: 0.0
2025-10-05 12:49:21 - INFO -   min_rtt: 772.363
2025-10-05 12:49:21 - INFO -   avg_rtt: 772.363
2025-10-05 12:49:21 - INFO -   max_rtt: 772.363
2025-10-05 12:49:21 - INFO -   mdev: 0.0
2025-10-05 12:49:21 - INFO - --------------------------------------------------
2025-10-05 12:51:21 - INFO - STATUS: FAILED ❌ | Device: WN-L042-30 | IP: FD12:3456::62A4:23FF:FE37:A3AC
2025-10-05 12:51:21 - INFO -   packets_transmitted: 1
2025-10-05 12:51:21 - INFO -   packets_received: 0
2025-10-05 12:51:21 - INFO -   packet_loss: 100.0
2025-10-05 12:51:21 - INFO -   min_rtt: 0.0
2025-10-05 12:51:21 - INFO -   avg_rtt: 0.0
2025-10-05 12:51:21 - INFO -   max_rtt: 0.0
2025-10-05 12:51:21 - INFO -   mdev: 0.0
2025-10-05 12:51:21 - INFO - --------------------------------------------------
2025-10-05 12:53:21 - INFO - STATUS: FAILED ❌ | Device: WN-L043-30 | IP: FD12:3456::62A4:23FF:FE37:A39F
2025-10-05 12:53:21 - INFO -   packets_transmitted: 1
2025-10-05 12:53:21 - INFO -   packets_received: 0
2025-10-05 12:53:21 - INFO -   packet_loss: 100.0
2025-10-05 12:53:21 - INFO -   min_rtt: 0.0
2025-10-05 12:53:21 - INFO -   avg_rtt: 0.0
2025-10-05 12:53:21 - INFO -   max_rtt: 0.0
2025-10-05 12:53:21 - INFO -   mdev: 0.0
2025-10-05 12:53:21 - INFO - --------------------------------------------------
2025-10-05 12:55:21 - INFO - STATUS: FAILED ❌ | Device: WN-L044-30 | IP: FD12:3456::B635:22FF:FE98:2534
2025-10-05 12:55:21 - INFO -   packets_transmitted: 1
2025-10-05 12:55:21 - INFO -   packets_received: 0
2025-10-05 12:55:21 - INFO -   packet_loss: 100.0
2025-10-05 12:55:21 - INFO -   min_rtt: 0.0
2025-10-05 12:55:21 - INFO -   avg_rtt: 0.0
2025-10-05 12:55:21 - INFO -   max_rtt: 0.0
2025-10-05 12:55:21 - INFO -   mdev: 0.0
2025-10-05 12:55:21 - INFO - --------------------------------------------------
2025-10-05 12:57:21 - INFO - STATUS: FAILED ❌ | Device: WN-L045-30 | IP: FD12:3456::B635:22FF:FE98:2524
2025-10-05 12:57:21 - INFO -   packets_transmitted: 1
2025-10-05 12:57:21 - INFO -   packets_received: 0
2025-10-05 12:57:21 - INFO -   packet_loss: 100.0
2025-10-05 12:57:21 - INFO -   min_rtt: 0.0
2025-10-05 12:57:21 - INFO -   avg_rtt: 0.0
2025-10-05 12:57:21 - INFO -   max_rtt: 0.0
2025-10-05 12:57:21 - INFO -   mdev: 0.0
2025-10-05 12:57:21 - INFO - --------------------------------------------------
2025-10-05 12:59:21 - INFO - STATUS: FAILED ❌ | Device: WN-L047-30 | IP: FD12:3456::92FD:9FFF:FEEE:9D40
2025-10-05 12:59:21 - INFO -   packets_transmitted: 1
2025-10-05 12:59:21 - INFO -   packets_received: 0
2025-10-05 12:59:21 - INFO -   packet_loss: 100.0
2025-10-05 12:59:21 - INFO -   min_rtt: 0.0
2025-10-05 12:59:21 - INFO -   avg_rtt: 0.0
2025-10-05 12:59:21 - INFO -   max_rtt: 0.0
2025-10-05 12:59:21 - INFO -   mdev: 0.0
2025-10-05 12:59:21 - INFO - --------------------------------------------------
2025-10-05 13:01:21 - INFO - STATUS: FAILED ❌ | Device: WN-L048-30 | IP: FD12:3456::B635:22FF:FE98:29A6
2025-10-05 13:01:21 - INFO -   packets_transmitted: 1
2025-10-05 13:01:21 - INFO -   packets_received: 0
2025-10-05 13:01:21 - INFO -   packet_loss: 100.0
2025-10-05 13:01:21 - INFO -   min_rtt: 0.0
2025-10-05 13:01:21 - INFO -   avg_rtt: 0.0
2025-10-05 13:01:21 - INFO -   max_rtt: 0.0
2025-10-05 13:01:21 - INFO -   mdev: 0.0
2025-10-05 13:01:21 - INFO - --------------------------------------------------
2025-10-05 13:03:21 - INFO - STATUS: FAILED ❌ | Device: WN-L052-30 | IP: FD12:3456::62A4:23FF:FE37:A3AD
2025-10-05 13:03:21 - INFO -   packets_transmitted: 1
2025-10-05 13:03:21 - INFO -   packets_received: 0
2025-10-05 13:03:21 - INFO -   packet_loss: 100.0
2025-10-05 13:03:21 - INFO -   min_rtt: 0.0
2025-10-05 13:03:21 - INFO -   avg_rtt: 0.0
2025-10-05 13:03:21 - INFO -   max_rtt: 0.0
2025-10-05 13:03:21 - INFO -   mdev: 0.0
2025-10-05 13:03:21 - INFO - --------------------------------------------------
2025-10-05 13:05:21 - INFO - STATUS: FAILED ❌ | Device: WN-L053-30 | IP: FD12:3456::B635:22FF:FE98:252C
2025-10-05 13:05:21 - INFO -   packets_transmitted: 1
2025-10-05 13:05:21 - INFO -   packets_received: 0
2025-10-05 13:05:21 - INFO -   packet_loss: 100.0
2025-10-05 13:05:21 - INFO -   min_rtt: 0.0
2025-10-05 13:05:21 - INFO -   avg_rtt: 0.0
2025-10-05 13:05:21 - INFO -   max_rtt: 0.0
2025-10-05 13:05:21 - INFO -   mdev: 0.0
2025-10-05 13:05:21 - INFO - --------------------------------------------------
2025-10-05 13:07:21 - INFO - STATUS: FAILED ❌ | Device: WN-L054-30 | IP: FD12:3456::B635:22FF:FE98:251E
2025-10-05 13:07:21 - INFO -   packets_transmitted: 1
2025-10-05 13:07:21 - INFO -   packets_received: 0
2025-10-05 13:07:21 - INFO -   packet_loss: 100.0
2025-10-05 13:07:21 - INFO -   min_rtt: 0.0
2025-10-05 13:07:21 - INFO -   avg_rtt: 0.0
2025-10-05 13:07:21 - INFO -   max_rtt: 0.0
2025-10-05 13:07:21 - INFO -   mdev: 0.0
2025-10-05 13:07:21 - INFO - --------------------------------------------------
2025-10-05 13:07:30 - INFO - STATUS: SUCCESS ✅ | Device: WN-VA24-30 | IP: FD12:3456::B635:22FF:FE98:253E
2025-10-05 13:07:30 - INFO -   packets_transmitted: 1
2025-10-05 13:07:30 - INFO -   packets_received: 1
2025-10-05 13:07:30 - INFO -   packet_loss: 0.0
2025-10-05 13:07:30 - INFO -   min_rtt: 8650.262
2025-10-05 13:07:30 - INFO -   avg_rtt: 8650.262
2025-10-05 13:07:30 - INFO -   max_rtt: 8650.262
2025-10-05 13:07:30 - INFO -   mdev: 0.0
2025-10-05 13:07:30 - INFO - --------------------------------------------------
2025-10-05 13:07:30 - INFO - STATUS: SUCCESS ✅ | Device: WN-VA64-30 | IP: FD12:3456::B635:22FF:FE98:285E
2025-10-05 13:07:30 - INFO -   packets_transmitted: 1
2025-10-05 13:07:30 - INFO -   packets_received: 1
2025-10-05 13:07:30 - INFO -   packet_loss: 0.0
2025-10-05 13:07:30 - INFO -   min_rtt: 151.553
2025-10-05 13:07:30 - INFO -   avg_rtt: 151.553
2025-10-05 13:07:30 - INFO -   max_rtt: 151.553
2025-10-05 13:07:30 - INFO -   mdev: 0.0
2025-10-05 13:07:30 - INFO - --------------------------------------------------
2025-10-05 13:07:31 - INFO - STATUS: SUCCESS ✅ | Device: WN-VC44-30 | IP: FD12:3456::62A4:23FF:FE37:A3A9
2025-10-05 13:07:31 - INFO -   packets_transmitted: 1
2025-10-05 13:07:31 - INFO -   packets_received: 1
2025-10-05 13:07:31 - INFO -   packet_loss: 0.0
2025-10-05 13:07:31 - INFO -   min_rtt: 286.403
2025-10-05 13:07:31 - INFO -   avg_rtt: 286.403
2025-10-05 13:07:31 - INFO -   max_rtt: 286.403
2025-10-05 13:07:31 - INFO -   mdev: 0.0
2025-10-05 13:07:31 - INFO - --------------------------------------------------
2025-10-05 13:09:31 - INFO - STATUS: FAILED ❌ | Device: WN-NI04-34 | IP: FD12:3456::62A4:23FF:FE37:A3AB
2025-10-05 13:09:31 - INFO -   packets_transmitted: 1
2025-10-05 13:09:31 - INFO -   packets_received: 0
2025-10-05 13:09:31 - INFO -   packet_loss: 100.0
2025-10-05 13:09:31 - INFO -   min_rtt: 0.0
2025-10-05 13:09:31 - INFO -   avg_rtt: 0.0
2025-10-05 13:09:31 - INFO -   max_rtt: 0.0
2025-10-05 13:09:31 - INFO -   mdev: 0.0
2025-10-05 13:09:31 - INFO - --------------------------------------------------
2025-10-05 13:11:31 - INFO - STATUS: FAILED ❌ | Device: WN-L059-34 | IP: FD12:3456::B635:22FF:FE98:29A5
2025-10-05 13:11:31 - INFO -   packets_transmitted: 1
2025-10-05 13:11:31 - INFO -   packets_received: 0
2025-10-05 13:11:31 - INFO -   packet_loss: 100.0
2025-10-05 13:11:31 - INFO -   min_rtt: 0.0
2025-10-05 13:11:31 - INFO -   avg_rtt: 0.0
2025-10-05 13:11:31 - INFO -   max_rtt: 0.0
2025-10-05 13:11:31 - INFO -   mdev: 0.0
2025-10-05 13:11:31 - INFO - --------------------------------------------------
2025-10-05 13:11:31 - INFO - Summary: SUMMARY: 15/28 devices reachable (53.6% success rate) - Duration: 27m 13s
2025-10-05 13:11:31 - INFO - === PING TEST COMPLETED ===
