2025-10-04 12:49:35 - INFO - === PING TEST STARTED ===
2025-10-04 12:49:35 - INFO - Details: Testing 28 devices
2025-10-04 12:49:36 - INFO - STATUS: SUCCESS ✅ | Device: WN-L031-30 | IP: FD12:3456::B635:22FF:FE98:2537
2025-10-04 12:49:36 - INFO -   packets_transmitted: 1
2025-10-04 12:49:36 - INFO -   packets_received: 1
2025-10-04 12:49:36 - INFO -   packet_loss: 0.0
2025-10-04 12:49:36 - INFO -   min_rtt: 378.007
2025-10-04 12:49:36 - INFO -   avg_rtt: 378.007
2025-10-04 12:49:36 - INFO -   max_rtt: 378.007
2025-10-04 12:49:36 - INFO -   mdev: 0.0
2025-10-04 12:49:36 - INFO - --------------------------------------------------
2025-10-04 12:49:36 - INFO - STATUS: SUCCESS ✅ | Device: WN-L032-30 | IP: FD12:3456::B635:22FF:FE98:2523
2025-10-04 12:49:36 - INFO -   packets_transmitted: 1
2025-10-04 12:49:36 - INFO -   packets_received: 1
2025-10-04 12:49:36 - INFO -   packet_loss: 0.0
2025-10-04 12:49:36 - INFO -   min_rtt: 740.964
2025-10-04 12:49:36 - INFO -   avg_rtt: 740.964
2025-10-04 12:49:36 - INFO -   max_rtt: 740.964
2025-10-04 12:49:36 - INFO -   mdev: 0.0
2025-10-04 12:49:36 - INFO - --------------------------------------------------
2025-10-04 12:49:37 - INFO - STATUS: SUCCESS ✅ | Device: WN-L033-30 | IP: FD12:3456::B635:22FF:FE98:252B
2025-10-04 12:49:37 - INFO -   packets_transmitted: 1
2025-10-04 12:49:37 - INFO -   packets_received: 1
2025-10-04 12:49:37 - INFO -   packet_loss: 0.0
2025-10-04 12:49:37 - INFO -   min_rtt: 136.205
2025-10-04 12:49:37 - INFO -   avg_rtt: 136.205
2025-10-04 12:49:37 - INFO -   max_rtt: 136.205
2025-10-04 12:49:37 - INFO -   mdev: 0.0
2025-10-04 12:49:37 - INFO - --------------------------------------------------
2025-10-04 12:49:38 - INFO - STATUS: SUCCESS ✅ | Device: WN-L034-30 | IP: FD12:3456::62A4:23FF:FE37:A3B3
2025-10-04 12:49:38 - INFO -   packets_transmitted: 1
2025-10-04 12:49:38 - INFO -   packets_received: 1
2025-10-04 12:49:38 - INFO -   packet_loss: 0.0
2025-10-04 12:49:38 - INFO -   min_rtt: 871.376
2025-10-04 12:49:38 - INFO -   avg_rtt: 871.376
2025-10-04 12:49:38 - INFO -   max_rtt: 871.376
2025-10-04 12:49:38 - INFO -   mdev: 0.0
2025-10-04 12:49:38 - INFO - --------------------------------------------------
2025-10-04 12:49:38 - INFO - STATUS: SUCCESS ✅ | Device: WN-L035-30 | IP: FD12:3456::B635:22FF:FE98:285B
2025-10-04 12:49:38 - INFO -   packets_transmitted: 1
2025-10-04 12:49:38 - INFO -   packets_received: 1
2025-10-04 12:49:38 - INFO -   packet_loss: 0.0
2025-10-04 12:49:38 - INFO -   min_rtt: 560.985
2025-10-04 12:49:38 - INFO -   avg_rtt: 560.985
2025-10-04 12:49:38 - INFO -   max_rtt: 560.985
2025-10-04 12:49:38 - INFO -   mdev: 0.0
2025-10-04 12:49:38 - INFO - --------------------------------------------------
2025-10-04 12:49:39 - INFO - STATUS: SUCCESS ✅ | Device: WN-L036-30 | IP: FD12:3456::62A4:23FF:FE37:A3A1
2025-10-04 12:49:39 - INFO -   packets_transmitted: 1
2025-10-04 12:49:39 - INFO -   packets_received: 1
2025-10-04 12:49:39 - INFO -   packet_loss: 0.0
2025-10-04 12:49:39 - INFO -   min_rtt: 600.316
2025-10-04 12:49:39 - INFO -   avg_rtt: 600.316
2025-10-04 12:49:39 - INFO -   max_rtt: 600.316
2025-10-04 12:49:39 - INFO -   mdev: 0.0
2025-10-04 12:49:39 - INFO - --------------------------------------------------
2025-10-04 12:49:39 - INFO - STATUS: SUCCESS ✅ | Device: WN-L037-30 | IP: FD12:3456::B635:22FF:FE98:2539
2025-10-04 12:49:39 - INFO -   packets_transmitted: 1
2025-10-04 12:49:39 - INFO -   packets_received: 1
2025-10-04 12:49:39 - INFO -   packet_loss: 0.0
2025-10-04 12:49:39 - INFO -   min_rtt: 740.467
2025-10-04 12:49:39 - INFO -   avg_rtt: 740.467
2025-10-04 12:49:39 - INFO -   max_rtt: 740.467
2025-10-04 12:49:39 - INFO -   mdev: 0.0
2025-10-04 12:49:39 - INFO - --------------------------------------------------
2025-10-04 12:49:40 - INFO - STATUS: SUCCESS ✅ | Device: WN-OF04-34 | IP: FD12:3456::B635:22FF:FE98:285C
2025-10-04 12:49:40 - INFO -   packets_transmitted: 1
2025-10-04 12:49:40 - INFO -   packets_received: 1
2025-10-04 12:49:40 - INFO -   packet_loss: 0.0
2025-10-04 12:49:40 - INFO -   min_rtt: 701.222
2025-10-04 12:49:40 - INFO -   avg_rtt: 701.222
2025-10-04 12:49:40 - INFO -   max_rtt: 701.222
2025-10-04 12:49:40 - INFO -   mdev: 0.0
2025-10-04 12:49:40 - INFO - --------------------------------------------------
2025-10-04 12:49:41 - INFO - STATUS: SUCCESS ✅ | Device: WN-L050-30 | IP: FD12:3456::92FD:9FFF:FEEE:9DF7
2025-10-04 12:49:41 - INFO -   packets_transmitted: 1
2025-10-04 12:49:41 - INFO -   packets_received: 1
2025-10-04 12:49:41 - INFO -   packet_loss: 0.0
2025-10-04 12:49:41 - INFO -   min_rtt: 710.65
2025-10-04 12:49:41 - INFO -   avg_rtt: 710.65
2025-10-04 12:49:41 - INFO -   max_rtt: 710.65
2025-10-04 12:49:41 - INFO -   mdev: 0.0
2025-10-04 12:49:41 - INFO - --------------------------------------------------
2025-10-04 12:49:42 - INFO - STATUS: SUCCESS ✅ | Device: WN-L051-30 | IP: FD12:3456::B635:22FF:FE98:285D
2025-10-04 12:49:42 - INFO -   packets_transmitted: 1
2025-10-04 12:49:42 - INFO -   packets_received: 1
2025-10-04 12:49:42 - INFO -   packet_loss: 0.0
2025-10-04 12:49:42 - INFO -   min_rtt: 747.371
2025-10-04 12:49:42 - INFO -   avg_rtt: 747.371
2025-10-04 12:49:42 - INFO -   max_rtt: 747.371
2025-10-04 12:49:42 - INFO -   mdev: 0.0
2025-10-04 12:49:42 - INFO - --------------------------------------------------
2025-10-04 12:49:43 - INFO - STATUS: FAILED ❌ | Device: WN-L038-30 | IP: FD12:3456::B635:22FF:FE98:253F
2025-10-04 12:49:43 - INFO -   packets_transmitted: 1
2025-10-04 12:49:43 - INFO -   packets_received: 0
2025-10-04 12:49:43 - INFO -   packet_loss: 100.0
2025-10-04 12:49:43 - INFO -   min_rtt: 0.0
2025-10-04 12:49:43 - INFO -   avg_rtt: 0.0
2025-10-04 12:49:43 - INFO -   max_rtt: 0.0
2025-10-04 12:49:43 - INFO -   mdev: 0.0
2025-10-04 12:49:43 - INFO - --------------------------------------------------
2025-10-04 12:49:44 - INFO - STATUS: FAILED ❌ | Device: WN-L039-30 | IP: FD12:3456::62A4:23FF:FE37:A3A8
2025-10-04 12:49:44 - INFO -   packets_transmitted: 1
2025-10-04 12:49:44 - INFO -   packets_received: 0
2025-10-04 12:49:44 - INFO -   packet_loss: 100.0
2025-10-04 12:49:44 - INFO -   min_rtt: 0.0
2025-10-04 12:49:44 - INFO -   avg_rtt: 0.0
2025-10-04 12:49:44 - INFO -   max_rtt: 0.0
2025-10-04 12:49:44 - INFO -   mdev: 0.0
2025-10-04 12:49:44 - INFO - --------------------------------------------------
2025-10-04 12:49:45 - INFO - STATUS: FAILED ❌ | Device: WN-L040-30 | IP: FD12:3456::B635:22FF:FE98:2541
2025-10-04 12:49:45 - INFO -   packets_transmitted: 1
2025-10-04 12:49:45 - INFO -   packets_received: 0
2025-10-04 12:49:45 - INFO -   packet_loss: 100.0
2025-10-04 12:49:45 - INFO -   min_rtt: 0.0
2025-10-04 12:49:45 - INFO -   avg_rtt: 0.0
2025-10-04 12:49:45 - INFO -   max_rtt: 0.0
2025-10-04 12:49:45 - INFO -   mdev: 0.0
2025-10-04 12:49:45 - INFO - --------------------------------------------------
2025-10-04 12:49:46 - INFO - STATUS: FAILED ❌ | Device: WN-L041-30 | IP: FD12:3456::B635:22FF:FE98:2529
2025-10-04 12:49:46 - INFO -   packets_transmitted: 1
2025-10-04 12:49:46 - INFO -   packets_received: 0
2025-10-04 12:49:46 - INFO -   packet_loss: 100.0
2025-10-04 12:49:46 - INFO -   min_rtt: 0.0
2025-10-04 12:49:46 - INFO -   avg_rtt: 0.0
2025-10-04 12:49:46 - INFO -   max_rtt: 0.0
2025-10-04 12:49:46 - INFO -   mdev: 0.0
2025-10-04 12:49:46 - INFO - --------------------------------------------------
2025-10-04 12:49:47 - INFO - STATUS: FAILED ❌ | Device: WN-L042-30 | IP: FD12:3456::62A4:23FF:FE37:A3AC
2025-10-04 12:49:47 - INFO -   packets_transmitted: 1
2025-10-04 12:49:47 - INFO -   packets_received: 0
2025-10-04 12:49:47 - INFO -   packet_loss: 100.0
2025-10-04 12:49:47 - INFO -   min_rtt: 0.0
2025-10-04 12:49:47 - INFO -   avg_rtt: 0.0
2025-10-04 12:49:47 - INFO -   max_rtt: 0.0
2025-10-04 12:49:47 - INFO -   mdev: 0.0
2025-10-04 12:49:47 - INFO - --------------------------------------------------
2025-10-04 12:49:48 - INFO - STATUS: FAILED ❌ | Device: WN-L043-30 | IP: FD12:3456::62A4:23FF:FE37:A39F
2025-10-04 12:49:48 - INFO -   packets_transmitted: 1
2025-10-04 12:49:48 - INFO -   packets_received: 0
2025-10-04 12:49:48 - INFO -   packet_loss: 100.0
2025-10-04 12:49:48 - INFO -   min_rtt: 0.0
2025-10-04 12:49:48 - INFO -   avg_rtt: 0.0
2025-10-04 12:49:48 - INFO -   max_rtt: 0.0
2025-10-04 12:49:48 - INFO -   mdev: 0.0
2025-10-04 12:49:48 - INFO - --------------------------------------------------
2025-10-04 12:49:49 - INFO - STATUS: FAILED ❌ | Device: WN-L044-30 | IP: FD12:3456::B635:22FF:FE98:2534
2025-10-04 12:49:49 - INFO -   packets_transmitted: 1
2025-10-04 12:49:49 - INFO -   packets_received: 0
2025-10-04 12:49:49 - INFO -   packet_loss: 100.0
2025-10-04 12:49:49 - INFO -   min_rtt: 0.0
2025-10-04 12:49:49 - INFO -   avg_rtt: 0.0
2025-10-04 12:49:49 - INFO -   max_rtt: 0.0
2025-10-04 12:49:49 - INFO -   mdev: 0.0
2025-10-04 12:49:49 - INFO - --------------------------------------------------
2025-10-04 12:49:49 - INFO - Test stopped by user
2025-10-04 12:49:49 - INFO - Summary: SUMMARY: 10/28 devices reachable (35.7% success rate) - Duration: 13s
2025-10-04 12:49:49 - INFO - === PING TEST COMPLETED ===
