2025-10-07 19:14:34 - INFO - === PING TEST STARTED ===
2025-10-07 19:14:34 - INFO - Details: Testing 28 devices
2025-10-07 19:14:43 - INFO - STATUS: SUCCESS ✅ | Device: WN-L031-30 | IP: FD12:3456::B635:22FF:FE98:2537
2025-10-07 19:14:43 - INFO -   packets_transmitted: 10
2025-10-07 19:14:43 - INFO -   packets_received: 10
2025-10-07 19:14:43 - INFO -   packet_loss: 0.0
2025-10-07 19:14:43 - INFO -   min_rtt: 130.955
2025-10-07 19:14:43 - INFO -   avg_rtt: 155.323
2025-10-07 19:14:43 - INFO -   max_rtt: 215.065
2025-10-07 19:14:43 - INFO -   mdev: 30.215
2025-10-07 19:14:43 - INFO - --------------------------------------------------
2025-10-07 19:14:53 - INFO - STATUS: SUCCESS ✅ | Device: WN-L032-30 | IP: FD12:3456::B635:22FF:FE98:2523
2025-10-07 19:14:53 - INFO -   packets_transmitted: 10
2025-10-07 19:14:53 - INFO -   packets_received: 10
2025-10-07 19:14:53 - INFO -   packet_loss: 0.0
2025-10-07 19:14:53 - INFO -   min_rtt: 277.515
2025-10-07 19:14:53 - INFO -   avg_rtt: 597.108
2025-10-07 19:14:53 - INFO -   max_rtt: 1272.412
2025-10-07 19:14:53 - INFO -   mdev: 292.665
2025-10-07 19:14:53 - INFO - --------------------------------------------------
2025-10-07 19:15:02 - INFO - STATUS: SUCCESS ✅ | Device: WN-L033-30 | IP: FD12:3456::B635:22FF:FE98:252B
2025-10-07 19:15:02 - INFO -   packets_transmitted: 10
2025-10-07 19:15:02 - INFO -   packets_received: 10
2025-10-07 19:15:02 - INFO -   packet_loss: 0.0
2025-10-07 19:15:02 - INFO -   min_rtt: 133.076
2025-10-07 19:15:02 - INFO -   avg_rtt: 303.599
2025-10-07 19:15:02 - INFO -   max_rtt: 575.074
2025-10-07 19:15:02 - INFO -   mdev: 173.811
2025-10-07 19:15:02 - INFO - --------------------------------------------------
2025-10-07 19:15:14 - INFO - STATUS: SUCCESS ✅ | Device: WN-L034-30 | IP: FD12:3456::62A4:23FF:FE37:A3B3
2025-10-07 19:15:14 - INFO -   packets_transmitted: 10
2025-10-07 19:15:14 - INFO -   packets_received: 10
2025-10-07 19:15:14 - INFO -   packet_loss: 0.0
2025-10-07 19:15:14 - INFO -   min_rtt: 2377.704
2025-10-07 19:15:14 - INFO -   avg_rtt: 5184.319
2025-10-07 19:15:14 - INFO -   max_rtt: 7375.178
2025-10-07 19:15:14 - INFO -   mdev: 1514.41
2025-10-07 19:15:14 - INFO - --------------------------------------------------
2025-10-07 19:15:23 - INFO - STATUS: SUCCESS ✅ | Device: WN-L035-30 | IP: FD12:3456::B635:22FF:FE98:285B
2025-10-07 19:15:23 - INFO -   packets_transmitted: 10
2025-10-07 19:15:23 - INFO -   packets_received: 10
2025-10-07 19:15:23 - INFO -   packet_loss: 0.0
2025-10-07 19:15:23 - INFO -   min_rtt: 266.206
2025-10-07 19:15:23 - INFO -   avg_rtt: 424.717
2025-10-07 19:15:23 - INFO -   max_rtt: 971.368
2025-10-07 19:15:23 - INFO -   mdev: 250.798
2025-10-07 19:15:23 - INFO - --------------------------------------------------
2025-10-07 19:17:12 - INFO - STATUS: FAILED ❌ | Device: WN-L036-30 | IP: FD12:3456::62A4:23FF:FE37:A3A1
2025-10-07 19:17:12 - INFO -   packets_transmitted: 10
2025-10-07 19:17:12 - INFO -   packets_received: 0
2025-10-07 19:17:12 - INFO -   packet_loss: 100.0
2025-10-07 19:17:12 - INFO -   min_rtt: 0.0
2025-10-07 19:17:12 - INFO -   avg_rtt: 0.0
2025-10-07 19:17:12 - INFO -   max_rtt: 0.0
2025-10-07 19:17:12 - INFO -   mdev: 0.0
2025-10-07 19:17:12 - INFO - --------------------------------------------------
2025-10-07 19:17:23 - INFO - STATUS: SUCCESS ✅ | Device: WN-L037-30 | IP: FD12:3456::B635:22FF:FE98:2539
2025-10-07 19:17:23 - INFO -   packets_transmitted: 10
2025-10-07 19:17:23 - INFO -   packets_received: 10
2025-10-07 19:17:23 - INFO -   packet_loss: 0.0
2025-10-07 19:17:23 - INFO -   min_rtt: 1248.781
2025-10-07 19:17:23 - INFO -   avg_rtt: 2723.609
2025-10-07 19:17:23 - INFO -   max_rtt: 4866.489
2025-10-07 19:17:23 - INFO -   mdev: 1092.448
2025-10-07 19:17:23 - INFO - --------------------------------------------------
2025-10-07 19:17:32 - INFO - STATUS: SUCCESS ✅ | Device: WN-OF04-34 | IP: FD12:3456::B635:22FF:FE98:285C
2025-10-07 19:17:32 - INFO -   packets_transmitted: 10
2025-10-07 19:17:32 - INFO -   packets_received: 10
2025-10-07 19:17:32 - INFO -   packet_loss: 0.0
2025-10-07 19:17:32 - INFO -   min_rtt: 492.713
2025-10-07 19:17:32 - INFO -   avg_rtt: 894.897
2025-10-07 19:17:32 - INFO -   max_rtt: 2018.549
2025-10-07 19:17:32 - INFO -   mdev: 477.979
2025-10-07 19:17:32 - INFO - --------------------------------------------------
2025-10-07 19:19:22 - INFO - STATUS: FAILED ❌ | Device: WN-L050-30 | IP: FD12:3456::92FD:9FFF:FEEE:9DF7
2025-10-07 19:19:22 - INFO -   packets_transmitted: 10
2025-10-07 19:19:22 - INFO -   packets_received: 0
2025-10-07 19:19:22 - INFO -   packet_loss: 100.0
2025-10-07 19:19:22 - INFO -   min_rtt: 0.0
2025-10-07 19:19:22 - INFO -   avg_rtt: 0.0
2025-10-07 19:19:22 - INFO -   max_rtt: 0.0
2025-10-07 19:19:22 - INFO -   mdev: 0.0
2025-10-07 19:19:22 - INFO - --------------------------------------------------
2025-10-07 19:19:33 - INFO - STATUS: SUCCESS ✅ | Device: WN-L051-30 | IP: FD12:3456::B635:22FF:FE98:285D
2025-10-07 19:19:33 - INFO -   packets_transmitted: 10
2025-10-07 19:19:33 - INFO -   packets_received: 10
2025-10-07 19:19:33 - INFO -   packet_loss: 0.0
2025-10-07 19:19:33 - INFO -   min_rtt: 493.725
2025-10-07 19:19:33 - INFO -   avg_rtt: 3150.418
2025-10-07 19:19:33 - INFO -   max_rtt: 6020.199
2025-10-07 19:19:33 - INFO -   mdev: 1788.929
2025-10-07 19:19:33 - INFO - --------------------------------------------------
2025-10-07 19:21:22 - INFO - STATUS: SUCCESS ✅ | Device: WN-L038-30 | IP: FD12:3456::B635:22FF:FE98:253F
2025-10-07 19:21:22 - INFO -   packets_transmitted: 10
2025-10-07 19:21:22 - INFO -   packets_received: 2
2025-10-07 19:21:22 - INFO -   packet_loss: 80.0
2025-10-07 19:21:22 - INFO -   min_rtt: 25455.592
2025-10-07 19:21:22 - INFO -   avg_rtt: 28458.954
2025-10-07 19:21:22 - INFO -   max_rtt: 31462.316
2025-10-07 19:21:22 - INFO -   mdev: 3003.362
2025-10-07 19:21:22 - INFO - --------------------------------------------------
2025-10-07 19:23:11 - INFO - STATUS: SUCCESS ✅ | Device: WN-L039-30 | IP: FD12:3456::62A4:23FF:FE37:A3A8
2025-10-07 19:23:11 - INFO -   packets_transmitted: 10
2025-10-07 19:23:11 - INFO -   packets_received: 2
2025-10-07 19:23:11 - INFO -   packet_loss: 80.0
2025-10-07 19:23:11 - INFO -   min_rtt: 8615.691
2025-10-07 19:23:11 - INFO -   avg_rtt: 15983.86
2025-10-07 19:23:11 - INFO -   max_rtt: 23352.029
2025-10-07 19:23:11 - INFO -   mdev: 7368.169
2025-10-07 19:23:11 - INFO - --------------------------------------------------
2025-10-07 19:25:00 - INFO - STATUS: FAILED ❌ | Device: WN-L040-30 | IP: FD12:3456::B635:22FF:FE98:2541
2025-10-07 19:25:00 - INFO -   packets_transmitted: 10
2025-10-07 19:25:00 - INFO -   packets_received: 0
2025-10-07 19:25:00 - INFO -   packet_loss: 100.0
2025-10-07 19:25:00 - INFO -   min_rtt: 0.0
2025-10-07 19:25:00 - INFO -   avg_rtt: 0.0
2025-10-07 19:25:00 - INFO -   max_rtt: 0.0
2025-10-07 19:25:00 - INFO -   mdev: 0.0
2025-10-07 19:25:00 - INFO - --------------------------------------------------
2025-10-07 19:26:50 - INFO - STATUS: FAILED ❌ | Device: WN-L041-30 | IP: FD12:3456::B635:22FF:FE98:2529
2025-10-07 19:26:50 - INFO -   packets_transmitted: 10
2025-10-07 19:26:50 - INFO -   packets_received: 0
2025-10-07 19:26:50 - INFO -   packet_loss: 100.0
2025-10-07 19:26:50 - INFO -   min_rtt: 0.0
2025-10-07 19:26:50 - INFO -   avg_rtt: 0.0
2025-10-07 19:26:50 - INFO -   max_rtt: 0.0
2025-10-07 19:26:50 - INFO -   mdev: 0.0
2025-10-07 19:26:50 - INFO - --------------------------------------------------
2025-10-07 19:28:39 - INFO - STATUS: FAILED ❌ | Device: WN-L042-30 | IP: FD12:3456::62A4:23FF:FE37:A3AC
2025-10-07 19:28:39 - INFO -   packets_transmitted: 10
2025-10-07 19:28:39 - INFO -   packets_received: 0
2025-10-07 19:28:39 - INFO -   packet_loss: 100.0
2025-10-07 19:28:39 - INFO -   min_rtt: 0.0
2025-10-07 19:28:39 - INFO -   avg_rtt: 0.0
2025-10-07 19:28:39 - INFO -   max_rtt: 0.0
2025-10-07 19:28:39 - INFO -   mdev: 0.0
2025-10-07 19:28:39 - INFO - --------------------------------------------------
2025-10-07 19:30:28 - INFO - STATUS: FAILED ❌ | Device: WN-L043-30 | IP: FD12:3456::62A4:23FF:FE37:A39F
2025-10-07 19:30:28 - INFO -   packets_transmitted: 10
2025-10-07 19:30:28 - INFO -   packets_received: 0
2025-10-07 19:30:28 - INFO -   packet_loss: 100.0
2025-10-07 19:30:28 - INFO -   min_rtt: 0.0
2025-10-07 19:30:28 - INFO -   avg_rtt: 0.0
2025-10-07 19:30:28 - INFO -   max_rtt: 0.0
2025-10-07 19:30:28 - INFO -   mdev: 0.0
2025-10-07 19:30:28 - INFO - --------------------------------------------------
2025-10-07 19:32:17 - INFO - STATUS: FAILED ❌ | Device: WN-L044-30 | IP: FD12:3456::B635:22FF:FE98:2534
2025-10-07 19:32:17 - INFO -   packets_transmitted: 10
2025-10-07 19:32:17 - INFO -   packets_received: 0
2025-10-07 19:32:17 - INFO -   packet_loss: 100.0
2025-10-07 19:32:17 - INFO -   min_rtt: 0.0
2025-10-07 19:32:17 - INFO -   avg_rtt: 0.0
2025-10-07 19:32:17 - INFO -   max_rtt: 0.0
2025-10-07 19:32:17 - INFO -   mdev: 0.0
2025-10-07 19:32:17 - INFO - --------------------------------------------------
2025-10-07 19:34:06 - INFO - STATUS: FAILED ❌ | Device: WN-L045-30 | IP: FD12:3456::B635:22FF:FE98:2524
2025-10-07 19:34:06 - INFO -   packets_transmitted: 10
2025-10-07 19:34:06 - INFO -   packets_received: 0
2025-10-07 19:34:06 - INFO -   packet_loss: 100.0
2025-10-07 19:34:06 - INFO -   min_rtt: 0.0
2025-10-07 19:34:06 - INFO -   avg_rtt: 0.0
2025-10-07 19:34:06 - INFO -   max_rtt: 0.0
2025-10-07 19:34:06 - INFO -   mdev: 0.0
2025-10-07 19:34:06 - INFO - --------------------------------------------------
2025-10-07 19:35:56 - INFO - STATUS: FAILED ❌ | Device: WN-L047-30 | IP: FD12:3456::92FD:9FFF:FEEE:9D40
2025-10-07 19:35:56 - INFO -   packets_transmitted: 10
2025-10-07 19:35:56 - INFO -   packets_received: 0
2025-10-07 19:35:56 - INFO -   packet_loss: 100.0
2025-10-07 19:35:56 - INFO -   min_rtt: 0.0
2025-10-07 19:35:56 - INFO -   avg_rtt: 0.0
2025-10-07 19:35:56 - INFO -   max_rtt: 0.0
2025-10-07 19:35:56 - INFO -   mdev: 0.0
2025-10-07 19:35:56 - INFO - --------------------------------------------------
2025-10-07 19:37:45 - INFO - STATUS: FAILED ❌ | Device: WN-L048-30 | IP: FD12:3456::B635:22FF:FE98:29A6
2025-10-07 19:37:45 - INFO -   packets_transmitted: 10
2025-10-07 19:37:45 - INFO -   packets_received: 0
2025-10-07 19:37:45 - INFO -   packet_loss: 100.0
2025-10-07 19:37:45 - INFO -   min_rtt: 0.0
2025-10-07 19:37:45 - INFO -   avg_rtt: 0.0
2025-10-07 19:37:45 - INFO -   max_rtt: 0.0
2025-10-07 19:37:45 - INFO -   mdev: 0.0
2025-10-07 19:37:45 - INFO - --------------------------------------------------
2025-10-07 19:39:34 - INFO - STATUS: FAILED ❌ | Device: WN-L052-30 | IP: FD12:3456::62A4:23FF:FE37:A3AD
2025-10-07 19:39:34 - INFO -   packets_transmitted: 10
2025-10-07 19:39:34 - INFO -   packets_received: 0
2025-10-07 19:39:34 - INFO -   packet_loss: 100.0
2025-10-07 19:39:34 - INFO -   min_rtt: 0.0
2025-10-07 19:39:34 - INFO -   avg_rtt: 0.0
2025-10-07 19:39:34 - INFO -   max_rtt: 0.0
2025-10-07 19:39:34 - INFO -   mdev: 0.0
2025-10-07 19:39:34 - INFO - --------------------------------------------------
2025-10-07 19:41:23 - INFO - STATUS: FAILED ❌ | Device: WN-L053-30 | IP: FD12:3456::B635:22FF:FE98:252C
2025-10-07 19:41:23 - INFO -   packets_transmitted: 10
2025-10-07 19:41:23 - INFO -   packets_received: 0
2025-10-07 19:41:23 - INFO -   packet_loss: 100.0
2025-10-07 19:41:23 - INFO -   min_rtt: 0.0
2025-10-07 19:41:23 - INFO -   avg_rtt: 0.0
2025-10-07 19:41:23 - INFO -   max_rtt: 0.0
2025-10-07 19:41:23 - INFO -   mdev: 0.0
2025-10-07 19:41:23 - INFO - --------------------------------------------------
2025-10-07 19:43:13 - INFO - STATUS: FAILED ❌ | Device: WN-L054-30 | IP: FD12:3456::B635:22FF:FE98:251E
2025-10-07 19:43:13 - INFO -   packets_transmitted: 10
2025-10-07 19:43:13 - INFO -   packets_received: 0
2025-10-07 19:43:13 - INFO -   packet_loss: 100.0
2025-10-07 19:43:13 - INFO -   min_rtt: 0.0
2025-10-07 19:43:13 - INFO -   avg_rtt: 0.0
2025-10-07 19:43:13 - INFO -   max_rtt: 0.0
2025-10-07 19:43:13 - INFO -   mdev: 0.0
2025-10-07 19:43:13 - INFO - --------------------------------------------------
2025-10-07 19:43:34 - INFO - STATUS: SUCCESS ✅ | Device: WN-VA24-30 | IP: FD12:3456::B635:22FF:FE98:253E
2025-10-07 19:43:34 - INFO -   packets_transmitted: 10
2025-10-07 19:43:34 - INFO -   packets_received: 6
2025-10-07 19:43:34 - INFO -   packet_loss: 40.0
2025-10-07 19:43:34 - INFO -   min_rtt: 6179.641
2025-10-07 19:43:34 - INFO -   avg_rtt: 9634.356
2025-10-07 19:43:34 - INFO -   max_rtt: 12397.294
2025-10-07 19:43:34 - INFO -   mdev: 2340.481
2025-10-07 19:43:34 - INFO - --------------------------------------------------
2025-10-07 19:43:45 - INFO - STATUS: SUCCESS ✅ | Device: WN-VA64-30 | IP: FD12:3456::B635:22FF:FE98:285E
2025-10-07 19:43:45 - INFO -   packets_transmitted: 10
2025-10-07 19:43:45 - INFO -   packets_received: 9
2025-10-07 19:43:45 - INFO -   packet_loss: 10.0
2025-10-07 19:43:45 - INFO -   min_rtt: 134.793
2025-10-07 19:43:45 - INFO -   avg_rtt: 333.132
2025-10-07 19:43:45 - INFO -   max_rtt: 994.867
2025-10-07 19:43:45 - INFO -   mdev: 246.171
2025-10-07 19:43:45 - INFO - --------------------------------------------------
2025-10-07 19:43:54 - INFO - STATUS: SUCCESS ✅ | Device: WN-VC44-30 | IP: FD12:3456::62A4:23FF:FE37:A3A9
2025-10-07 19:43:54 - INFO -   packets_transmitted: 10
2025-10-07 19:43:54 - INFO -   packets_received: 10
2025-10-07 19:43:54 - INFO -   packet_loss: 0.0
2025-10-07 19:43:54 - INFO -   min_rtt: 129.973
2025-10-07 19:43:54 - INFO -   avg_rtt: 571.643
2025-10-07 19:43:54 - INFO -   max_rtt: 1807.08
2025-10-07 19:43:54 - INFO -   mdev: 642.357
2025-10-07 19:43:54 - INFO - --------------------------------------------------
2025-10-07 19:45:44 - INFO - STATUS: FAILED ❌ | Device: WN-NI04-34 | IP: FD12:3456::62A4:23FF:FE37:A3AB
2025-10-07 19:45:44 - INFO -   packets_transmitted: 10
2025-10-07 19:45:44 - INFO -   packets_received: 0
2025-10-07 19:45:44 - INFO -   packet_loss: 100.0
2025-10-07 19:45:44 - INFO -   min_rtt: 0.0
2025-10-07 19:45:44 - INFO -   avg_rtt: 0.0
2025-10-07 19:45:44 - INFO -   max_rtt: 0.0
2025-10-07 19:45:44 - INFO -   mdev: 0.0
2025-10-07 19:45:44 - INFO - --------------------------------------------------
2025-10-07 19:47:33 - INFO - STATUS: FAILED ❌ | Device: WN-L059-34 | IP: FD12:3456::B635:22FF:FE98:29A5
2025-10-07 19:47:33 - INFO -   packets_transmitted: 10
2025-10-07 19:47:33 - INFO -   packets_received: 0
2025-10-07 19:47:33 - INFO -   packet_loss: 100.0
2025-10-07 19:47:33 - INFO -   min_rtt: 0.0
2025-10-07 19:47:33 - INFO -   avg_rtt: 0.0
2025-10-07 19:47:33 - INFO -   max_rtt: 0.0
2025-10-07 19:47:33 - INFO -   mdev: 0.0
2025-10-07 19:47:33 - INFO - --------------------------------------------------
2025-10-07 19:47:33 - INFO - Summary: SUMMARY: 13/28 devices reachable (46.4% success rate) - Duration: 32m 58s
2025-10-07 19:47:33 - INFO - === PING TEST COMPLETED ===
