2025-10-04 14:52:45 - INFO - === PING TEST STARTED ===
2025-10-04 14:52:45 - INFO - Details: Testing 28 devices
2025-10-04 14:52:55 - INFO - STATUS: FAILED ❌ | Device: WN-L031-30 | IP: FD12:3456::B635:22FF:FE98:2537
2025-10-04 14:52:55 - INFO -   packets_transmitted: 1
2025-10-04 14:52:55 - INFO -   packets_received: 0
2025-10-04 14:52:55 - INFO -   packet_loss: 100.0
2025-10-04 14:52:55 - INFO -   min_rtt: 0.0
2025-10-04 14:52:55 - INFO -   avg_rtt: 0.0
2025-10-04 14:52:55 - INFO -   max_rtt: 0.0
2025-10-04 14:52:55 - INFO -   mdev: 0.0
2025-10-04 14:52:55 - INFO - --------------------------------------------------
2025-10-04 14:53:05 - INFO - STATUS: SUCCESS ✅ | Device: WN-L032-30 | IP: FD12:3456::B635:22FF:FE98:2523
2025-10-04 14:53:05 - INFO -   packets_transmitted: 1
2025-10-04 14:53:05 - INFO -   packets_received: 1
2025-10-04 14:53:05 - INFO -   packet_loss: 0.0
2025-10-04 14:53:05 - INFO -   min_rtt: 9803.667
2025-10-04 14:53:05 - INFO -   avg_rtt: 9803.667
2025-10-04 14:53:05 - INFO -   max_rtt: 9803.667
2025-10-04 14:53:05 - INFO -   mdev: 0.0
2025-10-04 14:53:05 - INFO - --------------------------------------------------
2025-10-04 14:53:15 - INFO - STATUS: FAILED ❌ | Device: WN-L033-30 | IP: FD12:3456::B635:22FF:FE98:252B
2025-10-04 14:53:15 - INFO -   packets_transmitted: 1
2025-10-04 14:53:15 - INFO -   packets_received: 0
2025-10-04 14:53:15 - INFO -   packet_loss: 100.0
2025-10-04 14:53:15 - INFO -   min_rtt: 0.0
2025-10-04 14:53:15 - INFO -   avg_rtt: 0.0
2025-10-04 14:53:15 - INFO -   max_rtt: 0.0
2025-10-04 14:53:15 - INFO -   mdev: 0.0
2025-10-04 14:53:15 - INFO - --------------------------------------------------
2025-10-04 14:53:25 - INFO - STATUS: FAILED ❌ | Device: WN-L034-30 | IP: FD12:3456::62A4:23FF:FE37:A3B3
2025-10-04 14:53:25 - INFO -   packets_transmitted: 1
2025-10-04 14:53:25 - INFO -   packets_received: 0
2025-10-04 14:53:25 - INFO -   packet_loss: 100.0
2025-10-04 14:53:25 - INFO -   min_rtt: 0.0
2025-10-04 14:53:25 - INFO -   avg_rtt: 0.0
2025-10-04 14:53:25 - INFO -   max_rtt: 0.0
2025-10-04 14:53:25 - INFO -   mdev: 0.0
2025-10-04 14:53:25 - INFO - --------------------------------------------------
2025-10-04 14:53:35 - INFO - STATUS: FAILED ❌ | Device: WN-L035-30 | IP: FD12:3456::B635:22FF:FE98:285B
2025-10-04 14:53:35 - INFO -   packets_transmitted: 1
2025-10-04 14:53:35 - INFO -   packets_received: 0
2025-10-04 14:53:35 - INFO -   packet_loss: 100.0
2025-10-04 14:53:35 - INFO -   min_rtt: 0.0
2025-10-04 14:53:35 - INFO -   avg_rtt: 0.0
2025-10-04 14:53:35 - INFO -   max_rtt: 0.0
2025-10-04 14:53:35 - INFO -   mdev: 0.0
2025-10-04 14:53:35 - INFO - --------------------------------------------------
2025-10-04 14:53:40 - INFO - STATUS: FAILED ❌ | Device: WN-L036-30 | IP: FD12:3456::62A4:23FF:FE37:A3A1
2025-10-04 14:53:40 - INFO -   packets_transmitted: 1
2025-10-04 14:53:40 - INFO -   packets_received: 0
2025-10-04 14:53:40 - INFO -   packet_loss: 100.0
2025-10-04 14:53:40 - INFO -   min_rtt: 0.0
2025-10-04 14:53:40 - INFO -   avg_rtt: 0.0
2025-10-04 14:53:40 - INFO -   max_rtt: 0.0
2025-10-04 14:53:40 - INFO -   mdev: 0.0
2025-10-04 14:53:40 - INFO - --------------------------------------------------
2025-10-04 14:53:40 - INFO - Test stopped by user
2025-10-04 14:53:40 - INFO - Summary: SUMMARY: 1/28 devices reachable (3.6% success rate) - Duration: 54s
2025-10-04 14:53:40 - INFO - === PING TEST COMPLETED ===
