2025-10-04 14:11:27 - INFO - === PING TEST STARTED ===
2025-10-04 14:11:27 - INFO - Details: Testing 28 devices
2025-10-04 14:11:37 - INFO - STATUS: FAILED ❌ | Device: WN-L031-30 | IP: FD12:3456::B635:22FF:FE98:2537
2025-10-04 14:11:37 - INFO -   packets_transmitted: 1
2025-10-04 14:11:37 - INFO -   packets_received: 0
2025-10-04 14:11:37 - INFO -   packet_loss: 100.0
2025-10-04 14:11:37 - INFO -   min_rtt: 0.0
2025-10-04 14:11:37 - INFO -   avg_rtt: 0.0
2025-10-04 14:11:37 - INFO -   max_rtt: 0.0
2025-10-04 14:11:37 - INFO -   mdev: 0.0
2025-10-04 14:11:37 - INFO - --------------------------------------------------
2025-10-04 14:11:43 - INFO - STATUS: SUCCESS ✅ | Device: WN-L032-30 | IP: FD12:3456::B635:22FF:FE98:2523
2025-10-04 14:11:43 - INFO -   packets_transmitted: 1
2025-10-04 14:11:43 - INFO -   packets_received: 1
2025-10-04 14:11:43 - INFO -   packet_loss: 0.0
2025-10-04 14:11:43 - INFO -   min_rtt: 6522.361
2025-10-04 14:11:43 - INFO -   avg_rtt: 6522.361
2025-10-04 14:11:43 - INFO -   max_rtt: 6522.361
2025-10-04 14:11:43 - INFO -   mdev: 0.0
2025-10-04 14:11:43 - INFO - --------------------------------------------------
2025-10-04 14:11:49 - INFO - STATUS: FAILED ❌ | Device: WN-L033-30 | IP: FD12:3456::B635:22FF:FE98:252B
2025-10-04 14:11:49 - INFO -   packets_transmitted: 1
2025-10-04 14:11:49 - INFO -   packets_received: 0
2025-10-04 14:11:49 - INFO -   packet_loss: 100.0
2025-10-04 14:11:49 - INFO -   min_rtt: 0.0
2025-10-04 14:11:49 - INFO -   avg_rtt: 0.0
2025-10-04 14:11:49 - INFO -   max_rtt: 0.0
2025-10-04 14:11:49 - INFO -   mdev: 0.0
2025-10-04 14:11:49 - INFO - --------------------------------------------------
2025-10-04 14:11:49 - INFO - Test stopped by user
2025-10-04 14:11:49 - INFO - Summary: SUMMARY: 1/28 devices reachable (3.6% success rate) - Duration: 21s
2025-10-04 14:11:49 - INFO - === PING TEST COMPLETED ===
