2025-10-05 12:43:32 - INFO - === PING TEST STARTED ===
2025-10-05 12:43:32 - INFO - Details: Testing 28 devices
2025-10-05 12:43:40 - INFO - STATUS: SUCCESS ✅ | Device: WN-L031-30 | IP: FD12:3456::B635:22FF:FE98:2537
2025-10-05 12:43:40 - INFO -   packets_transmitted: 1
2025-10-05 12:43:40 - INFO -   packets_received: 1
2025-10-05 12:43:40 - INFO -   packet_loss: 0.0
2025-10-05 12:43:40 - INFO -   min_rtt: 8048.959
2025-10-05 12:43:40 - INFO -   avg_rtt: 8048.959
2025-10-05 12:43:40 - INFO -   max_rtt: 8048.959
2025-10-05 12:43:40 - INFO -   mdev: 0.0
2025-10-05 12:43:40 - INFO - --------------------------------------------------
2025-10-05 12:43:43 - INFO - STATUS: SUCCESS ✅ | Device: WN-L032-30 | IP: FD12:3456::B635:22FF:FE98:2523
2025-10-05 12:43:43 - INFO -   packets_transmitted: 1
2025-10-05 12:43:43 - INFO -   packets_received: 1
2025-10-05 12:43:43 - INFO -   packet_loss: 0.0
2025-10-05 12:43:43 - INFO -   min_rtt: 2341.553
2025-10-05 12:43:43 - INFO -   avg_rtt: 2341.553
2025-10-05 12:43:43 - INFO -   max_rtt: 2341.553
2025-10-05 12:43:43 - INFO -   mdev: 0.0
2025-10-05 12:43:43 - INFO - --------------------------------------------------
2025-10-05 12:43:47 - INFO - STATUS: SUCCESS ✅ | Device: WN-L033-30 | IP: FD12:3456::B635:22FF:FE98:252B
2025-10-05 12:43:47 - INFO -   packets_transmitted: 1
2025-10-05 12:43:47 - INFO -   packets_received: 1
2025-10-05 12:43:47 - INFO -   packet_loss: 0.0
2025-10-05 12:43:47 - INFO -   min_rtt: 4085.94
2025-10-05 12:43:47 - INFO -   avg_rtt: 4085.94
2025-10-05 12:43:47 - INFO -   max_rtt: 4085.94
2025-10-05 12:43:47 - INFO -   mdev: 0.0
2025-10-05 12:43:47 - INFO - --------------------------------------------------
2025-10-05 12:43:57 - INFO - STATUS: FAILED ❌ | Device: WN-L034-30 | IP: FD12:3456::62A4:23FF:FE37:A3B3
2025-10-05 12:43:57 - INFO -   packets_transmitted: 1
2025-10-05 12:43:57 - INFO -   packets_received: 0
2025-10-05 12:43:57 - INFO -   packet_loss: 100.0
2025-10-05 12:43:57 - INFO -   min_rtt: 0.0
2025-10-05 12:43:57 - INFO -   avg_rtt: 0.0
2025-10-05 12:43:57 - INFO -   max_rtt: 0.0
2025-10-05 12:43:57 - INFO -   mdev: 0.0
2025-10-05 12:43:57 - INFO - --------------------------------------------------
2025-10-05 12:44:01 - INFO - STATUS: SUCCESS ✅ | Device: WN-L035-30 | IP: FD12:3456::B635:22FF:FE98:285B
2025-10-05 12:44:01 - INFO -   packets_transmitted: 1
2025-10-05 12:44:01 - INFO -   packets_received: 1
2025-10-05 12:44:01 - INFO -   packet_loss: 0.0
2025-10-05 12:44:01 - INFO -   min_rtt: 4036.722
2025-10-05 12:44:01 - INFO -   avg_rtt: 4036.722
2025-10-05 12:44:01 - INFO -   max_rtt: 4036.722
2025-10-05 12:44:01 - INFO -   mdev: 0.0
2025-10-05 12:44:01 - INFO - --------------------------------------------------
2025-10-05 12:44:11 - INFO - STATUS: FAILED ❌ | Device: WN-L036-30 | IP: FD12:3456::62A4:23FF:FE37:A3A1
2025-10-05 12:44:11 - INFO -   packets_transmitted: 1
2025-10-05 12:44:11 - INFO -   packets_received: 0
2025-10-05 12:44:11 - INFO -   packet_loss: 100.0
2025-10-05 12:44:11 - INFO -   min_rtt: 0.0
2025-10-05 12:44:11 - INFO -   avg_rtt: 0.0
2025-10-05 12:44:11 - INFO -   max_rtt: 0.0
2025-10-05 12:44:11 - INFO -   mdev: 0.0
2025-10-05 12:44:11 - INFO - --------------------------------------------------
2025-10-05 12:44:14 - INFO - STATUS: FAILED ❌ | Device: WN-L037-30 | IP: FD12:3456::B635:22FF:FE98:2539
2025-10-05 12:44:14 - INFO -   packets_transmitted: 1
2025-10-05 12:44:14 - INFO -   packets_received: 0
2025-10-05 12:44:14 - INFO -   packet_loss: 100.0
2025-10-05 12:44:14 - INFO -   min_rtt: 0.0
2025-10-05 12:44:14 - INFO -   avg_rtt: 0.0
2025-10-05 12:44:14 - INFO -   max_rtt: 0.0
2025-10-05 12:44:14 - INFO -   mdev: 0.0
2025-10-05 12:44:14 - INFO - --------------------------------------------------
2025-10-05 12:44:14 - INFO - Test stopped by user
2025-10-05 12:44:14 - INFO - Summary: SUMMARY: 4/28 devices reachable (14.3% success rate) - Duration: 41s
2025-10-05 12:44:14 - INFO - === PING TEST COMPLETED ===
