2025-10-04 11:24:32 - INFO - === PING TEST STARTED ===
2025-10-04 11:24:32 - INFO - Details: Testing 28 devices
2025-10-04 11:24:33 - INFO - STATUS: SUCCESS ✅ | Device: WN-L031-30 | IP: FD12:3456::B635:22FF:FE98:2537
2025-10-04 11:24:33 - INFO -   packets_transmitted: 1
2025-10-04 11:24:33 - INFO -   packets_received: 1
2025-10-04 11:24:33 - INFO -   packet_loss: 0.0
2025-10-04 11:24:33 - INFO -   min_rtt: 732.831
2025-10-04 11:24:33 - INFO -   avg_rtt: 732.831
2025-10-04 11:24:33 - INFO -   max_rtt: 732.831
2025-10-04 11:24:33 - INFO -   mdev: 0.0
2025-10-04 11:24:33 - INFO - --------------------------------------------------
2025-10-04 11:24:34 - INFO - STATUS: SUCCESS ✅ | Device: WN-L032-30 | IP: FD12:3456::B635:22FF:FE98:2523
2025-10-04 11:24:34 - INFO -   packets_transmitted: 1
2025-10-04 11:24:34 - INFO -   packets_received: 1
2025-10-04 11:24:34 - INFO -   packet_loss: 0.0
2025-10-04 11:24:34 - INFO -   min_rtt: 781.216
2025-10-04 11:24:34 - INFO -   avg_rtt: 781.216
2025-10-04 11:24:34 - INFO -   max_rtt: 781.216
2025-10-04 11:24:34 - INFO -   mdev: 0.0
2025-10-04 11:24:34 - INFO - --------------------------------------------------
2025-10-04 11:24:34 - INFO - STATUS: SUCCESS ✅ | Device: WN-L033-30 | IP: FD12:3456::B635:22FF:FE98:252B
2025-10-04 11:24:34 - INFO -   packets_transmitted: 1
2025-10-04 11:24:34 - INFO -   packets_received: 1
2025-10-04 11:24:34 - INFO -   packet_loss: 0.0
2025-10-04 11:24:34 - INFO -   min_rtt: 136.41
2025-10-04 11:24:34 - INFO -   avg_rtt: 136.41
2025-10-04 11:24:34 - INFO -   max_rtt: 136.41
2025-10-04 11:24:34 - INFO -   mdev: 0.0
2025-10-04 11:24:34 - INFO - --------------------------------------------------
2025-10-04 11:24:35 - INFO - STATUS: FAILED ❌ | Device: WN-L034-30 | IP: FD12:3456::62A4:23FF:FE37:A3B3
2025-10-04 11:24:35 - INFO -   packets_transmitted: 1
2025-10-04 11:24:35 - INFO -   packets_received: 0
2025-10-04 11:24:35 - INFO -   packet_loss: 100.0
2025-10-04 11:24:35 - INFO -   min_rtt: 0.0
2025-10-04 11:24:35 - INFO -   avg_rtt: 0.0
2025-10-04 11:24:35 - INFO -   max_rtt: 0.0
2025-10-04 11:24:35 - INFO -   mdev: 0.0
2025-10-04 11:24:35 - INFO - --------------------------------------------------
2025-10-04 11:24:35 - INFO - STATUS: SUCCESS ✅ | Device: WN-L035-30 | IP: FD12:3456::B635:22FF:FE98:285B
2025-10-04 11:24:35 - INFO -   packets_transmitted: 1
2025-10-04 11:24:35 - INFO -   packets_received: 1
2025-10-04 11:24:35 - INFO -   packet_loss: 0.0
2025-10-04 11:24:35 - INFO -   min_rtt: 709.05
2025-10-04 11:24:35 - INFO -   avg_rtt: 709.05
2025-10-04 11:24:35 - INFO -   max_rtt: 709.05
2025-10-04 11:24:35 - INFO -   mdev: 0.0
2025-10-04 11:24:35 - INFO - --------------------------------------------------
2025-10-04 11:24:36 - INFO - STATUS: FAILED ❌ | Device: WN-L036-30 | IP: FD12:3456::62A4:23FF:FE37:A3A1
2025-10-04 11:24:36 - INFO -   packets_transmitted: 1
2025-10-04 11:24:36 - INFO -   packets_received: 0
2025-10-04 11:24:36 - INFO -   packet_loss: 100.0
2025-10-04 11:24:36 - INFO -   min_rtt: 0.0
2025-10-04 11:24:36 - INFO -   avg_rtt: 0.0
2025-10-04 11:24:36 - INFO -   max_rtt: 0.0
2025-10-04 11:24:36 - INFO -   mdev: 0.0
2025-10-04 11:24:36 - INFO - --------------------------------------------------
2025-10-04 11:24:37 - INFO - STATUS: FAILED ❌ | Device: WN-L037-30 | IP: FD12:3456::B635:22FF:FE98:2539
2025-10-04 11:24:37 - INFO -   packets_transmitted: 1
2025-10-04 11:24:37 - INFO -   packets_received: 0
2025-10-04 11:24:37 - INFO -   packet_loss: 100.0
2025-10-04 11:24:37 - INFO -   min_rtt: 0.0
2025-10-04 11:24:37 - INFO -   avg_rtt: 0.0
2025-10-04 11:24:37 - INFO -   max_rtt: 0.0
2025-10-04 11:24:37 - INFO -   mdev: 0.0
2025-10-04 11:24:37 - INFO - --------------------------------------------------
2025-10-04 11:24:38 - INFO - STATUS: FAILED ❌ | Device: WN-OF04-34 | IP: FD12:3456::B635:22FF:FE98:285C
2025-10-04 11:24:38 - INFO -   packets_transmitted: 1
2025-10-04 11:24:38 - INFO -   packets_received: 0
2025-10-04 11:24:38 - INFO -   packet_loss: 100.0
2025-10-04 11:24:38 - INFO -   min_rtt: 0.0
2025-10-04 11:24:38 - INFO -   avg_rtt: 0.0
2025-10-04 11:24:38 - INFO -   max_rtt: 0.0
2025-10-04 11:24:38 - INFO -   mdev: 0.0
2025-10-04 11:24:38 - INFO - --------------------------------------------------
2025-10-04 11:24:39 - INFO - STATUS: FAILED ❌ | Device: WN-L050-30 | IP: FD12:3456::92FD:9FFF:FEEE:9DF7
2025-10-04 11:24:39 - INFO -   packets_transmitted: 1
2025-10-04 11:24:39 - INFO -   packets_received: 0
2025-10-04 11:24:39 - INFO -   packet_loss: 100.0
2025-10-04 11:24:39 - INFO -   min_rtt: 0.0
2025-10-04 11:24:39 - INFO -   avg_rtt: 0.0
2025-10-04 11:24:39 - INFO -   max_rtt: 0.0
2025-10-04 11:24:39 - INFO -   mdev: 0.0
2025-10-04 11:24:39 - INFO - --------------------------------------------------
2025-10-04 11:24:40 - INFO - STATUS: FAILED ❌ | Device: WN-L051-30 | IP: FD12:3456::B635:22FF:FE98:285D
2025-10-04 11:24:40 - INFO -   packets_transmitted: 1
2025-10-04 11:24:40 - INFO -   packets_received: 0
2025-10-04 11:24:40 - INFO -   packet_loss: 100.0
2025-10-04 11:24:40 - INFO -   min_rtt: 0.0
2025-10-04 11:24:40 - INFO -   avg_rtt: 0.0
2025-10-04 11:24:40 - INFO -   max_rtt: 0.0
2025-10-04 11:24:40 - INFO -   mdev: 0.0
2025-10-04 11:24:40 - INFO - --------------------------------------------------
2025-10-04 11:24:41 - INFO - STATUS: FAILED ❌ | Device: WN-L038-30 | IP: FD12:3456::B635:22FF:FE98:253F
2025-10-04 11:24:41 - INFO -   packets_transmitted: 1
2025-10-04 11:24:41 - INFO -   packets_received: 0
2025-10-04 11:24:41 - INFO -   packet_loss: 100.0
2025-10-04 11:24:41 - INFO -   min_rtt: 0.0
2025-10-04 11:24:41 - INFO -   avg_rtt: 0.0
2025-10-04 11:24:41 - INFO -   max_rtt: 0.0
2025-10-04 11:24:41 - INFO -   mdev: 0.0
2025-10-04 11:24:41 - INFO - --------------------------------------------------
2025-10-04 11:24:42 - INFO - STATUS: FAILED ❌ | Device: WN-L039-30 | IP: FD12:3456::62A4:23FF:FE37:A3A8
2025-10-04 11:24:42 - INFO -   packets_transmitted: 1
2025-10-04 11:24:42 - INFO -   packets_received: 0
2025-10-04 11:24:42 - INFO -   packet_loss: 100.0
2025-10-04 11:24:42 - INFO -   min_rtt: 0.0
2025-10-04 11:24:42 - INFO -   avg_rtt: 0.0
2025-10-04 11:24:42 - INFO -   max_rtt: 0.0
2025-10-04 11:24:42 - INFO -   mdev: 0.0
2025-10-04 11:24:42 - INFO - --------------------------------------------------
2025-10-04 11:24:43 - INFO - STATUS: FAILED ❌ | Device: WN-L040-30 | IP: FD12:3456::B635:22FF:FE98:2541
2025-10-04 11:24:43 - INFO -   packets_transmitted: 1
2025-10-04 11:24:43 - INFO -   packets_received: 0
2025-10-04 11:24:43 - INFO -   packet_loss: 100.0
2025-10-04 11:24:43 - INFO -   min_rtt: 0.0
2025-10-04 11:24:43 - INFO -   avg_rtt: 0.0
2025-10-04 11:24:43 - INFO -   max_rtt: 0.0
2025-10-04 11:24:43 - INFO -   mdev: 0.0
2025-10-04 11:24:43 - INFO - --------------------------------------------------
2025-10-04 11:24:44 - INFO - STATUS: FAILED ❌ | Device: WN-L041-30 | IP: FD12:3456::B635:22FF:FE98:2529
2025-10-04 11:24:44 - INFO -   packets_transmitted: 1
2025-10-04 11:24:44 - INFO -   packets_received: 0
2025-10-04 11:24:44 - INFO -   packet_loss: 100.0
2025-10-04 11:24:44 - INFO -   min_rtt: 0.0
2025-10-04 11:24:44 - INFO -   avg_rtt: 0.0
2025-10-04 11:24:44 - INFO -   max_rtt: 0.0
2025-10-04 11:24:44 - INFO -   mdev: 0.0
2025-10-04 11:24:44 - INFO - --------------------------------------------------
2025-10-04 11:24:44 - INFO - Test stopped by user
2025-10-04 11:24:44 - INFO - Summary: SUMMARY: 4/28 devices reachable (14.3% success rate) - Duration: 12s
2025-10-04 11:24:44 - INFO - === PING TEST COMPLETED ===
