2025-10-04 14:01:07 - INFO - === PING TEST STARTED ===
2025-10-04 14:01:07 - INFO - Details: Testing 28 devices
2025-10-04 14:01:08 - INFO - STATUS: FAILED ❌ | Device: WN-L031-30 | IP: FD12:3456::B635:22FF:FE98:2537
2025-10-04 14:01:08 - INFO -   packets_transmitted: 1
2025-10-04 14:01:08 - INFO -   packets_received: 0
2025-10-04 14:01:08 - INFO -   packet_loss: 100.0
2025-10-04 14:01:08 - INFO -   min_rtt: 0.0
2025-10-04 14:01:08 - INFO -   avg_rtt: 0.0
2025-10-04 14:01:08 - INFO -   max_rtt: 0.0
2025-10-04 14:01:08 - INFO -   mdev: 0.0
2025-10-04 14:01:08 - INFO - --------------------------------------------------
2025-10-04 14:01:09 - INFO - STATUS: FAILED ❌ | Device: WN-L032-30 | IP: FD12:3456::B635:22FF:FE98:2523
2025-10-04 14:01:09 - INFO -   packets_transmitted: 1
2025-10-04 14:01:09 - INFO -   packets_received: 0
2025-10-04 14:01:09 - INFO -   packet_loss: 100.0
2025-10-04 14:01:09 - INFO -   min_rtt: 0.0
2025-10-04 14:01:09 - INFO -   avg_rtt: 0.0
2025-10-04 14:01:09 - INFO -   max_rtt: 0.0
2025-10-04 14:01:09 - INFO -   mdev: 0.0
2025-10-04 14:01:09 - INFO - --------------------------------------------------
2025-10-04 14:01:10 - INFO - STATUS: FAILED ❌ | Device: WN-L033-30 | IP: FD12:3456::B635:22FF:FE98:252B
2025-10-04 14:01:10 - INFO -   packets_transmitted: 1
2025-10-04 14:01:10 - INFO -   packets_received: 0
2025-10-04 14:01:10 - INFO -   packet_loss: 100.0
2025-10-04 14:01:10 - INFO -   min_rtt: 0.0
2025-10-04 14:01:10 - INFO -   avg_rtt: 0.0
2025-10-04 14:01:10 - INFO -   max_rtt: 0.0
2025-10-04 14:01:10 - INFO -   mdev: 0.0
2025-10-04 14:01:10 - INFO - --------------------------------------------------
2025-10-04 14:01:11 - INFO - STATUS: FAILED ❌ | Device: WN-L034-30 | IP: FD12:3456::62A4:23FF:FE37:A3B3
2025-10-04 14:01:11 - INFO -   packets_transmitted: 1
2025-10-04 14:01:11 - INFO -   packets_received: 0
2025-10-04 14:01:11 - INFO -   packet_loss: 100.0
2025-10-04 14:01:11 - INFO -   min_rtt: 0.0
2025-10-04 14:01:11 - INFO -   avg_rtt: 0.0
2025-10-04 14:01:11 - INFO -   max_rtt: 0.0
2025-10-04 14:01:11 - INFO -   mdev: 0.0
2025-10-04 14:01:11 - INFO - --------------------------------------------------
2025-10-04 14:01:12 - INFO - STATUS: FAILED ❌ | Device: WN-L035-30 | IP: FD12:3456::B635:22FF:FE98:285B
2025-10-04 14:01:12 - INFO -   packets_transmitted: 1
2025-10-04 14:01:12 - INFO -   packets_received: 0
2025-10-04 14:01:12 - INFO -   packet_loss: 100.0
2025-10-04 14:01:12 - INFO -   min_rtt: 0.0
2025-10-04 14:01:12 - INFO -   avg_rtt: 0.0
2025-10-04 14:01:12 - INFO -   max_rtt: 0.0
2025-10-04 14:01:12 - INFO -   mdev: 0.0
2025-10-04 14:01:12 - INFO - --------------------------------------------------
2025-10-04 14:01:13 - INFO - STATUS: FAILED ❌ | Device: WN-L036-30 | IP: FD12:3456::62A4:23FF:FE37:A3A1
2025-10-04 14:01:13 - INFO -   packets_transmitted: 1
2025-10-04 14:01:13 - INFO -   packets_received: 0
2025-10-04 14:01:13 - INFO -   packet_loss: 100.0
2025-10-04 14:01:13 - INFO -   min_rtt: 0.0
2025-10-04 14:01:13 - INFO -   avg_rtt: 0.0
2025-10-04 14:01:13 - INFO -   max_rtt: 0.0
2025-10-04 14:01:13 - INFO -   mdev: 0.0
2025-10-04 14:01:13 - INFO - --------------------------------------------------
2025-10-04 14:01:14 - INFO - STATUS: FAILED ❌ | Device: WN-L037-30 | IP: FD12:3456::B635:22FF:FE98:2539
2025-10-04 14:01:14 - INFO -   packets_transmitted: 1
2025-10-04 14:01:14 - INFO -   packets_received: 0
2025-10-04 14:01:14 - INFO -   packet_loss: 100.0
2025-10-04 14:01:14 - INFO -   min_rtt: 0.0
2025-10-04 14:01:14 - INFO -   avg_rtt: 0.0
2025-10-04 14:01:14 - INFO -   max_rtt: 0.0
2025-10-04 14:01:14 - INFO -   mdev: 0.0
2025-10-04 14:01:14 - INFO - --------------------------------------------------
2025-10-04 14:01:15 - INFO - STATUS: FAILED ❌ | Device: WN-OF04-34 | IP: FD12:3456::B635:22FF:FE98:285C
2025-10-04 14:01:15 - INFO -   packets_transmitted: 1
2025-10-04 14:01:15 - INFO -   packets_received: 0
2025-10-04 14:01:15 - INFO -   packet_loss: 100.0
2025-10-04 14:01:15 - INFO -   min_rtt: 0.0
2025-10-04 14:01:15 - INFO -   avg_rtt: 0.0
2025-10-04 14:01:15 - INFO -   max_rtt: 0.0
2025-10-04 14:01:15 - INFO -   mdev: 0.0
2025-10-04 14:01:15 - INFO - --------------------------------------------------
2025-10-04 14:01:15 - INFO - Test stopped by user
2025-10-04 14:01:15 - INFO - Summary: SUMMARY: 0/28 devices reachable (0.0% success rate) - Duration: 8s
2025-10-04 14:01:15 - INFO - === PING TEST COMPLETED ===
