2025-10-06 15:23:43 - INFO - === PING TEST STARTED ===
2025-10-06 15:23:43 - INFO - Details: Testing 28 devices
2025-10-06 15:23:56 - INFO - STATUS: SUCCESS ✅ | Device: WN-L031-30 | IP: FD12:3456::B635:22FF:FE98:2537
2025-10-06 15:23:56 - INFO -   packets_transmitted: 10
2025-10-06 15:23:56 - INFO -   packets_received: 9
2025-10-06 15:23:56 - INFO -   packet_loss: 10.0
2025-10-06 15:23:56 - INFO -   min_rtt: 494.024
2025-10-06 15:23:56 - INFO -   avg_rtt: 2403.497
2025-10-06 15:23:56 - INFO -   max_rtt: 5405.981
2025-10-06 15:23:56 - INFO -   mdev: 1873.602
2025-10-06 15:23:56 - INFO - --------------------------------------------------
2025-10-06 15:24:08 - INFO - STATUS: SUCCESS ✅ | Device: WN-L032-30 | IP: FD12:3456::B635:22FF:FE98:2523
2025-10-06 15:24:08 - INFO -   packets_transmitted: 10
2025-10-06 15:24:08 - INFO -   packets_received: 10
2025-10-06 15:24:08 - INFO -   packet_loss: 0.0
2025-10-06 15:24:08 - INFO -   min_rtt: 396.607
2025-10-06 15:24:08 - INFO -   avg_rtt: 1316.24
2025-10-06 15:24:08 - INFO -   max_rtt: 2684.649
2025-10-06 15:24:08 - INFO -   mdev: 918.199
2025-10-06 15:24:08 - INFO - --------------------------------------------------
2025-10-06 15:24:17 - INFO - STATUS: SUCCESS ✅ | Device: WN-L033-30 | IP: FD12:3456::B635:22FF:FE98:252B
2025-10-06 15:24:17 - INFO -   packets_transmitted: 10
2025-10-06 15:24:17 - INFO -   packets_received: 10
2025-10-06 15:24:17 - INFO -   packet_loss: 0.0
2025-10-06 15:24:17 - INFO -   min_rtt: 132.414
2025-10-06 15:24:17 - INFO -   avg_rtt: 343.457
2025-10-06 15:24:17 - INFO -   max_rtt: 1261.927
2025-10-06 15:24:17 - INFO -   mdev: 321.774
2025-10-06 15:24:17 - INFO - --------------------------------------------------
2025-10-06 15:24:27 - INFO - STATUS: SUCCESS ✅ | Device: WN-L034-30 | IP: FD12:3456::62A4:23FF:FE37:A3B3
2025-10-06 15:24:27 - INFO -   packets_transmitted: 10
2025-10-06 15:24:27 - INFO -   packets_received: 10
2025-10-06 15:24:27 - INFO -   packet_loss: 0.0
2025-10-06 15:24:27 - INFO -   min_rtt: 264.604
2025-10-06 15:24:27 - INFO -   avg_rtt: 573.917
2025-10-06 15:24:27 - INFO -   max_rtt: 1612.108
2025-10-06 15:24:27 - INFO -   mdev: 412.804
2025-10-06 15:24:27 - INFO - --------------------------------------------------
2025-10-06 15:24:36 - INFO - STATUS: SUCCESS ✅ | Device: WN-L035-30 | IP: FD12:3456::B635:22FF:FE98:285B
2025-10-06 15:24:36 - INFO -   packets_transmitted: 10
2025-10-06 15:24:36 - INFO -   packets_received: 10
2025-10-06 15:24:36 - INFO -   packet_loss: 0.0
2025-10-06 15:24:36 - INFO -   min_rtt: 503.788
2025-10-06 15:24:36 - INFO -   avg_rtt: 602.337
2025-10-06 15:24:36 - INFO -   max_rtt: 933.454
2025-10-06 15:24:36 - INFO -   mdev: 117.207
2025-10-06 15:24:36 - INFO - --------------------------------------------------
2025-10-06 15:26:25 - INFO - STATUS: FAILED ❌ | Device: WN-L036-30 | IP: FD12:3456::62A4:23FF:FE37:A3A1
2025-10-06 15:26:25 - INFO -   packets_transmitted: 10
2025-10-06 15:26:25 - INFO -   packets_received: 0
2025-10-06 15:26:25 - INFO -   packet_loss: 100.0
2025-10-06 15:26:25 - INFO -   min_rtt: 0.0
2025-10-06 15:26:25 - INFO -   avg_rtt: 0.0
2025-10-06 15:26:25 - INFO -   max_rtt: 0.0
2025-10-06 15:26:25 - INFO -   mdev: 0.0
2025-10-06 15:26:25 - INFO - --------------------------------------------------
2025-10-06 15:26:36 - INFO - STATUS: SUCCESS ✅ | Device: WN-L037-30 | IP: FD12:3456::B635:22FF:FE98:2539
2025-10-06 15:26:36 - INFO -   packets_transmitted: 10
2025-10-06 15:26:36 - INFO -   packets_received: 10
2025-10-06 15:26:36 - INFO -   packet_loss: 0.0
2025-10-06 15:26:36 - INFO -   min_rtt: 375.29
2025-10-06 15:26:36 - INFO -   avg_rtt: 1024.214
2025-10-06 15:26:36 - INFO -   max_rtt: 2669.199
2025-10-06 15:26:36 - INFO -   mdev: 800.856
2025-10-06 15:26:36 - INFO - --------------------------------------------------
2025-10-06 15:26:46 - INFO - STATUS: SUCCESS ✅ | Device: WN-OF04-34 | IP: FD12:3456::B635:22FF:FE98:285C
2025-10-06 15:26:46 - INFO -   packets_transmitted: 10
2025-10-06 15:26:46 - INFO -   packets_received: 10
2025-10-06 15:26:46 - INFO -   packet_loss: 0.0
2025-10-06 15:26:46 - INFO -   min_rtt: 502.436
2025-10-06 15:26:46 - INFO -   avg_rtt: 568.269
2025-10-06 15:26:46 - INFO -   max_rtt: 738.54
2025-10-06 15:26:46 - INFO -   mdev: 65.366
2025-10-06 15:26:46 - INFO - --------------------------------------------------
2025-10-06 15:26:56 - INFO - STATUS: SUCCESS ✅ | Device: WN-L050-30 | IP: FD12:3456::92FD:9FFF:FEEE:9DF7
2025-10-06 15:26:56 - INFO -   packets_transmitted: 10
2025-10-06 15:26:56 - INFO -   packets_received: 10
2025-10-06 15:26:56 - INFO -   packet_loss: 0.0
2025-10-06 15:26:56 - INFO -   min_rtt: 381.484
2025-10-06 15:26:56 - INFO -   avg_rtt: 788.016
2025-10-06 15:26:56 - INFO -   max_rtt: 1560.207
2025-10-06 15:26:56 - INFO -   mdev: 408.86
2025-10-06 15:26:56 - INFO - --------------------------------------------------
2025-10-06 15:27:07 - INFO - STATUS: SUCCESS ✅ | Device: WN-L051-30 | IP: FD12:3456::B635:22FF:FE98:285D
2025-10-06 15:27:07 - INFO -   packets_transmitted: 10
2025-10-06 15:27:07 - INFO -   packets_received: 10
2025-10-06 15:27:07 - INFO -   packet_loss: 0.0
2025-10-06 15:27:07 - INFO -   min_rtt: 451.58
2025-10-06 15:27:07 - INFO -   avg_rtt: 1293.648
2025-10-06 15:27:07 - INFO -   max_rtt: 3271.001
2025-10-06 15:27:07 - INFO -   mdev: 1029.262
2025-10-06 15:27:07 - INFO - --------------------------------------------------
2025-10-06 15:28:56 - INFO - STATUS: SUCCESS ✅ | Device: WN-L038-30 | IP: FD12:3456::B635:22FF:FE98:253F
2025-10-06 15:28:56 - INFO -   packets_transmitted: 10
2025-10-06 15:28:56 - INFO -   packets_received: 6
2025-10-06 15:28:56 - INFO -   packet_loss: 40.0
2025-10-06 15:28:56 - INFO -   min_rtt: 12115.957
2025-10-06 15:28:56 - INFO -   avg_rtt: 23065.003
2025-10-06 15:28:56 - INFO -   max_rtt: 28411.579
2025-10-06 15:28:56 - INFO -   mdev: 5822.661
2025-10-06 15:28:56 - INFO - --------------------------------------------------
2025-10-06 15:30:45 - INFO - STATUS: SUCCESS ✅ | Device: WN-L039-30 | IP: FD12:3456::62A4:23FF:FE37:A3A8
2025-10-06 15:30:45 - INFO -   packets_transmitted: 10
2025-10-06 15:30:45 - INFO -   packets_received: 7
2025-10-06 15:30:45 - INFO -   packet_loss: 30.0
2025-10-06 15:30:45 - INFO -   min_rtt: 16252.606
2025-10-06 15:30:45 - INFO -   avg_rtt: 23611.318
2025-10-06 15:30:45 - INFO -   max_rtt: 38493.445
2025-10-06 15:30:45 - INFO -   mdev: 6814.088
2025-10-06 15:30:45 - INFO - --------------------------------------------------
2025-10-06 15:32:34 - INFO - STATUS: FAILED ❌ | Device: WN-L040-30 | IP: FD12:3456::B635:22FF:FE98:2541
2025-10-06 15:32:34 - INFO -   packets_transmitted: 10
2025-10-06 15:32:34 - INFO -   packets_received: 0
2025-10-06 15:32:34 - INFO -   packet_loss: 100.0
2025-10-06 15:32:34 - INFO -   min_rtt: 0.0
2025-10-06 15:32:34 - INFO -   avg_rtt: 0.0
2025-10-06 15:32:34 - INFO -   max_rtt: 0.0
2025-10-06 15:32:34 - INFO -   mdev: 0.0
2025-10-06 15:32:34 - INFO - --------------------------------------------------
2025-10-06 15:34:23 - INFO - STATUS: SUCCESS ✅ | Device: WN-L041-30 | IP: FD12:3456::B635:22FF:FE98:2529
2025-10-06 15:34:23 - INFO -   packets_transmitted: 10
2025-10-06 15:34:23 - INFO -   packets_received: 8
2025-10-06 15:34:23 - INFO -   packet_loss: 20.0
2025-10-06 15:34:23 - INFO -   min_rtt: 20071.36
2025-10-06 15:34:23 - INFO -   avg_rtt: 24575.548
2025-10-06 15:34:23 - INFO -   max_rtt: 29163.242
2025-10-06 15:34:23 - INFO -   mdev: 2321.993
2025-10-06 15:34:23 - INFO - --------------------------------------------------
2025-10-06 15:36:13 - INFO - STATUS: SUCCESS ✅ | Device: WN-L042-30 | IP: FD12:3456::62A4:23FF:FE37:A3AC
2025-10-06 15:36:13 - INFO -   packets_transmitted: 10
2025-10-06 15:36:13 - INFO -   packets_received: 4
2025-10-06 15:36:13 - INFO -   packet_loss: 60.0
2025-10-06 15:36:13 - INFO -   min_rtt: 53486.652
2025-10-06 15:36:13 - INFO -   avg_rtt: 56742.913
2025-10-06 15:36:13 - INFO -   max_rtt: 57973.346
2025-10-06 15:36:13 - INFO -   mdev: 1883.607
2025-10-06 15:36:13 - INFO - --------------------------------------------------
2025-10-06 15:38:02 - INFO - STATUS: SUCCESS ✅ | Device: WN-L043-30 | IP: FD12:3456::62A4:23FF:FE37:A39F
2025-10-06 15:38:02 - INFO -   packets_transmitted: 10
2025-10-06 15:38:02 - INFO -   packets_received: 5
2025-10-06 15:38:02 - INFO -   packet_loss: 50.0
2025-10-06 15:38:02 - INFO -   min_rtt: 41618.51
2025-10-06 15:38:02 - INFO -   avg_rtt: 62653.855
2025-10-06 15:38:02 - INFO -   max_rtt: 74347.82
2025-10-06 15:38:02 - INFO -   mdev: 12557.68
2025-10-06 15:38:02 - INFO - --------------------------------------------------
2025-10-06 15:39:51 - INFO - STATUS: SUCCESS ✅ | Device: WN-L044-30 | IP: FD12:3456::B635:22FF:FE98:2534
2025-10-06 15:39:51 - INFO -   packets_transmitted: 10
2025-10-06 15:39:51 - INFO -   packets_received: 7
2025-10-06 15:39:51 - INFO -   packet_loss: 30.0
2025-10-06 15:39:51 - INFO -   min_rtt: 20673.951
2025-10-06 15:39:51 - INFO -   avg_rtt: 44472.33
2025-10-06 15:39:51 - INFO -   max_rtt: 62013.397
2025-10-06 15:39:51 - INFO -   mdev: 12248.92
2025-10-06 15:39:51 - INFO - --------------------------------------------------
2025-10-06 15:41:40 - INFO - STATUS: FAILED ❌ | Device: WN-L045-30 | IP: FD12:3456::B635:22FF:FE98:2524
2025-10-06 15:41:40 - INFO -   packets_transmitted: 10
2025-10-06 15:41:40 - INFO -   packets_received: 0
2025-10-06 15:41:40 - INFO -   packet_loss: 100.0
2025-10-06 15:41:40 - INFO -   min_rtt: 0.0
2025-10-06 15:41:40 - INFO -   avg_rtt: 0.0
2025-10-06 15:41:40 - INFO -   max_rtt: 0.0
2025-10-06 15:41:40 - INFO -   mdev: 0.0
2025-10-06 15:41:40 - INFO - --------------------------------------------------
2025-10-06 15:43:29 - INFO - STATUS: SUCCESS ✅ | Device: WN-L047-30 | IP: FD12:3456::92FD:9FFF:FEEE:9D40
2025-10-06 15:43:29 - INFO -   packets_transmitted: 10
2025-10-06 15:43:29 - INFO -   packets_received: 5
2025-10-06 15:43:29 - INFO -   packet_loss: 50.0
2025-10-06 15:43:29 - INFO -   min_rtt: 36067.185
2025-10-06 15:43:29 - INFO -   avg_rtt: 38827.541
2025-10-06 15:43:29 - INFO -   max_rtt: 41566.767
2025-10-06 15:43:29 - INFO -   mdev: 2063.681
2025-10-06 15:43:29 - INFO - --------------------------------------------------
2025-10-06 15:45:19 - INFO - STATUS: SUCCESS ✅ | Device: WN-L048-30 | IP: FD12:3456::B635:22FF:FE98:29A6
2025-10-06 15:45:19 - INFO -   packets_transmitted: 10
2025-10-06 15:45:19 - INFO -   packets_received: 5
2025-10-06 15:45:19 - INFO -   packet_loss: 50.0
2025-10-06 15:45:19 - INFO -   min_rtt: 43115.331
2025-10-06 15:45:19 - INFO -   avg_rtt: 52274.581
2025-10-06 15:45:19 - INFO -   max_rtt: 58716.123
2025-10-06 15:45:19 - INFO -   mdev: 5064.617
2025-10-06 15:45:19 - INFO - --------------------------------------------------
2025-10-06 15:47:08 - INFO - STATUS: SUCCESS ✅ | Device: WN-L052-30 | IP: FD12:3456::62A4:23FF:FE37:A3AD
2025-10-06 15:47:08 - INFO -   packets_transmitted: 10
2025-10-06 15:47:08 - INFO -   packets_received: 4
2025-10-06 15:47:08 - INFO -   packet_loss: 60.0
2025-10-06 15:47:08 - INFO -   min_rtt: 55338.588
2025-10-06 15:47:08 - INFO -   avg_rtt: 60098.789
2025-10-06 15:47:08 - INFO -   max_rtt: 66180.892
2025-10-06 15:47:08 - INFO -   mdev: 3890.816
2025-10-06 15:47:08 - INFO - --------------------------------------------------
2025-10-06 15:48:57 - INFO - STATUS: SUCCESS ✅ | Device: WN-L053-30 | IP: FD12:3456::B635:22FF:FE98:252C
2025-10-06 15:48:57 - INFO -   packets_transmitted: 10
2025-10-06 15:48:57 - INFO -   packets_received: 5
2025-10-06 15:48:57 - INFO -   packet_loss: 50.0
2025-10-06 15:48:57 - INFO -   min_rtt: 27795.051
2025-10-06 15:48:57 - INFO -   avg_rtt: 44758.905
2025-10-06 15:48:57 - INFO -   max_rtt: 49830.789
2025-10-06 15:48:57 - INFO -   mdev: 8522.167
2025-10-06 15:48:57 - INFO - --------------------------------------------------
2025-10-06 15:50:46 - INFO - STATUS: SUCCESS ✅ | Device: WN-L054-30 | IP: FD12:3456::B635:22FF:FE98:251E
2025-10-06 15:50:46 - INFO -   packets_transmitted: 10
2025-10-06 15:50:46 - INFO -   packets_received: 4
2025-10-06 15:50:46 - INFO -   packet_loss: 60.0
2025-10-06 15:50:46 - INFO -   min_rtt: 18248.621
2025-10-06 15:50:46 - INFO -   avg_rtt: 44795.836
2025-10-06 15:50:46 - INFO -   max_rtt: 62379.377
2025-10-06 15:50:46 - INFO -   mdev: 17013.815
2025-10-06 15:50:46 - INFO - --------------------------------------------------
2025-10-06 15:50:57 - INFO - STATUS: SUCCESS ✅ | Device: WN-VA24-30 | IP: FD12:3456::B635:22FF:FE98:253E
2025-10-06 15:50:57 - INFO -   packets_transmitted: 10
2025-10-06 15:50:57 - INFO -   packets_received: 10
2025-10-06 15:50:57 - INFO -   packet_loss: 0.0
2025-10-06 15:50:57 - INFO -   min_rtt: 953.429
2025-10-06 15:50:57 - INFO -   avg_rtt: 2555.304
2025-10-06 15:50:57 - INFO -   max_rtt: 3477.012
2025-10-06 15:50:57 - INFO -   mdev: 826.177
2025-10-06 15:50:57 - INFO - --------------------------------------------------
2025-10-06 15:51:06 - INFO - STATUS: SUCCESS ✅ | Device: WN-VA64-30 | IP: FD12:3456::B635:22FF:FE98:285E
2025-10-06 15:51:06 - INFO -   packets_transmitted: 10
2025-10-06 15:51:06 - INFO -   packets_received: 10
2025-10-06 15:51:06 - INFO -   packet_loss: 0.0
2025-10-06 15:51:06 - INFO -   min_rtt: 130.021
2025-10-06 15:51:06 - INFO -   avg_rtt: 288.795
2025-10-06 15:51:06 - INFO -   max_rtt: 760.989
2025-10-06 15:51:06 - INFO -   mdev: 213.959
2025-10-06 15:51:06 - INFO - --------------------------------------------------
2025-10-06 15:51:15 - INFO - STATUS: SUCCESS ✅ | Device: WN-VC44-30 | IP: FD12:3456::62A4:23FF:FE37:A3A9
2025-10-06 15:51:15 - INFO -   packets_transmitted: 10
2025-10-06 15:51:15 - INFO -   packets_received: 10
2025-10-06 15:51:15 - INFO -   packet_loss: 0.0
2025-10-06 15:51:15 - INFO -   min_rtt: 129.96
2025-10-06 15:51:15 - INFO -   avg_rtt: 275.594
2025-10-06 15:51:15 - INFO -   max_rtt: 798.964
2025-10-06 15:51:15 - INFO -   mdev: 231.277
2025-10-06 15:51:15 - INFO - --------------------------------------------------
2025-10-06 15:53:04 - INFO - STATUS: FAILED ❌ | Device: WN-NI04-34 | IP: FD12:3456::62A4:23FF:FE37:A3AB
2025-10-06 15:53:04 - INFO -   packets_transmitted: 10
2025-10-06 15:53:04 - INFO -   packets_received: 0
2025-10-06 15:53:04 - INFO -   packet_loss: 100.0
2025-10-06 15:53:04 - INFO -   min_rtt: 0.0
2025-10-06 15:53:04 - INFO -   avg_rtt: 0.0
2025-10-06 15:53:04 - INFO -   max_rtt: 0.0
2025-10-06 15:53:04 - INFO -   mdev: 0.0
2025-10-06 15:53:04 - INFO - --------------------------------------------------
2025-10-06 15:54:54 - INFO - STATUS: SUCCESS ✅ | Device: WN-L059-34 | IP: FD12:3456::B635:22FF:FE98:29A5
2025-10-06 15:54:54 - INFO -   packets_transmitted: 10
2025-10-06 15:54:54 - INFO -   packets_received: 6
2025-10-06 15:54:54 - INFO -   packet_loss: 40.0
2025-10-06 15:54:54 - INFO -   min_rtt: 43788.266
2025-10-06 15:54:54 - INFO -   avg_rtt: 69785.808
2025-10-06 15:54:54 - INFO -   max_rtt: 94277.252
2025-10-06 15:54:54 - INFO -   mdev: 17464.631
2025-10-06 15:54:54 - INFO - --------------------------------------------------
2025-10-06 15:54:54 - INFO - Summary: SUMMARY: 24/28 devices reachable (85.7% success rate) - Duration: 31m 10s
2025-10-06 15:54:54 - INFO - === PING TEST COMPLETED ===
