2025-10-07 19:13:59 - INFO - === PING TEST STARTED ===
2025-10-07 19:13:59 - INFO - Details: Testing 28 devices
2025-10-07 19:13:59 - INFO - STATUS: SUCCESS ✅ | Device: WN-L031-30 | IP: FD12:3456::B635:22FF:FE98:2537
2025-10-07 19:13:59 - INFO -   packets_transmitted: 1
2025-10-07 19:13:59 - INFO -   packets_received: 1
2025-10-07 19:13:59 - INFO -   packet_loss: 0.0
2025-10-07 19:13:59 - INFO -   min_rtt: 550.619
2025-10-07 19:13:59 - INFO -   avg_rtt: 550.619
2025-10-07 19:13:59 - INFO -   max_rtt: 550.619
2025-10-07 19:13:59 - INFO -   mdev: 0.0
2025-10-07 19:13:59 - INFO - --------------------------------------------------
2025-10-07 19:14:00 - INFO - STATUS: SUCCESS ✅ | Device: WN-L032-30 | IP: FD12:3456::B635:22FF:FE98:2523
2025-10-07 19:14:00 - INFO -   packets_transmitted: 1
2025-10-07 19:14:00 - INFO -   packets_received: 1
2025-10-07 19:14:00 - INFO -   packet_loss: 0.0
2025-10-07 19:14:00 - INFO -   min_rtt: 281.26
2025-10-07 19:14:00 - INFO -   avg_rtt: 281.26
2025-10-07 19:14:00 - INFO -   max_rtt: 281.26
2025-10-07 19:14:00 - INFO -   mdev: 0.0
2025-10-07 19:14:00 - INFO - --------------------------------------------------
2025-10-07 19:14:00 - INFO - STATUS: SUCCESS ✅ | Device: WN-L033-30 | IP: FD12:3456::B635:22FF:FE98:252B
2025-10-07 19:14:00 - INFO -   packets_transmitted: 1
2025-10-07 19:14:00 - INFO -   packets_received: 1
2025-10-07 19:14:00 - INFO -   packet_loss: 0.0
2025-10-07 19:14:00 - INFO -   min_rtt: 131.319
2025-10-07 19:14:00 - INFO -   avg_rtt: 131.319
2025-10-07 19:14:00 - INFO -   max_rtt: 131.319
2025-10-07 19:14:00 - INFO -   mdev: 0.0
2025-10-07 19:14:00 - INFO - --------------------------------------------------
2025-10-07 19:14:00 - INFO - STATUS: SUCCESS ✅ | Device: WN-L034-30 | IP: FD12:3456::62A4:23FF:FE37:A3B3
2025-10-07 19:14:00 - INFO -   packets_transmitted: 1
2025-10-07 19:14:00 - INFO -   packets_received: 1
2025-10-07 19:14:00 - INFO -   packet_loss: 0.0
2025-10-07 19:14:00 - INFO -   min_rtt: 571.302
2025-10-07 19:14:00 - INFO -   avg_rtt: 571.302
2025-10-07 19:14:00 - INFO -   max_rtt: 571.302
2025-10-07 19:14:00 - INFO -   mdev: 0.0
2025-10-07 19:14:00 - INFO - --------------------------------------------------
2025-10-07 19:14:01 - INFO - STATUS: SUCCESS ✅ | Device: WN-L035-30 | IP: FD12:3456::B635:22FF:FE98:285B
2025-10-07 19:14:01 - INFO -   packets_transmitted: 1
2025-10-07 19:14:01 - INFO -   packets_received: 1
2025-10-07 19:14:01 - INFO -   packet_loss: 0.0
2025-10-07 19:14:01 - INFO -   min_rtt: 336.242
2025-10-07 19:14:01 - INFO -   avg_rtt: 336.242
2025-10-07 19:14:01 - INFO -   max_rtt: 336.242
2025-10-07 19:14:01 - INFO -   mdev: 0.0
2025-10-07 19:14:01 - INFO - --------------------------------------------------
2025-10-07 19:14:04 - INFO - STATUS: FAILED ❌ | Device: WN-L036-30 | IP: FD12:3456::62A4:23FF:FE37:A3A1
2025-10-07 19:14:04 - INFO -   packets_transmitted: 1
2025-10-07 19:14:04 - INFO -   packets_received: 0
2025-10-07 19:14:04 - INFO -   packet_loss: 100.0
2025-10-07 19:14:04 - INFO -   min_rtt: 0.0
2025-10-07 19:14:04 - INFO -   avg_rtt: 0.0
2025-10-07 19:14:04 - INFO -   max_rtt: 0.0
2025-10-07 19:14:04 - INFO -   mdev: 0.0
2025-10-07 19:14:04 - INFO - --------------------------------------------------
2025-10-07 19:14:04 - INFO - Test stopped by user
2025-10-07 19:14:04 - INFO - Summary: SUMMARY: 5/28 devices reachable (17.9% success rate) - Duration: 4s
2025-10-07 19:14:04 - INFO - === PING TEST COMPLETED ===
