2025-10-07 14:59:40 - INFO - === PING TEST STARTED ===
2025-10-07 14:59:40 - INFO - Details: Testing 28 devices
2025-10-07 14:59:50 - INFO - STATUS: SUCCESS ✅ | Device: WN-L031-30 | IP: FD12:3456::B635:22FF:FE98:2537
2025-10-07 14:59:50 - INFO -   packets_transmitted: 10
2025-10-07 14:59:50 - INFO -   packets_received: 10
2025-10-07 14:59:50 - INFO -   packet_loss: 0.0
2025-10-07 14:59:50 - INFO -   min_rtt: 401.696
2025-10-07 14:59:50 - INFO -   avg_rtt: 1860.186
2025-10-07 14:59:50 - INFO -   max_rtt: 4495.02
2025-10-07 14:59:50 - INFO -   mdev: 1339.177
2025-10-07 14:59:50 - INFO - --------------------------------------------------
2025-10-07 14:59:59 - INFO - STATUS: SUCCESS ✅ | Device: WN-L032-30 | IP: FD12:3456::B635:22FF:FE98:2523
2025-10-07 14:59:59 - INFO -   packets_transmitted: 10
2025-10-07 14:59:59 - INFO -   packets_received: 10
2025-10-07 14:59:59 - INFO -   packet_loss: 0.0
2025-10-07 14:59:59 - INFO -   min_rtt: 268.614
2025-10-07 14:59:59 - INFO -   avg_rtt: 1797.865
2025-10-07 14:59:59 - INFO -   max_rtt: 4329.968
2025-10-07 14:59:59 - INFO -   mdev: 1519.778
2025-10-07 14:59:59 - INFO - --------------------------------------------------
2025-10-07 15:00:09 - INFO - STATUS: SUCCESS ✅ | Device: WN-L033-30 | IP: FD12:3456::B635:22FF:FE98:252B
2025-10-07 15:00:09 - INFO -   packets_transmitted: 10
2025-10-07 15:00:09 - INFO -   packets_received: 10
2025-10-07 15:00:09 - INFO -   packet_loss: 0.0
2025-10-07 15:00:09 - INFO -   min_rtt: 129.068
2025-10-07 15:00:09 - INFO -   avg_rtt: 254.674
2025-10-07 15:00:09 - INFO -   max_rtt: 892.867
2025-10-07 15:00:09 - INFO -   mdev: 231.932
2025-10-07 15:00:09 - INFO - --------------------------------------------------
2025-10-07 15:00:18 - INFO - STATUS: SUCCESS ✅ | Device: WN-L034-30 | IP: FD12:3456::62A4:23FF:FE37:A3B3
2025-10-07 15:00:18 - INFO -   packets_transmitted: 10
2025-10-07 15:00:18 - INFO -   packets_received: 10
2025-10-07 15:00:18 - INFO -   packet_loss: 0.0
2025-10-07 15:00:18 - INFO -   min_rtt: 261.709
2025-10-07 15:00:18 - INFO -   avg_rtt: 564.961
2025-10-07 15:00:18 - INFO -   max_rtt: 821.48
2025-10-07 15:00:18 - INFO -   mdev: 172.533
2025-10-07 15:00:18 - INFO - --------------------------------------------------
2025-10-07 15:00:28 - INFO - STATUS: SUCCESS ✅ | Device: WN-L035-30 | IP: FD12:3456::B635:22FF:FE98:285B
2025-10-07 15:00:28 - INFO -   packets_transmitted: 10
2025-10-07 15:00:28 - INFO -   packets_received: 10
2025-10-07 15:00:28 - INFO -   packet_loss: 0.0
2025-10-07 15:00:28 - INFO -   min_rtt: 518.445
2025-10-07 15:00:28 - INFO -   avg_rtt: 599.963
2025-10-07 15:00:28 - INFO -   max_rtt: 756.417
2025-10-07 15:00:28 - INFO -   mdev: 85.334
2025-10-07 15:00:28 - INFO - --------------------------------------------------
2025-10-07 15:02:17 - INFO - STATUS: FAILED ❌ | Device: WN-L036-30 | IP: FD12:3456::62A4:23FF:FE37:A3A1
2025-10-07 15:02:17 - INFO -   packets_transmitted: 10
2025-10-07 15:02:17 - INFO -   packets_received: 0
2025-10-07 15:02:17 - INFO -   packet_loss: 100.0
2025-10-07 15:02:17 - INFO -   min_rtt: 0.0
2025-10-07 15:02:17 - INFO -   avg_rtt: 0.0
2025-10-07 15:02:17 - INFO -   max_rtt: 0.0
2025-10-07 15:02:17 - INFO -   mdev: 0.0
2025-10-07 15:02:17 - INFO - --------------------------------------------------
2025-10-07 15:02:26 - INFO - STATUS: SUCCESS ✅ | Device: WN-L037-30 | IP: FD12:3456::B635:22FF:FE98:2539
2025-10-07 15:02:26 - INFO -   packets_transmitted: 10
2025-10-07 15:02:26 - INFO -   packets_received: 10
2025-10-07 15:02:26 - INFO -   packet_loss: 0.0
2025-10-07 15:02:26 - INFO -   min_rtt: 372.235
2025-10-07 15:02:26 - INFO -   avg_rtt: 411.573
2025-10-07 15:02:26 - INFO -   max_rtt: 475.384
2025-10-07 15:02:26 - INFO -   mdev: 37.662
2025-10-07 15:02:26 - INFO - --------------------------------------------------
2025-10-07 15:02:36 - INFO - STATUS: SUCCESS ✅ | Device: WN-OF04-34 | IP: FD12:3456::B635:22FF:FE98:285C
2025-10-07 15:02:36 - INFO -   packets_transmitted: 10
2025-10-07 15:02:36 - INFO -   packets_received: 10
2025-10-07 15:02:36 - INFO -   packet_loss: 0.0
2025-10-07 15:02:36 - INFO -   min_rtt: 253.711
2025-10-07 15:02:36 - INFO -   avg_rtt: 292.807
2025-10-07 15:02:36 - INFO -   max_rtt: 429.092
2025-10-07 15:02:36 - INFO -   mdev: 48.813
2025-10-07 15:02:36 - INFO - --------------------------------------------------
2025-10-07 15:02:53 - INFO - STATUS: SUCCESS ✅ | Device: WN-L050-30 | IP: FD12:3456::92FD:9FFF:FEEE:9DF7
2025-10-07 15:02:53 - INFO -   packets_transmitted: 10
2025-10-07 15:02:53 - INFO -   packets_received: 1
2025-10-07 15:02:53 - INFO -   packet_loss: 90.0
2025-10-07 15:02:53 - INFO -   min_rtt: 3972.531
2025-10-07 15:02:53 - INFO -   avg_rtt: 3972.531
2025-10-07 15:02:53 - INFO -   max_rtt: 3972.531
2025-10-07 15:02:53 - INFO -   mdev: 0.0
2025-10-07 15:02:53 - INFO - --------------------------------------------------
2025-10-07 15:03:02 - INFO - STATUS: SUCCESS ✅ | Device: WN-L051-30 | IP: FD12:3456::B635:22FF:FE98:285D
2025-10-07 15:03:02 - INFO -   packets_transmitted: 10
2025-10-07 15:03:02 - INFO -   packets_received: 10
2025-10-07 15:03:02 - INFO -   packet_loss: 0.0
2025-10-07 15:03:02 - INFO -   min_rtt: 385.462
2025-10-07 15:03:02 - INFO -   avg_rtt: 874.622
2025-10-07 15:03:02 - INFO -   max_rtt: 2109.927
2025-10-07 15:03:02 - INFO -   mdev: 507.376
2025-10-07 15:03:02 - INFO - --------------------------------------------------
2025-10-07 15:03:25 - INFO - STATUS: SUCCESS ✅ | Device: WN-L038-30 | IP: FD12:3456::B635:22FF:FE98:253F
2025-10-07 15:03:25 - INFO -   packets_transmitted: 10
2025-10-07 15:03:25 - INFO -   packets_received: 4
2025-10-07 15:03:25 - INFO -   packet_loss: 60.0
2025-10-07 15:03:25 - INFO -   min_rtt: 1026.839
2025-10-07 15:03:25 - INFO -   avg_rtt: 7354.986
2025-10-07 15:03:25 - INFO -   max_rtt: 13796.536
2025-10-07 15:03:25 - INFO -   mdev: 4527.958
2025-10-07 15:03:25 - INFO - --------------------------------------------------
2025-10-07 15:05:14 - INFO - STATUS: SUCCESS ✅ | Device: WN-L039-30 | IP: FD12:3456::62A4:23FF:FE37:A3A8
2025-10-07 15:05:14 - INFO -   packets_transmitted: 10
2025-10-07 15:05:14 - INFO -   packets_received: 1
2025-10-07 15:05:14 - INFO -   packet_loss: 90.0
2025-10-07 15:05:14 - INFO -   min_rtt: 15694.75
2025-10-07 15:05:14 - INFO -   avg_rtt: 15694.75
2025-10-07 15:05:14 - INFO -   max_rtt: 15694.75
2025-10-07 15:05:14 - INFO -   mdev: 0.0
2025-10-07 15:05:14 - INFO - --------------------------------------------------
2025-10-07 15:07:03 - INFO - STATUS: FAILED ❌ | Device: WN-L040-30 | IP: FD12:3456::B635:22FF:FE98:2541
2025-10-07 15:07:03 - INFO -   packets_transmitted: 10
2025-10-07 15:07:03 - INFO -   packets_received: 0
2025-10-07 15:07:03 - INFO -   packet_loss: 100.0
2025-10-07 15:07:03 - INFO -   min_rtt: 0.0
2025-10-07 15:07:03 - INFO -   avg_rtt: 0.0
2025-10-07 15:07:03 - INFO -   max_rtt: 0.0
2025-10-07 15:07:03 - INFO -   mdev: 0.0
2025-10-07 15:07:03 - INFO - --------------------------------------------------
2025-10-07 15:08:53 - INFO - STATUS: FAILED ❌ | Device: WN-L041-30 | IP: FD12:3456::B635:22FF:FE98:2529
2025-10-07 15:08:53 - INFO -   packets_transmitted: 10
2025-10-07 15:08:53 - INFO -   packets_received: 0
2025-10-07 15:08:53 - INFO -   packet_loss: 100.0
2025-10-07 15:08:53 - INFO -   min_rtt: 0.0
2025-10-07 15:08:53 - INFO -   avg_rtt: 0.0
2025-10-07 15:08:53 - INFO -   max_rtt: 0.0
2025-10-07 15:08:53 - INFO -   mdev: 0.0
2025-10-07 15:08:53 - INFO - --------------------------------------------------
2025-10-07 15:10:42 - INFO - STATUS: SUCCESS ✅ | Device: WN-L042-30 | IP: FD12:3456::62A4:23FF:FE37:A3AC
2025-10-07 15:10:42 - INFO -   packets_transmitted: 10
2025-10-07 15:10:42 - INFO -   packets_received: 4
2025-10-07 15:10:42 - INFO -   packet_loss: 60.0
2025-10-07 15:10:42 - INFO -   min_rtt: 16335.328
2025-10-07 15:10:42 - INFO -   avg_rtt: 22997.134
2025-10-07 15:10:42 - INFO -   max_rtt: 29131.448
2025-10-07 15:10:42 - INFO -   mdev: 5600.897
2025-10-07 15:10:42 - INFO - --------------------------------------------------
2025-10-07 15:12:31 - INFO - STATUS: SUCCESS ✅ | Device: WN-L043-30 | IP: FD12:3456::62A4:23FF:FE37:A39F
2025-10-07 15:12:31 - INFO -   packets_transmitted: 10
2025-10-07 15:12:31 - INFO -   packets_received: 2
2025-10-07 15:12:31 - INFO -   packet_loss: 80.0
2025-10-07 15:12:31 - INFO -   min_rtt: 19251.474
2025-10-07 15:12:31 - INFO -   avg_rtt: 19420.646
2025-10-07 15:12:31 - INFO -   max_rtt: 19589.818
2025-10-07 15:12:31 - INFO -   mdev: 169.172
2025-10-07 15:12:31 - INFO - --------------------------------------------------
2025-10-07 15:14:20 - INFO - STATUS: SUCCESS ✅ | Device: WN-L044-30 | IP: FD12:3456::B635:22FF:FE98:2534
2025-10-07 15:14:20 - INFO -   packets_transmitted: 10
2025-10-07 15:14:20 - INFO -   packets_received: 1
2025-10-07 15:14:20 - INFO -   packet_loss: 90.0
2025-10-07 15:14:20 - INFO -   min_rtt: 22225.568
2025-10-07 15:14:20 - INFO -   avg_rtt: 22225.568
2025-10-07 15:14:20 - INFO -   max_rtt: 22225.568
2025-10-07 15:14:20 - INFO -   mdev: 0.0
2025-10-07 15:14:20 - INFO - --------------------------------------------------
2025-10-07 15:16:09 - INFO - STATUS: FAILED ❌ | Device: WN-L045-30 | IP: FD12:3456::B635:22FF:FE98:2524
2025-10-07 15:16:09 - INFO -   packets_transmitted: 10
2025-10-07 15:16:09 - INFO -   packets_received: 0
2025-10-07 15:16:09 - INFO -   packet_loss: 100.0
2025-10-07 15:16:09 - INFO -   min_rtt: 0.0
2025-10-07 15:16:09 - INFO -   avg_rtt: 0.0
2025-10-07 15:16:09 - INFO -   max_rtt: 0.0
2025-10-07 15:16:09 - INFO -   mdev: 0.0
2025-10-07 15:16:09 - INFO - --------------------------------------------------
2025-10-07 15:17:59 - INFO - STATUS: SUCCESS ✅ | Device: WN-L047-30 | IP: FD12:3456::92FD:9FFF:FEEE:9D40
2025-10-07 15:17:59 - INFO -   packets_transmitted: 10
2025-10-07 15:17:59 - INFO -   packets_received: 3
2025-10-07 15:17:59 - INFO -   packet_loss: 70.0
2025-10-07 15:17:59 - INFO -   min_rtt: 10919.584
2025-10-07 15:17:59 - INFO -   avg_rtt: 25518.585
2025-10-07 15:17:59 - INFO -   max_rtt: 37789.303
2025-10-07 15:17:59 - INFO -   mdev: 11092.373
2025-10-07 15:17:59 - INFO - --------------------------------------------------
2025-10-07 15:19:48 - INFO - STATUS: FAILED ❌ | Device: WN-L048-30 | IP: FD12:3456::B635:22FF:FE98:29A6
2025-10-07 15:19:48 - INFO -   packets_transmitted: 10
2025-10-07 15:19:48 - INFO -   packets_received: 0
2025-10-07 15:19:48 - INFO -   packet_loss: 100.0
2025-10-07 15:19:48 - INFO -   min_rtt: 0.0
2025-10-07 15:19:48 - INFO -   avg_rtt: 0.0
2025-10-07 15:19:48 - INFO -   max_rtt: 0.0
2025-10-07 15:19:48 - INFO -   mdev: 0.0
2025-10-07 15:19:48 - INFO - --------------------------------------------------
2025-10-07 15:21:37 - INFO - STATUS: FAILED ❌ | Device: WN-L052-30 | IP: FD12:3456::62A4:23FF:FE37:A3AD
2025-10-07 15:21:37 - INFO -   packets_transmitted: 10
2025-10-07 15:21:37 - INFO -   packets_received: 0
2025-10-07 15:21:37 - INFO -   packet_loss: 100.0
2025-10-07 15:21:37 - INFO -   min_rtt: 0.0
2025-10-07 15:21:37 - INFO -   avg_rtt: 0.0
2025-10-07 15:21:37 - INFO -   max_rtt: 0.0
2025-10-07 15:21:37 - INFO -   mdev: 0.0
2025-10-07 15:21:37 - INFO - --------------------------------------------------
2025-10-07 15:23:26 - INFO - STATUS: FAILED ❌ | Device: WN-L053-30 | IP: FD12:3456::B635:22FF:FE98:252C
2025-10-07 15:23:26 - INFO -   packets_transmitted: 10
2025-10-07 15:23:26 - INFO -   packets_received: 0
2025-10-07 15:23:26 - INFO -   packet_loss: 100.0
2025-10-07 15:23:26 - INFO -   min_rtt: 0.0
2025-10-07 15:23:26 - INFO -   avg_rtt: 0.0
2025-10-07 15:23:26 - INFO -   max_rtt: 0.0
2025-10-07 15:23:26 - INFO -   mdev: 0.0
2025-10-07 15:23:26 - INFO - --------------------------------------------------
2025-10-07 15:25:16 - INFO - STATUS: FAILED ❌ | Device: WN-L054-30 | IP: FD12:3456::B635:22FF:FE98:251E
2025-10-07 15:25:16 - INFO -   packets_transmitted: 10
2025-10-07 15:25:16 - INFO -   packets_received: 0
2025-10-07 15:25:16 - INFO -   packet_loss: 100.0
2025-10-07 15:25:16 - INFO -   min_rtt: 0.0
2025-10-07 15:25:16 - INFO -   avg_rtt: 0.0
2025-10-07 15:25:16 - INFO -   max_rtt: 0.0
2025-10-07 15:25:16 - INFO -   mdev: 0.0
2025-10-07 15:25:16 - INFO - --------------------------------------------------
2025-10-07 15:25:29 - INFO - STATUS: SUCCESS ✅ | Device: WN-VA24-30 | IP: FD12:3456::B635:22FF:FE98:253E
2025-10-07 15:25:29 - INFO -   packets_transmitted: 10
2025-10-07 15:25:29 - INFO -   packets_received: 10
2025-10-07 15:25:29 - INFO -   packet_loss: 0.0
2025-10-07 15:25:29 - INFO -   min_rtt: 1893.508
2025-10-07 15:25:29 - INFO -   avg_rtt: 3168.814
2025-10-07 15:25:29 - INFO -   max_rtt: 4740.411
2025-10-07 15:25:29 - INFO -   mdev: 790.831
2025-10-07 15:25:29 - INFO - --------------------------------------------------
2025-10-07 15:25:39 - INFO - STATUS: SUCCESS ✅ | Device: WN-VA64-30 | IP: FD12:3456::B635:22FF:FE98:285E
2025-10-07 15:25:39 - INFO -   packets_transmitted: 10
2025-10-07 15:25:39 - INFO -   packets_received: 8
2025-10-07 15:25:39 - INFO -   packet_loss: 20.0
2025-10-07 15:25:39 - INFO -   min_rtt: 126.128
2025-10-07 15:25:39 - INFO -   avg_rtt: 519.38
2025-10-07 15:25:39 - INFO -   max_rtt: 1089.764
2025-10-07 15:25:39 - INFO -   mdev: 330.283
2025-10-07 15:25:39 - INFO - --------------------------------------------------
2025-10-07 15:25:49 - INFO - STATUS: SUCCESS ✅ | Device: WN-VC44-30 | IP: FD12:3456::62A4:23FF:FE37:A3A9
2025-10-07 15:25:49 - INFO -   packets_transmitted: 10
2025-10-07 15:25:49 - INFO -   packets_received: 10
2025-10-07 15:25:49 - INFO -   packet_loss: 0.0
2025-10-07 15:25:49 - INFO -   min_rtt: 133.212
2025-10-07 15:25:49 - INFO -   avg_rtt: 168.224
2025-10-07 15:25:49 - INFO -   max_rtt: 319.029
2025-10-07 15:25:49 - INFO -   mdev: 55.284
2025-10-07 15:25:49 - INFO - --------------------------------------------------
2025-10-07 15:27:38 - INFO - STATUS: FAILED ❌ | Device: WN-NI04-34 | IP: FD12:3456::62A4:23FF:FE37:A3AB
2025-10-07 15:27:38 - INFO -   packets_transmitted: 10
2025-10-07 15:27:38 - INFO -   packets_received: 0
2025-10-07 15:27:38 - INFO -   packet_loss: 100.0
2025-10-07 15:27:38 - INFO -   min_rtt: 0.0
2025-10-07 15:27:38 - INFO -   avg_rtt: 0.0
2025-10-07 15:27:38 - INFO -   max_rtt: 0.0
2025-10-07 15:27:38 - INFO -   mdev: 0.0
2025-10-07 15:27:38 - INFO - --------------------------------------------------
2025-10-07 15:29:27 - INFO - STATUS: FAILED ❌ | Device: WN-L059-34 | IP: FD12:3456::B635:22FF:FE98:29A5
2025-10-07 15:29:27 - INFO -   packets_transmitted: 10
2025-10-07 15:29:27 - INFO -   packets_received: 0
2025-10-07 15:29:27 - INFO -   packet_loss: 100.0
2025-10-07 15:29:27 - INFO -   min_rtt: 0.0
2025-10-07 15:29:27 - INFO -   avg_rtt: 0.0
2025-10-07 15:29:27 - INFO -   max_rtt: 0.0
2025-10-07 15:29:27 - INFO -   mdev: 0.0
2025-10-07 15:29:27 - INFO - --------------------------------------------------
2025-10-07 15:29:27 - INFO - Summary: SUMMARY: 18/28 devices reachable (64.3% success rate) - Duration: 29m 46s
2025-10-07 15:29:27 - INFO - === PING TEST COMPLETED ===
