2025-10-02 20:05:59 - INFO - === RPL RANK TEST STARTED (28 devices) ===
2025-10-02 20:06:00 - INFO - Device: WN-L031-30 | IP: FD12:3456::B635:22FF:FE98:2537 | Status: SUCCESS ✅
2025-10-02 20:06:00 - INFO - RPL Rank: 128
2025-10-02 20:06:00 - INFO - --------------------------------------------------
2025-10-02 20:06:00 - INFO - Device: WN-L032-30 | IP: FD12:3456::B635:22FF:FE98:2523 | Status: SUCCESS ✅
2025-10-02 20:06:00 - INFO - RPL Rank: 587
2025-10-02 20:06:00 - INFO - --------------------------------------------------
2025-10-02 20:06:58 - INFO - Device: WN-L033-30 | IP: FD12:3456::B635:22FF:FE98:252B | Status: FAILED ❌
2025-10-02 20:06:58 - INFO - RPL Rank: No response / error
2025-10-02 20:06:58 - INFO - --------------------------------------------------
2025-10-02 20:06:58 - INFO - Test stopped by user
2025-10-02 20:06:58 - INFO - SUMMARY: 2/28 devices responded (7.1% success rate)
2025-10-02 20:06:58 - INFO - === RPL RANK TEST COMPLETED ===
2025-10-02 20:07:40 - INFO - Device: WN-L033-30 | IP: FD12:3456::B635:22FF:FE98:252B | Status: FAILED ❌
2025-10-02 20:07:40 - INFO - RPL Rank: No response / error
2025-10-02 20:07:40 - INFO - --------------------------------------------------
2025-10-02 20:07:42 - INFO - Device: WN-L034-30 | IP: FD12:3456::62A4:23FF:FE37:A3B3 | Status: SUCCESS ✅
2025-10-02 20:07:42 - INFO - RPL Rank: 618
2025-10-02 20:07:42 - INFO - --------------------------------------------------
2025-10-02 20:07:45 - INFO - Device: WN-L035-30 | IP: FD12:3456::B635:22FF:FE98:285B | Status: SUCCESS ✅
2025-10-02 20:07:45 - INFO - RPL Rank: 893
2025-10-02 20:07:45 - INFO - --------------------------------------------------
2025-10-02 20:07:48 - INFO - Device: WN-L036-30 | IP: FD12:3456::62A4:23FF:FE37:A3A1 | Status: SUCCESS ✅
2025-10-02 20:07:48 - INFO - RPL Rank: 908
2025-10-02 20:07:48 - INFO - --------------------------------------------------
2025-10-02 20:07:51 - INFO - Device: WN-L037-30 | IP: FD12:3456::B635:22FF:FE98:2539 | Status: SUCCESS ✅
2025-10-02 20:07:51 - INFO - RPL Rank: 1103
2025-10-02 20:07:51 - INFO - --------------------------------------------------
2025-10-02 20:07:54 - INFO - Device: WN-OF04-34 | IP: FD12:3456::B635:22FF:FE98:285C | Status: SUCCESS ✅
2025-10-02 20:07:54 - INFO - RPL Rank: 618
2025-10-02 20:07:54 - INFO - --------------------------------------------------
2025-10-02 20:07:55 - INFO - Device: WN-L050-30 | IP: FD12:3456::92FD:9FFF:FEEE:9DF7 | Status: SUCCESS ✅
2025-10-02 20:07:55 - INFO - RPL Rank: 618
2025-10-02 20:07:55 - INFO - --------------------------------------------------
2025-10-02 20:07:55 - INFO - Device: WN-L051-30 | IP: FD12:3456::B635:22FF:FE98:285D | Status: SUCCESS ✅
2025-10-02 20:07:55 - INFO - RPL Rank: 618
2025-10-02 20:07:55 - INFO - --------------------------------------------------
2025-10-02 20:07:58 - INFO - Device: WN-L038-30 | IP: FD12:3456::B635:22FF:FE98:253F | Status: SUCCESS ✅
2025-10-02 20:07:58 - INFO - RPL Rank: 860
2025-10-02 20:07:58 - INFO - --------------------------------------------------
2025-10-02 20:08:02 - INFO - Device: WN-L039-30 | IP: FD12:3456::62A4:23FF:FE37:A3A8 | Status: SUCCESS ✅
2025-10-02 20:08:02 - INFO - RPL Rank: 1328
2025-10-02 20:08:02 - INFO - --------------------------------------------------
2025-10-02 20:09:42 - INFO - Device: WN-L040-30 | IP: FD12:3456::B635:22FF:FE98:2541 | Status: FAILED ❌
2025-10-02 20:09:42 - INFO - RPL Rank: No response / error
2025-10-02 20:09:42 - INFO - --------------------------------------------------
