2025-10-04 16:41:07 - INFO - === RPL RANK TEST STARTED (28 devices) ===
2025-10-04 16:42:40 - INFO - Device: WN-L034-30 | IP: FD12:3456::62A4:23FF:FE37:A3B3 | Status: FAILED ❌
2025-10-04 16:42:40 - INFO - RPL Rank: No response / error
2025-10-04 16:42:40 - INFO - --------------------------------------------------
2025-10-04 16:42:40 - INFO - Test stopped by user
2025-10-04 16:42:40 - INFO - SUMMARY: 2/28 devices responded (7.1% success rate)
2025-10-04 16:42:40 - INFO - === RPL RANK TEST COMPLETED ===
2025-10-04 16:42:40 - INFO - Device: WN-L032-30 | IP: FD12:3456::B635:22FF:FE98:2523 | Status: FAILED ❌
2025-10-04 16:42:40 - INFO - RPL Rank: No response / error
2025-10-04 16:42:40 - INFO - --------------------------------------------------
2025-10-04 16:42:47 - INFO - Device: WN-L031-30 | IP: FD12:3456::B635:22FF:FE98:2537 | Status: FAILED ❌
2025-10-04 16:42:47 - INFO - RPL Rank: No response / error
2025-10-04 16:42:47 - INFO - --------------------------------------------------
2025-10-04 16:43:07 - INFO - Device: WN-L032-30 | IP: FD12:3456::B635:22FF:FE98:2523 | Status: SUCCESS ✅
2025-10-04 16:43:07 - INFO - RPL Rank: 3800
2025-10-04 16:43:07 - INFO - --------------------------------------------------
2025-10-04 16:44:20 - INFO - Device: WN-L033-30 | IP: FD12:3456::B635:22FF:FE98:252B | Status: FAILED ❌
2025-10-04 16:44:20 - INFO - RPL Rank: No response / error
2025-10-04 16:44:20 - INFO - --------------------------------------------------
2025-10-04 16:44:47 - INFO - Device: WN-L033-30 | IP: FD12:3456::B635:22FF:FE98:252B | Status: FAILED ❌
2025-10-04 16:44:47 - INFO - RPL Rank: No response / error
2025-10-04 16:44:47 - INFO - --------------------------------------------------
2025-10-04 16:44:51 - INFO - Device: WN-L034-30 | IP: FD12:3456::62A4:23FF:FE37:A3B3 | Status: SUCCESS ✅
2025-10-04 16:44:51 - INFO - RPL Rank: 3802
2025-10-04 16:44:51 - INFO - --------------------------------------------------
2025-10-04 16:45:00 - INFO - Device: WN-L035-30 | IP: FD12:3456::B635:22FF:FE98:285B | Status: SUCCESS ✅
2025-10-04 16:45:00 - INFO - RPL Rank: 4194
2025-10-04 16:45:00 - INFO - --------------------------------------------------
2025-10-04 16:45:16 - INFO - Device: WN-L036-30 | IP: FD12:3456::62A4:23FF:FE37:A3A1 | Status: SUCCESS ✅
2025-10-04 16:45:16 - INFO - RPL Rank: 4194
2025-10-04 16:45:16 - INFO - --------------------------------------------------
2025-10-04 16:46:00 - INFO - Device: WN-L034-30 | IP: FD12:3456::62A4:23FF:FE37:A3B3 | Status: FAILED ❌
2025-10-04 16:46:00 - INFO - RPL Rank: No response / error
2025-10-04 16:46:00 - INFO - --------------------------------------------------
2025-10-04 16:46:37 - INFO - Device: WN-L035-30 | IP: FD12:3456::B635:22FF:FE98:285B | Status: SUCCESS ✅
2025-10-04 16:46:37 - INFO - RPL Rank: 4185
2025-10-04 16:46:37 - INFO - --------------------------------------------------
2025-10-04 16:46:56 - INFO - Device: WN-L037-30 | IP: FD12:3456::B635:22FF:FE98:2539 | Status: FAILED ❌
2025-10-04 16:46:56 - INFO - RPL Rank: No response / error
2025-10-04 16:46:56 - INFO - --------------------------------------------------
2025-10-04 16:48:17 - INFO - Device: WN-L036-30 | IP: FD12:3456::62A4:23FF:FE37:A3A1 | Status: FAILED ❌
2025-10-04 16:48:17 - INFO - RPL Rank: No response / error
2025-10-04 16:48:17 - INFO - --------------------------------------------------
2025-10-04 16:48:36 - INFO - Device: WN-OF04-34 | IP: FD12:3456::B635:22FF:FE98:285C | Status: FAILED ❌
2025-10-04 16:48:36 - INFO - RPL Rank: No response / error
2025-10-04 16:48:36 - INFO - --------------------------------------------------
2025-10-04 16:49:57 - INFO - Device: WN-L037-30 | IP: FD12:3456::B635:22FF:FE98:2539 | Status: FAILED ❌
2025-10-04 16:49:57 - INFO - RPL Rank: No response / error
2025-10-04 16:49:57 - INFO - --------------------------------------------------
2025-10-04 16:50:16 - INFO - Device: WN-L050-30 | IP: FD12:3456::92FD:9FFF:FEEE:9DF7 | Status: FAILED ❌
2025-10-04 16:50:16 - INFO - RPL Rank: No response / error
2025-10-04 16:50:16 - INFO - --------------------------------------------------
2025-10-04 16:50:40 - INFO - Device: WN-OF04-34 | IP: FD12:3456::B635:22FF:FE98:285C | Status: SUCCESS ✅
2025-10-04 16:50:40 - INFO - RPL Rank: 4472
2025-10-04 16:50:40 - INFO - --------------------------------------------------
2025-10-04 16:51:29 - INFO - Device: WN-L050-30 | IP: FD12:3456::92FD:9FFF:FEEE:9DF7 | Status: SUCCESS ✅
2025-10-04 16:51:29 - INFO - RPL Rank: 3762
2025-10-04 16:51:29 - INFO - --------------------------------------------------
