2025-10-04 12:38:13 - INFO - === RPL RANK TEST STARTED (28 devices) ===
2025-10-04 12:38:14 - INFO - Device: WN-L031-30 | IP: FD12:3456::B635:22FF:FE98:2537 | Status: SUCCESS ✅
2025-10-04 12:38:14 - INFO - RPL Rank: 636
2025-10-04 12:38:14 - INFO - --------------------------------------------------
2025-10-04 12:38:15 - INFO - Device: WN-L032-30 | IP: FD12:3456::B635:22FF:FE98:2523 | Status: SUCCESS ✅
2025-10-04 12:38:15 - INFO - RPL Rank: 839
2025-10-04 12:38:15 - INFO - --------------------------------------------------
2025-10-04 12:38:15 - INFO - Device: WN-L033-30 | IP: FD12:3456::B635:22FF:FE98:252B | Status: SUCCESS ✅
2025-10-04 12:38:15 - INFO - RPL Rank: 128
2025-10-04 12:38:15 - INFO - --------------------------------------------------
2025-10-04 12:38:17 - INFO - Device: WN-L034-30 | IP: FD12:3456::62A4:23FF:FE37:A3B3 | Status: SUCCESS ✅
2025-10-04 12:38:17 - INFO - RPL Rank: 1017
2025-10-04 12:38:17 - INFO - --------------------------------------------------
2025-10-04 12:38:18 - INFO - Device: WN-L035-30 | IP: FD12:3456::B635:22FF:FE98:285B | Status: SUCCESS ✅
2025-10-04 12:38:18 - INFO - RPL Rank: 473
2025-10-04 12:38:18 - INFO - --------------------------------------------------
2025-10-04 12:38:19 - INFO - Device: WN-L036-30 | IP: FD12:3456::62A4:23FF:FE37:A3A1 | Status: SUCCESS ✅
2025-10-04 12:38:19 - INFO - RPL Rank: 636
2025-10-04 12:38:19 - INFO - --------------------------------------------------
2025-10-04 12:38:20 - INFO - Device: WN-L037-30 | IP: FD12:3456::B635:22FF:FE98:2539 | Status: SUCCESS ✅
2025-10-04 12:38:20 - INFO - RPL Rank: 697
2025-10-04 12:38:20 - INFO - --------------------------------------------------
2025-10-04 12:38:22 - INFO - Device: WN-OF04-34 | IP: FD12:3456::B635:22FF:FE98:285C | Status: SUCCESS ✅
2025-10-04 12:38:22 - INFO - RPL Rank: 473
2025-10-04 12:38:22 - INFO - --------------------------------------------------
2025-10-04 12:38:24 - INFO - Device: WN-L050-30 | IP: FD12:3456::92FD:9FFF:FEEE:9DF7 | Status: SUCCESS ✅
2025-10-04 12:38:24 - INFO - RPL Rank: 839
2025-10-04 12:38:24 - INFO - --------------------------------------------------
2025-10-04 12:38:25 - INFO - Device: WN-L051-30 | IP: FD12:3456::B635:22FF:FE98:285D | Status: SUCCESS ✅
2025-10-04 12:38:25 - INFO - RPL Rank: 849
2025-10-04 12:38:25 - INFO - --------------------------------------------------
2025-10-04 12:38:28 - INFO - Device: WN-L038-30 | IP: FD12:3456::B635:22FF:FE98:253F | Status: SUCCESS ✅
2025-10-04 12:38:28 - INFO - RPL Rank: 1188
2025-10-04 12:38:28 - INFO - --------------------------------------------------
2025-10-04 12:40:08 - INFO - Device: WN-L039-30 | IP: FD12:3456::62A4:23FF:FE37:A3A8 | Status: FAILED ❌
2025-10-04 12:40:08 - INFO - RPL Rank: No response / error
2025-10-04 12:40:08 - INFO - --------------------------------------------------
2025-10-04 12:40:08 - INFO - Test stopped by user
2025-10-04 12:40:08 - INFO - SUMMARY: 11/28 devices responded (39.3% success rate)
2025-10-04 12:40:08 - INFO - === RPL RANK TEST COMPLETED ===
