2025-10-02 21:13:27 - INFO - === RPL RANK TEST STARTED (28 devices) ===
2025-10-02 21:13:33 - INFO - Device: WN-L031-30 | IP: FD12:3456::B635:22FF:FE98:2537 | Status: SUCCESS ✅
2025-10-02 21:13:33 - INFO - RPL Rank: 128
2025-10-02 21:13:33 - INFO - --------------------------------------------------
2025-10-02 21:15:13 - INFO - Device: WN-L032-30 | IP: FD12:3456::B635:22FF:FE98:2523 | Status: FAILED ❌
2025-10-02 21:15:13 - INFO - RPL Rank: No response / error
2025-10-02 21:15:13 - INFO - --------------------------------------------------
2025-10-02 21:17:03 - INFO - Device: WN-L033-30 | IP: FD12:3456::B635:22FF:FE98:252B | Status: FAILED ❌
2025-10-02 21:17:03 - INFO - RPL Rank: No response / error
2025-10-02 21:17:04 - INFO - --------------------------------------------------
2025-10-02 21:44:40 - INFO - Device: WN-L034-30 | IP: FD12:3456::62A4:23FF:FE37:A3B3 | Status: FAILED ❌
2025-10-02 22:08:11 - INFO - RPL Rank: No response / error
2025-10-02 22:15:58 - INFO - --------------------------------------------------
2025-10-02 22:46:29 - INFO - Device: WN-L035-30 | IP: FD12:3456::B635:22FF:FE98:285B | Status: FAILED ❌
2025-10-02 22:54:01 - INFO - RPL Rank: No response / error
2025-10-02 22:54:14 - INFO - --------------------------------------------------
2025-10-02 23:02:03 - INFO - Device: WN-L036-30 | IP: FD12:3456::62A4:23FF:FE37:A3A1 | Status: FAILED ❌
2025-10-02 23:02:40 - INFO - RPL Rank: No response / error
2025-10-02 23:04:37 - INFO - --------------------------------------------------
2025-10-02 23:05:38 - INFO - Device: WN-L037-30 | IP: FD12:3456::B635:22FF:FE98:2539 | Status: FAILED ❌
2025-10-02 23:06:00 - INFO - RPL Rank: No response / error
2025-10-02 23:06:45 - INFO - --------------------------------------------------
2025-10-02 23:10:29 - INFO - Device: WN-OF04-34 | IP: FD12:3456::B635:22FF:FE98:285C | Status: FAILED ❌
2025-10-02 23:11:22 - INFO - RPL Rank: No response / error
2025-10-02 23:12:56 - INFO - --------------------------------------------------
2025-10-02 23:15:48 - INFO - Device: WN-L050-30 | IP: FD12:3456::92FD:9FFF:FEEE:9DF7 | Status: FAILED ❌
2025-10-02 23:16:04 - INFO - RPL Rank: No response / error
2025-10-02 23:16:18 - INFO - --------------------------------------------------
2025-10-02 23:18:32 - INFO - Device: WN-L051-30 | IP: FD12:3456::B635:22FF:FE98:285D | Status: FAILED ❌
2025-10-02 23:18:59 - INFO - RPL Rank: No response / error
2025-10-02 23:19:45 - INFO - --------------------------------------------------
2025-10-02 23:26:40 - INFO - Device: WN-L038-30 | IP: FD12:3456::B635:22FF:FE98:253F | Status: FAILED ❌
2025-10-02 23:26:41 - INFO - RPL Rank: No response / error
2025-10-02 23:26:41 - INFO - --------------------------------------------------
2025-10-02 23:26:42 - INFO - Device: WN-L039-30 | IP: FD12:3456::62A4:23FF:FE37:A3A8 | Status: FAILED ❌
2025-10-02 23:26:44 - INFO - RPL Rank: No response / error
2025-10-02 23:26:45 - INFO - --------------------------------------------------
2025-10-02 23:27:07 - INFO - Device: WN-L040-30 | IP: FD12:3456::B635:22FF:FE98:2541 | Status: FAILED ❌
2025-10-02 23:27:16 - INFO - RPL Rank: No response / error
2025-10-02 23:27:38 - INFO - --------------------------------------------------
2025-10-02 23:30:02 - INFO - Device: WN-L041-30 | IP: FD12:3456::B635:22FF:FE98:2529 | Status: FAILED ❌
2025-10-02 23:35:44 - INFO - RPL Rank: No response / error
2025-10-02 23:38:54 - INFO - --------------------------------------------------
2025-10-02 23:39:11 - INFO - Device: WN-L042-30 | IP: FD12:3456::62A4:23FF:FE37:A3AC | Status: FAILED ❌
2025-10-02 23:39:11 - INFO - RPL Rank: No response / error
2025-10-02 23:39:11 - INFO - --------------------------------------------------
2025-10-02 23:39:34 - INFO - Device: WN-L043-30 | IP: FD12:3456::62A4:23FF:FE37:A39F | Status: FAILED ❌
2025-10-02 23:39:42 - INFO - RPL Rank: No response / error
2025-10-02 23:40:03 - INFO - --------------------------------------------------
2025-10-02 23:41:10 - INFO - Device: WN-L044-30 | IP: FD12:3456::B635:22FF:FE98:2534 | Status: FAILED ❌
2025-10-02 23:41:41 - INFO - RPL Rank: No response / error
2025-10-02 23:43:13 - INFO - --------------------------------------------------
2025-10-02 23:50:30 - INFO - Device: WN-L045-30 | IP: FD12:3456::B635:22FF:FE98:2524 | Status: FAILED ❌
2025-10-02 23:50:30 - INFO - RPL Rank: No response / error
2025-10-02 23:50:30 - INFO - --------------------------------------------------
2025-10-02 23:50:32 - INFO - Device: WN-L047-30 | IP: FD12:3456::92FD:9FFF:FEEE:9D40 | Status: FAILED ❌
2025-10-02 23:50:32 - INFO - RPL Rank: No response / error
2025-10-02 23:50:32 - INFO - --------------------------------------------------
2025-10-02 23:50:36 - INFO - Device: WN-L048-30 | IP: FD12:3456::B635:22FF:FE98:29A6 | Status: FAILED ❌
2025-10-02 23:50:36 - INFO - RPL Rank: No response / error
2025-10-02 23:50:36 - INFO - --------------------------------------------------
2025-10-02 23:50:38 - INFO - Device: WN-L052-30 | IP: FD12:3456::62A4:23FF:FE37:A3AD | Status: FAILED ❌
2025-10-02 23:50:38 - INFO - RPL Rank: No response / error
2025-10-02 23:50:38 - INFO - --------------------------------------------------
2025-10-02 23:50:38 - INFO - Device: WN-L053-30 | IP: FD12:3456::B635:22FF:FE98:252C | Status: FAILED ❌
2025-10-02 23:50:38 - INFO - RPL Rank: No response / error
2025-10-02 23:50:38 - INFO - --------------------------------------------------
2025-10-02 23:50:38 - INFO - Device: WN-L054-30 | IP: FD12:3456::B635:22FF:FE98:251E | Status: FAILED ❌
2025-10-02 23:50:38 - INFO - RPL Rank: No response / error
2025-10-02 23:50:38 - INFO - --------------------------------------------------
2025-10-02 23:50:38 - INFO - Device: WN-VA24-30 | IP: FD12:3456::B635:22FF:FE98:253E | Status: FAILED ❌
2025-10-02 23:50:38 - INFO - RPL Rank: No response / error
2025-10-02 23:50:38 - INFO - --------------------------------------------------
2025-10-02 23:50:38 - INFO - Device: WN-VA64-30 | IP: FD12:3456::B635:22FF:FE98:285E | Status: FAILED ❌
2025-10-02 23:50:38 - INFO - RPL Rank: No response / error
2025-10-02 23:50:38 - INFO - --------------------------------------------------
2025-10-02 23:50:38 - INFO - Device: WN-VC44-30 | IP: FD12:3456::62A4:23FF:FE37:A3A9 | Status: FAILED ❌
2025-10-02 23:50:38 - INFO - RPL Rank: No response / error
2025-10-02 23:50:38 - INFO - --------------------------------------------------
2025-10-02 23:50:38 - INFO - Device: WN-NI04-34 | IP: FD12:3456::62A4:23FF:FE37:A3AB | Status: FAILED ❌
2025-10-02 23:50:38 - INFO - RPL Rank: No response / error
2025-10-02 23:50:38 - INFO - --------------------------------------------------
2025-10-02 23:50:38 - INFO - Device: WN-L059-34 | IP: FD12:3456::B635:22FF:FE98:29A5 | Status: FAILED ❌
2025-10-02 23:50:38 - INFO - RPL Rank: No response / error
2025-10-02 23:50:38 - INFO - --------------------------------------------------
2025-10-02 23:50:38 - INFO - SUMMARY: 1/28 devices responded (3.6% success rate)
2025-10-02 23:50:38 - INFO - === RPL RANK TEST COMPLETED ===
