2025-10-02 20:15:33 - INFO - === RPL RANK TEST STARTED (28 devices) ===
2025-10-02 20:15:33 - INFO - Device: WN-L031-30 | IP: FD12:3456::B635:22FF:FE98:2537 | Status: SUCCESS ✅
2025-10-02 20:15:33 - INFO - RPL Rank: 128
2025-10-02 20:15:33 - INFO - --------------------------------------------------
2025-10-02 20:15:35 - INFO - Device: WN-L032-30 | IP: FD12:3456::B635:22FF:FE98:2523 | Status: SUCCESS ✅
2025-10-02 20:15:35 - INFO - RPL Rank: 727
2025-10-02 20:15:35 - INFO - --------------------------------------------------
2025-10-02 20:15:54 - INFO - Device: WN-L033-30 | IP: FD12:3456::B635:22FF:FE98:252B | Status: FAILED ❌
2025-10-02 20:15:54 - INFO - RPL Rank: No response / error
2025-10-02 20:15:54 - INFO - --------------------------------------------------
2025-10-02 20:15:56 - INFO - Device: WN-L034-30 | IP: FD12:3456::62A4:23FF:FE37:A3B3 | Status: SUCCESS ✅
2025-10-02 20:15:56 - INFO - RPL Rank: 727
2025-10-02 20:15:56 - INFO - --------------------------------------------------
2025-10-02 20:15:58 - INFO - Device: WN-L035-30 | IP: FD12:3456::B635:22FF:FE98:285B | Status: SUCCESS ✅
2025-10-02 20:15:58 - INFO - RPL Rank: 1022
2025-10-02 20:15:58 - INFO - --------------------------------------------------
2025-10-02 20:15:58 - INFO - Device: WN-L036-30 | IP: FD12:3456::62A4:23FF:FE37:A3A1 | Status: SUCCESS ✅
2025-10-02 20:15:58 - INFO - RPL Rank: 1014
2025-10-02 20:15:58 - INFO - --------------------------------------------------
2025-10-02 20:16:04 - INFO - Device: WN-L037-30 | IP: FD12:3456::B635:22FF:FE98:2539 | Status: SUCCESS ✅
2025-10-02 20:16:04 - INFO - RPL Rank: 1217
2025-10-02 20:16:04 - INFO - --------------------------------------------------
2025-10-02 20:16:09 - INFO - Device: WN-OF04-34 | IP: FD12:3456::B635:22FF:FE98:285C | Status: SUCCESS ✅
2025-10-02 20:16:09 - INFO - RPL Rank: 727
2025-10-02 20:16:09 - INFO - --------------------------------------------------
2025-10-02 20:16:11 - INFO - Device: WN-L050-30 | IP: FD12:3456::92FD:9FFF:FEEE:9DF7 | Status: SUCCESS ✅
2025-10-02 20:16:11 - INFO - RPL Rank: 727
2025-10-02 20:16:11 - INFO - --------------------------------------------------
2025-10-02 20:16:16 - INFO - Device: WN-L051-30 | IP: FD12:3456::B635:22FF:FE98:285D | Status: SUCCESS ✅
2025-10-02 20:16:16 - INFO - RPL Rank: 727
2025-10-02 20:16:16 - INFO - --------------------------------------------------
2025-10-02 20:16:18 - INFO - Device: WN-L038-30 | IP: FD12:3456::B635:22FF:FE98:253F | Status: SUCCESS ✅
2025-10-02 20:16:18 - INFO - RPL Rank: 992
2025-10-02 20:16:18 - INFO - --------------------------------------------------
2025-10-02 20:16:26 - INFO - Device: WN-L039-30 | IP: FD12:3456::62A4:23FF:FE37:A3A8 | Status: SUCCESS ✅
2025-10-02 20:16:26 - INFO - RPL Rank: 1459
2025-10-02 20:16:26 - INFO - --------------------------------------------------
2025-10-02 20:16:53 - INFO - Device: WN-L033-30 | IP: FD12:3456::B635:22FF:FE98:252B | Status: FAILED ❌
2025-10-02 20:16:53 - INFO - RPL Rank: No response / error
2025-10-02 20:16:53 - INFO - --------------------------------------------------
2025-10-02 20:16:54 - INFO - Device: WN-L034-30 | IP: FD12:3456::62A4:23FF:FE37:A3B3 | Status: SUCCESS ✅
2025-10-02 20:16:54 - INFO - RPL Rank: 706
2025-10-02 20:16:54 - INFO - --------------------------------------------------
2025-10-02 20:16:56 - INFO - Device: WN-L035-30 | IP: FD12:3456::B635:22FF:FE98:285B | Status: SUCCESS ✅
2025-10-02 20:16:56 - INFO - RPL Rank: 1014
2025-10-02 20:16:56 - INFO - --------------------------------------------------
2025-10-02 20:16:57 - INFO - Device: WN-L036-30 | IP: FD12:3456::62A4:23FF:FE37:A3A1 | Status: SUCCESS ✅
2025-10-02 20:16:57 - INFO - RPL Rank: 1014
2025-10-02 20:16:57 - INFO - --------------------------------------------------
2025-10-02 20:17:00 - INFO - Device: WN-L037-30 | IP: FD12:3456::B635:22FF:FE98:2539 | Status: SUCCESS ✅
2025-10-02 20:17:00 - INFO - RPL Rank: 1217
2025-10-02 20:17:00 - INFO - --------------------------------------------------
2025-10-02 20:17:04 - INFO - Device: WN-OF04-34 | IP: FD12:3456::B635:22FF:FE98:285C | Status: SUCCESS ✅
2025-10-02 20:17:04 - INFO - RPL Rank: 706
2025-10-02 20:17:04 - INFO - --------------------------------------------------
2025-10-02 20:17:06 - INFO - Device: WN-L050-30 | IP: FD12:3456::92FD:9FFF:FEEE:9DF7 | Status: SUCCESS ✅
2025-10-02 20:17:06 - INFO - RPL Rank: 706
2025-10-02 20:17:06 - INFO - --------------------------------------------------
2025-10-02 20:17:07 - INFO - Device: WN-L051-30 | IP: FD12:3456::B635:22FF:FE98:285D | Status: SUCCESS ✅
2025-10-02 20:17:07 - INFO - RPL Rank: 706
2025-10-02 20:17:07 - INFO - --------------------------------------------------
2025-10-02 20:17:12 - INFO - Device: WN-L038-30 | IP: FD12:3456::B635:22FF:FE98:253F | Status: SUCCESS ✅
2025-10-02 20:17:12 - INFO - RPL Rank: 992
2025-10-02 20:17:12 - INFO - --------------------------------------------------
2025-10-02 20:17:14 - INFO - Device: WN-L039-30 | IP: FD12:3456::62A4:23FF:FE37:A3A8 | Status: SUCCESS ✅
2025-10-02 20:17:14 - INFO - RPL Rank: 1459
2025-10-02 20:17:14 - INFO - --------------------------------------------------
2025-10-02 20:17:15 - INFO - Device: WN-L033-30 | IP: FD12:3456::B635:22FF:FE98:252B | Status: FAILED ❌
2025-10-02 20:17:15 - INFO - RPL Rank: No response / error
2025-10-02 20:17:15 - INFO - --------------------------------------------------
2025-10-02 20:17:16 - INFO - Device: WN-L034-30 | IP: FD12:3456::62A4:23FF:FE37:A3B3 | Status: SUCCESS ✅
2025-10-02 20:17:16 - INFO - RPL Rank: 706
2025-10-02 20:17:16 - INFO - --------------------------------------------------
2025-10-02 20:17:18 - INFO - Device: WN-L035-30 | IP: FD12:3456::B635:22FF:FE98:285B | Status: SUCCESS ✅
2025-10-02 20:17:18 - INFO - RPL Rank: 1014
2025-10-02 20:17:18 - INFO - --------------------------------------------------
2025-10-02 20:17:20 - INFO - Device: WN-L036-30 | IP: FD12:3456::62A4:23FF:FE37:A3A1 | Status: SUCCESS ✅
2025-10-02 20:17:20 - INFO - RPL Rank: 1014
2025-10-02 20:17:20 - INFO - --------------------------------------------------
2025-10-02 20:17:23 - INFO - Device: WN-L037-30 | IP: FD12:3456::B635:22FF:FE98:2539 | Status: SUCCESS ✅
2025-10-02 20:17:23 - INFO - RPL Rank: 1217
2025-10-02 20:17:23 - INFO - --------------------------------------------------
2025-10-02 20:17:24 - INFO - Device: WN-OF04-34 | IP: FD12:3456::B635:22FF:FE98:285C | Status: SUCCESS ✅
2025-10-02 20:17:24 - INFO - RPL Rank: 706
2025-10-02 20:17:24 - INFO - --------------------------------------------------
2025-10-02 20:17:25 - INFO - Device: WN-L050-30 | IP: FD12:3456::92FD:9FFF:FEEE:9DF7 | Status: SUCCESS ✅
2025-10-02 20:17:25 - INFO - RPL Rank: 706
2025-10-02 20:17:25 - INFO - --------------------------------------------------
2025-10-02 20:17:26 - INFO - Device: WN-L051-30 | IP: FD12:3456::B635:22FF:FE98:285D | Status: SUCCESS ✅
2025-10-02 20:17:26 - INFO - RPL Rank: 706
2025-10-02 20:17:26 - INFO - --------------------------------------------------
2025-10-02 20:17:28 - INFO - Device: WN-L038-30 | IP: FD12:3456::B635:22FF:FE98:253F | Status: SUCCESS ✅
2025-10-02 20:17:28 - INFO - RPL Rank: 992
2025-10-02 20:17:28 - INFO - --------------------------------------------------
2025-10-02 20:17:36 - INFO - Device: WN-L039-30 | IP: FD12:3456::62A4:23FF:FE37:A3A8 | Status: SUCCESS ✅
2025-10-02 20:17:36 - INFO - RPL Rank: 1459
2025-10-02 20:17:36 - INFO - --------------------------------------------------
2025-10-02 20:18:06 - INFO - Device: WN-L040-30 | IP: FD12:3456::B635:22FF:FE98:2541 | Status: FAILED ❌
2025-10-02 20:18:06 - INFO - RPL Rank: No response / error
2025-10-02 20:18:06 - INFO - --------------------------------------------------
2025-10-02 20:18:07 - INFO - Device: WN-L041-30 | IP: FD12:3456::B635:22FF:FE98:2529 | Status: SUCCESS ✅
2025-10-02 20:18:07 - INFO - RPL Rank: 420
2025-10-02 20:18:07 - INFO - --------------------------------------------------
2025-10-02 20:18:14 - INFO - Device: WN-L042-30 | IP: FD12:3456::62A4:23FF:FE37:A3AC | Status: SUCCESS ✅
2025-10-02 20:18:14 - INFO - RPL Rank: 1461
2025-10-02 20:18:14 - INFO - --------------------------------------------------
2025-10-02 20:18:54 - INFO - Device: WN-L040-30 | IP: FD12:3456::B635:22FF:FE98:2541 | Status: FAILED ❌
2025-10-02 20:18:54 - INFO - RPL Rank: No response / error
2025-10-02 20:18:54 - INFO - --------------------------------------------------
2025-10-02 20:18:54 - INFO - Device: WN-L041-30 | IP: FD12:3456::B635:22FF:FE98:2529 | Status: SUCCESS ✅
2025-10-02 20:18:54 - INFO - RPL Rank: 420
2025-10-02 20:18:54 - INFO - --------------------------------------------------
2025-10-02 20:18:55 - INFO - Device: WN-L042-30 | IP: FD12:3456::62A4:23FF:FE37:A3AC | Status: SUCCESS ✅
2025-10-02 20:18:55 - INFO - RPL Rank: 1461
2025-10-02 20:18:55 - INFO - --------------------------------------------------
2025-10-02 20:18:59 - INFO - Device: WN-L043-30 | IP: FD12:3456::62A4:23FF:FE37:A39F | Status: SUCCESS ✅
2025-10-02 20:18:59 - INFO - RPL Rank: 2661
2025-10-02 20:18:59 - INFO - --------------------------------------------------
2025-10-02 20:19:16 - INFO - Device: WN-L040-30 | IP: FD12:3456::B635:22FF:FE98:2541 | Status: FAILED ❌
2025-10-02 20:19:16 - INFO - RPL Rank: No response / error
2025-10-02 20:19:16 - INFO - --------------------------------------------------
2025-10-02 20:19:17 - INFO - Device: WN-L041-30 | IP: FD12:3456::B635:22FF:FE98:2529 | Status: SUCCESS ✅
2025-10-02 20:19:17 - INFO - RPL Rank: 420
2025-10-02 20:19:17 - INFO - --------------------------------------------------
2025-10-02 20:19:23 - INFO - Device: WN-L042-30 | IP: FD12:3456::62A4:23FF:FE37:A3AC | Status: SUCCESS ✅
2025-10-02 20:19:23 - INFO - RPL Rank: 1430
2025-10-02 20:19:23 - INFO - --------------------------------------------------
2025-10-02 20:19:31 - INFO - Device: WN-L043-30 | IP: FD12:3456::62A4:23FF:FE37:A39F | Status: SUCCESS ✅
2025-10-02 20:19:31 - INFO - RPL Rank: 2661
2025-10-02 20:19:31 - INFO - --------------------------------------------------
2025-10-02 20:19:39 - INFO - Device: WN-L044-30 | IP: FD12:3456::B635:22FF:FE98:2534 | Status: SUCCESS ✅
2025-10-02 20:19:39 - INFO - RPL Rank: 2661
2025-10-02 20:19:39 - INFO - --------------------------------------------------
2025-10-02 20:19:54 - INFO - Device: WN-L043-30 | IP: FD12:3456::62A4:23FF:FE37:A39F | Status: FAILED ❌
2025-10-02 20:19:54 - INFO - RPL Rank: No response / error
2025-10-02 20:19:54 - INFO - --------------------------------------------------
2025-10-02 20:20:39 - INFO - Device: WN-L044-30 | IP: FD12:3456::B635:22FF:FE98:2534 | Status: FAILED ❌
2025-10-02 20:20:39 - INFO - RPL Rank: No response / error
2025-10-02 20:20:39 - INFO - --------------------------------------------------
2025-10-02 20:21:19 - INFO - Device: WN-L045-30 | IP: FD12:3456::B635:22FF:FE98:2524 | Status: FAILED ❌
2025-10-02 20:21:19 - INFO - RPL Rank: No response / error
2025-10-02 20:21:19 - INFO - --------------------------------------------------
2025-10-02 20:21:23 - INFO - Device: WN-L047-30 | IP: FD12:3456::92FD:9FFF:FEEE:9D40 | Status: SUCCESS ✅
2025-10-02 20:21:23 - INFO - RPL Rank: 2096
2025-10-02 20:21:23 - INFO - --------------------------------------------------
2025-10-02 20:21:34 - INFO - Device: WN-L044-30 | IP: FD12:3456::B635:22FF:FE98:2534 | Status: FAILED ❌
2025-10-02 20:21:34 - INFO - RPL Rank: No response / error
2025-10-02 20:21:34 - INFO - --------------------------------------------------
2025-10-02 20:22:19 - INFO - Device: WN-L045-30 | IP: FD12:3456::B635:22FF:FE98:2524 | Status: FAILED ❌
2025-10-02 20:22:19 - INFO - RPL Rank: No response / error
2025-10-02 20:22:19 - INFO - --------------------------------------------------
2025-10-02 20:22:25 - INFO - Device: WN-L047-30 | IP: FD12:3456::92FD:9FFF:FEEE:9D40 | Status: SUCCESS ✅
2025-10-02 20:22:25 - INFO - RPL Rank: 2096
2025-10-02 20:22:25 - INFO - --------------------------------------------------
2025-10-02 20:23:03 - INFO - Device: WN-L048-30 | IP: FD12:3456::B635:22FF:FE98:29A6 | Status: FAILED ❌
2025-10-02 20:23:03 - INFO - RPL Rank: No response / error
2025-10-02 20:23:03 - INFO - --------------------------------------------------
2025-10-02 20:23:14 - INFO - Device: WN-L045-30 | IP: FD12:3456::B635:22FF:FE98:2524 | Status: FAILED ❌
2025-10-02 20:23:14 - INFO - RPL Rank: No response / error
2025-10-02 20:23:14 - INFO - --------------------------------------------------
2025-10-02 20:23:29 - INFO - Device: WN-L047-30 | IP: FD12:3456::92FD:9FFF:FEEE:9D40 | Status: SUCCESS ✅
2025-10-02 20:23:29 - INFO - RPL Rank: 2023
2025-10-02 20:23:29 - INFO - --------------------------------------------------
2025-10-02 20:24:05 - INFO - Device: WN-L048-30 | IP: FD12:3456::B635:22FF:FE98:29A6 | Status: FAILED ❌
2025-10-02 20:24:05 - INFO - RPL Rank: No response / error
2025-10-02 20:24:05 - INFO - --------------------------------------------------
2025-10-02 20:24:43 - INFO - Device: WN-L052-30 | IP: FD12:3456::62A4:23FF:FE37:A3AD | Status: FAILED ❌
2025-10-02 20:24:43 - INFO - RPL Rank: No response / error
2025-10-02 20:24:43 - INFO - --------------------------------------------------
2025-10-02 20:25:09 - INFO - Device: WN-L048-30 | IP: FD12:3456::B635:22FF:FE98:29A6 | Status: FAILED ❌
2025-10-02 20:25:09 - INFO - RPL Rank: No response / error
2025-10-02 20:25:09 - INFO - --------------------------------------------------
2025-10-02 20:25:45 - INFO - Device: WN-L052-30 | IP: FD12:3456::62A4:23FF:FE37:A3AD | Status: FAILED ❌
2025-10-02 20:25:45 - INFO - RPL Rank: No response / error
2025-10-02 20:25:45 - INFO - --------------------------------------------------
2025-10-02 20:26:23 - INFO - Device: WN-L053-30 | IP: FD12:3456::B635:22FF:FE98:252C | Status: FAILED ❌
2025-10-02 20:26:23 - INFO - RPL Rank: No response / error
2025-10-02 20:26:23 - INFO - --------------------------------------------------
2025-10-02 20:26:49 - INFO - Device: WN-L052-30 | IP: FD12:3456::62A4:23FF:FE37:A3AD | Status: FAILED ❌
2025-10-02 20:26:49 - INFO - RPL Rank: No response / error
2025-10-02 20:26:49 - INFO - --------------------------------------------------
2025-10-02 20:27:25 - INFO - Device: WN-L053-30 | IP: FD12:3456::B635:22FF:FE98:252C | Status: FAILED ❌
2025-10-02 20:27:25 - INFO - RPL Rank: No response / error
2025-10-02 20:27:25 - INFO - --------------------------------------------------
2025-10-02 20:28:03 - INFO - Device: WN-L054-30 | IP: FD12:3456::B635:22FF:FE98:251E | Status: FAILED ❌
2025-10-02 20:28:03 - INFO - RPL Rank: No response / error
2025-10-02 20:28:03 - INFO - --------------------------------------------------
2025-10-02 20:28:05 - INFO - Device: WN-VA24-30 | IP: FD12:3456::B635:22FF:FE98:253E | Status: SUCCESS ✅
2025-10-02 20:28:05 - INFO - RPL Rank: 919
2025-10-02 20:28:05 - INFO - --------------------------------------------------
2025-10-02 20:28:05 - INFO - Device: WN-VA64-30 | IP: FD12:3456::B635:22FF:FE98:285E | Status: SUCCESS ✅
2025-10-02 20:28:05 - INFO - RPL Rank: 128
2025-10-02 20:28:05 - INFO - --------------------------------------------------
2025-10-02 20:28:06 - INFO - Device: WN-VC44-30 | IP: FD12:3456::62A4:23FF:FE37:A3A9 | Status: SUCCESS ✅
2025-10-02 20:28:06 - INFO - RPL Rank: 128
2025-10-02 20:28:06 - INFO - --------------------------------------------------
2025-10-02 20:28:29 - INFO - Device: WN-L053-30 | IP: FD12:3456::B635:22FF:FE98:252C | Status: FAILED ❌
2025-10-02 20:28:29 - INFO - RPL Rank: No response / error
2025-10-02 20:28:29 - INFO - --------------------------------------------------
2025-10-02 20:29:05 - INFO - Device: WN-L054-30 | IP: FD12:3456::B635:22FF:FE98:251E | Status: FAILED ❌
2025-10-02 20:29:05 - INFO - RPL Rank: No response / error
2025-10-02 20:29:05 - INFO - --------------------------------------------------
2025-10-02 20:29:06 - INFO - Device: WN-VA24-30 | IP: FD12:3456::B635:22FF:FE98:253E | Status: SUCCESS ✅
2025-10-02 20:29:06 - INFO - RPL Rank: 919
2025-10-02 20:29:06 - INFO - --------------------------------------------------
2025-10-02 20:29:07 - INFO - Device: WN-VA64-30 | IP: FD12:3456::B635:22FF:FE98:285E | Status: SUCCESS ✅
2025-10-02 20:29:07 - INFO - RPL Rank: 128
2025-10-02 20:29:07 - INFO - --------------------------------------------------
2025-10-02 20:29:07 - INFO - Device: WN-VC44-30 | IP: FD12:3456::62A4:23FF:FE37:A3A9 | Status: SUCCESS ✅
2025-10-02 20:29:07 - INFO - RPL Rank: 128
2025-10-02 20:29:07 - INFO - --------------------------------------------------
2025-10-02 20:29:46 - INFO - Device: WN-NI04-34 | IP: FD12:3456::62A4:23FF:FE37:A3AB | Status: FAILED ❌
2025-10-02 20:29:46 - INFO - RPL Rank: No response / error
2025-10-02 20:29:46 - INFO - --------------------------------------------------
2025-10-02 20:30:09 - INFO - Device: WN-L054-30 | IP: FD12:3456::B635:22FF:FE98:251E | Status: FAILED ❌
2025-10-02 20:30:09 - INFO - RPL Rank: No response / error
2025-10-02 20:30:09 - INFO - --------------------------------------------------
2025-10-02 20:30:11 - INFO - Device: WN-VA24-30 | IP: FD12:3456::B635:22FF:FE98:253E | Status: SUCCESS ✅
2025-10-02 20:30:11 - INFO - RPL Rank: 919
2025-10-02 20:30:11 - INFO - --------------------------------------------------
2025-10-02 20:30:12 - INFO - Device: WN-VA64-30 | IP: FD12:3456::B635:22FF:FE98:285E | Status: SUCCESS ✅
2025-10-02 20:30:12 - INFO - RPL Rank: 128
2025-10-02 20:30:12 - INFO - --------------------------------------------------
2025-10-02 20:30:13 - INFO - Device: WN-VC44-30 | IP: FD12:3456::62A4:23FF:FE37:A3A9 | Status: SUCCESS ✅
2025-10-02 20:30:13 - INFO - RPL Rank: 128
2025-10-02 20:30:13 - INFO - --------------------------------------------------
2025-10-02 20:30:47 - INFO - Device: WN-NI04-34 | IP: FD12:3456::62A4:23FF:FE37:A3AB | Status: FAILED ❌
2025-10-02 20:30:47 - INFO - RPL Rank: No response / error
2025-10-02 20:30:47 - INFO - --------------------------------------------------
2025-10-02 20:31:26 - INFO - Device: WN-L059-34 | IP: FD12:3456::B635:22FF:FE98:29A5 | Status: FAILED ❌
2025-10-02 20:31:26 - INFO - RPL Rank: No response / error
2025-10-02 20:31:26 - INFO - --------------------------------------------------
2025-10-02 20:31:26 - INFO - SUMMARY: 19/28 devices responded (67.9% success rate)
2025-10-02 20:31:26 - INFO - === RPL RANK TEST COMPLETED ===
2025-10-02 20:31:53 - INFO - Device: WN-NI04-34 | IP: FD12:3456::62A4:23FF:FE37:A3AB | Status: FAILED ❌
2025-10-02 20:31:53 - INFO - RPL Rank: No response / error
2025-10-02 20:31:53 - INFO - --------------------------------------------------
2025-10-02 20:32:27 - INFO - Device: WN-L059-34 | IP: FD12:3456::B635:22FF:FE98:29A5 | Status: FAILED ❌
2025-10-02 20:32:27 - INFO - RPL Rank: No response / error
2025-10-02 20:32:27 - INFO - --------------------------------------------------
2025-10-02 20:32:27 - INFO - SUMMARY: 18/28 devices responded (64.3% success rate)
2025-10-02 20:32:27 - INFO - === RPL RANK TEST COMPLETED ===
2025-10-02 20:33:33 - INFO - Device: WN-L059-34 | IP: FD12:3456::B635:22FF:FE98:29A5 | Status: FAILED ❌
2025-10-02 20:33:33 - INFO - RPL Rank: No response / error
2025-10-02 20:33:33 - INFO - --------------------------------------------------
2025-10-02 20:33:33 - INFO - SUMMARY: 17/28 devices responded (60.7% success rate)
2025-10-02 20:33:33 - INFO - === RPL RANK TEST COMPLETED ===
