2025-10-04 17:26:36 - INFO - === RPL RANK TEST STARTED (28 devices) ===
2025-10-04 17:26:37 - INFO - Device: WN-L031-30 | IP: FD12:3456::B635:22FF:FE98:2537 | Status: FAILED ❌
2025-10-04 17:26:37 - INFO - RPL Rank: No response / error
2025-10-04 17:26:37 - INFO - --------------------------------------------------
2025-10-04 17:26:38 - INFO - Device: WN-L032-30 | IP: FD12:3456::B635:22FF:FE98:2523 | Status: FAILED ❌
2025-10-04 17:26:38 - INFO - RPL Rank: No response / error
2025-10-04 17:26:38 - INFO - --------------------------------------------------
2025-10-04 17:26:39 - INFO - Device: WN-L033-30 | IP: FD12:3456::B635:22FF:FE98:252B | Status: FAILED ❌
2025-10-04 17:26:39 - INFO - RPL Rank: No response / error
2025-10-04 17:26:39 - INFO - --------------------------------------------------
2025-10-04 17:26:40 - INFO - Device: WN-L034-30 | IP: FD12:3456::62A4:23FF:FE37:A3B3 | Status: FAILED ❌
2025-10-04 17:26:40 - INFO - RPL Rank: No response / error
2025-10-04 17:26:40 - INFO - --------------------------------------------------
2025-10-04 17:26:41 - INFO - Device: WN-L035-30 | IP: FD12:3456::B635:22FF:FE98:285B | Status: FAILED ❌
2025-10-04 17:26:41 - INFO - RPL Rank: No response / error
2025-10-04 17:26:41 - INFO - --------------------------------------------------
2025-10-04 17:26:42 - INFO - Device: WN-L036-30 | IP: FD12:3456::62A4:23FF:FE37:A3A1 | Status: FAILED ❌
2025-10-04 17:26:42 - INFO - RPL Rank: No response / error
2025-10-04 17:26:42 - INFO - --------------------------------------------------
2025-10-04 17:26:43 - INFO - Device: WN-L037-30 | IP: FD12:3456::B635:22FF:FE98:2539 | Status: FAILED ❌
2025-10-04 17:26:43 - INFO - RPL Rank: No response / error
2025-10-04 17:26:43 - INFO - --------------------------------------------------
2025-10-04 17:26:43 - INFO - Test stopped by user
2025-10-04 17:26:43 - INFO - SUMMARY: 0/28 devices responded (0.0% success rate)
2025-10-04 17:26:43 - INFO - === RPL RANK TEST COMPLETED ===
