2025-10-04 17:09:51 - INFO - === RPL RANK TEST STARTED (28 devices) ===
2025-10-04 17:09:52 - INFO - Device: WN-L031-30 | IP: FD12:3456::B635:22FF:FE98:2537 | Status: FAILED ❌
2025-10-04 17:09:52 - INFO - RPL Rank: No response / error
2025-10-04 17:09:52 - INFO - --------------------------------------------------
2025-10-04 17:09:53 - INFO - Device: WN-L032-30 | IP: FD12:3456::B635:22FF:FE98:2523 | Status: FAILED ❌
2025-10-04 17:09:53 - INFO - RPL Rank: No response / error
2025-10-04 17:09:53 - INFO - --------------------------------------------------
2025-10-04 17:09:54 - INFO - Device: WN-L033-30 | IP: FD12:3456::B635:22FF:FE98:252B | Status: FAILED ❌
2025-10-04 17:09:54 - INFO - RPL Rank: No response / error
2025-10-04 17:09:54 - INFO - --------------------------------------------------
2025-10-04 17:09:55 - INFO - Device: WN-L034-30 | IP: FD12:3456::62A4:23FF:FE37:A3B3 | Status: FAILED ❌
2025-10-04 17:09:55 - INFO - RPL Rank: No response / error
2025-10-04 17:09:55 - INFO - --------------------------------------------------
2025-10-04 17:09:56 - INFO - Device: WN-L035-30 | IP: FD12:3456::B635:22FF:FE98:285B | Status: FAILED ❌
2025-10-04 17:09:56 - INFO - RPL Rank: No response / error
2025-10-04 17:09:56 - INFO - --------------------------------------------------
2025-10-04 17:09:57 - INFO - Device: WN-L036-30 | IP: FD12:3456::62A4:23FF:FE37:A3A1 | Status: FAILED ❌
2025-10-04 17:09:57 - INFO - RPL Rank: No response / error
2025-10-04 17:09:57 - INFO - --------------------------------------------------
2025-10-04 17:09:58 - INFO - Device: WN-L037-30 | IP: FD12:3456::B635:22FF:FE98:2539 | Status: FAILED ❌
2025-10-04 17:09:58 - INFO - RPL Rank: No response / error
2025-10-04 17:09:58 - INFO - --------------------------------------------------
2025-10-04 17:09:59 - INFO - Device: WN-OF04-34 | IP: FD12:3456::B635:22FF:FE98:285C | Status: FAILED ❌
2025-10-04 17:09:59 - INFO - RPL Rank: No response / error
2025-10-04 17:09:59 - INFO - --------------------------------------------------
2025-10-04 17:10:00 - INFO - Device: WN-L050-30 | IP: FD12:3456::92FD:9FFF:FEEE:9DF7 | Status: FAILED ❌
2025-10-04 17:10:00 - INFO - RPL Rank: No response / error
2025-10-04 17:10:00 - INFO - --------------------------------------------------
2025-10-04 17:10:00 - INFO - Test stopped by user
2025-10-04 17:10:00 - INFO - SUMMARY: 0/28 devices responded (0.0% success rate)
2025-10-04 17:10:00 - INFO - === RPL RANK TEST COMPLETED ===
2025-10-04 17:11:15 - INFO - Device: WN-L031-30 | IP: FD12:3456::B635:22FF:FE98:2537 | Status: FAILED ❌
2025-10-04 17:11:15 - INFO - RPL Rank: No response / error
2025-10-04 17:11:15 - INFO - --------------------------------------------------
2025-10-04 17:12:55 - INFO - Device: WN-L032-30 | IP: FD12:3456::B635:22FF:FE98:2523 | Status: FAILED ❌
2025-10-04 17:12:55 - INFO - RPL Rank: No response / error
2025-10-04 17:12:55 - INFO - --------------------------------------------------
2025-10-04 17:13:04 - INFO - Device: WN-L033-30 | IP: FD12:3456::B635:22FF:FE98:252B | Status: SUCCESS ✅
2025-10-04 17:13:04 - INFO - RPL Rank: 4526
2025-10-04 17:13:04 - INFO - --------------------------------------------------
2025-10-04 17:14:44 - INFO - Device: WN-L034-30 | IP: FD12:3456::62A4:23FF:FE37:A3B3 | Status: FAILED ❌
2025-10-04 17:14:44 - INFO - RPL Rank: No response / error
2025-10-04 17:14:44 - INFO - --------------------------------------------------
2025-10-04 17:16:24 - INFO - Device: WN-L035-30 | IP: FD12:3456::B635:22FF:FE98:285B | Status: FAILED ❌
2025-10-04 17:16:24 - INFO - RPL Rank: No response / error
2025-10-04 17:16:24 - INFO - --------------------------------------------------
2025-10-04 17:17:04 - INFO - Device: WN-L036-30 | IP: FD12:3456::62A4:23FF:FE37:A3A1 | Status: SUCCESS ✅
2025-10-04 17:17:04 - INFO - RPL Rank: 4232
2025-10-04 17:17:04 - INFO - --------------------------------------------------
2025-10-04 17:17:49 - INFO - Device: WN-L037-30 | IP: FD12:3456::B635:22FF:FE98:2539 | Status: SUCCESS ✅
2025-10-04 17:17:49 - INFO - RPL Rank: 4533
2025-10-04 17:17:49 - INFO - --------------------------------------------------
2025-10-04 17:18:20 - INFO - Device: WN-OF04-34 | IP: FD12:3456::B635:22FF:FE98:285C | Status: SUCCESS ✅
2025-10-04 17:18:20 - INFO - RPL Rank: 4445
2025-10-04 17:18:20 - INFO - --------------------------------------------------
