2025-10-02 20:14:32 - INFO - === RPL RANK TEST STARTED (28 devices) ===
2025-10-02 20:14:33 - INFO - Device: WN-L031-30 | IP: FD12:3456::B635:22FF:FE98:2537 | Status: FAILED ❌
2025-10-02 20:14:33 - INFO - RPL Rank: No response / error
2025-10-02 20:14:33 - INFO - --------------------------------------------------
2025-10-02 20:14:34 - INFO - Device: WN-L032-30 | IP: FD12:3456::B635:22FF:FE98:2523 | Status: FAILED ❌
2025-10-02 20:14:34 - INFO - RPL Rank: No response / error
2025-10-02 20:14:34 - INFO - --------------------------------------------------
2025-10-02 20:14:35 - INFO - Device: WN-L033-30 | IP: FD12:3456::B635:22FF:FE98:252B | Status: FAILED ❌
2025-10-02 20:14:35 - INFO - RPL Rank: No response / error
2025-10-02 20:14:35 - INFO - --------------------------------------------------
2025-10-02 20:14:36 - INFO - Device: WN-L034-30 | IP: FD12:3456::62A4:23FF:FE37:A3B3 | Status: FAILED ❌
2025-10-02 20:14:36 - INFO - RPL Rank: No response / error
2025-10-02 20:14:36 - INFO - --------------------------------------------------
2025-10-02 20:14:37 - INFO - Device: WN-L035-30 | IP: FD12:3456::B635:22FF:FE98:285B | Status: FAILED ❌
2025-10-02 20:14:37 - INFO - RPL Rank: No response / error
2025-10-02 20:14:37 - INFO - --------------------------------------------------
2025-10-02 20:14:38 - INFO - Device: WN-L036-30 | IP: FD12:3456::62A4:23FF:FE37:A3A1 | Status: FAILED ❌
2025-10-02 20:14:38 - INFO - RPL Rank: No response / error
2025-10-02 20:14:38 - INFO - --------------------------------------------------
2025-10-02 20:14:39 - INFO - Device: WN-L037-30 | IP: FD12:3456::B635:22FF:FE98:2539 | Status: FAILED ❌
2025-10-02 20:14:39 - INFO - RPL Rank: No response / error
2025-10-02 20:14:39 - INFO - --------------------------------------------------
2025-10-02 20:14:40 - INFO - Device: WN-OF04-34 | IP: FD12:3456::B635:22FF:FE98:285C | Status: FAILED ❌
2025-10-02 20:14:40 - INFO - RPL Rank: No response / error
2025-10-02 20:14:40 - INFO - --------------------------------------------------
2025-10-02 20:14:41 - INFO - Device: WN-L050-30 | IP: FD12:3456::92FD:9FFF:FEEE:9DF7 | Status: FAILED ❌
2025-10-02 20:14:41 - INFO - RPL Rank: No response / error
2025-10-02 20:14:41 - INFO - --------------------------------------------------
2025-10-02 20:14:42 - INFO - Device: WN-L051-30 | IP: FD12:3456::B635:22FF:FE98:285D | Status: FAILED ❌
2025-10-02 20:14:42 - INFO - RPL Rank: No response / error
2025-10-02 20:14:42 - INFO - --------------------------------------------------
2025-10-02 20:14:42 - INFO - Test stopped by user
2025-10-02 20:14:42 - INFO - SUMMARY: 0/28 devices responded (0.0% success rate)
2025-10-02 20:14:42 - INFO - === RPL RANK TEST COMPLETED ===
