2025-10-03 12:35:00 - INFO - === RSL TEST STARTED (28 devices) ===
2025-10-03 12:35:03 - INFO - Device: WN-L031-30 | IP: FD12:3456::B635:22FF:FE98:2537 | Status: SUCCESS ✅
2025-10-03 12:35:03 - INFO - RSL In: -90 | RSL Out: -89
2025-10-03 12:35:03 - INFO - --------------------------------------------------
2025-10-03 12:35:06 - INFO - Device: WN-L032-30 | IP: FD12:3456::B635:22FF:FE98:2523 | Status: SUCCESS ✅
2025-10-03 12:35:06 - INFO - RSL In: -76 | RSL Out: -75
2025-10-03 12:35:06 - INFO - --------------------------------------------------
2025-10-03 12:35:07 - INFO - Device: WN-L033-30 | IP: FD12:3456::B635:22FF:FE98:252B | Status: SUCCESS ✅
2025-10-03 12:35:07 - INFO - RSL In: -70 | RSL Out: -83
2025-10-03 12:35:07 - INFO - --------------------------------------------------
2025-10-03 12:35:10 - INFO - Device: WN-L034-30 | IP: FD12:3456::62A4:23FF:FE37:A3B3 | Status: SUCCESS ✅
2025-10-03 12:35:10 - INFO - RSL In: -74 | RSL Out: -77
2025-10-03 12:35:10 - INFO - --------------------------------------------------
2025-10-03 12:35:13 - INFO - Device: WN-L035-30 | IP: FD12:3456::B635:22FF:FE98:285B | Status: SUCCESS ✅
2025-10-03 12:35:13 - INFO - RSL In: -67 | RSL Out: -69
2025-10-03 12:35:13 - INFO - --------------------------------------------------
2025-10-03 12:35:18 - INFO - Device: WN-L036-30 | IP: FD12:3456::62A4:23FF:FE37:A3A1 | Status: SUCCESS ✅
2025-10-03 12:35:18 - INFO - RSL In: -89 | RSL Out: -87
2025-10-03 12:35:18 - INFO - --------------------------------------------------
2025-10-03 12:35:19 - INFO - Device: WN-L037-30 | IP: FD12:3456::B635:22FF:FE98:2539 | Status: SUCCESS ✅
2025-10-03 12:35:19 - INFO - RSL In: -87 | RSL Out: -89
2025-10-03 12:35:19 - INFO - --------------------------------------------------
2025-10-03 12:35:20 - INFO - Device: WN-OF04-34 | IP: FD12:3456::B635:22FF:FE98:285C | Status: SUCCESS ✅
2025-10-03 12:35:20 - INFO - RSL In: -79 | RSL Out: -75
2025-10-03 12:35:20 - INFO - --------------------------------------------------
2025-10-03 12:35:22 - INFO - Device: WN-L050-30 | IP: FD12:3456::92FD:9FFF:FEEE:9DF7 | Status: SUCCESS ✅
2025-10-03 12:35:22 - INFO - RSL In: -90 | RSL Out: -87
2025-10-03 12:35:22 - INFO - --------------------------------------------------
2025-10-03 12:35:24 - INFO - Device: WN-L051-30 | IP: FD12:3456::B635:22FF:FE98:285D | Status: SUCCESS ✅
2025-10-03 12:35:24 - INFO - RSL In: -87 | RSL Out: -87
2025-10-03 12:35:24 - INFO - --------------------------------------------------
2025-10-03 12:35:41 - INFO - Device: WN-L038-30 | IP: FD12:3456::B635:22FF:FE98:253F | Status: SUCCESS ✅
2025-10-03 12:35:41 - INFO - RSL In: -82 | RSL Out: -78
2025-10-03 12:35:41 - INFO - --------------------------------------------------
2025-10-03 12:37:22 - INFO - Device: WN-L039-30 | IP: FD12:3456::62A4:23FF:FE37:A3A8 | Status: FAILED ❌
2025-10-03 12:37:22 - INFO - RSL In: No response / error | RSL Out: No response / error
2025-10-03 12:37:22 - INFO - --------------------------------------------------
2025-10-03 12:39:02 - INFO - Device: WN-L040-30 | IP: FD12:3456::B635:22FF:FE98:2541 | Status: FAILED ❌
2025-10-03 12:39:02 - INFO - RSL In: No response / error | RSL Out: No response / error
2025-10-03 12:39:02 - INFO - --------------------------------------------------
2025-10-03 12:39:05 - INFO - Device: WN-L041-30 | IP: FD12:3456::B635:22FF:FE98:2529 | Status: SUCCESS ✅
2025-10-03 12:39:05 - INFO - RSL In: -81 | RSL Out: -84
2025-10-03 12:39:05 - INFO - --------------------------------------------------
2025-10-03 12:40:45 - INFO - Device: WN-L042-30 | IP: FD12:3456::62A4:23FF:FE37:A3AC | Status: FAILED ❌
2025-10-03 12:40:45 - INFO - RSL In: No response / error | RSL Out: No response / error
2025-10-03 12:40:45 - INFO - --------------------------------------------------
2025-10-03 12:42:25 - INFO - Device: WN-L043-30 | IP: FD12:3456::62A4:23FF:FE37:A39F | Status: FAILED ❌
2025-10-03 12:42:25 - INFO - RSL In: No response / error | RSL Out: No response / error
2025-10-03 12:42:25 - INFO - --------------------------------------------------
2025-10-03 12:44:05 - INFO - Device: WN-L044-30 | IP: FD12:3456::B635:22FF:FE98:2534 | Status: FAILED ❌
2025-10-03 12:44:05 - INFO - RSL In: No response / error | RSL Out: No response / error
2025-10-03 12:44:05 - INFO - --------------------------------------------------
2025-10-03 12:45:45 - INFO - Device: WN-L045-30 | IP: FD12:3456::B635:22FF:FE98:2524 | Status: FAILED ❌
2025-10-03 12:45:45 - INFO - RSL In: No response / error | RSL Out: No response / error
2025-10-03 12:45:45 - INFO - --------------------------------------------------
2025-10-03 12:45:46 - INFO - Device: WN-L047-30 | IP: FD12:3456::92FD:9FFF:FEEE:9D40 | Status: SUCCESS ✅
2025-10-03 12:45:46 - INFO - RSL In: -86 | RSL Out: -81
2025-10-03 12:45:46 - INFO - --------------------------------------------------
2025-10-03 12:45:47 - INFO - Device: WN-L048-30 | IP: FD12:3456::B635:22FF:FE98:29A6 | Status: SUCCESS ✅
2025-10-03 12:45:47 - INFO - RSL In: -74 | RSL Out: -76
2025-10-03 12:45:47 - INFO - --------------------------------------------------
2025-10-03 12:47:27 - INFO - Device: WN-L052-30 | IP: FD12:3456::62A4:23FF:FE37:A3AD | Status: FAILED ❌
2025-10-03 12:47:27 - INFO - RSL In: No response / error | RSL Out: No response / error
2025-10-03 12:47:27 - INFO - --------------------------------------------------
2025-10-03 12:47:30 - INFO - Device: WN-L053-30 | IP: FD12:3456::B635:22FF:FE98:252C | Status: SUCCESS ✅
2025-10-03 12:47:30 - INFO - RSL In: -86 | RSL Out: -83
2025-10-03 12:47:30 - INFO - --------------------------------------------------
2025-10-03 12:47:31 - INFO - Device: WN-L054-30 | IP: FD12:3456::B635:22FF:FE98:251E | Status: SUCCESS ✅
2025-10-03 12:47:31 - INFO - RSL In: -73 | RSL Out: -74
2025-10-03 12:47:31 - INFO - --------------------------------------------------
2025-10-03 12:47:33 - INFO - Device: WN-VA24-30 | IP: FD12:3456::B635:22FF:FE98:253E | Status: SUCCESS ✅
2025-10-03 12:47:33 - INFO - RSL In: -87 | RSL Out: -83
2025-10-03 12:47:33 - INFO - --------------------------------------------------
2025-10-03 12:47:34 - INFO - Device: WN-VA64-30 | IP: FD12:3456::B635:22FF:FE98:285E | Status: SUCCESS ✅
2025-10-03 12:47:34 - INFO - RSL In: -70 | RSL Out: -78
2025-10-03 12:47:34 - INFO - --------------------------------------------------
2025-10-03 12:47:34 - INFO - Device: WN-VC44-30 | IP: FD12:3456::62A4:23FF:FE37:A3A9 | Status: SUCCESS ✅
2025-10-03 12:47:34 - INFO - RSL In: -70 | RSL Out: -81
2025-10-03 12:47:34 - INFO - --------------------------------------------------
2025-10-03 12:49:14 - INFO - Device: WN-NI04-34 | IP: FD12:3456::62A4:23FF:FE37:A3AB | Status: FAILED ❌
2025-10-03 12:49:14 - INFO - RSL In: No response / error | RSL Out: No response / error
2025-10-03 12:49:14 - INFO - --------------------------------------------------
2025-10-03 12:50:54 - INFO - Device: WN-L059-34 | IP: FD12:3456::B635:22FF:FE98:29A5 | Status: FAILED ❌
2025-10-03 12:50:54 - INFO - RSL In: No response / error | RSL Out: No response / error
2025-10-03 12:50:54 - INFO - --------------------------------------------------
2025-10-03 12:50:54 - INFO - SUMMARY: 19/28 devices responded (67.9% success rate)
2025-10-03 12:50:54 - INFO - === RSL TEST COMPLETED ===
