2025-10-04 14:24:35 - INFO - === RSL TEST STARTED (28 devices) ===
2025-10-04 14:25:23 - INFO - Device: WN-L052-30 | IP: FD12:3456::62A4:23FF:FE37:A3AD | Status: FAILED ❌
2025-10-04 14:25:23 - INFO - RSL In: No response / error | RSL Out: No response / error
2025-10-04 14:25:23 - INFO - --------------------------------------------------
2025-10-04 14:26:07 - INFO - Device: WN-OF04-34 | IP: FD12:3456::B635:22FF:FE98:285C | Status: FAILED ❌
2025-10-04 14:26:07 - INFO - RSL In: No response / error | RSL Out: No response / error
2025-10-04 14:26:07 - INFO - --------------------------------------------------
2025-10-04 14:26:15 - INFO - Device: WN-L031-30 | IP: FD12:3456::B635:22FF:FE98:2537 | Status: FAILED ❌
2025-10-04 14:26:15 - INFO - RSL In: No response / error | RSL Out: No response / error
2025-10-04 14:26:15 - INFO - --------------------------------------------------
2025-10-04 14:26:45 - INFO - Device: WN-L050-30 | IP: FD12:3456::92FD:9FFF:FEEE:9DF7 | Status: SUCCESS ✅
2025-10-04 14:26:45 - INFO - RSL In: -80 | RSL Out: -77
2025-10-04 14:26:45 - INFO - --------------------------------------------------
2025-10-04 14:26:52 - INFO - Device: WN-L032-30 | IP: FD12:3456::B635:22FF:FE98:2523 | Status: SUCCESS ✅
2025-10-04 14:26:52 - INFO - RSL In: -88 | RSL Out: -89
2025-10-04 14:26:52 - INFO - --------------------------------------------------
2025-10-04 14:27:03 - INFO - Device: WN-L053-30 | IP: FD12:3456::B635:22FF:FE98:252C | Status: FAILED ❌
2025-10-04 14:27:03 - INFO - RSL In: No response / error | RSL Out: No response / error
2025-10-04 14:27:03 - INFO - --------------------------------------------------
2025-10-04 14:27:03 - INFO - Device: WN-L051-30 | IP: FD12:3456::B635:22FF:FE98:285D | Status: SUCCESS ✅
2025-10-04 14:27:03 - INFO - RSL In: -84 | RSL Out: -86
2025-10-04 14:27:03 - INFO - --------------------------------------------------
2025-10-04 14:27:14 - INFO - Device: WN-L033-30 | IP: FD12:3456::B635:22FF:FE98:252B | Status: SUCCESS ✅
2025-10-04 14:27:14 - INFO - RSL In: -69 | RSL Out: -66
2025-10-04 14:27:14 - INFO - --------------------------------------------------
2025-10-04 14:27:44 - INFO - Device: WN-L034-30 | IP: FD12:3456::62A4:23FF:FE37:A3B3 | Status: SUCCESS ✅
2025-10-04 14:27:44 - INFO - RSL In: -69 | RSL Out: -71
2025-10-04 14:27:44 - INFO - --------------------------------------------------
2025-10-04 14:27:51 - INFO - Device: WN-L035-30 | IP: FD12:3456::B635:22FF:FE98:285B | Status: SUCCESS ✅
2025-10-04 14:27:51 - INFO - RSL In: -93 | RSL Out: -91
2025-10-04 14:27:51 - INFO - --------------------------------------------------
2025-10-04 14:28:02 - INFO - Device: WN-L036-30 | IP: FD12:3456::62A4:23FF:FE37:A3A1 | Status: SUCCESS ✅
2025-10-04 14:28:02 - INFO - RSL In: -88 | RSL Out: -88
2025-10-04 14:28:02 - INFO - --------------------------------------------------
2025-10-04 14:28:43 - INFO - Device: WN-L054-30 | IP: FD12:3456::B635:22FF:FE98:251E | Status: FAILED ❌
2025-10-04 14:28:43 - INFO - RSL In: No response / error | RSL Out: No response / error
2025-10-04 14:28:43 - INFO - --------------------------------------------------
2025-10-04 14:28:43 - INFO - Device: WN-L038-30 | IP: FD12:3456::B635:22FF:FE98:253F | Status: FAILED ❌
2025-10-04 14:28:43 - INFO - RSL In: No response / error | RSL Out: No response / error
2025-10-04 14:28:43 - INFO - --------------------------------------------------
2025-10-04 14:28:48 - INFO - Device: WN-L039-30 | IP: FD12:3456::62A4:23FF:FE37:A3A8 | Status: SUCCESS ✅
2025-10-04 14:28:48 - INFO - RSL In: -86 | RSL Out: -85
2025-10-04 14:28:48 - INFO - --------------------------------------------------
2025-10-04 14:28:50 - INFO - Device: WN-VA24-30 | IP: FD12:3456::B635:22FF:FE98:253E | Status: SUCCESS ✅
2025-10-04 14:28:50 - INFO - RSL In: -89 | RSL Out: -86
2025-10-04 14:28:50 - INFO - --------------------------------------------------
2025-10-04 14:28:51 - INFO - Device: WN-VA64-30 | IP: FD12:3456::B635:22FF:FE98:285E | Status: SUCCESS ✅
2025-10-04 14:28:51 - INFO - RSL In: -69 | RSL Out: -78
2025-10-04 14:28:51 - INFO - --------------------------------------------------
2025-10-04 14:28:51 - INFO - Device: WN-VC44-30 | IP: FD12:3456::62A4:23FF:FE37:A3A9 | Status: SUCCESS ✅
2025-10-04 14:28:51 - INFO - RSL In: -69 | RSL Out: -81
2025-10-04 14:28:51 - INFO - --------------------------------------------------
2025-10-04 14:29:42 - INFO - Device: WN-L037-30 | IP: FD12:3456::B635:22FF:FE98:2539 | Status: FAILED ❌
2025-10-04 14:29:42 - INFO - RSL In: No response / error | RSL Out: No response / error
2025-10-04 14:29:42 - INFO - --------------------------------------------------
2025-10-04 14:29:46 - INFO - Device: WN-OF04-34 | IP: FD12:3456::B635:22FF:FE98:285C | Status: SUCCESS ✅
2025-10-04 14:29:46 - INFO - RSL In: -80 | RSL Out: -82
2025-10-04 14:29:46 - INFO - --------------------------------------------------
2025-10-04 14:29:49 - INFO - Device: WN-L050-30 | IP: FD12:3456::92FD:9FFF:FEEE:9DF7 | Status: SUCCESS ✅
2025-10-04 14:29:49 - INFO - RSL In: -80 | RSL Out: -77
2025-10-04 14:29:49 - INFO - --------------------------------------------------
2025-10-04 14:29:55 - INFO - Device: WN-L051-30 | IP: FD12:3456::B635:22FF:FE98:285D | Status: SUCCESS ✅
2025-10-04 14:29:55 - INFO - RSL In: -84 | RSL Out: -87
2025-10-04 14:29:55 - INFO - --------------------------------------------------
2025-10-04 14:29:57 - INFO - Device: WN-L038-30 | IP: FD12:3456::B635:22FF:FE98:253F | Status: SUCCESS ✅
2025-10-04 14:29:57 - INFO - RSL In: -81 | RSL Out: -78
2025-10-04 14:29:57 - INFO - --------------------------------------------------
2025-10-04 14:29:58 - INFO - Device: WN-L039-30 | IP: FD12:3456::62A4:23FF:FE37:A3A8 | Status: SUCCESS ✅
2025-10-04 14:29:58 - INFO - RSL In: -87 | RSL Out: -84
2025-10-04 14:29:58 - INFO - --------------------------------------------------
2025-10-04 14:30:28 - INFO - Device: WN-L040-30 | IP: FD12:3456::B635:22FF:FE98:2541 | Status: FAILED ❌
2025-10-04 14:30:28 - INFO - RSL In: No response / error | RSL Out: No response / error
2025-10-04 14:30:28 - INFO - --------------------------------------------------
2025-10-04 14:30:31 - INFO - Device: WN-NI04-34 | IP: FD12:3456::62A4:23FF:FE37:A3AB | Status: FAILED ❌
2025-10-04 14:30:31 - INFO - RSL In: No response / error | RSL Out: No response / error
2025-10-04 14:30:31 - INFO - --------------------------------------------------
2025-10-04 14:30:33 - INFO - Device: WN-L041-30 | IP: FD12:3456::B635:22FF:FE98:2529 | Status: SUCCESS ✅
2025-10-04 14:30:33 - INFO - RSL In: -77 | RSL Out: -81
2025-10-04 14:30:33 - INFO - --------------------------------------------------
2025-10-04 14:31:38 - INFO - Device: WN-L040-30 | IP: FD12:3456::B635:22FF:FE98:2541 | Status: FAILED ❌
2025-10-04 14:31:38 - INFO - RSL In: No response / error | RSL Out: No response / error
2025-10-04 14:31:38 - INFO - --------------------------------------------------
2025-10-04 14:31:42 - INFO - Device: WN-L041-30 | IP: FD12:3456::B635:22FF:FE98:2529 | Status: SUCCESS ✅
2025-10-04 14:31:42 - INFO - RSL In: -77 | RSL Out: -81
2025-10-04 14:31:42 - INFO - --------------------------------------------------
2025-10-04 14:32:11 - INFO - Device: WN-L059-34 | IP: FD12:3456::B635:22FF:FE98:29A5 | Status: FAILED ❌
2025-10-04 14:32:11 - INFO - RSL In: No response / error | RSL Out: No response / error
2025-10-04 14:32:11 - INFO - --------------------------------------------------
2025-10-04 14:32:11 - INFO - SUMMARY: 15/28 devices responded (53.6% success rate)
2025-10-04 14:32:11 - INFO - === RSL TEST COMPLETED ===
2025-10-04 14:32:13 - INFO - Device: WN-L042-30 | IP: FD12:3456::62A4:23FF:FE37:A3AC | Status: FAILED ❌
2025-10-04 14:32:13 - INFO - RSL In: No response / error | RSL Out: No response / error
2025-10-04 14:32:13 - INFO - --------------------------------------------------
2025-10-04 14:33:22 - INFO - Device: WN-L042-30 | IP: FD12:3456::62A4:23FF:FE37:A3AC | Status: FAILED ❌
2025-10-04 14:33:22 - INFO - RSL In: No response / error | RSL Out: No response / error
2025-10-04 14:33:22 - INFO - --------------------------------------------------
2025-10-04 14:33:28 - INFO - Device: WN-L043-30 | IP: FD12:3456::62A4:23FF:FE37:A39F | Status: SUCCESS ✅
2025-10-04 14:33:28 - INFO - RSL In: -73 | RSL Out: -74
2025-10-04 14:33:28 - INFO - --------------------------------------------------
2025-10-04 14:33:38 - INFO - Device: WN-L044-30 | IP: FD12:3456::B635:22FF:FE98:2534 | Status: SUCCESS ✅
2025-10-04 14:33:38 - INFO - RSL In: -76 | RSL Out: -75
2025-10-04 14:33:38 - INFO - --------------------------------------------------
2025-10-04 14:33:53 - INFO - Device: WN-L043-30 | IP: FD12:3456::62A4:23FF:FE37:A39F | Status: FAILED ❌
2025-10-04 14:33:53 - INFO - RSL In: No response / error | RSL Out: No response / error
2025-10-04 14:33:53 - INFO - --------------------------------------------------
2025-10-04 14:35:18 - INFO - Device: WN-L045-30 | IP: FD12:3456::B635:22FF:FE98:2524 | Status: FAILED ❌
2025-10-04 14:35:18 - INFO - RSL In: No response / error | RSL Out: No response / error
2025-10-04 14:35:18 - INFO - --------------------------------------------------
2025-10-04 14:35:30 - INFO - Device: WN-L047-30 | IP: FD12:3456::92FD:9FFF:FEEE:9D40 | Status: SUCCESS ✅
2025-10-04 14:35:30 - INFO - RSL In: -88 | RSL Out: -82
2025-10-04 14:35:30 - INFO - --------------------------------------------------
2025-10-04 14:35:33 - INFO - Device: WN-L044-30 | IP: FD12:3456::B635:22FF:FE98:2534 | Status: FAILED ❌
2025-10-04 14:35:33 - INFO - RSL In: No response / error | RSL Out: No response / error
2025-10-04 14:35:33 - INFO - --------------------------------------------------
2025-10-04 14:37:10 - INFO - Device: WN-L048-30 | IP: FD12:3456::B635:22FF:FE98:29A6 | Status: FAILED ❌
2025-10-04 14:37:10 - INFO - RSL In: No response / error | RSL Out: No response / error
2025-10-04 14:37:10 - INFO - --------------------------------------------------
2025-10-04 14:37:13 - INFO - Device: WN-L045-30 | IP: FD12:3456::B635:22FF:FE98:2524 | Status: FAILED ❌
2025-10-04 14:37:13 - INFO - RSL In: No response / error | RSL Out: No response / error
2025-10-04 14:37:13 - INFO - --------------------------------------------------
2025-10-04 14:37:20 - INFO - Device: WN-L047-30 | IP: FD12:3456::92FD:9FFF:FEEE:9D40 | Status: SUCCESS ✅
2025-10-04 14:37:20 - INFO - RSL In: -88 | RSL Out: -83
2025-10-04 14:37:20 - INFO - --------------------------------------------------
