2025-10-04 12:39:58 - INFO - === RSL TEST STARTED (28 devices) ===
2025-10-04 12:39:58 - INFO - Device: WN-L031-30 | IP: FD12:3456::B635:22FF:FE98:2537 | Status: SUCCESS ✅
2025-10-04 12:39:58 - INFO - RSL In: -92 | RSL Out: -91
2025-10-04 12:39:58 - INFO - --------------------------------------------------
2025-10-04 12:40:00 - INFO - Device: WN-L032-30 | IP: FD12:3456::B635:22FF:FE98:2523 | Status: SUCCESS ✅
2025-10-04 12:40:00 - INFO - RSL In: -80 | RSL Out: -77
2025-10-04 12:40:00 - INFO - --------------------------------------------------
2025-10-04 12:40:01 - INFO - Device: WN-L033-30 | IP: FD12:3456::B635:22FF:FE98:252B | Status: SUCCESS ✅
2025-10-04 12:40:01 - INFO - RSL In: -69 | RSL Out: -82
2025-10-04 12:40:01 - INFO - --------------------------------------------------
2025-10-04 12:40:04 - INFO - Device: WN-L034-30 | IP: FD12:3456::62A4:23FF:FE37:A3B3 | Status: SUCCESS ✅
2025-10-04 12:40:04 - INFO - RSL In: -72 | RSL Out: -76
2025-10-04 12:40:04 - INFO - --------------------------------------------------
2025-10-04 12:40:08 - INFO - Device: WN-L035-30 | IP: FD12:3456::B635:22FF:FE98:285B | Status: SUCCESS ✅
2025-10-04 12:40:08 - INFO - RSL In: -65 | RSL Out: -68
2025-10-04 12:40:08 - INFO - --------------------------------------------------
2025-10-04 12:40:09 - INFO - Device: WN-L036-30 | IP: FD12:3456::62A4:23FF:FE37:A3A1 | Status: SUCCESS ✅
2025-10-04 12:40:09 - INFO - RSL In: -79 | RSL Out: -78
2025-10-04 12:40:09 - INFO - --------------------------------------------------
2025-10-04 12:40:13 - INFO - Device: WN-L037-30 | IP: FD12:3456::B635:22FF:FE98:2539 | Status: SUCCESS ✅
2025-10-04 12:40:13 - INFO - RSL In: -86 | RSL Out: -87
2025-10-04 12:40:13 - INFO - --------------------------------------------------
2025-10-04 12:40:13 - INFO - Test stopped by user
2025-10-04 12:40:13 - INFO - SUMMARY: 7/28 devices responded (25.0% success rate)
2025-10-04 12:40:13 - INFO - === RSL TEST COMPLETED ===
