2025-10-04 11:52:34 - INFO - === RSL TEST STARTED (28 devices) ===
2025-10-04 11:52:36 - INFO - Device: WN-L031-30 | IP: FD12:3456::B635:22FF:FE98:2537 | Status: SUCCESS ✅
2025-10-04 11:52:36 - INFO - RSL In: -93 | RSL Out: -92
2025-10-04 11:52:36 - INFO - --------------------------------------------------
2025-10-04 11:52:37 - INFO - Device: WN-L032-30 | IP: FD12:3456::B635:22FF:FE98:2523 | Status: SUCCESS ✅
2025-10-04 11:52:37 - INFO - RSL In: -75 | RSL Out: -73
2025-10-04 11:52:37 - INFO - --------------------------------------------------
2025-10-04 11:52:40 - INFO - Device: WN-L033-30 | IP: FD12:3456::B635:22FF:FE98:252B | Status: SUCCESS ✅
2025-10-04 11:52:40 - INFO - RSL In: -70 | RSL Out: -83
2025-10-04 11:52:40 - INFO - --------------------------------------------------
2025-10-04 11:52:42 - INFO - Device: WN-L034-30 | IP: FD12:3456::62A4:23FF:FE37:A3B3 | Status: SUCCESS ✅
2025-10-04 11:52:42 - INFO - RSL In: -73 | RSL Out: -77
2025-10-04 11:52:42 - INFO - --------------------------------------------------
2025-10-04 11:52:43 - INFO - Device: WN-L035-30 | IP: FD12:3456::B635:22FF:FE98:285B | Status: SUCCESS ✅
2025-10-04 11:52:43 - INFO - RSL In: -67 | RSL Out: -68
2025-10-04 11:52:43 - INFO - --------------------------------------------------
2025-10-04 11:52:44 - INFO - Device: WN-L036-30 | IP: FD12:3456::62A4:23FF:FE37:A3A1 | Status: SUCCESS ✅
2025-10-04 11:52:44 - INFO - RSL In: -79 | RSL Out: -78
2025-10-04 11:52:44 - INFO - --------------------------------------------------
2025-10-04 11:52:45 - INFO - Device: WN-L037-30 | IP: FD12:3456::B635:22FF:FE98:2539 | Status: SUCCESS ✅
2025-10-04 11:52:45 - INFO - RSL In: -86 | RSL Out: -89
2025-10-04 11:52:45 - INFO - --------------------------------------------------
2025-10-04 11:52:46 - INFO - Device: WN-OF04-34 | IP: FD12:3456::B635:22FF:FE98:285C | Status: SUCCESS ✅
2025-10-04 11:52:46 - INFO - RSL In: -75 | RSL Out: -80
2025-10-04 11:52:46 - INFO - --------------------------------------------------
2025-10-04 11:52:47 - INFO - Device: WN-L050-30 | IP: FD12:3456::92FD:9FFF:FEEE:9DF7 | Status: SUCCESS ✅
2025-10-04 11:52:47 - INFO - RSL In: -91 | RSL Out: -86
2025-10-04 11:52:47 - INFO - --------------------------------------------------
2025-10-04 11:52:48 - INFO - Device: WN-L051-30 | IP: FD12:3456::B635:22FF:FE98:285D | Status: SUCCESS ✅
2025-10-04 11:52:48 - INFO - RSL In: -89 | RSL Out: -91
2025-10-04 11:52:48 - INFO - --------------------------------------------------
2025-10-04 11:52:50 - INFO - Device: WN-L038-30 | IP: FD12:3456::B635:22FF:FE98:253F | Status: SUCCESS ✅
2025-10-04 11:52:50 - INFO - RSL In: -84 | RSL Out: -79
2025-10-04 11:52:50 - INFO - --------------------------------------------------
2025-10-04 11:52:51 - INFO - Device: WN-L039-30 | IP: FD12:3456::62A4:23FF:FE37:A3A8 | Status: SUCCESS ✅
2025-10-04 11:52:51 - INFO - RSL In: -90 | RSL Out: -87
2025-10-04 11:52:51 - INFO - --------------------------------------------------
2025-10-04 11:54:31 - INFO - Device: WN-L040-30 | IP: FD12:3456::B635:22FF:FE98:2541 | Status: FAILED ❌
2025-10-04 11:54:31 - INFO - RSL In: No response / error | RSL Out: No response / error
2025-10-04 11:54:31 - INFO - --------------------------------------------------
2025-10-04 11:54:39 - INFO - Device: WN-L041-30 | IP: FD12:3456::B635:22FF:FE98:2529 | Status: SUCCESS ✅
2025-10-04 11:54:39 - INFO - RSL In: -83 | RSL Out: -84
2025-10-04 11:54:39 - INFO - --------------------------------------------------
2025-10-04 11:54:41 - INFO - Device: WN-L042-30 | IP: FD12:3456::62A4:23FF:FE37:A3AC | Status: SUCCESS ✅
2025-10-04 11:54:41 - INFO - RSL In: -81 | RSL Out: -79
2025-10-04 11:54:41 - INFO - --------------------------------------------------
2025-10-04 11:54:44 - INFO - Device: WN-L043-30 | IP: FD12:3456::62A4:23FF:FE37:A39F | Status: SUCCESS ✅
2025-10-04 11:54:44 - INFO - RSL In: -75 | RSL Out: -76
2025-10-04 11:54:44 - INFO - --------------------------------------------------
2025-10-04 11:56:24 - INFO - Device: WN-L044-30 | IP: FD12:3456::B635:22FF:FE98:2534 | Status: FAILED ❌
2025-10-04 11:56:24 - INFO - RSL In: No response / error | RSL Out: No response / error
2025-10-04 11:56:24 - INFO - --------------------------------------------------
2025-10-04 11:58:04 - INFO - Device: WN-L045-30 | IP: FD12:3456::B635:22FF:FE98:2524 | Status: FAILED ❌
2025-10-04 11:58:04 - INFO - RSL In: No response / error | RSL Out: No response / error
2025-10-04 11:58:04 - INFO - --------------------------------------------------
2025-10-04 11:59:44 - INFO - Device: WN-L047-30 | IP: FD12:3456::92FD:9FFF:FEEE:9D40 | Status: FAILED ❌
2025-10-04 11:59:44 - INFO - RSL In: No response / error | RSL Out: No response / error
2025-10-04 11:59:44 - INFO - --------------------------------------------------
2025-10-04 11:59:49 - INFO - Device: WN-L048-30 | IP: FD12:3456::B635:22FF:FE98:29A6 | Status: SUCCESS ✅
2025-10-04 11:59:49 - INFO - RSL In: -75 | RSL Out: -78
2025-10-04 11:59:49 - INFO - --------------------------------------------------
2025-10-04 12:01:29 - INFO - Device: WN-L052-30 | IP: FD12:3456::62A4:23FF:FE37:A3AD | Status: FAILED ❌
2025-10-04 12:01:29 - INFO - RSL In: No response / error | RSL Out: No response / error
2025-10-04 12:01:29 - INFO - --------------------------------------------------
2025-10-04 12:03:09 - INFO - Device: WN-L053-30 | IP: FD12:3456::B635:22FF:FE98:252C | Status: FAILED ❌
2025-10-04 12:03:09 - INFO - RSL In: No response / error | RSL Out: No response / error
2025-10-04 12:03:09 - INFO - --------------------------------------------------
2025-10-04 12:04:49 - INFO - Device: WN-L054-30 | IP: FD12:3456::B635:22FF:FE98:251E | Status: FAILED ❌
2025-10-04 12:04:49 - INFO - RSL In: No response / error | RSL Out: No response / error
2025-10-04 12:04:49 - INFO - --------------------------------------------------
2025-10-04 12:04:51 - INFO - Device: WN-VA24-30 | IP: FD12:3456::B635:22FF:FE98:253E | Status: SUCCESS ✅
2025-10-04 12:04:51 - INFO - RSL In: -87 | RSL Out: -82
2025-10-04 12:04:51 - INFO - --------------------------------------------------
2025-10-04 12:04:54 - INFO - Device: WN-VA64-30 | IP: FD12:3456::B635:22FF:FE98:285E | Status: SUCCESS ✅
2025-10-04 12:04:54 - INFO - RSL In: -69 | RSL Out: -79
2025-10-04 12:04:54 - INFO - --------------------------------------------------
2025-10-04 12:04:55 - INFO - Device: WN-VC44-30 | IP: FD12:3456::62A4:23FF:FE37:A3A9 | Status: SUCCESS ✅
2025-10-04 12:04:55 - INFO - RSL In: -69 | RSL Out: -80
2025-10-04 12:04:55 - INFO - --------------------------------------------------
2025-10-04 12:06:35 - INFO - Device: WN-NI04-34 | IP: FD12:3456::62A4:23FF:FE37:A3AB | Status: FAILED ❌
2025-10-04 12:06:35 - INFO - RSL In: No response / error | RSL Out: No response / error
2025-10-04 12:06:35 - INFO - --------------------------------------------------
2025-10-04 12:08:15 - INFO - Device: WN-L059-34 | IP: FD12:3456::B635:22FF:FE98:29A5 | Status: FAILED ❌
2025-10-04 12:08:15 - INFO - RSL In: No response / error | RSL Out: No response / error
2025-10-04 12:08:15 - INFO - --------------------------------------------------
2025-10-04 12:08:15 - INFO - SUMMARY: 19/28 devices responded (67.9% success rate)
2025-10-04 12:08:15 - INFO - === RSL TEST COMPLETED ===
