2025-10-04 15:28:44 - INFO - === RSL TEST STARTED (28 devices) ===
2025-10-04 15:30:22 - INFO - Device: WN-L031-30 | IP: FD12:3456::B635:22FF:FE98:2537 | Status: FAILED ❌
2025-10-04 15:30:22 - INFO - RSL In: No response / error | RSL Out: No response / error
2025-10-04 15:30:22 - INFO - --------------------------------------------------
2025-10-04 15:30:53 - INFO - Device: WN-L032-30 | IP: FD12:3456::B635:22FF:FE98:2523 | Status: SUCCESS ✅
2025-10-04 15:30:53 - INFO - RSL In: -89 | RSL Out: -89
2025-10-04 15:30:53 - INFO - --------------------------------------------------
2025-10-04 15:32:31 - INFO - Device: WN-L033-30 | IP: FD12:3456::B635:22FF:FE98:252B | Status: FAILED ❌
2025-10-04 15:32:31 - INFO - RSL In: No response / error | RSL Out: No response / error
2025-10-04 15:32:31 - INFO - --------------------------------------------------
2025-10-04 15:34:09 - INFO - Device: WN-L034-30 | IP: FD12:3456::62A4:23FF:FE37:A3B3 | Status: FAILED ❌
2025-10-04 15:34:09 - INFO - RSL In: No response / error | RSL Out: No response / error
2025-10-04 15:34:09 - INFO - --------------------------------------------------
2025-10-04 15:34:28 - INFO - Device: WN-L035-30 | IP: FD12:3456::B635:22FF:FE98:285B | Status: SUCCESS ✅
2025-10-04 15:34:28 - INFO - RSL In: -87 | RSL Out: -88
2025-10-04 15:34:28 - INFO - --------------------------------------------------
2025-10-04 15:36:06 - INFO - Device: WN-L036-30 | IP: FD12:3456::62A4:23FF:FE37:A3A1 | Status: FAILED ❌
2025-10-04 15:36:06 - INFO - RSL In: No response / error | RSL Out: No response / error
2025-10-04 15:36:06 - INFO - --------------------------------------------------
2025-10-04 15:36:20 - INFO - Device: WN-L037-30 | IP: FD12:3456::B635:22FF:FE98:2539 | Status: SUCCESS ✅
2025-10-04 15:36:20 - INFO - RSL In: -91 | RSL Out: -93
2025-10-04 15:36:20 - INFO - --------------------------------------------------
2025-10-04 15:37:58 - INFO - Device: WN-OF04-34 | IP: FD12:3456::B635:22FF:FE98:285C | Status: FAILED ❌
2025-10-04 15:37:58 - INFO - RSL In: No response / error | RSL Out: No response / error
2025-10-04 15:37:58 - INFO - --------------------------------------------------
2025-10-04 15:39:36 - INFO - Device: WN-L050-30 | IP: FD12:3456::92FD:9FFF:FEEE:9DF7 | Status: FAILED ❌
2025-10-04 15:39:36 - INFO - RSL In: No response / error | RSL Out: No response / error
2025-10-04 15:39:36 - INFO - --------------------------------------------------
2025-10-04 15:39:50 - INFO - Device: WN-L051-30 | IP: FD12:3456::B635:22FF:FE98:285D | Status: SUCCESS ✅
2025-10-04 15:39:50 - INFO - RSL In: -91 | RSL Out: -89
2025-10-04 15:39:50 - INFO - --------------------------------------------------
2025-10-04 15:40:05 - INFO - Device: WN-L038-30 | IP: FD12:3456::B635:22FF:FE98:253F | Status: SUCCESS ✅
2025-10-04 15:40:05 - INFO - RSL In: -78 | RSL Out: -76
2025-10-04 15:40:05 - INFO - --------------------------------------------------
2025-10-04 15:40:13 - INFO - Device: WN-L039-30 | IP: FD12:3456::62A4:23FF:FE37:A3A8 | Status: SUCCESS ✅
2025-10-04 15:40:13 - INFO - RSL In: -89 | RSL Out: -87
2025-10-04 15:40:13 - INFO - --------------------------------------------------
2025-10-04 15:41:51 - INFO - Device: WN-L040-30 | IP: FD12:3456::B635:22FF:FE98:2541 | Status: FAILED ❌
2025-10-04 15:41:51 - INFO - RSL In: No response / error | RSL Out: No response / error
2025-10-04 15:41:51 - INFO - --------------------------------------------------
2025-10-04 15:41:51 - INFO - Test stopped by user
2025-10-04 15:41:51 - INFO - SUMMARY: 6/28 devices responded (21.4% success rate)
2025-10-04 15:41:51 - INFO - === RSL TEST COMPLETED ===
