2025-10-04 14:37:44 - INFO - === RSL TEST STARTED (28 devices) ===
2025-10-04 14:38:50 - INFO - Device: WN-L052-30 | IP: FD12:3456::62A4:23FF:FE37:A3AD | Status: FAILED ❌
2025-10-04 14:38:50 - INFO - RSL In: No response / error | RSL Out: No response / error
2025-10-04 14:38:50 - INFO - --------------------------------------------------
2025-10-04 14:39:00 - INFO - Device: WN-L048-30 | IP: FD12:3456::B635:22FF:FE98:29A6 | Status: FAILED ❌
2025-10-04 14:39:00 - INFO - RSL In: No response / error | RSL Out: No response / error
2025-10-04 14:39:00 - INFO - --------------------------------------------------
2025-10-04 14:39:24 - INFO - Device: WN-L031-30 | IP: FD12:3456::B635:22FF:FE98:2537 | Status: FAILED ❌
2025-10-04 14:39:24 - INFO - RSL In: No response / error | RSL Out: No response / error
2025-10-04 14:39:24 - INFO - --------------------------------------------------
2025-10-04 14:40:30 - INFO - Device: WN-L053-30 | IP: FD12:3456::B635:22FF:FE98:252C | Status: FAILED ❌
2025-10-04 14:40:30 - INFO - RSL In: No response / error | RSL Out: No response / error
2025-10-04 14:40:30 - INFO - --------------------------------------------------
2025-10-04 14:40:40 - INFO - Device: WN-L032-30 | IP: FD12:3456::B635:22FF:FE98:2523 | Status: SUCCESS ✅
2025-10-04 14:40:40 - INFO - RSL In: -91 | RSL Out: -92
2025-10-04 14:40:40 - INFO - --------------------------------------------------
2025-10-04 14:40:40 - INFO - Device: WN-L052-30 | IP: FD12:3456::62A4:23FF:FE37:A3AD | Status: FAILED ❌
2025-10-04 14:40:40 - INFO - RSL In: No response / error | RSL Out: No response / error
2025-10-04 14:40:40 - INFO - --------------------------------------------------
2025-10-04 14:41:30 - INFO - Device: WN-L033-30 | IP: FD12:3456::B635:22FF:FE98:252B | Status: SUCCESS ✅
2025-10-04 14:41:30 - INFO - RSL In: -70 | RSL Out: -68
2025-10-04 14:41:30 - INFO - --------------------------------------------------
2025-10-04 14:42:10 - INFO - Device: WN-L054-30 | IP: FD12:3456::B635:22FF:FE98:251E | Status: FAILED ❌
2025-10-04 14:42:10 - INFO - RSL In: No response / error | RSL Out: No response / error
2025-10-04 14:42:10 - INFO - --------------------------------------------------
2025-10-04 14:42:20 - INFO - Device: WN-L053-30 | IP: FD12:3456::B635:22FF:FE98:252C | Status: FAILED ❌
2025-10-04 14:42:20 - INFO - RSL In: No response / error | RSL Out: No response / error
2025-10-04 14:42:20 - INFO - --------------------------------------------------
2025-10-04 14:43:10 - INFO - Device: WN-L034-30 | IP: FD12:3456::62A4:23FF:FE37:A3B3 | Status: FAILED ❌
2025-10-04 14:43:10 - INFO - RSL In: No response / error | RSL Out: No response / error
2025-10-04 14:43:10 - INFO - --------------------------------------------------
2025-10-04 14:43:50 - INFO - Device: WN-VA24-30 | IP: FD12:3456::B635:22FF:FE98:253E | Status: FAILED ❌
2025-10-04 14:43:50 - INFO - RSL In: No response / error | RSL Out: No response / error
2025-10-04 14:43:50 - INFO - --------------------------------------------------
2025-10-04 14:43:51 - INFO - Device: WN-VA64-30 | IP: FD12:3456::B635:22FF:FE98:285E | Status: SUCCESS ✅
2025-10-04 14:43:51 - INFO - RSL In: -69 | RSL Out: -79
2025-10-04 14:43:51 - INFO - --------------------------------------------------
2025-10-04 14:43:52 - INFO - Device: WN-VC44-30 | IP: FD12:3456::62A4:23FF:FE37:A3A9 | Status: SUCCESS ✅
2025-10-04 14:43:52 - INFO - RSL In: -70 | RSL Out: -81
2025-10-04 14:43:52 - INFO - --------------------------------------------------
2025-10-04 14:44:00 - INFO - Device: WN-L054-30 | IP: FD12:3456::B635:22FF:FE98:251E | Status: FAILED ❌
2025-10-04 14:44:00 - INFO - RSL In: No response / error | RSL Out: No response / error
2025-10-04 14:44:00 - INFO - --------------------------------------------------
2025-10-04 14:44:01 - INFO - Device: WN-L035-30 | IP: FD12:3456::B635:22FF:FE98:285B | Status: SUCCESS ✅
2025-10-04 14:44:01 - INFO - RSL In: -96 | RSL Out: -93
2025-10-04 14:44:01 - INFO - --------------------------------------------------
2025-10-04 14:44:32 - INFO - Device: WN-VA24-30 | IP: FD12:3456::B635:22FF:FE98:253E | Status: SUCCESS ✅
2025-10-04 14:44:32 - INFO - RSL In: -88 | RSL Out: -84
2025-10-04 14:44:32 - INFO - --------------------------------------------------
2025-10-04 14:44:33 - INFO - Device: WN-VA64-30 | IP: FD12:3456::B635:22FF:FE98:285E | Status: SUCCESS ✅
2025-10-04 14:44:33 - INFO - RSL In: -69 | RSL Out: -78
2025-10-04 14:44:33 - INFO - --------------------------------------------------
2025-10-04 14:44:33 - INFO - Device: WN-VC44-30 | IP: FD12:3456::62A4:23FF:FE37:A3A9 | Status: SUCCESS ✅
2025-10-04 14:44:33 - INFO - RSL In: -70 | RSL Out: -81
2025-10-04 14:44:33 - INFO - --------------------------------------------------
2025-10-04 14:45:32 - INFO - Device: WN-NI04-34 | IP: FD12:3456::62A4:23FF:FE37:A3AB | Status: FAILED ❌
2025-10-04 14:45:32 - INFO - RSL In: No response / error | RSL Out: No response / error
2025-10-04 14:45:32 - INFO - --------------------------------------------------
2025-10-04 14:45:41 - INFO - Device: WN-L036-30 | IP: FD12:3456::62A4:23FF:FE37:A3A1 | Status: FAILED ❌
2025-10-04 14:45:41 - INFO - RSL In: No response / error | RSL Out: No response / error
2025-10-04 14:45:41 - INFO - --------------------------------------------------
2025-10-04 14:45:46 - INFO - Device: WN-L037-30 | IP: FD12:3456::B635:22FF:FE98:2539 | Status: SUCCESS ✅
2025-10-04 14:45:46 - INFO - RSL In: -90 | RSL Out: -99
2025-10-04 14:45:46 - INFO - --------------------------------------------------
2025-10-04 14:45:57 - INFO - Device: WN-OF04-34 | IP: FD12:3456::B635:22FF:FE98:285C | Status: SUCCESS ✅
2025-10-04 14:45:57 - INFO - RSL In: -78 | RSL Out: -79
2025-10-04 14:45:57 - INFO - --------------------------------------------------
2025-10-04 14:46:03 - INFO - Device: WN-L050-30 | IP: FD12:3456::92FD:9FFF:FEEE:9DF7 | Status: SUCCESS ✅
2025-10-04 14:46:03 - INFO - RSL In: -80 | RSL Out: -77
2025-10-04 14:46:03 - INFO - --------------------------------------------------
2025-10-04 14:46:13 - INFO - Device: WN-NI04-34 | IP: FD12:3456::62A4:23FF:FE37:A3AB | Status: FAILED ❌
2025-10-04 14:46:13 - INFO - RSL In: No response / error | RSL Out: No response / error
2025-10-04 14:46:13 - INFO - --------------------------------------------------
2025-10-04 14:46:26 - INFO - Device: WN-L051-30 | IP: FD12:3456::B635:22FF:FE98:285D | Status: SUCCESS ✅
2025-10-04 14:46:26 - INFO - RSL In: -85 | RSL Out: -85
2025-10-04 14:46:26 - INFO - --------------------------------------------------
2025-10-04 14:46:47 - INFO - Device: WN-L038-30 | IP: FD12:3456::B635:22FF:FE98:253F | Status: SUCCESS ✅
2025-10-04 14:46:47 - INFO - RSL In: -79 | RSL Out: -77
2025-10-04 14:46:47 - INFO - --------------------------------------------------
2025-10-04 14:47:00 - INFO - Device: WN-L039-30 | IP: FD12:3456::62A4:23FF:FE37:A3A8 | Status: SUCCESS ✅
2025-10-04 14:47:00 - INFO - RSL In: -89 | RSL Out: -86
2025-10-04 14:47:00 - INFO - --------------------------------------------------
2025-10-04 14:47:12 - INFO - Device: WN-L059-34 | IP: FD12:3456::B635:22FF:FE98:29A5 | Status: FAILED ❌
2025-10-04 14:47:12 - INFO - RSL In: No response / error | RSL Out: No response / error
2025-10-04 14:47:12 - INFO - --------------------------------------------------
2025-10-04 14:47:12 - INFO - SUMMARY: 16/28 devices responded (57.1% success rate)
2025-10-04 14:47:12 - INFO - === RSL TEST COMPLETED ===
