2025-10-02 19:13:17 - INFO - === RSL TEST STARTED (28 devices) ===
2025-10-02 19:13:17 - INFO - Device: WN-L031-30 | IP: FD12:3456::B635:22FF:FE98:2537 | Status: SUCCESS ✅
2025-10-02 19:13:17 - INFO - RSL In: -70 | RSL Out: -86
2025-10-02 19:13:17 - INFO - --------------------------------------------------
2025-10-02 19:13:18 - INFO - Device: WN-L032-30 | IP: FD12:3456::B635:22FF:FE98:2523 | Status: FAILED ❌
2025-10-02 19:13:18 - INFO - RSL In: No response / error | RSL Out: No response / error
2025-10-02 19:13:18 - INFO - --------------------------------------------------
2025-10-02 19:13:19 - INFO - Device: WN-L033-30 | IP: FD12:3456::B635:22FF:FE98:252B | Status: FAILED ❌
2025-10-02 19:13:19 - INFO - RSL In: No response / error | RSL Out: No response / error
2025-10-02 19:13:19 - INFO - --------------------------------------------------
2025-10-02 19:13:20 - INFO - Device: WN-L034-30 | IP: FD12:3456::62A4:23FF:FE37:A3B3 | Status: FAILED ❌
2025-10-02 19:13:20 - INFO - RSL In: No response / error | RSL Out: No response / error
2025-10-02 19:13:20 - INFO - --------------------------------------------------
2025-10-02 19:13:21 - INFO - Device: WN-L035-30 | IP: FD12:3456::B635:22FF:FE98:285B | Status: FAILED ❌
2025-10-02 19:13:21 - INFO - RSL In: No response / error | RSL Out: No response / error
2025-10-02 19:13:21 - INFO - --------------------------------------------------
2025-10-02 19:13:22 - INFO - Device: WN-L036-30 | IP: FD12:3456::62A4:23FF:FE37:A3A1 | Status: FAILED ❌
2025-10-02 19:13:22 - INFO - RSL In: No response / error | RSL Out: No response / error
2025-10-02 19:13:22 - INFO - --------------------------------------------------
2025-10-02 19:13:23 - INFO - Device: WN-L037-30 | IP: FD12:3456::B635:22FF:FE98:2539 | Status: FAILED ❌
2025-10-02 19:13:23 - INFO - RSL In: No response / error | RSL Out: No response / error
2025-10-02 19:13:23 - INFO - --------------------------------------------------
2025-10-02 19:13:24 - INFO - Device: WN-OF04-34 | IP: FD12:3456::B635:22FF:FE98:285C | Status: FAILED ❌
2025-10-02 19:13:24 - INFO - RSL In: No response / error | RSL Out: No response / error
2025-10-02 19:13:24 - INFO - --------------------------------------------------
2025-10-02 19:13:25 - INFO - Device: WN-L050-30 | IP: FD12:3456::92FD:9FFF:FEEE:9DF7 | Status: FAILED ❌
2025-10-02 19:13:25 - INFO - RSL In: No response / error | RSL Out: No response / error
2025-10-02 19:13:25 - INFO - --------------------------------------------------
2025-10-02 19:13:26 - INFO - Device: WN-L051-30 | IP: FD12:3456::B635:22FF:FE98:285D | Status: FAILED ❌
2025-10-02 19:13:26 - INFO - RSL In: No response / error | RSL Out: No response / error
2025-10-02 19:13:26 - INFO - --------------------------------------------------
2025-10-02 19:13:27 - INFO - Device: WN-L038-30 | IP: FD12:3456::B635:22FF:FE98:253F | Status: FAILED ❌
2025-10-02 19:13:27 - INFO - RSL In: No response / error | RSL Out: No response / error
2025-10-02 19:13:27 - INFO - --------------------------------------------------
2025-10-02 19:13:28 - INFO - Device: WN-L039-30 | IP: FD12:3456::62A4:23FF:FE37:A3A8 | Status: FAILED ❌
2025-10-02 19:13:28 - INFO - RSL In: No response / error | RSL Out: No response / error
2025-10-02 19:13:28 - INFO - --------------------------------------------------
2025-10-02 19:13:29 - INFO - Device: WN-L040-30 | IP: FD12:3456::B635:22FF:FE98:2541 | Status: FAILED ❌
2025-10-02 19:13:29 - INFO - RSL In: No response / error | RSL Out: No response / error
2025-10-02 19:13:29 - INFO - --------------------------------------------------
2025-10-02 19:13:30 - INFO - Device: WN-L041-30 | IP: FD12:3456::B635:22FF:FE98:2529 | Status: FAILED ❌
2025-10-02 19:13:30 - INFO - RSL In: No response / error | RSL Out: No response / error
2025-10-02 19:13:30 - INFO - --------------------------------------------------
2025-10-02 19:13:31 - INFO - Device: WN-L042-30 | IP: FD12:3456::62A4:23FF:FE37:A3AC | Status: FAILED ❌
2025-10-02 19:13:31 - INFO - RSL In: No response / error | RSL Out: No response / error
2025-10-02 19:13:31 - INFO - --------------------------------------------------
2025-10-02 19:13:33 - INFO - Device: WN-L043-30 | IP: FD12:3456::62A4:23FF:FE37:A39F | Status: FAILED ❌
2025-10-02 19:13:33 - INFO - RSL In: No response / error | RSL Out: No response / error
2025-10-02 19:13:33 - INFO - --------------------------------------------------
2025-10-02 19:13:34 - INFO - Device: WN-L044-30 | IP: FD12:3456::B635:22FF:FE98:2534 | Status: FAILED ❌
2025-10-02 19:13:34 - INFO - RSL In: No response / error | RSL Out: No response / error
2025-10-02 19:13:34 - INFO - --------------------------------------------------
2025-10-02 19:13:35 - INFO - Device: WN-L045-30 | IP: FD12:3456::B635:22FF:FE98:2524 | Status: FAILED ❌
2025-10-02 19:13:35 - INFO - RSL In: No response / error | RSL Out: No response / error
2025-10-02 19:13:35 - INFO - --------------------------------------------------
2025-10-02 19:13:36 - INFO - Device: WN-L047-30 | IP: FD12:3456::92FD:9FFF:FEEE:9D40 | Status: FAILED ❌
2025-10-02 19:13:36 - INFO - RSL In: No response / error | RSL Out: No response / error
2025-10-02 19:13:36 - INFO - --------------------------------------------------
2025-10-02 19:13:37 - INFO - Device: WN-L048-30 | IP: FD12:3456::B635:22FF:FE98:29A6 | Status: FAILED ❌
2025-10-02 19:13:37 - INFO - RSL In: No response / error | RSL Out: No response / error
2025-10-02 19:13:37 - INFO - --------------------------------------------------
2025-10-02 19:13:38 - INFO - Device: WN-L052-30 | IP: FD12:3456::62A4:23FF:FE37:A3AD | Status: FAILED ❌
2025-10-02 19:13:38 - INFO - RSL In: No response / error | RSL Out: No response / error
2025-10-02 19:13:38 - INFO - --------------------------------------------------
2025-10-02 19:13:39 - INFO - Device: WN-L053-30 | IP: FD12:3456::B635:22FF:FE98:252C | Status: FAILED ❌
2025-10-02 19:13:39 - INFO - RSL In: No response / error | RSL Out: No response / error
2025-10-02 19:13:39 - INFO - --------------------------------------------------
2025-10-02 19:13:40 - INFO - Device: WN-L054-30 | IP: FD12:3456::B635:22FF:FE98:251E | Status: FAILED ❌
2025-10-02 19:13:40 - INFO - RSL In: No response / error | RSL Out: No response / error
2025-10-02 19:13:40 - INFO - --------------------------------------------------
2025-10-02 19:13:41 - INFO - Device: WN-VA24-30 | IP: FD12:3456::B635:22FF:FE98:253E | Status: FAILED ❌
2025-10-02 19:13:41 - INFO - RSL In: No response / error | RSL Out: No response / error
2025-10-02 19:13:41 - INFO - --------------------------------------------------
2025-10-02 19:13:42 - INFO - Device: WN-VA64-30 | IP: FD12:3456::B635:22FF:FE98:285E | Status: FAILED ❌
2025-10-02 19:13:42 - INFO - RSL In: No response / error | RSL Out: No response / error
2025-10-02 19:13:42 - INFO - --------------------------------------------------
2025-10-02 19:13:43 - INFO - Device: WN-VC44-30 | IP: FD12:3456::62A4:23FF:FE37:A3A9 | Status: FAILED ❌
2025-10-02 19:13:43 - INFO - RSL In: No response / error | RSL Out: No response / error
2025-10-02 19:13:43 - INFO - --------------------------------------------------
2025-10-02 19:13:44 - INFO - Device: WN-NI04-34 | IP: FD12:3456::62A4:23FF:FE37:A3AB | Status: FAILED ❌
2025-10-02 19:13:44 - INFO - RSL In: No response / error | RSL Out: No response / error
2025-10-02 19:13:44 - INFO - --------------------------------------------------
2025-10-02 19:13:45 - INFO - Device: WN-L059-34 | IP: FD12:3456::B635:22FF:FE98:29A5 | Status: FAILED ❌
2025-10-02 19:13:45 - INFO - RSL In: No response / error | RSL Out: No response / error
2025-10-02 19:13:45 - INFO - --------------------------------------------------
2025-10-02 19:13:45 - INFO - SUMMARY: 1/28 devices responded (3.6% success rate)
2025-10-02 19:13:45 - INFO - === RSL TEST COMPLETED ===
