2025-10-04 12:43:02 - INFO - === RSL TEST STARTED (28 devices) ===
2025-10-04 12:43:02 - INFO - Device: WN-L031-30 | IP: FD12:3456::B635:22FF:FE98:2537 | Status: SUCCESS ✅
2025-10-04 12:43:02 - INFO - RSL In: -92 | RSL Out: -90
2025-10-04 12:43:02 - INFO - --------------------------------------------------
2025-10-04 12:43:04 - INFO - Device: WN-L032-30 | IP: FD12:3456::B635:22FF:FE98:2523 | Status: SUCCESS ✅
2025-10-04 12:43:04 - INFO - RSL In: -77 | RSL Out: -75
2025-10-04 12:43:04 - INFO - --------------------------------------------------
2025-10-04 12:43:04 - INFO - Device: WN-L033-30 | IP: FD12:3456::B635:22FF:FE98:252B | Status: SUCCESS ✅
2025-10-04 12:43:04 - INFO - RSL In: -69 | RSL Out: -83
2025-10-04 12:43:04 - INFO - --------------------------------------------------
2025-10-04 12:43:05 - INFO - Device: WN-L034-30 | IP: FD12:3456::62A4:23FF:FE37:A3B3 | Status: SUCCESS ✅
2025-10-04 12:43:05 - INFO - RSL In: -72 | RSL Out: -76
2025-10-04 12:43:05 - INFO - --------------------------------------------------
2025-10-04 12:43:06 - INFO - Device: WN-L035-30 | IP: FD12:3456::B635:22FF:FE98:285B | Status: SUCCESS ✅
2025-10-04 12:43:06 - INFO - RSL In: -65 | RSL Out: -67
2025-10-04 12:43:06 - INFO - --------------------------------------------------
2025-10-04 12:43:07 - INFO - Device: WN-L036-30 | IP: FD12:3456::62A4:23FF:FE37:A3A1 | Status: SUCCESS ✅
2025-10-04 12:43:07 - INFO - RSL In: -79 | RSL Out: -78
2025-10-04 12:43:07 - INFO - --------------------------------------------------
2025-10-04 12:43:07 - INFO - Device: WN-L037-30 | IP: FD12:3456::B635:22FF:FE98:2539 | Status: SUCCESS ✅
2025-10-04 12:43:07 - INFO - RSL In: -86 | RSL Out: -86
2025-10-04 12:43:07 - INFO - --------------------------------------------------
2025-10-04 12:43:09 - INFO - Device: WN-OF04-34 | IP: FD12:3456::B635:22FF:FE98:285C | Status: SUCCESS ✅
2025-10-04 12:43:09 - INFO - RSL In: -75 | RSL Out: -78
2025-10-04 12:43:09 - INFO - --------------------------------------------------
2025-10-04 12:43:11 - INFO - Device: WN-L050-30 | IP: FD12:3456::92FD:9FFF:FEEE:9DF7 | Status: SUCCESS ✅
2025-10-04 12:43:11 - INFO - RSL In: -90 | RSL Out: -86
2025-10-04 12:43:11 - INFO - --------------------------------------------------
