2025-10-02 19:53:14 - INFO - === RSL TEST STARTED (28 devices) ===
2025-10-02 19:53:14 - INFO - Device: WN-L031-30 | IP: FD12:3456::B635:22FF:FE98:2537 | Status: SUCCESS ✅
2025-10-02 19:53:14 - INFO - RSL In: -71 | RSL Out: -86
2025-10-02 19:53:14 - INFO - --------------------------------------------------
2025-10-02 19:53:15 - INFO - Device: WN-L032-30 | IP: FD12:3456::B635:22FF:FE98:2523 | Status: SUCCESS ✅
2025-10-02 19:53:15 - INFO - RSL In: -78 | RSL Out: -77
2025-10-02 19:53:15 - INFO - --------------------------------------------------
2025-10-02 19:53:16 - INFO - Device: WN-L033-30 | IP: FD12:3456::B635:22FF:FE98:252B | Status: FAILED ❌
2025-10-02 19:53:16 - INFO - RSL In: No response / error | RSL Out: No response / error
2025-10-02 19:53:16 - INFO - --------------------------------------------------
2025-10-02 19:53:16 - INFO - Test paused, waiting...
2025-10-02 19:53:17 - INFO - Test paused, waiting...
2025-10-02 19:53:18 - INFO - Test paused, waiting...
2025-10-02 19:53:19 - INFO - Test paused, waiting...
2025-10-02 19:53:20 - INFO - Test paused, waiting...
2025-10-02 19:53:21 - INFO - Test paused, waiting...
2025-10-02 19:53:22 - INFO - Test paused, waiting...
2025-10-02 19:53:23 - INFO - Test paused, waiting...
2025-10-02 19:53:24 - INFO - Test paused, waiting...
2025-10-02 19:53:25 - INFO - Test paused, waiting...
