2025-10-04 14:48:17 - INFO - === RSL TEST STARTED (28 devices) ===
2025-10-04 14:48:40 - INFO - Device: WN-L040-30 | IP: FD12:3456::B635:22FF:FE98:2541 | Status: FAILED ❌
2025-10-04 14:48:40 - INFO - RSL In: No response / error | RSL Out: No response / error
2025-10-04 14:48:40 - INFO - --------------------------------------------------
2025-10-04 14:48:56 - INFO - Device: WN-L041-30 | IP: FD12:3456::B635:22FF:FE98:2529 | Status: SUCCESS ✅
2025-10-04 14:48:56 - INFO - RSL In: -78 | RSL Out: -82
2025-10-04 14:48:56 - INFO - --------------------------------------------------
2025-10-04 14:49:15 - INFO - Device: WN-L032-30 | IP: FD12:3456::B635:22FF:FE98:2523 | Status: FAILED ❌
2025-10-04 14:49:15 - INFO - RSL In: No response / error | RSL Out: No response / error
2025-10-04 14:49:15 - INFO - --------------------------------------------------
2025-10-04 14:49:24 - INFO - Device: WN-L042-30 | IP: FD12:3456::62A4:23FF:FE37:A3AC | Status: SUCCESS ✅
2025-10-04 14:49:24 - INFO - RSL In: -74 | RSL Out: -75
2025-10-04 14:49:24 - INFO - --------------------------------------------------
2025-10-04 14:49:56 - INFO - Device: WN-L043-30 | IP: FD12:3456::62A4:23FF:FE37:A39F | Status: SUCCESS ✅
2025-10-04 14:49:56 - INFO - RSL In: -73 | RSL Out: -75
2025-10-04 14:49:56 - INFO - --------------------------------------------------
2025-10-04 14:49:57 - INFO - Device: WN-L031-30 | IP: FD12:3456::B635:22FF:FE98:2537 | Status: FAILED ❌
2025-10-04 14:49:57 - INFO - RSL In: No response / error | RSL Out: No response / error
2025-10-04 14:49:57 - INFO - --------------------------------------------------
2025-10-04 14:50:14 - INFO - Device: WN-L032-30 | IP: FD12:3456::B635:22FF:FE98:2523 | Status: SUCCESS ✅
2025-10-04 14:50:14 - INFO - RSL In: -90 | RSL Out: -89
2025-10-04 14:50:14 - INFO - --------------------------------------------------
2025-10-04 14:50:39 - INFO - Device: WN-L033-30 | IP: FD12:3456::B635:22FF:FE98:252B | Status: SUCCESS ✅
2025-10-04 14:50:39 - INFO - RSL In: -69 | RSL Out: -66
2025-10-04 14:50:39 - INFO - --------------------------------------------------
2025-10-04 14:50:55 - INFO - Device: WN-L033-30 | IP: FD12:3456::B635:22FF:FE98:252B | Status: FAILED ❌
2025-10-04 14:50:55 - INFO - RSL In: No response / error | RSL Out: No response / error
2025-10-04 14:50:55 - INFO - --------------------------------------------------
2025-10-04 14:50:57 - INFO - Device: WN-L034-30 | IP: FD12:3456::62A4:23FF:FE37:A3B3 | Status: SUCCESS ✅
2025-10-04 14:50:57 - INFO - RSL In: -69 | RSL Out: -71
2025-10-04 14:50:57 - INFO - --------------------------------------------------
2025-10-04 14:51:05 - INFO - Device: WN-L034-30 | IP: FD12:3456::62A4:23FF:FE37:A3B3 | Status: SUCCESS ✅
2025-10-04 14:51:05 - INFO - RSL In: -69 | RSL Out: -71
2025-10-04 14:51:05 - INFO - --------------------------------------------------
2025-10-04 14:51:11 - INFO - Device: WN-L035-30 | IP: FD12:3456::B635:22FF:FE98:285B | Status: SUCCESS ✅
2025-10-04 14:51:11 - INFO - RSL In: -93 | RSL Out: -92
2025-10-04 14:51:11 - INFO - --------------------------------------------------
2025-10-04 14:51:34 - INFO - Device: WN-L036-30 | IP: FD12:3456::62A4:23FF:FE37:A3A1 | Status: SUCCESS ✅
2025-10-04 14:51:34 - INFO - RSL In: -87 | RSL Out: -87
2025-10-04 14:51:34 - INFO - --------------------------------------------------
2025-10-04 14:51:36 - INFO - Device: WN-L044-30 | IP: FD12:3456::B635:22FF:FE98:2534 | Status: FAILED ❌
2025-10-04 14:51:36 - INFO - RSL In: No response / error | RSL Out: No response / error
2025-10-04 14:51:36 - INFO - --------------------------------------------------
2025-10-04 14:51:51 - INFO - Device: WN-L037-30 | IP: FD12:3456::B635:22FF:FE98:2539 | Status: SUCCESS ✅
2025-10-04 14:51:51 - INFO - RSL In: -91 | RSL Out: -96
2025-10-04 14:51:51 - INFO - --------------------------------------------------
2025-10-04 14:52:01 - INFO - Device: WN-OF04-34 | IP: FD12:3456::B635:22FF:FE98:285C | Status: SUCCESS ✅
2025-10-04 14:52:01 - INFO - RSL In: -78 | RSL Out: -79
2025-10-04 14:52:01 - INFO - --------------------------------------------------
