2025-10-04 11:51:24 - INFO - === RSL TEST STARTED (28 devices) ===
2025-10-04 11:51:25 - INFO - Device: WN-L031-30 | IP: FD12:3456::B635:22FF:FE98:2537 | Status: SUCCESS ✅
2025-10-04 11:51:25 - INFO - RSL In: -93 | RSL Out: -91
2025-10-04 11:51:25 - INFO - --------------------------------------------------
2025-10-04 11:51:26 - INFO - Device: WN-L032-30 | IP: FD12:3456::B635:22FF:FE98:2523 | Status: SUCCESS ✅
2025-10-04 11:51:26 - INFO - RSL In: -75 | RSL Out: -74
2025-10-04 11:51:26 - INFO - --------------------------------------------------
2025-10-04 11:51:27 - INFO - Device: WN-L033-30 | IP: FD12:3456::B635:22FF:FE98:252B | Status: SUCCESS ✅
2025-10-04 11:51:27 - INFO - RSL In: -70 | RSL Out: -84
2025-10-04 11:51:27 - INFO - --------------------------------------------------
2025-10-04 11:51:29 - INFO - Device: WN-L034-30 | IP: FD12:3456::62A4:23FF:FE37:A3B3 | Status: SUCCESS ✅
2025-10-04 11:51:29 - INFO - RSL In: -73 | RSL Out: -77
2025-10-04 11:51:29 - INFO - --------------------------------------------------
2025-10-04 11:51:30 - INFO - Device: WN-L035-30 | IP: FD12:3456::B635:22FF:FE98:285B | Status: SUCCESS ✅
2025-10-04 11:51:30 - INFO - RSL In: -67 | RSL Out: -69
2025-10-04 11:51:30 - INFO - --------------------------------------------------
2025-10-04 11:51:31 - INFO - Device: WN-L036-30 | IP: FD12:3456::62A4:23FF:FE37:A3A1 | Status: SUCCESS ✅
2025-10-04 11:51:31 - INFO - RSL In: -79 | RSL Out: -78
2025-10-04 11:51:31 - INFO - --------------------------------------------------
2025-10-04 11:51:32 - INFO - Device: WN-L037-30 | IP: FD12:3456::B635:22FF:FE98:2539 | Status: SUCCESS ✅
2025-10-04 11:51:32 - INFO - RSL In: -87 | RSL Out: -89
2025-10-04 11:51:32 - INFO - --------------------------------------------------
2025-10-04 11:51:32 - INFO - Test stopped by user
2025-10-04 11:51:32 - INFO - SUMMARY: 7/28 devices responded (25.0% success rate)
2025-10-04 11:51:32 - INFO - === RSL TEST COMPLETED ===
