2025-10-02 19:49:40 - INFO - === RSL TEST STARTED (28 devices) ===
2025-10-02 19:49:41 - INFO - Device: WN-L031-30 | IP: FD12:3456::B635:22FF:FE98:2537 | Status: FAILED ❌
2025-10-02 19:49:41 - INFO - RSL In: No response / error | RSL Out: No response / error
2025-10-02 19:49:41 - INFO - --------------------------------------------------
2025-10-02 19:49:42 - INFO - Device: WN-L032-30 | IP: FD12:3456::B635:22FF:FE98:2523 | Status: FAILED ❌
2025-10-02 19:49:42 - INFO - RSL In: No response / error | RSL Out: No response / error
2025-10-02 19:49:42 - INFO - --------------------------------------------------
2025-10-02 19:49:43 - INFO - Device: WN-L033-30 | IP: FD12:3456::B635:22FF:FE98:252B | Status: FAILED ❌
2025-10-02 19:49:43 - INFO - RSL In: No response / error | RSL Out: No response / error
2025-10-02 19:49:43 - INFO - --------------------------------------------------
2025-10-02 19:49:44 - INFO - Device: WN-L034-30 | IP: FD12:3456::62A4:23FF:FE37:A3B3 | Status: FAILED ❌
2025-10-02 19:49:44 - INFO - RSL In: No response / error | RSL Out: No response / error
2025-10-02 19:49:44 - INFO - --------------------------------------------------
2025-10-02 19:49:45 - INFO - Device: WN-L035-30 | IP: FD12:3456::B635:22FF:FE98:285B | Status: FAILED ❌
2025-10-02 19:49:45 - INFO - RSL In: No response / error | RSL Out: No response / error
2025-10-02 19:49:45 - INFO - --------------------------------------------------
2025-10-02 19:49:46 - INFO - Device: WN-L036-30 | IP: FD12:3456::62A4:23FF:FE37:A3A1 | Status: FAILED ❌
2025-10-02 19:49:46 - INFO - RSL In: No response / error | RSL Out: No response / error
2025-10-02 19:49:46 - INFO - --------------------------------------------------
2025-10-02 19:49:47 - INFO - Device: WN-L037-30 | IP: FD12:3456::B635:22FF:FE98:2539 | Status: FAILED ❌
2025-10-02 19:49:47 - INFO - RSL In: No response / error | RSL Out: No response / error
2025-10-02 19:49:47 - INFO - --------------------------------------------------
2025-10-02 19:49:48 - INFO - Device: WN-OF04-34 | IP: FD12:3456::B635:22FF:FE98:285C | Status: FAILED ❌
2025-10-02 19:49:48 - INFO - RSL In: No response / error | RSL Out: No response / error
2025-10-02 19:49:48 - INFO - --------------------------------------------------
2025-10-02 19:49:49 - INFO - Device: WN-L050-30 | IP: FD12:3456::92FD:9FFF:FEEE:9DF7 | Status: FAILED ❌
2025-10-02 19:49:49 - INFO - RSL In: No response / error | RSL Out: No response / error
2025-10-02 19:49:49 - INFO - --------------------------------------------------
2025-10-02 19:49:49 - INFO - Test stopped by user
2025-10-02 19:49:49 - INFO - SUMMARY: 0/28 devices responded (0.0% success rate)
2025-10-02 19:49:49 - INFO - === RSL TEST COMPLETED ===
