2025-10-04 14:17:00 - INFO - === RSL TEST STARTED (28 devices) ===
2025-10-04 14:18:10 - INFO - Device: WN-L040-30 | IP: FD12:3456::B635:22FF:FE98:2541 | Status: FAILED ❌
2025-10-04 14:18:10 - INFO - RSL In: No response / error | RSL Out: No response / error
2025-10-04 14:18:10 - INFO - --------------------------------------------------
2025-10-04 14:18:15 - INFO - Device: WN-L041-30 | IP: FD12:3456::B635:22FF:FE98:2529 | Status: SUCCESS ✅
2025-10-04 14:18:15 - INFO - RSL In: -77 | RSL Out: -80
2025-10-04 14:18:15 - INFO - --------------------------------------------------
2025-10-04 14:18:40 - INFO - Device: WN-L031-30 | IP: FD12:3456::B635:22FF:FE98:2537 | Status: FAILED ❌
2025-10-04 14:18:40 - INFO - RSL In: No response / error | RSL Out: No response / error
2025-10-04 14:18:40 - INFO - --------------------------------------------------
2025-10-04 14:18:44 - INFO - Device: WN-L032-30 | IP: FD12:3456::B635:22FF:FE98:2523 | Status: SUCCESS ✅
2025-10-04 14:18:44 - INFO - RSL In: -88 | RSL Out: -90
2025-10-04 14:18:44 - INFO - --------------------------------------------------
2025-10-04 14:18:52 - INFO - Device: WN-L033-30 | IP: FD12:3456::B635:22FF:FE98:252B | Status: SUCCESS ✅
2025-10-04 14:18:52 - INFO - RSL In: -82 | RSL Out: -77
2025-10-04 14:18:52 - INFO - --------------------------------------------------
2025-10-04 14:19:55 - INFO - Device: WN-L042-30 | IP: FD12:3456::62A4:23FF:FE37:A3AC | Status: FAILED ❌
2025-10-04 14:19:55 - INFO - RSL In: No response / error | RSL Out: No response / error
2025-10-04 14:19:55 - INFO - --------------------------------------------------
2025-10-04 14:20:04 - INFO - Device: WN-L043-30 | IP: FD12:3456::62A4:23FF:FE37:A39F | Status: SUCCESS ✅
2025-10-04 14:20:04 - INFO - RSL In: -73 | RSL Out: -74
2025-10-04 14:20:04 - INFO - --------------------------------------------------
2025-10-04 14:20:10 - INFO - Device: WN-L044-30 | IP: FD12:3456::B635:22FF:FE98:2534 | Status: SUCCESS ✅
2025-10-04 14:20:10 - INFO - RSL In: -76 | RSL Out: -75
2025-10-04 14:20:10 - INFO - --------------------------------------------------
2025-10-04 14:20:32 - INFO - Device: WN-L034-30 | IP: FD12:3456::62A4:23FF:FE37:A3B3 | Status: FAILED ❌
2025-10-04 14:20:32 - INFO - RSL In: No response / error | RSL Out: No response / error
2025-10-04 14:20:32 - INFO - --------------------------------------------------
2025-10-04 14:21:50 - INFO - Device: WN-L045-30 | IP: FD12:3456::B635:22FF:FE98:2524 | Status: FAILED ❌
2025-10-04 14:21:50 - INFO - RSL In: No response / error | RSL Out: No response / error
2025-10-04 14:21:50 - INFO - --------------------------------------------------
2025-10-04 14:22:03 - INFO - Device: WN-L047-30 | IP: FD12:3456::92FD:9FFF:FEEE:9D40 | Status: SUCCESS ✅
2025-10-04 14:22:03 - INFO - RSL In: -89 | RSL Out: -82
2025-10-04 14:22:03 - INFO - --------------------------------------------------
2025-10-04 14:22:12 - INFO - Device: WN-L035-30 | IP: FD12:3456::B635:22FF:FE98:285B | Status: FAILED ❌
2025-10-04 14:22:12 - INFO - RSL In: No response / error | RSL Out: No response / error
2025-10-04 14:22:12 - INFO - --------------------------------------------------
2025-10-04 14:22:47 - INFO - Device: WN-L036-30 | IP: FD12:3456::62A4:23FF:FE37:A3A1 | Status: SUCCESS ✅
2025-10-04 14:22:47 - INFO - RSL In: -88 | RSL Out: -89
2025-10-04 14:22:47 - INFO - --------------------------------------------------
2025-10-04 14:23:43 - INFO - Device: WN-L048-30 | IP: FD12:3456::B635:22FF:FE98:29A6 | Status: FAILED ❌
2025-10-04 14:23:43 - INFO - RSL In: No response / error | RSL Out: No response / error
2025-10-04 14:23:43 - INFO - --------------------------------------------------
2025-10-04 14:24:27 - INFO - Device: WN-L037-30 | IP: FD12:3456::B635:22FF:FE98:2539 | Status: FAILED ❌
2025-10-04 14:24:27 - INFO - RSL In: No response / error | RSL Out: No response / error
2025-10-04 14:24:27 - INFO - --------------------------------------------------
