2025-10-06 15:56:54 - INFO - === RSL TEST STARTED (28 devices) ===
2025-10-06 15:56:55 - INFO - Device: WN-L031-30 | IP: FD12:3456::B635:22FF:FE98:2537 | Status: SUCCESS ✅
2025-10-06 15:56:55 - INFO - RSL In: -94 | RSL Out: -92
2025-10-06 15:56:55 - INFO - --------------------------------------------------
2025-10-06 15:56:55 - INFO - Device: WN-L032-30 | IP: FD12:3456::B635:22FF:FE98:2523 | Status: SUCCESS ✅
2025-10-06 15:56:55 - INFO - RSL In: -74 | RSL Out: -76
2025-10-06 15:56:55 - INFO - --------------------------------------------------
2025-10-06 15:56:55 - INFO - Device: WN-L033-30 | IP: FD12:3456::B635:22FF:FE98:252B | Status: SUCCESS ✅
2025-10-06 15:56:55 - INFO - RSL In: -70 | RSL Out: -83
2025-10-06 15:56:55 - INFO - --------------------------------------------------
2025-10-06 15:56:56 - INFO - Device: WN-L034-30 | IP: FD12:3456::62A4:23FF:FE37:A3B3 | Status: SUCCESS ✅
2025-10-06 15:56:56 - INFO - RSL In: -94 | RSL Out: -96
2025-10-06 15:56:56 - INFO - --------------------------------------------------
2025-10-06 15:56:57 - INFO - Device: WN-L035-30 | IP: FD12:3456::B635:22FF:FE98:285B | Status: SUCCESS ✅
2025-10-06 15:56:57 - INFO - RSL In: -62 | RSL Out: -64
2025-10-06 15:56:57 - INFO - --------------------------------------------------
2025-10-06 15:58:37 - INFO - Device: WN-L036-30 | IP: FD12:3456::62A4:23FF:FE37:A3A1 | Status: FAILED ❌
2025-10-06 15:58:37 - INFO - RSL In: No response / error | RSL Out: No response / error
2025-10-06 15:58:37 - INFO - --------------------------------------------------
2025-10-06 15:58:38 - INFO - Device: WN-L037-30 | IP: FD12:3456::B635:22FF:FE98:2539 | Status: SUCCESS ✅
2025-10-06 15:58:38 - INFO - RSL In: -90 | RSL Out: -93
2025-10-06 15:58:38 - INFO - --------------------------------------------------
2025-10-06 15:58:39 - INFO - Device: WN-OF04-34 | IP: FD12:3456::B635:22FF:FE98:285C | Status: SUCCESS ✅
2025-10-06 15:58:39 - INFO - RSL In: -74 | RSL Out: -79
2025-10-06 15:58:39 - INFO - --------------------------------------------------
2025-10-06 15:58:39 - INFO - Device: WN-L050-30 | IP: FD12:3456::92FD:9FFF:FEEE:9DF7 | Status: SUCCESS ✅
2025-10-06 15:58:39 - INFO - RSL In: -76 | RSL Out: -72
2025-10-06 15:58:39 - INFO - --------------------------------------------------
2025-10-06 15:58:40 - INFO - Device: WN-L051-30 | IP: FD12:3456::B635:22FF:FE98:285D | Status: SUCCESS ✅
2025-10-06 15:58:40 - INFO - RSL In: -80 | RSL Out: -76
2025-10-06 15:58:40 - INFO - --------------------------------------------------
2025-10-06 15:59:06 - INFO - Device: WN-L038-30 | IP: FD12:3456::B635:22FF:FE98:253F | Status: SUCCESS ✅
2025-10-06 15:59:06 - INFO - RSL In: -85 | RSL Out: -84
2025-10-06 15:59:06 - INFO - --------------------------------------------------
2025-10-06 15:59:18 - INFO - Device: WN-L039-30 | IP: FD12:3456::62A4:23FF:FE37:A3A8 | Status: SUCCESS ✅
2025-10-06 15:59:18 - INFO - RSL In: -87 | RSL Out: -85
2025-10-06 15:59:18 - INFO - --------------------------------------------------
2025-10-06 16:00:58 - INFO - Device: WN-L040-30 | IP: FD12:3456::B635:22FF:FE98:2541 | Status: FAILED ❌
2025-10-06 16:00:58 - INFO - RSL In: No response / error | RSL Out: No response / error
2025-10-06 16:00:58 - INFO - --------------------------------------------------
2025-10-06 16:01:01 - INFO - Device: WN-L041-30 | IP: FD12:3456::B635:22FF:FE98:2529 | Status: SUCCESS ✅
2025-10-06 16:01:01 - INFO - RSL In: -77 | RSL Out: -79
2025-10-06 16:01:01 - INFO - --------------------------------------------------
2025-10-06 16:01:05 - INFO - Device: WN-L042-30 | IP: FD12:3456::62A4:23FF:FE37:A3AC | Status: SUCCESS ✅
2025-10-06 16:01:05 - INFO - RSL In: -77 | RSL Out: -74
2025-10-06 16:01:05 - INFO - --------------------------------------------------
2025-10-06 16:01:15 - INFO - Device: WN-L043-30 | IP: FD12:3456::62A4:23FF:FE37:A39F | Status: SUCCESS ✅
2025-10-06 16:01:15 - INFO - RSL In: -73 | RSL Out: -73
2025-10-06 16:01:15 - INFO - --------------------------------------------------
2025-10-06 16:01:22 - INFO - Device: WN-L044-30 | IP: FD12:3456::B635:22FF:FE98:2534 | Status: SUCCESS ✅
2025-10-06 16:01:22 - INFO - RSL In: -79 | RSL Out: -81
2025-10-06 16:01:22 - INFO - --------------------------------------------------
2025-10-06 16:03:02 - INFO - Device: WN-L045-30 | IP: FD12:3456::B635:22FF:FE98:2524 | Status: FAILED ❌
2025-10-06 16:03:02 - INFO - RSL In: No response / error | RSL Out: No response / error
2025-10-06 16:03:02 - INFO - --------------------------------------------------
2025-10-06 16:03:08 - INFO - Device: WN-L047-30 | IP: FD12:3456::92FD:9FFF:FEEE:9D40 | Status: SUCCESS ✅
2025-10-06 16:03:08 - INFO - RSL In: -77 | RSL Out: -76
2025-10-06 16:03:08 - INFO - --------------------------------------------------
2025-10-06 16:03:14 - INFO - Device: WN-L048-30 | IP: FD12:3456::B635:22FF:FE98:29A6 | Status: SUCCESS ✅
2025-10-06 16:03:14 - INFO - RSL In: -87 | RSL Out: -87
2025-10-06 16:03:14 - INFO - --------------------------------------------------
2025-10-06 16:04:54 - INFO - Device: WN-L052-30 | IP: FD12:3456::62A4:23FF:FE37:A3AD | Status: FAILED ❌
2025-10-06 16:04:54 - INFO - RSL In: No response / error | RSL Out: No response / error
2025-10-06 16:04:54 - INFO - --------------------------------------------------
2025-10-06 16:06:34 - INFO - Device: WN-L053-30 | IP: FD12:3456::B635:22FF:FE98:252C | Status: FAILED ❌
2025-10-06 16:06:34 - INFO - RSL In: No response / error | RSL Out: No response / error
2025-10-06 16:06:34 - INFO - --------------------------------------------------
2025-10-06 16:06:54 - INFO - Device: WN-L054-30 | IP: FD12:3456::B635:22FF:FE98:251E | Status: SUCCESS ✅
2025-10-06 16:06:54 - INFO - RSL In: -74 | RSL Out: -71
2025-10-06 16:06:54 - INFO - --------------------------------------------------
2025-10-06 16:06:56 - INFO - Device: WN-VA24-30 | IP: FD12:3456::B635:22FF:FE98:253E | Status: SUCCESS ✅
2025-10-06 16:06:56 - INFO - RSL In: -89 | RSL Out: -86
2025-10-06 16:06:56 - INFO - --------------------------------------------------
2025-10-06 16:06:56 - INFO - Device: WN-VA64-30 | IP: FD12:3456::B635:22FF:FE98:285E | Status: SUCCESS ✅
2025-10-06 16:06:56 - INFO - RSL In: -69 | RSL Out: -78
2025-10-06 16:06:56 - INFO - --------------------------------------------------
2025-10-06 16:06:57 - INFO - Device: WN-VC44-30 | IP: FD12:3456::62A4:23FF:FE37:A3A9 | Status: SUCCESS ✅
2025-10-06 16:06:57 - INFO - RSL In: -70 | RSL Out: -81
2025-10-06 16:06:57 - INFO - --------------------------------------------------
2025-10-06 16:08:37 - INFO - Device: WN-NI04-34 | IP: FD12:3456::62A4:23FF:FE37:A3AB | Status: FAILED ❌
2025-10-06 16:08:37 - INFO - RSL In: No response / error | RSL Out: No response / error
2025-10-06 16:08:37 - INFO - --------------------------------------------------
2025-10-06 16:10:17 - INFO - Device: WN-L059-34 | IP: FD12:3456::B635:22FF:FE98:29A5 | Status: FAILED ❌
2025-10-06 16:10:17 - INFO - RSL In: No response / error | RSL Out: No response / error
2025-10-06 16:10:17 - INFO - --------------------------------------------------
2025-10-06 16:10:17 - INFO - SUMMARY: 21/28 devices responded (75.0% success rate)
2025-10-06 16:10:17 - INFO - === RSL TEST COMPLETED ===
