2025-10-04 12:51:55 - INFO - === RSL TEST STARTED (28 devices) ===
2025-10-04 12:51:56 - INFO - Device: WN-L031-30 | IP: FD12:3456::B635:22FF:FE98:2537 | Status: SUCCESS ✅
2025-10-04 12:51:56 - INFO - RSL In: -91 | RSL Out: -89
2025-10-04 12:51:56 - INFO - --------------------------------------------------
2025-10-04 12:51:57 - INFO - Device: WN-L032-30 | IP: FD12:3456::B635:22FF:FE98:2523 | Status: SUCCESS ✅
2025-10-04 12:51:57 - INFO - RSL In: -76 | RSL Out: -74
2025-10-04 12:51:57 - INFO - --------------------------------------------------
2025-10-04 12:51:57 - INFO - Device: WN-L033-30 | IP: FD12:3456::B635:22FF:FE98:252B | Status: SUCCESS ✅
2025-10-04 12:51:57 - INFO - RSL In: -69 | RSL Out: -82
2025-10-04 12:51:57 - INFO - --------------------------------------------------
2025-10-04 12:51:58 - INFO - Device: WN-L034-30 | IP: FD12:3456::62A4:23FF:FE37:A3B3 | Status: SUCCESS ✅
2025-10-04 12:51:58 - INFO - RSL In: -73 | RSL Out: -76
2025-10-04 12:51:58 - INFO - --------------------------------------------------
2025-10-04 12:51:59 - INFO - Device: WN-L035-30 | IP: FD12:3456::B635:22FF:FE98:285B | Status: SUCCESS ✅
2025-10-04 12:51:59 - INFO - RSL In: -65 | RSL Out: -68
2025-10-04 12:51:59 - INFO - --------------------------------------------------
2025-10-04 12:52:00 - INFO - Device: WN-L036-30 | IP: FD12:3456::62A4:23FF:FE37:A3A1 | Status: SUCCESS ✅
2025-10-04 12:52:00 - INFO - RSL In: -79 | RSL Out: -78
2025-10-04 12:52:00 - INFO - --------------------------------------------------
2025-10-04 12:52:03 - INFO - Device: WN-L037-30 | IP: FD12:3456::B635:22FF:FE98:2539 | Status: SUCCESS ✅
2025-10-04 12:52:03 - INFO - RSL In: -86 | RSL Out: -90
2025-10-04 12:52:03 - INFO - --------------------------------------------------
2025-10-04 12:52:04 - INFO - Device: WN-OF04-34 | IP: FD12:3456::B635:22FF:FE98:285C | Status: SUCCESS ✅
2025-10-04 12:52:04 - INFO - RSL In: -75 | RSL Out: -79
2025-10-04 12:52:04 - INFO - --------------------------------------------------
2025-10-04 12:52:05 - INFO - Device: WN-L050-30 | IP: FD12:3456::92FD:9FFF:FEEE:9DF7 | Status: SUCCESS ✅
2025-10-04 12:52:05 - INFO - RSL In: -89 | RSL Out: -85
2025-10-04 12:52:05 - INFO - --------------------------------------------------
2025-10-04 12:52:07 - INFO - Device: WN-L051-30 | IP: FD12:3456::B635:22FF:FE98:285D | Status: SUCCESS ✅
2025-10-04 12:52:07 - INFO - RSL In: -91 | RSL Out: -90
2025-10-04 12:52:07 - INFO - --------------------------------------------------
2025-10-04 12:52:10 - INFO - Device: WN-L038-30 | IP: FD12:3456::B635:22FF:FE98:253F | Status: SUCCESS ✅
2025-10-04 12:52:10 - INFO - RSL In: -86 | RSL Out: -83
2025-10-04 12:52:10 - INFO - --------------------------------------------------
2025-10-04 12:52:20 - INFO - Device: WN-L039-30 | IP: FD12:3456::62A4:23FF:FE37:A3A8 | Status: SUCCESS ✅
2025-10-04 12:52:20 - INFO - RSL In: -89 | RSL Out: -88
2025-10-04 12:52:20 - INFO - --------------------------------------------------
2025-10-04 12:54:00 - INFO - Device: WN-L040-30 | IP: FD12:3456::B635:22FF:FE98:2541 | Status: FAILED ❌
2025-10-04 12:54:00 - INFO - RSL In: No response / error | RSL Out: No response / error
2025-10-04 12:54:00 - INFO - --------------------------------------------------
2025-10-04 12:55:40 - INFO - Device: WN-L041-30 | IP: FD12:3456::B635:22FF:FE98:2529 | Status: FAILED ❌
2025-10-04 12:55:40 - INFO - RSL In: No response / error | RSL Out: No response / error
2025-10-04 12:55:40 - INFO - --------------------------------------------------
2025-10-04 12:55:44 - INFO - Device: WN-L042-30 | IP: FD12:3456::62A4:23FF:FE37:A3AC | Status: SUCCESS ✅
2025-10-04 12:55:44 - INFO - RSL In: -75 | RSL Out: -74
2025-10-04 12:55:44 - INFO - --------------------------------------------------
2025-10-04 12:55:45 - INFO - Device: WN-L043-30 | IP: FD12:3456::62A4:23FF:FE37:A39F | Status: SUCCESS ✅
2025-10-04 12:55:45 - INFO - RSL In: -75 | RSL Out: -76
2025-10-04 12:55:45 - INFO - --------------------------------------------------
2025-10-04 12:57:25 - INFO - Device: WN-L044-30 | IP: FD12:3456::B635:22FF:FE98:2534 | Status: FAILED ❌
2025-10-04 12:57:25 - INFO - RSL In: No response / error | RSL Out: No response / error
2025-10-04 12:57:25 - INFO - --------------------------------------------------
2025-10-04 12:59:05 - INFO - Device: WN-L045-30 | IP: FD12:3456::B635:22FF:FE98:2524 | Status: FAILED ❌
2025-10-04 12:59:05 - INFO - RSL In: No response / error | RSL Out: No response / error
2025-10-04 12:59:05 - INFO - --------------------------------------------------
2025-10-04 13:00:45 - INFO - Device: WN-L047-30 | IP: FD12:3456::92FD:9FFF:FEEE:9D40 | Status: FAILED ❌
2025-10-04 13:00:45 - INFO - RSL In: No response / error | RSL Out: No response / error
2025-10-04 13:00:45 - INFO - --------------------------------------------------
2025-10-04 13:00:51 - INFO - Device: WN-L048-30 | IP: FD12:3456::B635:22FF:FE98:29A6 | Status: SUCCESS ✅
2025-10-04 13:00:51 - INFO - RSL In: -72 | RSL Out: -77
2025-10-04 13:00:51 - INFO - --------------------------------------------------
2025-10-04 13:00:58 - INFO - Device: WN-L052-30 | IP: FD12:3456::62A4:23FF:FE37:A3AD | Status: SUCCESS ✅
2025-10-04 13:00:58 - INFO - RSL In: -72 | RSL Out: -70
2025-10-04 13:00:58 - INFO - --------------------------------------------------
2025-10-04 13:01:05 - INFO - Device: WN-L053-30 | IP: FD12:3456::B635:22FF:FE98:252C | Status: SUCCESS ✅
2025-10-04 13:01:05 - INFO - RSL In: -83 | RSL Out: -82
2025-10-04 13:01:05 - INFO - --------------------------------------------------
2025-10-04 13:01:13 - INFO - Device: WN-L054-30 | IP: FD12:3456::B635:22FF:FE98:251E | Status: SUCCESS ✅
2025-10-04 13:01:13 - INFO - RSL In: -71 | RSL Out: -69
2025-10-04 13:01:13 - INFO - --------------------------------------------------
2025-10-04 13:01:14 - INFO - Device: WN-VA24-30 | IP: FD12:3456::B635:22FF:FE98:253E | Status: SUCCESS ✅
2025-10-04 13:01:14 - INFO - RSL In: -88 | RSL Out: -83
2025-10-04 13:01:14 - INFO - --------------------------------------------------
2025-10-04 13:01:15 - INFO - Device: WN-VA64-30 | IP: FD12:3456::B635:22FF:FE98:285E | Status: SUCCESS ✅
2025-10-04 13:01:15 - INFO - RSL In: -69 | RSL Out: -78
2025-10-04 13:01:15 - INFO - --------------------------------------------------
2025-10-04 13:01:15 - INFO - Device: WN-VC44-30 | IP: FD12:3456::62A4:23FF:FE37:A3A9 | Status: SUCCESS ✅
2025-10-04 13:01:15 - INFO - RSL In: -70 | RSL Out: -80
2025-10-04 13:01:15 - INFO - --------------------------------------------------
2025-10-04 13:02:55 - INFO - Device: WN-NI04-34 | IP: FD12:3456::62A4:23FF:FE37:A3AB | Status: FAILED ❌
2025-10-04 13:02:55 - INFO - RSL In: No response / error | RSL Out: No response / error
2025-10-04 13:02:55 - INFO - --------------------------------------------------
2025-10-04 13:02:57 - INFO - Device: WN-L059-34 | IP: FD12:3456::B635:22FF:FE98:29A5 | Status: SUCCESS ✅
2025-10-04 13:02:57 - INFO - RSL In: -85 | RSL Out: -85
2025-10-04 13:02:57 - INFO - --------------------------------------------------
2025-10-04 13:02:57 - INFO - SUMMARY: 22/28 devices responded (78.6% success rate)
2025-10-04 13:02:57 - INFO - === RSL TEST COMPLETED ===
