2025-10-04 14:16:49 - INFO - === RSL TEST STARTED (28 devices) ===
2025-10-04 14:16:50 - INFO - Device: WN-L031-30 | IP: FD12:3456::B635:22FF:FE98:2537 | Status: FAILED ❌
2025-10-04 14:16:50 - INFO - RSL In: No response / error | RSL Out: No response / error
2025-10-04 14:16:50 - INFO - --------------------------------------------------
2025-10-04 14:16:51 - INFO - Device: WN-L032-30 | IP: FD12:3456::B635:22FF:FE98:2523 | Status: FAILED ❌
2025-10-04 14:16:51 - INFO - RSL In: No response / error | RSL Out: No response / error
2025-10-04 14:16:51 - INFO - --------------------------------------------------
2025-10-04 14:16:52 - INFO - Device: WN-L033-30 | IP: FD12:3456::B635:22FF:FE98:252B | Status: FAILED ❌
2025-10-04 14:16:52 - INFO - RSL In: No response / error | RSL Out: No response / error
2025-10-04 14:16:52 - INFO - --------------------------------------------------
2025-10-04 14:16:53 - INFO - Device: WN-L034-30 | IP: FD12:3456::62A4:23FF:FE37:A3B3 | Status: FAILED ❌
2025-10-04 14:16:53 - INFO - RSL In: No response / error | RSL Out: No response / error
2025-10-04 14:16:53 - INFO - --------------------------------------------------
2025-10-04 14:16:54 - INFO - Device: WN-L035-30 | IP: FD12:3456::B635:22FF:FE98:285B | Status: FAILED ❌
2025-10-04 14:16:54 - INFO - RSL In: No response / error | RSL Out: No response / error
2025-10-04 14:16:54 - INFO - --------------------------------------------------
2025-10-04 14:16:55 - INFO - Device: WN-L036-30 | IP: FD12:3456::62A4:23FF:FE37:A3A1 | Status: FAILED ❌
2025-10-04 14:16:55 - INFO - RSL In: No response / error | RSL Out: No response / error
2025-10-04 14:16:55 - INFO - --------------------------------------------------
2025-10-04 14:16:56 - INFO - Device: WN-L037-30 | IP: FD12:3456::B635:22FF:FE98:2539 | Status: FAILED ❌
2025-10-04 14:16:56 - INFO - RSL In: No response / error | RSL Out: No response / error
2025-10-04 14:16:56 - INFO - --------------------------------------------------
2025-10-04 14:16:56 - INFO - Test stopped by user
2025-10-04 14:16:56 - INFO - SUMMARY: 0/28 devices responded (0.0% success rate)
2025-10-04 14:16:56 - INFO - === RSL TEST COMPLETED ===
