2025-10-02 19:14:59 - INFO - === RSL TEST STARTED (28 devices) ===
2025-10-02 19:14:59 - INFO - Device: WN-L031-30 | IP: FD12:3456::B635:22FF:FE98:2537 | Status: SUCCESS ✅
2025-10-02 19:14:59 - INFO - RSL In: -71 | RSL Out: -86
2025-10-02 19:14:59 - INFO - --------------------------------------------------
2025-10-02 19:15:00 - INFO - Device: WN-L032-30 | IP: FD12:3456::B635:22FF:FE98:2523 | Status: FAILED ❌
2025-10-02 19:15:00 - INFO - RSL In: No response / error | RSL Out: No response / error
2025-10-02 19:15:00 - INFO - --------------------------------------------------
2025-10-02 19:15:01 - INFO - Device: WN-L033-30 | IP: FD12:3456::B635:22FF:FE98:252B | Status: FAILED ❌
2025-10-02 19:15:01 - INFO - RSL In: No response / error | RSL Out: No response / error
2025-10-02 19:15:01 - INFO - --------------------------------------------------
2025-10-02 19:15:02 - INFO - Device: WN-L034-30 | IP: FD12:3456::62A4:23FF:FE37:A3B3 | Status: FAILED ❌
2025-10-02 19:15:02 - INFO - RSL In: No response / error | RSL Out: No response / error
2025-10-02 19:15:02 - INFO - --------------------------------------------------
2025-10-02 19:15:03 - INFO - Device: WN-L035-30 | IP: FD12:3456::B635:22FF:FE98:285B | Status: FAILED ❌
2025-10-02 19:15:03 - INFO - RSL In: No response / error | RSL Out: No response / error
2025-10-02 19:15:03 - INFO - --------------------------------------------------
2025-10-02 19:15:04 - INFO - Device: WN-L036-30 | IP: FD12:3456::62A4:23FF:FE37:A3A1 | Status: FAILED ❌
2025-10-02 19:15:04 - INFO - RSL In: No response / error | RSL Out: No response / error
2025-10-02 19:15:04 - INFO - --------------------------------------------------
2025-10-02 19:15:05 - INFO - Device: WN-L037-30 | IP: FD12:3456::B635:22FF:FE98:2539 | Status: FAILED ❌
2025-10-02 19:15:05 - INFO - RSL In: No response / error | RSL Out: No response / error
2025-10-02 19:15:05 - INFO - --------------------------------------------------
2025-10-02 19:15:05 - INFO - Test stopped by user
2025-10-02 19:15:05 - INFO - SUMMARY: 1/28 devices responded (3.6% success rate)
2025-10-02 19:15:05 - INFO - === RSL TEST COMPLETED ===
