2025-10-04 11:46:46 - INFO - === RSL TEST STARTED (28 devices) ===
2025-10-04 11:46:47 - INFO - Device: WN-L031-30 | IP: FD12:3456::B635:22FF:FE98:2537 | Status: SUCCESS ✅
2025-10-04 11:46:47 - INFO - RSL In: -92 | RSL Out: -91
2025-10-04 11:46:47 - INFO - --------------------------------------------------
2025-10-04 11:46:48 - INFO - Device: WN-L032-30 | IP: FD12:3456::B635:22FF:FE98:2523 | Status: SUCCESS ✅
2025-10-04 11:46:48 - INFO - RSL In: -75 | RSL Out: -74
2025-10-04 11:46:48 - INFO - --------------------------------------------------
2025-10-04 11:46:48 - INFO - Device: WN-L033-30 | IP: FD12:3456::B635:22FF:FE98:252B | Status: SUCCESS ✅
2025-10-04 11:46:48 - INFO - RSL In: -70 | RSL Out: -83
2025-10-04 11:46:48 - INFO - --------------------------------------------------
2025-10-04 11:46:50 - INFO - Device: WN-L034-30 | IP: FD12:3456::62A4:23FF:FE37:A3B3 | Status: SUCCESS ✅
2025-10-04 11:46:50 - INFO - RSL In: -73 | RSL Out: -76
2025-10-04 11:46:50 - INFO - --------------------------------------------------
2025-10-04 11:46:50 - INFO - Device: WN-L035-30 | IP: FD12:3456::B635:22FF:FE98:285B | Status: SUCCESS ✅
2025-10-04 11:46:50 - INFO - RSL In: -67 | RSL Out: -69
2025-10-04 11:46:50 - INFO - --------------------------------------------------
2025-10-04 11:46:51 - INFO - Device: WN-L036-30 | IP: FD12:3456::62A4:23FF:FE37:A3A1 | Status: SUCCESS ✅
2025-10-04 11:46:51 - INFO - RSL In: -79 | RSL Out: -77
2025-10-04 11:46:51 - INFO - --------------------------------------------------
2025-10-04 11:46:52 - INFO - Device: WN-L037-30 | IP: FD12:3456::B635:22FF:FE98:2539 | Status: SUCCESS ✅
2025-10-04 11:46:52 - INFO - RSL In: -88 | RSL Out: -89
2025-10-04 11:46:52 - INFO - --------------------------------------------------
2025-10-04 11:46:53 - INFO - Device: WN-OF04-34 | IP: FD12:3456::B635:22FF:FE98:285C | Status: SUCCESS ✅
2025-10-04 11:46:53 - INFO - RSL In: -74 | RSL Out: -78
2025-10-04 11:46:53 - INFO - --------------------------------------------------
2025-10-04 11:46:54 - INFO - Device: WN-L050-30 | IP: FD12:3456::92FD:9FFF:FEEE:9DF7 | Status: SUCCESS ✅
2025-10-04 11:46:54 - INFO - RSL In: -90 | RSL Out: -85
2025-10-04 11:46:54 - INFO - --------------------------------------------------
2025-10-04 11:46:55 - INFO - Device: WN-L051-30 | IP: FD12:3456::B635:22FF:FE98:285D | Status: SUCCESS ✅
2025-10-04 11:46:55 - INFO - RSL In: -89 | RSL Out: -89
2025-10-04 11:46:55 - INFO - --------------------------------------------------
2025-10-04 11:46:56 - INFO - Device: WN-L038-30 | IP: FD12:3456::B635:22FF:FE98:253F | Status: SUCCESS ✅
2025-10-04 11:46:56 - INFO - RSL In: -84 | RSL Out: -79
2025-10-04 11:46:56 - INFO - --------------------------------------------------
2025-10-04 11:47:03 - INFO - Device: WN-L039-30 | IP: FD12:3456::62A4:23FF:FE37:A3A8 | Status: SUCCESS ✅
2025-10-04 11:47:03 - INFO - RSL In: -90 | RSL Out: -87
2025-10-04 11:47:03 - INFO - --------------------------------------------------
2025-10-04 11:48:43 - INFO - Device: WN-L040-30 | IP: FD12:3456::B635:22FF:FE98:2541 | Status: FAILED ❌
2025-10-04 11:48:43 - INFO - RSL In: No response / error | RSL Out: No response / error
2025-10-04 11:48:43 - INFO - --------------------------------------------------
2025-10-04 11:50:23 - INFO - Device: WN-L041-30 | IP: FD12:3456::B635:22FF:FE98:2529 | Status: FAILED ❌
2025-10-04 11:50:23 - INFO - RSL In: No response / error | RSL Out: No response / error
2025-10-04 11:50:23 - INFO - --------------------------------------------------
2025-10-04 11:50:29 - INFO - Device: WN-L042-30 | IP: FD12:3456::62A4:23FF:FE37:A3AC | Status: SUCCESS ✅
2025-10-04 11:50:29 - INFO - RSL In: -80 | RSL Out: -76
2025-10-04 11:50:29 - INFO - --------------------------------------------------
2025-10-04 11:50:40 - INFO - Device: WN-L043-30 | IP: FD12:3456::62A4:23FF:FE37:A39F | Status: SUCCESS ✅
2025-10-04 11:50:40 - INFO - RSL In: -76 | RSL Out: -75
2025-10-04 11:50:40 - INFO - --------------------------------------------------
