2025-10-04 12:43:31 - INFO - === RSL TEST STARTED (28 devices) ===
2025-10-04 12:43:33 - INFO - Device: WN-L031-30 | IP: FD12:3456::B635:22FF:FE98:2537 | Status: SUCCESS ✅
2025-10-04 12:43:33 - INFO - RSL In: -92 | RSL Out: -90
2025-10-04 12:43:33 - INFO - --------------------------------------------------
2025-10-04 12:43:34 - INFO - Device: WN-L032-30 | IP: FD12:3456::B635:22FF:FE98:2523 | Status: SUCCESS ✅
2025-10-04 12:43:34 - INFO - RSL In: -76 | RSL Out: -75
2025-10-04 12:43:34 - INFO - --------------------------------------------------
2025-10-04 12:43:35 - INFO - Device: WN-L033-30 | IP: FD12:3456::B635:22FF:FE98:252B | Status: SUCCESS ✅
2025-10-04 12:43:35 - INFO - RSL In: -69 | RSL Out: -83
2025-10-04 12:43:35 - INFO - --------------------------------------------------
2025-10-04 12:43:38 - INFO - Device: WN-L034-30 | IP: FD12:3456::62A4:23FF:FE37:A3B3 | Status: SUCCESS ✅
2025-10-04 12:43:38 - INFO - RSL In: -72 | RSL Out: -76
2025-10-04 12:43:38 - INFO - --------------------------------------------------
2025-10-04 12:43:38 - INFO - Device: WN-L035-30 | IP: FD12:3456::B635:22FF:FE98:285B | Status: SUCCESS ✅
2025-10-04 12:43:38 - INFO - RSL In: -65 | RSL Out: -67
2025-10-04 12:43:38 - INFO - --------------------------------------------------
2025-10-04 12:43:39 - INFO - Device: WN-L036-30 | IP: FD12:3456::62A4:23FF:FE37:A3A1 | Status: SUCCESS ✅
2025-10-04 12:43:39 - INFO - RSL In: -79 | RSL Out: -77
2025-10-04 12:43:39 - INFO - --------------------------------------------------
2025-10-04 12:43:40 - INFO - Device: WN-L037-30 | IP: FD12:3456::B635:22FF:FE98:2539 | Status: SUCCESS ✅
2025-10-04 12:43:40 - INFO - RSL In: -85 | RSL Out: -86
2025-10-04 12:43:40 - INFO - --------------------------------------------------
2025-10-04 12:43:41 - INFO - Device: WN-OF04-34 | IP: FD12:3456::B635:22FF:FE98:285C | Status: SUCCESS ✅
2025-10-04 12:43:41 - INFO - RSL In: -76 | RSL Out: -78
2025-10-04 12:43:41 - INFO - --------------------------------------------------
2025-10-04 12:43:42 - INFO - Device: WN-L050-30 | IP: FD12:3456::92FD:9FFF:FEEE:9DF7 | Status: SUCCESS ✅
2025-10-04 12:43:42 - INFO - RSL In: -89 | RSL Out: -86
2025-10-04 12:43:42 - INFO - --------------------------------------------------
2025-10-04 12:43:43 - INFO - Device: WN-L051-30 | IP: FD12:3456::B635:22FF:FE98:285D | Status: SUCCESS ✅
2025-10-04 12:43:43 - INFO - RSL In: -89 | RSL Out: -86
2025-10-04 12:43:43 - INFO - --------------------------------------------------
2025-10-04 12:43:45 - INFO - Device: WN-L038-30 | IP: FD12:3456::B635:22FF:FE98:253F | Status: SUCCESS ✅
2025-10-04 12:43:45 - INFO - RSL In: -86 | RSL Out: -82
2025-10-04 12:43:45 - INFO - --------------------------------------------------
2025-10-04 12:43:46 - INFO - Device: WN-L039-30 | IP: FD12:3456::62A4:23FF:FE37:A3A8 | Status: SUCCESS ✅
2025-10-04 12:43:46 - INFO - RSL In: -88 | RSL Out: -86
2025-10-04 12:43:46 - INFO - --------------------------------------------------
2025-10-04 12:45:26 - INFO - Device: WN-L040-30 | IP: FD12:3456::B635:22FF:FE98:2541 | Status: FAILED ❌
2025-10-04 12:45:26 - INFO - RSL In: No response / error | RSL Out: No response / error
2025-10-04 12:45:26 - INFO - --------------------------------------------------
2025-10-04 12:47:06 - INFO - Device: WN-L041-30 | IP: FD12:3456::B635:22FF:FE98:2529 | Status: FAILED ❌
2025-10-04 12:47:06 - INFO - RSL In: No response / error | RSL Out: No response / error
2025-10-04 12:47:06 - INFO - --------------------------------------------------
2025-10-04 12:48:46 - INFO - Device: WN-L042-30 | IP: FD12:3456::62A4:23FF:FE37:A3AC | Status: FAILED ❌
2025-10-04 12:48:46 - INFO - RSL In: No response / error | RSL Out: No response / error
2025-10-04 12:48:46 - INFO - --------------------------------------------------
2025-10-04 12:48:55 - INFO - Device: WN-L043-30 | IP: FD12:3456::62A4:23FF:FE37:A39F | Status: SUCCESS ✅
2025-10-04 12:48:55 - INFO - RSL In: -74 | RSL Out: -76
2025-10-04 12:48:55 - INFO - --------------------------------------------------
2025-10-04 12:50:35 - INFO - Device: WN-L044-30 | IP: FD12:3456::B635:22FF:FE98:2534 | Status: FAILED ❌
2025-10-04 12:50:35 - INFO - RSL In: No response / error | RSL Out: No response / error
2025-10-04 12:50:35 - INFO - --------------------------------------------------
2025-10-04 12:50:35 - INFO - Test stopped by user
2025-10-04 12:50:35 - INFO - SUMMARY: 13/28 devices responded (46.4% success rate)
2025-10-04 12:50:35 - INFO - === RSL TEST COMPLETED ===
